2024-01-22 20:57:26.247902
<class 'torch.cuda.OutOfMemoryError'>
OutOfMemoryError('CUDA out of memory. Tried to allocate 1.71 GiB (GPU 0; 11.76 GiB total capacity; 10.24 GiB already allocated; 1.36 GiB free; 10.27 GiB reserved in total by PyTorch) If reserved memory is >> allocated memory try setting max_split_size_mb to avoid fragmentation.  See documentation for Memory Management and PYTORCH_CUDA_ALLOC_CONF')
  File "/root/onethingai-tmp/tongue_classification/train-dev.py", line 142, in <module>
    train_accu = train(model, device, TrainDataLoader, optimizer, criterion, epoch)

  File "/root/onethingai-tmp/tongue_classification/train-dev.py", line 37, in train
    outputs = model(inputs)

  File "/root/miniconda3/lib/python3.10/site-packages/torch/nn/modules/module.py", line 1501, in _call_impl
    return forward_call(*args, **kwargs)

  File "/root/miniconda3/lib/python3.10/site-packages/torchvision/models/resnet.py", line 285, in forward
    return self._forward_impl(x)

  File "/root/miniconda3/lib/python3.10/site-packages/torchvision/models/resnet.py", line 273, in _forward_impl
    x = self.layer1(x)

  File "/root/miniconda3/lib/python3.10/site-packages/torch/nn/modules/module.py", line 1501, in _call_impl
    return forward_call(*args, **kwargs)

  File "/root/miniconda3/lib/python3.10/site-packages/torch/nn/modules/container.py", line 217, in forward
    input = module(input)

  File "/root/miniconda3/lib/python3.10/site-packages/torch/nn/modules/module.py", line 1501, in _call_impl
    return forward_call(*args, **kwargs)

  File "/root/miniconda3/lib/python3.10/site-packages/torchvision/models/resnet.py", line 158, in forward
    identity = self.downsample(x)

  File "/root/miniconda3/lib/python3.10/site-packages/torch/nn/modules/module.py", line 1501, in _call_impl
    return forward_call(*args, **kwargs)

  File "/root/miniconda3/lib/python3.10/site-packages/torch/nn/modules/container.py", line 217, in forward
    input = module(input)

  File "/root/miniconda3/lib/python3.10/site-packages/torch/nn/modules/module.py", line 1501, in _call_impl
    return forward_call(*args, **kwargs)

  File "/root/miniconda3/lib/python3.10/site-packages/torch/nn/modules/conv.py", line 463, in forward
    return self._conv_forward(input, self.weight, self.bias)

  File "/root/miniconda3/lib/python3.10/site-packages/torch/nn/modules/conv.py", line 459, in _conv_forward
    return F.conv2d(input, weight, bias, self.stride,


