1 [SwanLab-WARNING]:     An error occurred: 
2 [SwanLab-WARNING]:     Error getting branch name: fatal: not a git repository (or any parent up to mount point /root)
Stopping at filesystem boundary (GIT_DISCOVERY_ACROSS_FILESYSTEM not set).

3 [SwanLab-INFO]:        Experiment ResNet50_2024-01-17_14-37-00 has been registered.
4 [SwanLab-INFO]:        Run data will be saved locally in /root/onethingai-tmp/cats_dogs/swanlog/ResNet50_2024-01-17_14-37-00
5 [SwanLab-INFO]:        Experiment_name: ResNet50_2024-01-17_14-37-00
6 [SwanLab-INFO]:        Run `swanlab watch` to view SwanLab Experiment Dashboard
7 Epoch [1/20], Iteration [1/35], Loss: 0.6546
8 Epoch [1/20], Iteration [2/35], Loss: 0.5820
9 Epoch [1/20], Iteration [3/35], Loss: 0.6309
10 Epoch [1/20], Iteration [4/35], Loss: 0.6271
11 Epoch [1/20], Iteration [5/35], Loss: 0.7181
12 Epoch [1/20], Iteration [6/35], Loss: 0.5528
13 Epoch [1/20], Iteration [7/35], Loss: 0.5820
14 Epoch [1/20], Iteration [8/35], Loss: 0.5326
15 Epoch [1/20], Iteration [9/35], Loss: 0.5844
16 Epoch [1/20], Iteration [10/35], Loss: 0.5669
17 Epoch [1/20], Iteration [11/35], Loss: 0.4421
18 Epoch [1/20], Iteration [12/35], Loss: 0.4985
19 Epoch [1/20], Iteration [13/35], Loss: 0.5314
20 Epoch [1/20], Iteration [14/35], Loss: 0.5188
21 Epoch [1/20], Iteration [15/35], Loss: 0.3991
22 Epoch [1/20], Iteration [16/35], Loss: 0.4252
23 Epoch [1/20], Iteration [17/35], Loss: 0.3750
24 Epoch [1/20], Iteration [18/35], Loss: 0.3623
25 Epoch [1/20], Iteration [19/35], Loss: 0.2935
26 Epoch [1/20], Iteration [20/35], Loss: 0.4219
27 Epoch [1/20], Iteration [21/35], Loss: 0.3081
28 Epoch [1/20], Iteration [22/35], Loss: 0.2698
29 Epoch [1/20], Iteration [23/35], Loss: 0.3100
30 Epoch [1/20], Iteration [24/35], Loss: 0.3718
31 Epoch [1/20], Iteration [25/35], Loss: 0.2261
32 Epoch [1/20], Iteration [26/35], Loss: 0.2140
33 Epoch [1/20], Iteration [27/35], Loss: 0.2038
34 Epoch [1/20], Iteration [28/35], Loss: 0.1405
35 Epoch [1/20], Iteration [29/35], Loss: 0.3400
36 Epoch [1/20], Iteration [30/35], Loss: 0.1729
37 Epoch [1/20], Iteration [31/35], Loss: 0.2106
38 Epoch [1/20], Iteration [32/35], Loss: 0.1996
39 Epoch [1/20], Iteration [33/35], Loss: 0.2490
40 Epoch [1/20], Iteration [34/35], Loss: 0.1311
41 Epoch [1/20], Iteration [35/35], Loss: 0.1685
42 Epoch [2/20], Iteration [1/35], Loss: 0.0910
43 Epoch [2/20], Iteration [2/35], Loss: 0.0992
44 Epoch [2/20], Iteration [3/35], Loss: 0.0478
45 Epoch [2/20], Iteration [4/35], Loss: 0.0289
46 Epoch [2/20], Iteration [5/35], Loss: 0.1102
47 Epoch [2/20], Iteration [6/35], Loss: 0.0362
48 Epoch [2/20], Iteration [7/35], Loss: 0.3234
49 Epoch [2/20], Iteration [8/35], Loss: 0.0946
50 Epoch [2/20], Iteration [9/35], Loss: 0.0243
51 Epoch [2/20], Iteration [10/35], Loss: 0.2993
52 Epoch [2/20], Iteration [11/35], Loss: 0.0256
53 Epoch [2/20], Iteration [12/35], Loss: 0.0222
54 Epoch [2/20], Iteration [13/35], Loss: 0.1989
55 Epoch [2/20], Iteration [14/35], Loss: 0.0145
56 Epoch [2/20], Iteration [15/35], Loss: 0.0173
57 Epoch [2/20], Iteration [16/35], Loss: 0.0194
58 Epoch [2/20], Iteration [17/35], Loss: 0.0716
59 Epoch [2/20], Iteration [18/35], Loss: 0.0696
60 Epoch [2/20], Iteration [19/35], Loss: 0.0106
61 Epoch [2/20], Iteration [20/35], Loss: 0.0137
62 Epoch [2/20], Iteration [21/35], Loss: 0.0328
63 Epoch [2/20], Iteration [22/35], Loss: 0.0120
64 Epoch [2/20], Iteration [23/35], Loss: 0.0516
65 Epoch [2/20], Iteration [24/35], Loss: 0.0986
66 Epoch [2/20], Iteration [25/35], Loss: 0.1354
67 Epoch [2/20], Iteration [26/35], Loss: 0.0213
68 Epoch [2/20], Iteration [27/35], Loss: 0.2203
69 Epoch [2/20], Iteration [28/35], Loss: 0.0280
70 Epoch [2/20], Iteration [29/35], Loss: 0.0152
71 Epoch [2/20], Iteration [30/35], Loss: 0.0205
72 Epoch [2/20], Iteration [31/35], Loss: 0.0510
73 Epoch [2/20], Iteration [32/35], Loss: 0.0146
74 Epoch [2/20], Iteration [33/35], Loss: 0.0621
75 Epoch [2/20], Iteration [34/35], Loss: 0.0120
76 Epoch [2/20], Iteration [35/35], Loss: 1.4268
77 Epoch [3/20], Iteration [1/35], Loss: 0.0255
78 Epoch [3/20], Iteration [2/35], Loss: 0.0195
79 Epoch [3/20], Iteration [3/35], Loss: 0.0111
80 Epoch [3/20], Iteration [4/35], Loss: 0.0141
81 Epoch [3/20], Iteration [5/35], Loss: 0.0320
82 Epoch [3/20], Iteration [6/35], Loss: 0.0262
83 Epoch [3/20], Iteration [7/35], Loss: 0.0789
84 Epoch [3/20], Iteration [8/35], Loss: 0.0884
85 Epoch [3/20], Iteration [9/35], Loss: 0.0147
86 Epoch [3/20], Iteration [10/35], Loss: 0.1121
87 Epoch [3/20], Iteration [11/35], Loss: 0.0274
88 Epoch [3/20], Iteration [12/35], Loss: 0.1079
89 Epoch [3/20], Iteration [13/35], Loss: 0.0246
90 Epoch [3/20], Iteration [14/35], Loss: 0.0525
91 Epoch [3/20], Iteration [15/35], Loss: 0.0109
92 Epoch [3/20], Iteration [16/35], Loss: 0.0290
93 Epoch [3/20], Iteration [17/35], Loss: 0.0298
94 Epoch [3/20], Iteration [18/35], Loss: 0.3775
95 Epoch [3/20], Iteration [19/35], Loss: 0.0101
96 Epoch [3/20], Iteration [20/35], Loss: 0.0058
97 Epoch [3/20], Iteration [21/35], Loss: 0.0118
98 Epoch [3/20], Iteration [22/35], Loss: 0.0500
99 Epoch [3/20], Iteration [23/35], Loss: 0.0169
100 Epoch [3/20], Iteration [24/35], Loss: 0.0402
101 Epoch [3/20], Iteration [25/35], Loss: 0.0214
102 Epoch [3/20], Iteration [26/35], Loss: 0.0326
103 Epoch [3/20], Iteration [27/35], Loss: 0.0261
104 Epoch [3/20], Iteration [28/35], Loss: 0.0366
105 Epoch [3/20], Iteration [29/35], Loss: 0.0266
106 Epoch [3/20], Iteration [30/35], Loss: 0.0127
107 Epoch [3/20], Iteration [31/35], Loss: 0.0057
108 Epoch [3/20], Iteration [32/35], Loss: 0.0151
109 Epoch [3/20], Iteration [33/35], Loss: 0.0300
110 Epoch [3/20], Iteration [34/35], Loss: 0.0145
111 Epoch [3/20], Iteration [35/35], Loss: 0.0030
112 Epoch [4/20], Iteration [1/35], Loss: 0.0047
113 Epoch [4/20], Iteration [2/35], Loss: 0.0243
114 Epoch [4/20], Iteration [3/35], Loss: 0.0344
115 Epoch [4/20], Iteration [4/35], Loss: 0.0244
116 Epoch [4/20], Iteration [5/35], Loss: 0.0041
117 Epoch [4/20], Iteration [6/35], Loss: 0.0057
118 Epoch [4/20], Iteration [7/35], Loss: 0.0050
119 Epoch [4/20], Iteration [8/35], Loss: 0.0207
120 Epoch [4/20], Iteration [9/35], Loss: 0.0094
121 Epoch [4/20], Iteration [10/35], Loss: 0.0079
122 Epoch [4/20], Iteration [11/35], Loss: 0.0848
123 Epoch [4/20], Iteration [12/35], Loss: 0.0032
124 Epoch [4/20], Iteration [13/35], Loss: 0.0038
125 Epoch [4/20], Iteration [14/35], Loss: 0.0909
126 Epoch [4/20], Iteration [15/35], Loss: 0.0229
127 Epoch [4/20], Iteration [16/35], Loss: 0.0336
128 Epoch [4/20], Iteration [17/35], Loss: 0.0167
129 Epoch [4/20], Iteration [18/35], Loss: 0.0091
130 Epoch [4/20], Iteration [19/35], Loss: 0.0034
131 Epoch [4/20], Iteration [20/35], Loss: 0.0244
132 Epoch [4/20], Iteration [21/35], Loss: 0.0024
133 Epoch [4/20], Iteration [22/35], Loss: 0.0058
134 Epoch [4/20], Iteration [23/35], Loss: 0.0028
135 Epoch [4/20], Iteration [24/35], Loss: 0.0091
136 Epoch [4/20], Iteration [25/35], Loss: 0.0032
137 Epoch [4/20], Iteration [26/35], Loss: 0.0075
138 Epoch [4/20], Iteration [27/35], Loss: 0.0123
139 Epoch [4/20], Iteration [28/35], Loss: 0.0027
140 Epoch [4/20], Iteration [29/35], Loss: 0.0012
141 Epoch [4/20], Iteration [30/35], Loss: 0.0046
142 Epoch [4/20], Iteration [31/35], Loss: 0.0096
143 Epoch [4/20], Iteration [32/35], Loss: 0.0025
144 Epoch [4/20], Iteration [33/35], Loss: 0.0362
145 Epoch [4/20], Iteration [34/35], Loss: 0.0044
146 Epoch [4/20], Iteration [35/35], Loss: 0.0016
147 Accuracy: 100.00%
148 Epoch [5/20], Iteration [1/35], Loss: 0.0022
149 Epoch [5/20], Iteration [2/35], Loss: 0.0119
150 Epoch [5/20], Iteration [3/35], Loss: 0.0021
151 Epoch [5/20], Iteration [4/35], Loss: 0.0161
152 Epoch [5/20], Iteration [5/35], Loss: 0.0017
153 Epoch [5/20], Iteration [6/35], Loss: 0.0041
154 Epoch [5/20], Iteration [7/35], Loss: 0.0025
155 Epoch [5/20], Iteration [8/35], Loss: 0.0453
156 Epoch [5/20], Iteration [9/35], Loss: 0.0015
157 Epoch [5/20], Iteration [10/35], Loss: 0.0015
158 Epoch [5/20], Iteration [11/35], Loss: 0.0042
159 Epoch [5/20], Iteration [12/35], Loss: 0.0013
160 Epoch [5/20], Iteration [13/35], Loss: 0.0017
161 Epoch [5/20], Iteration [14/35], Loss: 0.0018
162 Epoch [5/20], Iteration [15/35], Loss: 0.0033
163 Epoch [5/20], Iteration [16/35], Loss: 0.0288
164 Epoch [5/20], Iteration [17/35], Loss: 0.0044
165 Epoch [5/20], Iteration [18/35], Loss: 0.0023
166 Epoch [5/20], Iteration [19/35], Loss: 0.0191
167 Epoch [5/20], Iteration [20/35], Loss: 0.0025
168 Epoch [5/20], Iteration [21/35], Loss: 0.0068
169 Epoch [5/20], Iteration [22/35], Loss: 0.0059
170 Epoch [5/20], Iteration [23/35], Loss: 0.0032
171 Epoch [5/20], Iteration [24/35], Loss: 0.0061
172 Epoch [5/20], Iteration [25/35], Loss: 0.0014
173 Epoch [5/20], Iteration [26/35], Loss: 0.0187
174 Epoch [5/20], Iteration [27/35], Loss: 0.0011
175 Epoch [5/20], Iteration [28/35], Loss: 0.0012
176 Epoch [5/20], Iteration [29/35], Loss: 0.0076
177 Epoch [5/20], Iteration [30/35], Loss: 0.0020
178 Epoch [5/20], Iteration [31/35], Loss: 0.0059
179 Epoch [5/20], Iteration [32/35], Loss: 0.0010
180 Epoch [5/20], Iteration [33/35], Loss: 0.0012
181 Epoch [5/20], Iteration [34/35], Loss: 0.0167
182 Epoch [5/20], Iteration [35/35], Loss: 0.0012
183 Epoch [6/20], Iteration [1/35], Loss: 0.0099
184 Epoch [6/20], Iteration [2/35], Loss: 0.0049
185 Epoch [6/20], Iteration [3/35], Loss: 0.0152
186 Epoch [6/20], Iteration [4/35], Loss: 0.0016
187 Epoch [6/20], Iteration [5/35], Loss: 0.0021
188 Epoch [6/20], Iteration [6/35], Loss: 0.0014
189 Epoch [6/20], Iteration [7/35], Loss: 0.0021
190 Epoch [6/20], Iteration [8/35], Loss: 0.0011
191 Epoch [6/20], Iteration [9/35], Loss: 0.0081
192 Epoch [6/20], Iteration [10/35], Loss: 0.0016
193 Epoch [6/20], Iteration [11/35], Loss: 0.0138
194 Epoch [6/20], Iteration [12/35], Loss: 0.0006
195 Epoch [6/20], Iteration [13/35], Loss: 0.0022
196 Epoch [6/20], Iteration [14/35], Loss: 0.0008
197 Epoch [6/20], Iteration [15/35], Loss: 0.0010
198 Epoch [6/20], Iteration [16/35], Loss: 0.0019
199 Epoch [6/20], Iteration [17/35], Loss: 0.0009
200 Epoch [6/20], Iteration [18/35], Loss: 0.1243
201 Epoch [6/20], Iteration [19/35], Loss: 0.0536
202 Epoch [6/20], Iteration [20/35], Loss: 0.0023
203 Epoch [6/20], Iteration [21/35], Loss: 0.0009
204 Epoch [6/20], Iteration [22/35], Loss: 0.0068
205 Epoch [6/20], Iteration [23/35], Loss: 0.0010
206 Epoch [6/20], Iteration [24/35], Loss: 0.0006
207 Epoch [6/20], Iteration [25/35], Loss: 0.0005
208 Epoch [6/20], Iteration [26/35], Loss: 0.0014
209 Epoch [6/20], Iteration [27/35], Loss: 0.0027
210 Epoch [6/20], Iteration [28/35], Loss: 0.0021
211 Epoch [6/20], Iteration [29/35], Loss: 0.0028
212 Epoch [6/20], Iteration [30/35], Loss: 0.0047
213 Epoch [6/20], Iteration [31/35], Loss: 0.0086
214 Epoch [6/20], Iteration [32/35], Loss: 0.0028
215 Epoch [6/20], Iteration [33/35], Loss: 0.0051
216 Epoch [6/20], Iteration [34/35], Loss: 0.0012
217 Epoch [6/20], Iteration [35/35], Loss: 0.0041
218 Epoch [7/20], Iteration [1/35], Loss: 0.0025
219 Epoch [7/20], Iteration [2/35], Loss: 0.2580
220 Epoch [7/20], Iteration [3/35], Loss: 0.0019
221 Epoch [7/20], Iteration [4/35], Loss: 0.0029
222 Epoch [7/20], Iteration [5/35], Loss: 0.0239
223 Epoch [7/20], Iteration [6/35], Loss: 0.0027
224 Epoch [7/20], Iteration [7/35], Loss: 0.0218
225 Epoch [7/20], Iteration [8/35], Loss: 0.0033
226 Epoch [7/20], Iteration [9/35], Loss: 0.0054
227 Epoch [7/20], Iteration [10/35], Loss: 0.0097
228 Epoch [7/20], Iteration [11/35], Loss: 0.0017
229 Epoch [7/20], Iteration [12/35], Loss: 0.0201
230 Epoch [7/20], Iteration [13/35], Loss: 0.0033
231 Epoch [7/20], Iteration [14/35], Loss: 0.0046
232 Epoch [7/20], Iteration [15/35], Loss: 0.0112
233 Epoch [7/20], Iteration [16/35], Loss: 0.0089
234 Epoch [7/20], Iteration [17/35], Loss: 0.0008
235 Epoch [7/20], Iteration [18/35], Loss: 0.1653
236 Epoch [7/20], Iteration [19/35], Loss: 0.0043
237 Epoch [7/20], Iteration [20/35], Loss: 0.0007
238 Epoch [7/20], Iteration [21/35], Loss: 0.0027
239 Epoch [7/20], Iteration [22/35], Loss: 0.0169
240 Epoch [7/20], Iteration [23/35], Loss: 0.0006
241 Epoch [7/20], Iteration [24/35], Loss: 0.0102
242 Epoch [7/20], Iteration [25/35], Loss: 0.0011
243 Epoch [7/20], Iteration [26/35], Loss: 0.0146
244 Epoch [7/20], Iteration [27/35], Loss: 0.1452
245 Epoch [7/20], Iteration [28/35], Loss: 0.0010
246 Epoch [7/20], Iteration [29/35], Loss: 0.0006
247 Epoch [7/20], Iteration [30/35], Loss: 0.0018
248 Epoch [7/20], Iteration [31/35], Loss: 0.0137
249 Epoch [7/20], Iteration [32/35], Loss: 0.0024
250 Epoch [7/20], Iteration [33/35], Loss: 0.0020
251 Epoch [7/20], Iteration [34/35], Loss: 0.0014
252 Epoch [7/20], Iteration [35/35], Loss: 0.0110
253 Epoch [8/20], Iteration [1/35], Loss: 0.0056
254 Epoch [8/20], Iteration [2/35], Loss: 0.0652
255 Epoch [8/20], Iteration [3/35], Loss: 0.0030
256 Epoch [8/20], Iteration [4/35], Loss: 0.0463
257 Epoch [8/20], Iteration [5/35], Loss: 0.0024
258 Epoch [8/20], Iteration [6/35], Loss: 0.0144
259 Epoch [8/20], Iteration [7/35], Loss: 0.0160
260 Epoch [8/20], Iteration [8/35], Loss: 0.0116
261 Epoch [8/20], Iteration [9/35], Loss: 0.0028
262 Epoch [8/20], Iteration [10/35], Loss: 0.0018
263 Epoch [8/20], Iteration [11/35], Loss: 0.0046
264 Epoch [8/20], Iteration [12/35], Loss: 0.0090
265 Epoch [8/20], Iteration [13/35], Loss: 0.0012
266 Epoch [8/20], Iteration [14/35], Loss: 0.0041
267 Epoch [8/20], Iteration [15/35], Loss: 0.0036
268 Epoch [8/20], Iteration [16/35], Loss: 0.0011
269 Epoch [8/20], Iteration [17/35], Loss: 0.0482
270 Epoch [8/20], Iteration [18/35], Loss: 0.0017
271 Epoch [8/20], Iteration [19/35], Loss: 0.0013
272 Epoch [8/20], Iteration [20/35], Loss: 0.0024
273 Epoch [8/20], Iteration [21/35], Loss: 0.0057
274 Epoch [8/20], Iteration [22/35], Loss: 0.0012
275 Epoch [8/20], Iteration [23/35], Loss: 0.0015
276 Epoch [8/20], Iteration [24/35], Loss: 0.0022
277 Epoch [8/20], Iteration [25/35], Loss: 0.0023
278 Epoch [8/20], Iteration [26/35], Loss: 0.0020
279 Epoch [8/20], Iteration [27/35], Loss: 0.0012
280 Epoch [8/20], Iteration [28/35], Loss: 0.0046
281 Epoch [8/20], Iteration [29/35], Loss: 0.0075
282 Epoch [8/20], Iteration [30/35], Loss: 0.0009
283 Epoch [8/20], Iteration [31/35], Loss: 0.0015
284 Epoch [8/20], Iteration [32/35], Loss: 0.0014
285 Epoch [8/20], Iteration [33/35], Loss: 0.0006
286 Epoch [8/20], Iteration [34/35], Loss: 0.0014
287 Epoch [8/20], Iteration [35/35], Loss: 0.0004
288 Accuracy: 98.57%
289 Epoch [9/20], Iteration [1/35], Loss: 0.0008
290 Epoch [9/20], Iteration [2/35], Loss: 0.0004
291 Epoch [9/20], Iteration [3/35], Loss: 0.0019
292 Epoch [9/20], Iteration [4/35], Loss: 0.0466
293 Epoch [9/20], Iteration [5/35], Loss: 0.0014
294 Epoch [9/20], Iteration [6/35], Loss: 0.0009
295 Epoch [9/20], Iteration [7/35], Loss: 0.0015
296 Epoch [9/20], Iteration [8/35], Loss: 0.0089
297 Epoch [9/20], Iteration [9/35], Loss: 0.0069
298 Epoch [9/20], Iteration [10/35], Loss: 0.0046
299 Epoch [9/20], Iteration [11/35], Loss: 0.0013
300 Epoch [9/20], Iteration [12/35], Loss: 0.0014
301 Epoch [9/20], Iteration [13/35], Loss: 0.0014
302 Epoch [9/20], Iteration [14/35], Loss: 0.0012
303 Epoch [9/20], Iteration [15/35], Loss: 0.0044
304 Epoch [9/20], Iteration [16/35], Loss: 0.0006
305 Epoch [9/20], Iteration [17/35], Loss: 0.0040
306 Epoch [9/20], Iteration [18/35], Loss: 0.0092
307 Epoch [9/20], Iteration [19/35], Loss: 0.0141
308 Epoch [9/20], Iteration [20/35], Loss: 0.0130
309 Epoch [9/20], Iteration [21/35], Loss: 0.0017
310 Epoch [9/20], Iteration [22/35], Loss: 0.0016
311 Epoch [9/20], Iteration [23/35], Loss: 0.0008
312 Epoch [9/20], Iteration [24/35], Loss: 0.0315
313 Epoch [9/20], Iteration [25/35], Loss: 0.0011
314 Epoch [9/20], Iteration [26/35], Loss: 0.0012
315 Epoch [9/20], Iteration [27/35], Loss: 0.0002
316 Epoch [9/20], Iteration [28/35], Loss: 0.0513
317 Epoch [9/20], Iteration [29/35], Loss: 0.0089
318 Epoch [9/20], Iteration [30/35], Loss: 0.8840
319 Epoch [9/20], Iteration [31/35], Loss: 0.0008
320 Epoch [9/20], Iteration [32/35], Loss: 0.0008
321 Epoch [9/20], Iteration [33/35], Loss: 0.0022
322 Epoch [9/20], Iteration [34/35], Loss: 0.0029
323 Epoch [9/20], Iteration [35/35], Loss: 0.0168
324 Epoch [10/20], Iteration [1/35], Loss: 0.0020
325 Epoch [10/20], Iteration [2/35], Loss: 0.0023
326 Epoch [10/20], Iteration [3/35], Loss: 0.0065
327 Epoch [10/20], Iteration [4/35], Loss: 0.0014
328 Epoch [10/20], Iteration [5/35], Loss: 0.0192
329 Epoch [10/20], Iteration [6/35], Loss: 0.2934
330 Epoch [10/20], Iteration [7/35], Loss: 0.0371
331 Epoch [10/20], Iteration [8/35], Loss: 0.0080
332 Epoch [10/20], Iteration [9/35], Loss: 0.4183
333 Epoch [10/20], Iteration [10/35], Loss: 0.0031
334 Epoch [10/20], Iteration [11/35], Loss: 0.0026
335 Epoch [10/20], Iteration [12/35], Loss: 0.0037
336 Epoch [10/20], Iteration [13/35], Loss: 0.1556
337 Epoch [10/20], Iteration [14/35], Loss: 0.0238
338 Epoch [10/20], Iteration [15/35], Loss: 0.0388
339 Epoch [10/20], Iteration [16/35], Loss: 0.0858
340 Epoch [10/20], Iteration [17/35], Loss: 0.0723
341 Epoch [10/20], Iteration [18/35], Loss: 0.0910
342 Epoch [10/20], Iteration [19/35], Loss: 0.0580
343 Epoch [10/20], Iteration [20/35], Loss: 0.0243
344 Epoch [10/20], Iteration [21/35], Loss: 0.0184
345 Epoch [10/20], Iteration [22/35], Loss: 0.0062
346 Epoch [10/20], Iteration [23/35], Loss: 0.1302
347 Epoch [10/20], Iteration [24/35], Loss: 0.0617
348 Epoch [10/20], Iteration [25/35], Loss: 0.0032
349 Epoch [10/20], Iteration [26/35], Loss: 0.0283
350 Epoch [10/20], Iteration [27/35], Loss: 0.5975
351 Epoch [10/20], Iteration [28/35], Loss: 0.0375
352 Epoch [10/20], Iteration [29/35], Loss: 0.1170
353 Epoch [10/20], Iteration [30/35], Loss: 0.0281
354 Epoch [10/20], Iteration [31/35], Loss: 0.0270
355 Epoch [10/20], Iteration [32/35], Loss: 0.0350
356 Epoch [10/20], Iteration [33/35], Loss: 0.0550
357 Epoch [10/20], Iteration [34/35], Loss: 0.0343
358 Epoch [10/20], Iteration [35/35], Loss: 0.2304
359 Epoch [11/20], Iteration [1/35], Loss: 0.0433
360 Epoch [11/20], Iteration [2/35], Loss: 0.0429
361 Epoch [11/20], Iteration [3/35], Loss: 0.0079
362 Epoch [11/20], Iteration [4/35], Loss: 0.0297
363 Epoch [11/20], Iteration [5/35], Loss: 0.0599
364 Epoch [11/20], Iteration [6/35], Loss: 0.1128
365 Epoch [11/20], Iteration [7/35], Loss: 0.0392
366 Epoch [11/20], Iteration [8/35], Loss: 0.0082
367 Epoch [11/20], Iteration [9/35], Loss: 0.0025
368 Epoch [11/20], Iteration [10/35], Loss: 0.0224
369 Epoch [11/20], Iteration [11/35], Loss: 0.0418
370 Epoch [11/20], Iteration [12/35], Loss: 0.0460
371 Epoch [11/20], Iteration [13/35], Loss: 0.0048
372 Epoch [11/20], Iteration [14/35], Loss: 0.0025
373 Epoch [11/20], Iteration [15/35], Loss: 0.0069
374 Epoch [11/20], Iteration [16/35], Loss: 0.0025
375 Epoch [11/20], Iteration [17/35], Loss: 0.0038
376 Epoch [11/20], Iteration [18/35], Loss: 0.0199
377 Epoch [11/20], Iteration [19/35], Loss: 0.0013
378 Epoch [11/20], Iteration [20/35], Loss: 0.0159
379 Epoch [11/20], Iteration [21/35], Loss: 0.0022
380 Epoch [11/20], Iteration [22/35], Loss: 0.0166
381 Epoch [11/20], Iteration [23/35], Loss: 0.0246
382 Epoch [11/20], Iteration [24/35], Loss: 0.0029
383 Epoch [11/20], Iteration [25/35], Loss: 0.0063
384 Epoch [11/20], Iteration [26/35], Loss: 0.0903
385 Epoch [11/20], Iteration [27/35], Loss: 0.0088
386 Epoch [11/20], Iteration [28/35], Loss: 0.0112
387 Epoch [11/20], Iteration [29/35], Loss: 0.0102
388 Epoch [11/20], Iteration [30/35], Loss: 0.0021
389 Epoch [11/20], Iteration [31/35], Loss: 0.0032
390 Epoch [11/20], Iteration [32/35], Loss: 0.0448
391 Epoch [11/20], Iteration [33/35], Loss: 0.0012
392 Epoch [11/20], Iteration [34/35], Loss: 0.0444
393 Epoch [11/20], Iteration [35/35], Loss: 0.0514
394 Epoch [12/20], Iteration [1/35], Loss: 0.0019
395 Epoch [12/20], Iteration [2/35], Loss: 0.0032
396 Epoch [12/20], Iteration [3/35], Loss: 0.0048
397 Epoch [12/20], Iteration [4/35], Loss: 0.0032
398 Epoch [12/20], Iteration [5/35], Loss: 0.0054
399 Epoch [12/20], Iteration [6/35], Loss: 0.0107
400 Epoch [12/20], Iteration [7/35], Loss: 0.0032
401 Epoch [12/20], Iteration [8/35], Loss: 0.0356
402 Epoch [12/20], Iteration [9/35], Loss: 0.0049
403 Epoch [12/20], Iteration [10/35], Loss: 0.0007
404 Epoch [12/20], Iteration [11/35], Loss: 0.0040
405 Epoch [12/20], Iteration [12/35], Loss: 0.0952
406 Epoch [12/20], Iteration [13/35], Loss: 0.0053
407 Epoch [12/20], Iteration [14/35], Loss: 0.0307
408 Epoch [12/20], Iteration [15/35], Loss: 0.0006
409 Epoch [12/20], Iteration [16/35], Loss: 0.0005
410 Epoch [12/20], Iteration [17/35], Loss: 0.0014
411 Epoch [12/20], Iteration [18/35], Loss: 0.0079
412 Epoch [12/20], Iteration [19/35], Loss: 0.0181
413 Epoch [12/20], Iteration [20/35], Loss: 0.0003
414 Epoch [12/20], Iteration [21/35], Loss: 0.0011
415 Epoch [12/20], Iteration [22/35], Loss: 0.0230
416 Epoch [12/20], Iteration [23/35], Loss: 0.0091
417 Epoch [12/20], Iteration [24/35], Loss: 0.0019
418 Epoch [12/20], Iteration [25/35], Loss: 0.0011
419 Epoch [12/20], Iteration [26/35], Loss: 0.0008
420 Epoch [12/20], Iteration [27/35], Loss: 0.0029
421 Epoch [12/20], Iteration [28/35], Loss: 0.6309
422 Epoch [12/20], Iteration [29/35], Loss: 0.0032
423 Epoch [12/20], Iteration [30/35], Loss: 0.0074
424 Epoch [12/20], Iteration [31/35], Loss: 0.0007
425 Epoch [12/20], Iteration [32/35], Loss: 0.0004
426 Epoch [12/20], Iteration [33/35], Loss: 0.0022
427 Epoch [12/20], Iteration [34/35], Loss: 0.0026
428 Epoch [12/20], Iteration [35/35], Loss: 0.0132
429 Accuracy: 98.57%
430 Epoch [13/20], Iteration [1/35], Loss: 0.0071
431 Epoch [13/20], Iteration [2/35], Loss: 0.0143
432 Epoch [13/20], Iteration [3/35], Loss: 0.0027
433 Epoch [13/20], Iteration [4/35], Loss: 0.0020
434 Epoch [13/20], Iteration [5/35], Loss: 0.0515
435 Epoch [13/20], Iteration [6/35], Loss: 0.0021
436 Epoch [13/20], Iteration [7/35], Loss: 0.0068
437 Epoch [13/20], Iteration [8/35], Loss: 0.0064
438 Epoch [13/20], Iteration [9/35], Loss: 0.0027
439 Epoch [13/20], Iteration [10/35], Loss: 0.0071
440 Epoch [13/20], Iteration [11/35], Loss: 0.0040
441 Epoch [13/20], Iteration [12/35], Loss: 0.0173
442 Epoch [13/20], Iteration [13/35], Loss: 0.0250
443 Epoch [13/20], Iteration [14/35], Loss: 0.0026
444 Epoch [13/20], Iteration [15/35], Loss: 0.0073
445 Epoch [13/20], Iteration [16/35], Loss: 0.0015
446 Epoch [13/20], Iteration [17/35], Loss: 0.0213
447 Epoch [13/20], Iteration [18/35], Loss: 0.0038
448 Epoch [13/20], Iteration [19/35], Loss: 0.0019
449 Epoch [13/20], Iteration [20/35], Loss: 0.0018
450 Epoch [13/20], Iteration [21/35], Loss: 0.0007
451 Epoch [13/20], Iteration [22/35], Loss: 0.0014
452 Epoch [13/20], Iteration [23/35], Loss: 0.0015
453 Epoch [13/20], Iteration [24/35], Loss: 0.0251
454 Epoch [13/20], Iteration [25/35], Loss: 0.0168
455 Epoch [13/20], Iteration [26/35], Loss: 0.0043
456 Epoch [13/20], Iteration [27/35], Loss: 0.0089
457 Epoch [13/20], Iteration [28/35], Loss: 0.0037
458 Epoch [13/20], Iteration [29/35], Loss: 0.0088
459 Epoch [13/20], Iteration [30/35], Loss: 0.0260
460 Epoch [13/20], Iteration [31/35], Loss: 0.0010
461 Epoch [13/20], Iteration [32/35], Loss: 0.0008
462 Epoch [13/20], Iteration [33/35], Loss: 0.0044
463 Epoch [13/20], Iteration [34/35], Loss: 0.0096
464 Epoch [13/20], Iteration [35/35], Loss: 0.0135
465 Epoch [14/20], Iteration [1/35], Loss: 0.0006
466 Epoch [14/20], Iteration [2/35], Loss: 0.0659
467 Epoch [14/20], Iteration [3/35], Loss: 0.0087
468 Epoch [14/20], Iteration [4/35], Loss: 0.0009
469 Epoch [14/20], Iteration [5/35], Loss: 0.0063
470 Epoch [14/20], Iteration [6/35], Loss: 0.0052
471 Epoch [14/20], Iteration [7/35], Loss: 0.0028
472 Epoch [14/20], Iteration [8/35], Loss: 0.0004
473 Epoch [14/20], Iteration [9/35], Loss: 0.0015
474 Epoch [14/20], Iteration [10/35], Loss: 0.0006
475 Epoch [14/20], Iteration [11/35], Loss: 0.0005
476 Epoch [14/20], Iteration [12/35], Loss: 0.0386
477 Epoch [14/20], Iteration [13/35], Loss: 0.0007
478 Epoch [14/20], Iteration [14/35], Loss: 0.0092
479 Epoch [14/20], Iteration [15/35], Loss: 0.0004
480 Epoch [14/20], Iteration [16/35], Loss: 0.0005
481 Epoch [14/20], Iteration [17/35], Loss: 0.0004
482 Epoch [14/20], Iteration [18/35], Loss: 0.0026
483 Epoch [14/20], Iteration [19/35], Loss: 0.0026
484 Epoch [14/20], Iteration [20/35], Loss: 0.0021
485 Epoch [14/20], Iteration [21/35], Loss: 0.0163
486 Epoch [14/20], Iteration [22/35], Loss: 0.0007
487 Epoch [14/20], Iteration [23/35], Loss: 0.0020
488 Epoch [14/20], Iteration [24/35], Loss: 0.0062
489 Epoch [14/20], Iteration [25/35], Loss: 0.0007
490 Epoch [14/20], Iteration [26/35], Loss: 0.0005
491 Epoch [14/20], Iteration [27/35], Loss: 0.0008
492 Epoch [14/20], Iteration [28/35], Loss: 0.0105
493 Epoch [14/20], Iteration [29/35], Loss: 0.0024
494 Epoch [14/20], Iteration [30/35], Loss: 0.0032
495 Epoch [14/20], Iteration [31/35], Loss: 0.0006
496 Epoch [14/20], Iteration [32/35], Loss: 0.0004
497 Epoch [14/20], Iteration [33/35], Loss: 0.0036
498 Epoch [14/20], Iteration [34/35], Loss: 0.0020
499 Epoch [14/20], Iteration [35/35], Loss: 0.0100
500 Epoch [15/20], Iteration [1/35], Loss: 0.0004
501 Epoch [15/20], Iteration [2/35], Loss: 0.0038
502 Epoch [15/20], Iteration [3/35], Loss: 0.0065
503 Epoch [15/20], Iteration [4/35], Loss: 0.0009
504 Epoch [15/20], Iteration [5/35], Loss: 0.0005
505 Epoch [15/20], Iteration [6/35], Loss: 0.0010
506 Epoch [15/20], Iteration [7/35], Loss: 0.0014
507 Epoch [15/20], Iteration [8/35], Loss: 0.0046
508 Epoch [15/20], Iteration [9/35], Loss: 0.0004
509 Epoch [15/20], Iteration [10/35], Loss: 0.0007
510 Epoch [15/20], Iteration [11/35], Loss: 0.0016
511 Epoch [15/20], Iteration [12/35], Loss: 0.0023
512 Epoch [15/20], Iteration [13/35], Loss: 0.0004
513 Epoch [15/20], Iteration [14/35], Loss: 0.0024
514 Epoch [15/20], Iteration [15/35], Loss: 0.0107
515 Epoch [15/20], Iteration [16/35], Loss: 0.0024
516 Epoch [15/20], Iteration [17/35], Loss: 0.0067
517 Epoch [15/20], Iteration [18/35], Loss: 0.0010
518 Epoch [15/20], Iteration [19/35], Loss: 0.0003
519 Epoch [15/20], Iteration [20/35], Loss: 0.0017
520 Epoch [15/20], Iteration [21/35], Loss: 0.0004
521 Epoch [15/20], Iteration [22/35], Loss: 0.0013
522 Epoch [15/20], Iteration [23/35], Loss: 0.0004
523 Epoch [15/20], Iteration [24/35], Loss: 0.0043
524 Epoch [15/20], Iteration [25/35], Loss: 0.0019
525 Epoch [15/20], Iteration [26/35], Loss: 0.0003
526 Epoch [15/20], Iteration [27/35], Loss: 0.0024
527 Epoch [15/20], Iteration [28/35], Loss: 0.0004
528 Epoch [15/20], Iteration [29/35], Loss: 0.0007
529 Epoch [15/20], Iteration [30/35], Loss: 0.0004
530 Epoch [15/20], Iteration [31/35], Loss: 0.0008
531 Epoch [15/20], Iteration [32/35], Loss: 0.0004
532 Epoch [15/20], Iteration [33/35], Loss: 0.0004
533 Epoch [15/20], Iteration [34/35], Loss: 0.0003
534 Epoch [15/20], Iteration [35/35], Loss: 0.0006
535 Epoch [16/20], Iteration [1/35], Loss: 0.0104
536 Epoch [16/20], Iteration [2/35], Loss: 0.0005
537 Epoch [16/20], Iteration [3/35], Loss: 0.0002
538 Epoch [16/20], Iteration [4/35], Loss: 0.0007
539 Epoch [16/20], Iteration [5/35], Loss: 0.0012
540 Epoch [16/20], Iteration [6/35], Loss: 0.0004
541 Epoch [16/20], Iteration [7/35], Loss: 0.0004
542 Epoch [16/20], Iteration [8/35], Loss: 0.0002
543 Epoch [16/20], Iteration [9/35], Loss: 0.0005
544 Epoch [16/20], Iteration [10/35], Loss: 0.0004
545 Epoch [16/20], Iteration [11/35], Loss: 0.0087
546 Epoch [16/20], Iteration [12/35], Loss: 0.0090
547 Epoch [16/20], Iteration [13/35], Loss: 0.0008
548 Epoch [16/20], Iteration [14/35], Loss: 0.0003
549 Epoch [16/20], Iteration [15/35], Loss: 0.0028
550 Epoch [16/20], Iteration [16/35], Loss: 0.0015
551 Epoch [16/20], Iteration [17/35], Loss: 0.0002
552 Epoch [16/20], Iteration [18/35], Loss: 0.0041
553 Epoch [16/20], Iteration [19/35], Loss: 0.0007
554 Epoch [16/20], Iteration [20/35], Loss: 0.0005
555 Epoch [16/20], Iteration [21/35], Loss: 0.0002
556 Epoch [16/20], Iteration [22/35], Loss: 0.0039
557 Epoch [16/20], Iteration [23/35], Loss: 0.0109
558 Epoch [16/20], Iteration [24/35], Loss: 0.0002
559 Epoch [16/20], Iteration [25/35], Loss: 0.0011
560 Epoch [16/20], Iteration [26/35], Loss: 0.0018
561 Epoch [16/20], Iteration [27/35], Loss: 0.0006
562 Epoch [16/20], Iteration [28/35], Loss: 0.0029
563 Epoch [16/20], Iteration [29/35], Loss: 0.0087
564 Epoch [16/20], Iteration [30/35], Loss: 0.0001
565 Epoch [16/20], Iteration [31/35], Loss: 0.0002
566 Epoch [16/20], Iteration [32/35], Loss: 0.0004
567 Epoch [16/20], Iteration [33/35], Loss: 0.0018
568 Epoch [16/20], Iteration [34/35], Loss: 0.0004
569 Epoch [16/20], Iteration [35/35], Loss: 0.0001
570 Accuracy: 97.14%
571 Epoch [17/20], Iteration [1/35], Loss: 0.0008
572 Epoch [17/20], Iteration [2/35], Loss: 0.0010
573 Epoch [17/20], Iteration [3/35], Loss: 0.0002
574 Epoch [17/20], Iteration [4/35], Loss: 0.0001
575 Epoch [17/20], Iteration [5/35], Loss: 0.0011
576 Epoch [17/20], Iteration [6/35], Loss: 0.0002
577 Epoch [17/20], Iteration [7/35], Loss: 0.0009
578 Epoch [17/20], Iteration [8/35], Loss: 0.0007
579 Epoch [17/20], Iteration [9/35], Loss: 0.0010
580 Epoch [17/20], Iteration [10/35], Loss: 0.0010
581 Epoch [17/20], Iteration [11/35], Loss: 0.0020
582 Epoch [17/20], Iteration [12/35], Loss: 0.0014
583 Epoch [17/20], Iteration [13/35], Loss: 0.0006
584 Epoch [17/20], Iteration [14/35], Loss: 0.0002
585 Epoch [17/20], Iteration [15/35], Loss: 0.0007
586 Epoch [17/20], Iteration [16/35], Loss: 0.0034
587 Epoch [17/20], Iteration [17/35], Loss: 0.0010
588 Epoch [17/20], Iteration [18/35], Loss: 0.0003
589 Epoch [17/20], Iteration [19/35], Loss: 0.0002
590 Epoch [17/20], Iteration [20/35], Loss: 0.0004
591 Epoch [17/20], Iteration [21/35], Loss: 0.0008
592 Epoch [17/20], Iteration [22/35], Loss: 0.0005
593 Epoch [17/20], Iteration [23/35], Loss: 0.0059
594 Epoch [17/20], Iteration [24/35], Loss: 0.0003
595 Epoch [17/20], Iteration [25/35], Loss: 0.0008
596 Epoch [17/20], Iteration [26/35], Loss: 0.0015
597 Epoch [17/20], Iteration [27/35], Loss: 0.0019
598 Epoch [17/20], Iteration [28/35], Loss: 0.0879
599 Epoch [17/20], Iteration [29/35], Loss: 0.0007
600 Epoch [17/20], Iteration [30/35], Loss: 0.0007
601 Epoch [17/20], Iteration [31/35], Loss: 0.0007
602 Epoch [17/20], Iteration [32/35], Loss: 0.0013
603 Epoch [17/20], Iteration [33/35], Loss: 0.0005
604 Epoch [17/20], Iteration [34/35], Loss: 0.0003
605 Epoch [17/20], Iteration [35/35], Loss: 0.0443
606 Epoch [18/20], Iteration [1/35], Loss: 0.0002
607 Epoch [18/20], Iteration [2/35], Loss: 0.0002
608 Epoch [18/20], Iteration [3/35], Loss: 0.0007
609 Epoch [18/20], Iteration [4/35], Loss: 0.0022
610 Epoch [18/20], Iteration [5/35], Loss: 0.0003
611 Epoch [18/20], Iteration [6/35], Loss: 0.0006
612 Epoch [18/20], Iteration [7/35], Loss: 0.0008
613 Epoch [18/20], Iteration [8/35], Loss: 0.0081
614 Epoch [18/20], Iteration [9/35], Loss: 0.0023
615 Epoch [18/20], Iteration [10/35], Loss: 0.0095
616 Epoch [18/20], Iteration [11/35], Loss: 0.0003
617 Epoch [18/20], Iteration [12/35], Loss: 0.0007
618 Epoch [18/20], Iteration [13/35], Loss: 0.0053
619 Epoch [18/20], Iteration [14/35], Loss: 0.0006
620 Epoch [18/20], Iteration [15/35], Loss: 0.0039
621 Epoch [18/20], Iteration [16/35], Loss: 0.0012
622 Epoch [18/20], Iteration [17/35], Loss: 0.0054
623 Epoch [18/20], Iteration [18/35], Loss: 0.0005
624 Epoch [18/20], Iteration [19/35], Loss: 0.2551
625 Epoch [18/20], Iteration [20/35], Loss: 0.0003
626 Epoch [18/20], Iteration [21/35], Loss: 0.0004
627 Epoch [18/20], Iteration [22/35], Loss: 0.0031
628 Epoch [18/20], Iteration [23/35], Loss: 0.0010
629 Epoch [18/20], Iteration [24/35], Loss: 0.0012
630 Epoch [18/20], Iteration [25/35], Loss: 0.0061
631 Epoch [18/20], Iteration [26/35], Loss: 0.0010
632 Epoch [18/20], Iteration [27/35], Loss: 0.0002
633 Epoch [18/20], Iteration [28/35], Loss: 0.0015
634 Epoch [18/20], Iteration [29/35], Loss: 0.1790
635 Epoch [18/20], Iteration [30/35], Loss: 0.0075
636 Epoch [18/20], Iteration [31/35], Loss: 0.0019
637 Epoch [18/20], Iteration [32/35], Loss: 0.2872
638 Epoch [18/20], Iteration [33/35], Loss: 0.0017
639 Epoch [18/20], Iteration [34/35], Loss: 0.0006
640 Epoch [18/20], Iteration [35/35], Loss: 0.0106
641 Epoch [19/20], Iteration [1/35], Loss: 0.0006
642 Epoch [19/20], Iteration [2/35], Loss: 0.0004
643 Epoch [19/20], Iteration [3/35], Loss: 0.0048
644 Epoch [19/20], Iteration [4/35], Loss: 0.0014
645 Epoch [19/20], Iteration [5/35], Loss: 0.0157
646 Epoch [19/20], Iteration [6/35], Loss: 0.0148
647 Epoch [19/20], Iteration [7/35], Loss: 0.0014
648 Epoch [19/20], Iteration [8/35], Loss: 0.0137
649 Epoch [19/20], Iteration [9/35], Loss: 0.0052
650 Epoch [19/20], Iteration [10/35], Loss: 0.0038
651 Epoch [19/20], Iteration [11/35], Loss: 0.0730
652 Epoch [19/20], Iteration [12/35], Loss: 0.0028
653 Epoch [19/20], Iteration [13/35], Loss: 0.1268
654 Epoch [19/20], Iteration [14/35], Loss: 0.1567
655 Epoch [19/20], Iteration [15/35], Loss: 0.0027
656 Epoch [19/20], Iteration [16/35], Loss: 0.0196
657 Epoch [19/20], Iteration [17/35], Loss: 0.0641
658 Epoch [19/20], Iteration [18/35], Loss: 0.0113
659 Epoch [19/20], Iteration [19/35], Loss: 0.0055
660 Epoch [19/20], Iteration [20/35], Loss: 0.0021
661 Epoch [19/20], Iteration [21/35], Loss: 0.0020
662 Epoch [19/20], Iteration [22/35], Loss: 0.0557
663 Epoch [19/20], Iteration [23/35], Loss: 0.0027
664 Epoch [19/20], Iteration [24/35], Loss: 0.0004
665 Epoch [19/20], Iteration [25/35], Loss: 0.0354
666 Epoch [19/20], Iteration [26/35], Loss: 0.0031
667 Epoch [19/20], Iteration [27/35], Loss: 0.0503
668 Epoch [19/20], Iteration [28/35], Loss: 0.1125
669 Epoch [19/20], Iteration [29/35], Loss: 0.0163
670 Epoch [19/20], Iteration [30/35], Loss: 0.0047
671 Epoch [19/20], Iteration [31/35], Loss: 0.0016
672 Epoch [19/20], Iteration [32/35], Loss: 0.0358
673 Epoch [19/20], Iteration [33/35], Loss: 0.0019
674 Epoch [19/20], Iteration [34/35], Loss: 0.0091
675 Epoch [19/20], Iteration [35/35], Loss: 0.0199
676 Epoch [20/20], Iteration [1/35], Loss: 0.0002
677 Epoch [20/20], Iteration [2/35], Loss: 0.0002
678 Epoch [20/20], Iteration [3/35], Loss: 0.0026
679 Epoch [20/20], Iteration [4/35], Loss: 0.0006
680 Epoch [20/20], Iteration [5/35], Loss: 0.0277
681 Epoch [20/20], Iteration [6/35], Loss: 0.0091
682 Epoch [20/20], Iteration [7/35], Loss: 0.0006
683 Epoch [20/20], Iteration [8/35], Loss: 0.0005
684 Epoch [20/20], Iteration [9/35], Loss: 0.0004
685 Epoch [20/20], Iteration [10/35], Loss: 0.0099
686 Epoch [20/20], Iteration [11/35], Loss: 0.0182
687 Epoch [20/20], Iteration [12/35], Loss: 0.0024
688 Epoch [20/20], Iteration [13/35], Loss: 0.0017
689 Epoch [20/20], Iteration [14/35], Loss: 0.0022
690 Epoch [20/20], Iteration [15/35], Loss: 0.0021
691 Epoch [20/20], Iteration [16/35], Loss: 0.0014
692 Epoch [20/20], Iteration [17/35], Loss: 0.0043
693 Epoch [20/20], Iteration [18/35], Loss: 0.0003
694 Epoch [20/20], Iteration [19/35], Loss: 0.0011
695 Epoch [20/20], Iteration [20/35], Loss: 0.0026
696 Epoch [20/20], Iteration [21/35], Loss: 0.0012
697 Epoch [20/20], Iteration [22/35], Loss: 0.0005
698 Epoch [20/20], Iteration [23/35], Loss: 0.0623
699 Epoch [20/20], Iteration [24/35], Loss: 0.0007
700 Epoch [20/20], Iteration [25/35], Loss: 0.0011
701 Epoch [20/20], Iteration [26/35], Loss: 0.0003
702 Epoch [20/20], Iteration [27/35], Loss: 0.0001
703 Epoch [20/20], Iteration [28/35], Loss: 0.0003
704 Epoch [20/20], Iteration [29/35], Loss: 0.0186
705 Epoch [20/20], Iteration [30/35], Loss: 0.0017
706 Epoch [20/20], Iteration [31/35], Loss: 0.0006
707 Epoch [20/20], Iteration [32/35], Loss: 0.0115
708 Epoch [20/20], Iteration [33/35], Loss: 0.0199
709 Epoch [20/20], Iteration [34/35], Loss: 0.0003
710 Epoch [20/20], Iteration [35/35], Loss: 0.4564
711 Accuracy: 97.14%
712 Training complete
713 [SwanLab-INFO]:        The current experiment ResNet50_2024-01-17_14-37-00 has been completed, SwanLab will close it automatically
