1 [SwanLab-WARNING]:     An error occurred: 
2 [SwanLab-WARNING]:     Error getting branch name: fatal: not a git repository (or any parent up to mount point /root)
Stopping at filesystem boundary (GIT_DISCOVERY_ACROSS_FILESYSTEM not set).

3 [SwanLab-INFO]:        Experiment ResNet50_2024-01-17_22-21-38 has been registered.
4 [SwanLab-INFO]:        Run data will be saved locally in /root/onethingai-tmp/tongue_classification/swanlog/ResNet50_2024-01-17_22-21-38
5 [SwanLab-INFO]:        Experiment_name: ResNet50_2024-01-17_22-21-38
6 [SwanLab-INFO]:        Run `swanlab watch` to view SwanLab Experiment Dashboard
7 Epoch [1/70], Iteration [1/21], Loss: 0.6838
8 Epoch [1/70], Iteration [2/21], Loss: 0.6399
9 Epoch [1/70], Iteration [3/21], Loss: 0.5955
10 Epoch [1/70], Iteration [4/21], Loss: 0.5387
11 Epoch [1/70], Iteration [5/21], Loss: 0.4497
12 Epoch [1/70], Iteration [6/21], Loss: 0.3836
13 Epoch [1/70], Iteration [7/21], Loss: 0.3518
14 Epoch [1/70], Iteration [8/21], Loss: 0.2920
15 Epoch [1/70], Iteration [9/21], Loss: 0.2675
16 Epoch [1/70], Iteration [10/21], Loss: 0.2169
17 Epoch [1/70], Iteration [11/21], Loss: 0.2362
18 Epoch [1/70], Iteration [12/21], Loss: 0.1358
19 Epoch [1/70], Iteration [13/21], Loss: 0.1867
20 Epoch [1/70], Iteration [14/21], Loss: 0.1905
21 Epoch [1/70], Iteration [15/21], Loss: 0.0816
22 Epoch [1/70], Iteration [16/21], Loss: 0.0780
23 Epoch [1/70], Iteration [17/21], Loss: 0.1006
24 Epoch [1/70], Iteration [18/21], Loss: 0.0787
25 Epoch [1/70], Iteration [19/21], Loss: 0.1670
26 Epoch [1/70], Iteration [20/21], Loss: 0.0737
27 Epoch [1/70], Iteration [21/21], Loss: 0.1472
28 Accuracy: 0.96%
29 Epoch [2/70], Iteration [1/21], Loss: 0.0416
30 Epoch [2/70], Iteration [2/21], Loss: 0.0437
31 Epoch [2/70], Iteration [3/21], Loss: 0.0579
32 Epoch [2/70], Iteration [4/21], Loss: 0.0562
33 Epoch [2/70], Iteration [5/21], Loss: 0.0790
34 Epoch [2/70], Iteration [6/21], Loss: 0.0488
35 Epoch [2/70], Iteration [7/21], Loss: 0.0208
36 Epoch [2/70], Iteration [8/21], Loss: 0.0412
37 Epoch [2/70], Iteration [9/21], Loss: 0.0325
38 Epoch [2/70], Iteration [10/21], Loss: 0.0564
39 Epoch [2/70], Iteration [11/21], Loss: 0.0242
40 Epoch [2/70], Iteration [12/21], Loss: 0.0395
41 Epoch [2/70], Iteration [13/21], Loss: 0.1353
42 Epoch [2/70], Iteration [14/21], Loss: 0.0547
43 Epoch [2/70], Iteration [15/21], Loss: 0.0080
44 Epoch [2/70], Iteration [16/21], Loss: 0.0494
45 Epoch [2/70], Iteration [17/21], Loss: 0.0116
46 Epoch [2/70], Iteration [18/21], Loss: 0.0194
47 Epoch [2/70], Iteration [19/21], Loss: 0.0152
48 Epoch [2/70], Iteration [20/21], Loss: 0.0247
49 Epoch [2/70], Iteration [21/21], Loss: 0.7309
50 Accuracy: 0.97%
51 Epoch [3/70], Iteration [1/21], Loss: 0.0212
52 Epoch [3/70], Iteration [2/21], Loss: 0.0457
53 Epoch [3/70], Iteration [3/21], Loss: 0.0176
54 Epoch [3/70], Iteration [4/21], Loss: 0.0532
55 Epoch [3/70], Iteration [5/21], Loss: 0.0195
56 Epoch [3/70], Iteration [6/21], Loss: 0.0800
57 Epoch [3/70], Iteration [7/21], Loss: 0.0362
58 Epoch [3/70], Iteration [8/21], Loss: 0.0257
59 Epoch [3/70], Iteration [9/21], Loss: 0.0298
60 Epoch [3/70], Iteration [10/21], Loss: 0.0301
61 Epoch [3/70], Iteration [11/21], Loss: 0.0281
62 Epoch [3/70], Iteration [12/21], Loss: 0.0521
63 Epoch [3/70], Iteration [13/21], Loss: 0.0259
64 Epoch [3/70], Iteration [14/21], Loss: 0.0374
65 Epoch [3/70], Iteration [15/21], Loss: 0.0102
66 Epoch [3/70], Iteration [16/21], Loss: 0.0211
67 Epoch [3/70], Iteration [17/21], Loss: 0.0338
68 Epoch [3/70], Iteration [18/21], Loss: 0.0142
69 Epoch [3/70], Iteration [19/21], Loss: 0.0128
70 Epoch [3/70], Iteration [20/21], Loss: 0.0106
71 Epoch [3/70], Iteration [21/21], Loss: 1.0914
72 Accuracy: 0.97%
73 Epoch [4/70], Iteration [1/21], Loss: 0.0116
74 Epoch [4/70], Iteration [2/21], Loss: 0.0114
75 Epoch [4/70], Iteration [3/21], Loss: 0.0463
76 Epoch [4/70], Iteration [4/21], Loss: 0.0221
77 Epoch [4/70], Iteration [5/21], Loss: 0.0323
78 Epoch [4/70], Iteration [6/21], Loss: 0.0549
79 Epoch [4/70], Iteration [7/21], Loss: 0.0271
80 Epoch [4/70], Iteration [8/21], Loss: 0.0127
81 Epoch [4/70], Iteration [9/21], Loss: 0.0957
82 Epoch [4/70], Iteration [10/21], Loss: 0.0456
83 Epoch [4/70], Iteration [11/21], Loss: 0.0840
84 Epoch [4/70], Iteration [12/21], Loss: 0.0100
85 Epoch [4/70], Iteration [13/21], Loss: 0.0509
86 Epoch [4/70], Iteration [14/21], Loss: 0.0145
87 Epoch [4/70], Iteration [15/21], Loss: 0.0090
88 Epoch [4/70], Iteration [16/21], Loss: 0.0203
89 Epoch [4/70], Iteration [17/21], Loss: 0.0188
90 Epoch [4/70], Iteration [18/21], Loss: 0.0289
91 Epoch [4/70], Iteration [19/21], Loss: 0.0220
92 Epoch [4/70], Iteration [20/21], Loss: 0.0097
93 Epoch [4/70], Iteration [21/21], Loss: 0.0120
94 Accuracy: 0.97%
95 Epoch [5/70], Iteration [1/21], Loss: 0.0207
96 Epoch [5/70], Iteration [2/21], Loss: 0.0051
97 Epoch [5/70], Iteration [3/21], Loss: 0.0075
98 Epoch [5/70], Iteration [4/21], Loss: 0.0112
99 Epoch [5/70], Iteration [5/21], Loss: 0.0102
100 Epoch [5/70], Iteration [6/21], Loss: 0.0088
101 Epoch [5/70], Iteration [7/21], Loss: 0.0699
102 Epoch [5/70], Iteration [8/21], Loss: 0.0166
103 Epoch [5/70], Iteration [9/21], Loss: 0.0063
104 Epoch [5/70], Iteration [10/21], Loss: 0.0057
105 Epoch [5/70], Iteration [11/21], Loss: 0.0084
106 Epoch [5/70], Iteration [12/21], Loss: 0.0059
107 Epoch [5/70], Iteration [13/21], Loss: 0.0035
108 Epoch [5/70], Iteration [14/21], Loss: 0.0069
109 Epoch [5/70], Iteration [15/21], Loss: 0.0049
110 Epoch [5/70], Iteration [16/21], Loss: 0.0042
111 Epoch [5/70], Iteration [17/21], Loss: 0.0124
112 Epoch [5/70], Iteration [18/21], Loss: 0.0217
113 Epoch [5/70], Iteration [19/21], Loss: 0.0232
114 Epoch [5/70], Iteration [20/21], Loss: 0.0148
115 Epoch [5/70], Iteration [21/21], Loss: 1.1390
116 Accuracy: 0.97%
117 Epoch [6/70], Iteration [1/21], Loss: 0.0130
118 Epoch [6/70], Iteration [2/21], Loss: 0.0173
119 Epoch [6/70], Iteration [3/21], Loss: 0.0073
120 Epoch [6/70], Iteration [4/21], Loss: 0.0207
121 Epoch [6/70], Iteration [5/21], Loss: 0.0200
122 Epoch [6/70], Iteration [6/21], Loss: 0.0485
123 Epoch [6/70], Iteration [7/21], Loss: 0.0415
124 Epoch [6/70], Iteration [8/21], Loss: 0.0371
125 Epoch [6/70], Iteration [9/21], Loss: 0.0264
126 Epoch [6/70], Iteration [10/21], Loss: 0.0818
127 Epoch [6/70], Iteration [11/21], Loss: 0.0770
128 Epoch [6/70], Iteration [12/21], Loss: 0.0364
129 Epoch [6/70], Iteration [13/21], Loss: 0.0489
130 Epoch [6/70], Iteration [14/21], Loss: 0.0499
131 Epoch [6/70], Iteration [15/21], Loss: 0.0179
132 Epoch [6/70], Iteration [16/21], Loss: 0.0220
133 Epoch [6/70], Iteration [17/21], Loss: 0.0226
134 Epoch [6/70], Iteration [18/21], Loss: 0.0098
135 Epoch [6/70], Iteration [19/21], Loss: 0.0183
136 Epoch [6/70], Iteration [20/21], Loss: 0.0891
137 Epoch [6/70], Iteration [21/21], Loss: 0.3310
138 Accuracy: 0.97%
139 Epoch [7/70], Iteration [1/21], Loss: 0.0295
140 Epoch [7/70], Iteration [2/21], Loss: 0.0129
141 Epoch [7/70], Iteration [3/21], Loss: 0.0315
142 Epoch [7/70], Iteration [4/21], Loss: 0.0087
143 Epoch [7/70], Iteration [5/21], Loss: 0.0761
144 Epoch [7/70], Iteration [6/21], Loss: 0.0124
145 Epoch [7/70], Iteration [7/21], Loss: 0.0188
146 Epoch [7/70], Iteration [8/21], Loss: 0.0032
147 Epoch [7/70], Iteration [9/21], Loss: 0.0119
148 Epoch [7/70], Iteration [10/21], Loss: 0.0226
149 Epoch [7/70], Iteration [11/21], Loss: 0.0423
150 Epoch [7/70], Iteration [12/21], Loss: 0.0229
151 Epoch [7/70], Iteration [13/21], Loss: 0.0278
152 Epoch [7/70], Iteration [14/21], Loss: 0.0181
153 Epoch [7/70], Iteration [15/21], Loss: 0.0160
154 Epoch [7/70], Iteration [16/21], Loss: 0.0290
155 Epoch [7/70], Iteration [17/21], Loss: 0.0102
156 Epoch [7/70], Iteration [18/21], Loss: 0.0125
157 Epoch [7/70], Iteration [19/21], Loss: 0.0387
158 Epoch [7/70], Iteration [20/21], Loss: 0.0118
159 Epoch [7/70], Iteration [21/21], Loss: 0.0037
160 Accuracy: 0.97%
161 Epoch [8/70], Iteration [1/21], Loss: 0.0052
162 Epoch [8/70], Iteration [2/21], Loss: 0.0091
163 Epoch [8/70], Iteration [3/21], Loss: 0.0054
164 Epoch [8/70], Iteration [4/21], Loss: 0.0078
165 Epoch [8/70], Iteration [5/21], Loss: 0.0035
166 Epoch [8/70], Iteration [6/21], Loss: 0.0053
167 Epoch [8/70], Iteration [7/21], Loss: 0.0112
168 Epoch [8/70], Iteration [8/21], Loss: 0.0043
169 Epoch [8/70], Iteration [9/21], Loss: 0.0037
170 Epoch [8/70], Iteration [10/21], Loss: 0.0078
171 Epoch [8/70], Iteration [11/21], Loss: 0.0024
172 Epoch [8/70], Iteration [12/21], Loss: 0.0065
173 Epoch [8/70], Iteration [13/21], Loss: 0.0109
174 Epoch [8/70], Iteration [14/21], Loss: 0.0043
175 Epoch [8/70], Iteration [15/21], Loss: 0.0035
176 Epoch [8/70], Iteration [16/21], Loss: 0.0029
177 Epoch [8/70], Iteration [17/21], Loss: 0.0089
178 Epoch [8/70], Iteration [18/21], Loss: 0.0030
179 Epoch [8/70], Iteration [19/21], Loss: 0.0099
180 Epoch [8/70], Iteration [20/21], Loss: 0.0039
181 Epoch [8/70], Iteration [21/21], Loss: 0.0195
182 Accuracy: 0.98%
183 Epoch [9/70], Iteration [1/21], Loss: 0.0071
184 Epoch [9/70], Iteration [2/21], Loss: 0.0026
185 Epoch [9/70], Iteration [3/21], Loss: 0.0026
186 Epoch [9/70], Iteration [4/21], Loss: 0.0050
187 Epoch [9/70], Iteration [5/21], Loss: 0.0023
188 Epoch [9/70], Iteration [6/21], Loss: 0.0032
189 Epoch [9/70], Iteration [7/21], Loss: 0.0033
190 Epoch [9/70], Iteration [8/21], Loss: 0.0061
191 Epoch [9/70], Iteration [9/21], Loss: 0.0034
192 Epoch [9/70], Iteration [10/21], Loss: 0.0019
193 Epoch [9/70], Iteration [11/21], Loss: 0.0017
194 Epoch [9/70], Iteration [12/21], Loss: 0.0025
195 Epoch [9/70], Iteration [13/21], Loss: 0.0022
196 Epoch [9/70], Iteration [14/21], Loss: 0.0011
197 Epoch [9/70], Iteration [15/21], Loss: 0.0227
198 Epoch [9/70], Iteration [16/21], Loss: 0.0019
199 Epoch [9/70], Iteration [17/21], Loss: 0.0019
200 Epoch [9/70], Iteration [18/21], Loss: 0.0024
201 Epoch [9/70], Iteration [19/21], Loss: 0.0020
202 Epoch [9/70], Iteration [20/21], Loss: 0.0014
203 Epoch [9/70], Iteration [21/21], Loss: 0.0037
204 Accuracy: 0.98%
205 Epoch [10/70], Iteration [1/21], Loss: 0.0073
206 Epoch [10/70], Iteration [2/21], Loss: 0.0023
207 Epoch [10/70], Iteration [3/21], Loss: 0.0026
208 Epoch [10/70], Iteration [4/21], Loss: 0.0027
209 Epoch [10/70], Iteration [5/21], Loss: 0.0008
210 Epoch [10/70], Iteration [6/21], Loss: 0.0045
211 Epoch [10/70], Iteration [7/21], Loss: 0.0009
212 Epoch [10/70], Iteration [8/21], Loss: 0.0009
213 Epoch [10/70], Iteration [9/21], Loss: 0.0022
214 Epoch [10/70], Iteration [10/21], Loss: 0.0016
215 Epoch [10/70], Iteration [11/21], Loss: 0.0008
216 Epoch [10/70], Iteration [12/21], Loss: 0.0015
217 Epoch [10/70], Iteration [13/21], Loss: 0.0018
218 Epoch [10/70], Iteration [14/21], Loss: 0.0068
219 Epoch [10/70], Iteration [15/21], Loss: 0.0012
220 Epoch [10/70], Iteration [16/21], Loss: 0.0012
221 Epoch [10/70], Iteration [17/21], Loss: 0.0016
222 Epoch [10/70], Iteration [18/21], Loss: 0.0031
223 Epoch [10/70], Iteration [19/21], Loss: 0.0020
224 Epoch [10/70], Iteration [20/21], Loss: 0.0013
225 Epoch [10/70], Iteration [21/21], Loss: 0.0041
226 Accuracy: 0.98%
227 Epoch [11/70], Iteration [1/21], Loss: 0.0023
228 Epoch [11/70], Iteration [2/21], Loss: 0.0010
229 Epoch [11/70], Iteration [3/21], Loss: 0.0007
230 Epoch [11/70], Iteration [4/21], Loss: 0.0012
231 Epoch [11/70], Iteration [5/21], Loss: 0.0007
232 Epoch [11/70], Iteration [6/21], Loss: 0.0013
233 Epoch [11/70], Iteration [7/21], Loss: 0.0007
234 Epoch [11/70], Iteration [8/21], Loss: 0.0005
235 Epoch [11/70], Iteration [9/21], Loss: 0.0059
236 Epoch [11/70], Iteration [10/21], Loss: 0.0011
237 Epoch [11/70], Iteration [11/21], Loss: 0.0006
238 Epoch [11/70], Iteration [12/21], Loss: 0.0016
239 Epoch [11/70], Iteration [13/21], Loss: 0.0012
240 Epoch [11/70], Iteration [14/21], Loss: 0.0018
241 Epoch [11/70], Iteration [15/21], Loss: 0.0008
242 Epoch [11/70], Iteration [16/21], Loss: 0.0012
243 Epoch [11/70], Iteration [17/21], Loss: 0.0005
244 Epoch [11/70], Iteration [18/21], Loss: 0.0006
245 Epoch [11/70], Iteration [19/21], Loss: 0.0007
246 Epoch [11/70], Iteration [20/21], Loss: 0.0016
247 Epoch [11/70], Iteration [21/21], Loss: 0.3625
248 Accuracy: 0.98%
249 Epoch [12/70], Iteration [1/21], Loss: 0.0062
250 Epoch [12/70], Iteration [2/21], Loss: 0.0012
251 Epoch [12/70], Iteration [3/21], Loss: 0.0021
252 Epoch [12/70], Iteration [4/21], Loss: 0.0014
253 Epoch [12/70], Iteration [5/21], Loss: 0.0015
254 Epoch [12/70], Iteration [6/21], Loss: 0.0091
255 Epoch [12/70], Iteration [7/21], Loss: 0.0029
256 Epoch [12/70], Iteration [8/21], Loss: 0.0046
257 Epoch [12/70], Iteration [9/21], Loss: 0.0061
258 Epoch [12/70], Iteration [10/21], Loss: 0.0068
259 Epoch [12/70], Iteration [11/21], Loss: 0.0293
260 Epoch [12/70], Iteration [12/21], Loss: 0.0339
261 Epoch [12/70], Iteration [13/21], Loss: 0.0162
262 Epoch [12/70], Iteration [14/21], Loss: 0.0108
263 Epoch [12/70], Iteration [15/21], Loss: 0.0091
264 Epoch [12/70], Iteration [16/21], Loss: 0.0172
265 Epoch [12/70], Iteration [17/21], Loss: 0.0272
266 Epoch [12/70], Iteration [18/21], Loss: 0.0068
267 Epoch [12/70], Iteration [19/21], Loss: 0.0230
268 Epoch [12/70], Iteration [20/21], Loss: 0.0082
269 Epoch [12/70], Iteration [21/21], Loss: 1.1762
270 Accuracy: 0.97%
271 Epoch [13/70], Iteration [1/21], Loss: 0.0069
272 Epoch [13/70], Iteration [2/21], Loss: 0.0045
273 Epoch [13/70], Iteration [3/21], Loss: 0.0217
274 Epoch [13/70], Iteration [4/21], Loss: 0.0244
275 Epoch [13/70], Iteration [5/21], Loss: 0.0134
276 Epoch [13/70], Iteration [6/21], Loss: 0.0094
277 Epoch [13/70], Iteration [7/21], Loss: 0.0171
278 Epoch [13/70], Iteration [8/21], Loss: 0.0208
279 Epoch [13/70], Iteration [9/21], Loss: 0.0884
280 Epoch [13/70], Iteration [10/21], Loss: 0.0132
281 Epoch [13/70], Iteration [11/21], Loss: 0.0332
282 Epoch [13/70], Iteration [12/21], Loss: 0.0583
283 Epoch [13/70], Iteration [13/21], Loss: 0.0062
284 Epoch [13/70], Iteration [14/21], Loss: 0.0128
285 Epoch [13/70], Iteration [15/21], Loss: 0.0091
286 Epoch [13/70], Iteration [16/21], Loss: 0.0174
287 Epoch [13/70], Iteration [17/21], Loss: 0.0081
288 Epoch [13/70], Iteration [18/21], Loss: 0.0092
289 Epoch [13/70], Iteration [19/21], Loss: 0.0142
290 Epoch [13/70], Iteration [20/21], Loss: 0.0093
291 Epoch [13/70], Iteration [21/21], Loss: 0.0205
292 Accuracy: 0.98%
293 Epoch [14/70], Iteration [1/21], Loss: 0.0095
294 Epoch [14/70], Iteration [2/21], Loss: 0.0092
295 Epoch [14/70], Iteration [3/21], Loss: 0.0053
296 Epoch [14/70], Iteration [4/21], Loss: 0.0075
297 Epoch [14/70], Iteration [5/21], Loss: 0.0062
298 Epoch [14/70], Iteration [6/21], Loss: 0.0139
299 Epoch [14/70], Iteration [7/21], Loss: 0.0065
300 Epoch [14/70], Iteration [8/21], Loss: 0.0089
301 Epoch [14/70], Iteration [9/21], Loss: 0.0039
302 Epoch [14/70], Iteration [10/21], Loss: 0.0485
303 Epoch [14/70], Iteration [11/21], Loss: 0.0044
304 Epoch [14/70], Iteration [12/21], Loss: 0.0166
305 Epoch [14/70], Iteration [13/21], Loss: 0.0041
306 Epoch [14/70], Iteration [14/21], Loss: 0.0071
307 Epoch [14/70], Iteration [15/21], Loss: 0.0044
308 Epoch [14/70], Iteration [16/21], Loss: 0.0038
309 Epoch [14/70], Iteration [17/21], Loss: 0.0025
310 Epoch [14/70], Iteration [18/21], Loss: 0.0075
311 Epoch [14/70], Iteration [19/21], Loss: 0.0148
312 Epoch [14/70], Iteration [20/21], Loss: 0.0070
313 Epoch [14/70], Iteration [21/21], Loss: 0.0339
314 Accuracy: 0.98%
315 Epoch [15/70], Iteration [1/21], Loss: 0.0020
316 Epoch [15/70], Iteration [2/21], Loss: 0.0048
317 Epoch [15/70], Iteration [3/21], Loss: 0.0016
318 Epoch [15/70], Iteration [4/21], Loss: 0.0012
319 Epoch [15/70], Iteration [5/21], Loss: 0.0020
320 Epoch [15/70], Iteration [6/21], Loss: 0.0033
321 Epoch [15/70], Iteration [7/21], Loss: 0.0014
322 Epoch [15/70], Iteration [8/21], Loss: 0.0036
323 Epoch [15/70], Iteration [9/21], Loss: 0.0025
324 Epoch [15/70], Iteration [10/21], Loss: 0.0049
325 Epoch [15/70], Iteration [11/21], Loss: 0.0049
326 Epoch [15/70], Iteration [12/21], Loss: 0.0046
327 Epoch [15/70], Iteration [13/21], Loss: 0.0013
328 Epoch [15/70], Iteration [14/21], Loss: 0.0018
329 Epoch [15/70], Iteration [15/21], Loss: 0.0011
330 Epoch [15/70], Iteration [16/21], Loss: 0.0035
331 Epoch [15/70], Iteration [17/21], Loss: 0.0035
332 Epoch [15/70], Iteration [18/21], Loss: 0.0011
333 Epoch [15/70], Iteration [19/21], Loss: 0.0012
334 Epoch [15/70], Iteration [20/21], Loss: 0.0014
335 Epoch [15/70], Iteration [21/21], Loss: 0.0047
336 Accuracy: 0.98%
337 Epoch [16/70], Iteration [1/21], Loss: 0.0055
338 Epoch [16/70], Iteration [2/21], Loss: 0.0010
339 Epoch [16/70], Iteration [3/21], Loss: 0.0105
340 Epoch [16/70], Iteration [4/21], Loss: 0.0009
341 Epoch [16/70], Iteration [5/21], Loss: 0.0007
342 Epoch [16/70], Iteration [6/21], Loss: 0.0011
343 Epoch [16/70], Iteration [7/21], Loss: 0.0309
344 Epoch [16/70], Iteration [8/21], Loss: 0.0011
345 Epoch [16/70], Iteration [9/21], Loss: 0.0073
346 Epoch [16/70], Iteration [10/21], Loss: 0.0015
347 Epoch [16/70], Iteration [11/21], Loss: 0.0014
348 Epoch [16/70], Iteration [12/21], Loss: 0.0009
349 Epoch [16/70], Iteration [13/21], Loss: 0.0009
350 Epoch [16/70], Iteration [14/21], Loss: 0.0015
351 Epoch [16/70], Iteration [15/21], Loss: 0.0012
352 Epoch [16/70], Iteration [16/21], Loss: 0.0016
353 Epoch [16/70], Iteration [17/21], Loss: 0.0026
354 Epoch [16/70], Iteration [18/21], Loss: 0.0007
355 Epoch [16/70], Iteration [19/21], Loss: 0.0014
356 Epoch [16/70], Iteration [20/21], Loss: 0.0014
357 Epoch [16/70], Iteration [21/21], Loss: 0.0043
358 Accuracy: 0.98%
359 Epoch [17/70], Iteration [1/21], Loss: 0.0011
360 Epoch [17/70], Iteration [2/21], Loss: 0.0007
361 Epoch [17/70], Iteration [3/21], Loss: 0.0010
362 Epoch [17/70], Iteration [4/21], Loss: 0.0008
363 Epoch [17/70], Iteration [5/21], Loss: 0.0008
364 Epoch [17/70], Iteration [6/21], Loss: 0.0005
365 Epoch [17/70], Iteration [7/21], Loss: 0.0007
366 Epoch [17/70], Iteration [8/21], Loss: 0.0010
367 Epoch [17/70], Iteration [9/21], Loss: 0.0027
368 Epoch [17/70], Iteration [10/21], Loss: 0.0004
369 Epoch [17/70], Iteration [11/21], Loss: 0.0007
370 Epoch [17/70], Iteration [12/21], Loss: 0.0036
371 Epoch [17/70], Iteration [13/21], Loss: 0.0006
372 Epoch [17/70], Iteration [14/21], Loss: 0.0046
373 Epoch [17/70], Iteration [15/21], Loss: 0.0020
374 Epoch [17/70], Iteration [16/21], Loss: 0.0006
375 Epoch [17/70], Iteration [17/21], Loss: 0.0004
376 Epoch [17/70], Iteration [18/21], Loss: 0.0007
377 Epoch [17/70], Iteration [19/21], Loss: 0.0004
378 Epoch [17/70], Iteration [20/21], Loss: 0.0007
379 Epoch [17/70], Iteration [21/21], Loss: 0.6518
380 Accuracy: 0.98%
381 Epoch [18/70], Iteration [1/21], Loss: 0.0016
382 Epoch [18/70], Iteration [2/21], Loss: 0.0020
383 Epoch [18/70], Iteration [3/21], Loss: 0.0037
384 Epoch [18/70], Iteration [4/21], Loss: 0.0591
385 Epoch [18/70], Iteration [5/21], Loss: 0.0046
386 Epoch [18/70], Iteration [6/21], Loss: 0.0128
387 Epoch [18/70], Iteration [7/21], Loss: 0.0311
388 Epoch [18/70], Iteration [8/21], Loss: 0.0218
389 Epoch [18/70], Iteration [9/21], Loss: 0.0271
390 Epoch [18/70], Iteration [10/21], Loss: 0.0380
391 Epoch [18/70], Iteration [11/21], Loss: 0.0189
392 Epoch [18/70], Iteration [12/21], Loss: 0.0247
393 Epoch [18/70], Iteration [13/21], Loss: 0.0071
394 Epoch [18/70], Iteration [14/21], Loss: 0.0590
395 Epoch [18/70], Iteration [15/21], Loss: 0.0035
396 Epoch [18/70], Iteration [16/21], Loss: 0.0064
397 Epoch [18/70], Iteration [17/21], Loss: 0.0523
398 Epoch [18/70], Iteration [18/21], Loss: 0.0190
399 Epoch [18/70], Iteration [19/21], Loss: 0.0567
400 Epoch [18/70], Iteration [20/21], Loss: 0.0084
401 Epoch [18/70], Iteration [21/21], Loss: 0.0071
402 Accuracy: 0.98%
403 Epoch [19/70], Iteration [1/21], Loss: 0.0139
404 Epoch [19/70], Iteration [2/21], Loss: 0.0045
405 Epoch [19/70], Iteration [3/21], Loss: 0.0071
406 Epoch [19/70], Iteration [4/21], Loss: 0.0140
407 Epoch [19/70], Iteration [5/21], Loss: 0.0179
408 Epoch [19/70], Iteration [6/21], Loss: 0.0067
409 Epoch [19/70], Iteration [7/21], Loss: 0.0203
410 Epoch [19/70], Iteration [8/21], Loss: 0.0025
411 Epoch [19/70], Iteration [9/21], Loss: 0.0019
412 Epoch [19/70], Iteration [10/21], Loss: 0.0015
413 Epoch [19/70], Iteration [11/21], Loss: 0.0049
414 Epoch [19/70], Iteration [12/21], Loss: 0.0039
415 Epoch [19/70], Iteration [13/21], Loss: 0.0016
416 Epoch [19/70], Iteration [14/21], Loss: 0.0045
417 Epoch [19/70], Iteration [15/21], Loss: 0.0014
418 Epoch [19/70], Iteration [16/21], Loss: 0.0015
419 Epoch [19/70], Iteration [17/21], Loss: 0.0034
420 Epoch [19/70], Iteration [18/21], Loss: 0.0060
421 Epoch [19/70], Iteration [19/21], Loss: 0.0063
422 Epoch [19/70], Iteration [20/21], Loss: 0.0011
423 Epoch [19/70], Iteration [21/21], Loss: 0.0330
424 Accuracy: 0.98%
425 Epoch [20/70], Iteration [1/21], Loss: 0.0015
426 Epoch [20/70], Iteration [2/21], Loss: 0.0012
427 Epoch [20/70], Iteration [3/21], Loss: 0.0034
428 Epoch [20/70], Iteration [4/21], Loss: 0.0008
429 Epoch [20/70], Iteration [5/21], Loss: 0.0088
430 Epoch [20/70], Iteration [6/21], Loss: 0.0019
431 Epoch [20/70], Iteration [7/21], Loss: 0.0022
432 Epoch [20/70], Iteration [8/21], Loss: 0.0011
433 Epoch [20/70], Iteration [9/21], Loss: 0.0026
434 Epoch [20/70], Iteration [10/21], Loss: 0.0017
435 Epoch [20/70], Iteration [11/21], Loss: 0.0011
436 Epoch [20/70], Iteration [12/21], Loss: 0.0013
437 Epoch [20/70], Iteration [13/21], Loss: 0.0008
438 Epoch [20/70], Iteration [14/21], Loss: 0.0008
439 Epoch [20/70], Iteration [15/21], Loss: 0.0004
440 Epoch [20/70], Iteration [16/21], Loss: 0.0009
441 Epoch [20/70], Iteration [17/21], Loss: 0.0016
442 Epoch [20/70], Iteration [18/21], Loss: 0.0018
443 Epoch [20/70], Iteration [19/21], Loss: 0.0045
444 Epoch [20/70], Iteration [20/21], Loss: 0.0019
445 Epoch [20/70], Iteration [21/21], Loss: 0.0042
446 Accuracy: 0.99%
447 Epoch [21/70], Iteration [1/21], Loss: 0.0011
448 Epoch [21/70], Iteration [2/21], Loss: 0.0008
449 Epoch [21/70], Iteration [3/21], Loss: 0.0009
450 Epoch [21/70], Iteration [4/21], Loss: 0.0009
451 Epoch [21/70], Iteration [5/21], Loss: 0.0007
452 Epoch [21/70], Iteration [6/21], Loss: 0.0008
453 Epoch [21/70], Iteration [7/21], Loss: 0.0005
454 Epoch [21/70], Iteration [8/21], Loss: 0.0005
455 Epoch [21/70], Iteration [9/21], Loss: 0.0006
456 Epoch [21/70], Iteration [10/21], Loss: 0.0009
457 Epoch [21/70], Iteration [11/21], Loss: 0.0007
458 Epoch [21/70], Iteration [12/21], Loss: 0.0035
459 Epoch [21/70], Iteration [13/21], Loss: 0.0004
460 Epoch [21/70], Iteration [14/21], Loss: 0.0004
461 Epoch [21/70], Iteration [15/21], Loss: 0.0006
462 Epoch [21/70], Iteration [16/21], Loss: 0.0023
463 Epoch [21/70], Iteration [17/21], Loss: 0.0008
464 Epoch [21/70], Iteration [18/21], Loss: 0.0006
465 Epoch [21/70], Iteration [19/21], Loss: 0.0011
466 Epoch [21/70], Iteration [20/21], Loss: 0.0007
467 Epoch [21/70], Iteration [21/21], Loss: 0.0042
468 Accuracy: 0.99%
469 Epoch [22/70], Iteration [1/21], Loss: 0.0008
470 Epoch [22/70], Iteration [2/21], Loss: 0.0004
471 Epoch [22/70], Iteration [3/21], Loss: 0.0009
472 Epoch [22/70], Iteration [4/21], Loss: 0.0007
473 Epoch [22/70], Iteration [5/21], Loss: 0.0006
474 Epoch [22/70], Iteration [6/21], Loss: 0.0009
475 Epoch [22/70], Iteration [7/21], Loss: 0.0008
476 Epoch [22/70], Iteration [8/21], Loss: 0.0004
477 Epoch [22/70], Iteration [9/21], Loss: 0.0006
478 Epoch [22/70], Iteration [10/21], Loss: 0.0010
479 Epoch [22/70], Iteration [11/21], Loss: 0.0005
480 Epoch [22/70], Iteration [12/21], Loss: 0.0004
481 Epoch [22/70], Iteration [13/21], Loss: 0.0003
482 Epoch [22/70], Iteration [14/21], Loss: 0.0004
483 Epoch [22/70], Iteration [15/21], Loss: 0.0006
484 Epoch [22/70], Iteration [16/21], Loss: 0.0005
485 Epoch [22/70], Iteration [17/21], Loss: 0.0035
486 Epoch [22/70], Iteration [18/21], Loss: 0.0008
487 Epoch [22/70], Iteration [19/21], Loss: 0.0015
488 Epoch [22/70], Iteration [20/21], Loss: 0.0005
489 Epoch [22/70], Iteration [21/21], Loss: 1.1883
490 Accuracy: 0.99%
491 Epoch [23/70], Iteration [1/21], Loss: 0.0006
492 Epoch [23/70], Iteration [2/21], Loss: 0.0020
493 Epoch [23/70], Iteration [3/21], Loss: 0.0729
494 Epoch [23/70], Iteration [4/21], Loss: 0.0069
495 Epoch [23/70], Iteration [5/21], Loss: 0.0105
496 Epoch [23/70], Iteration [6/21], Loss: 0.0106
497 Epoch [23/70], Iteration [7/21], Loss: 0.0848
498 Epoch [23/70], Iteration [8/21], Loss: 0.0285
499 Epoch [23/70], Iteration [9/21], Loss: 0.0311
500 Epoch [23/70], Iteration [10/21], Loss: 0.0751
501 Epoch [23/70], Iteration [11/21], Loss: 0.0445
502 Epoch [23/70], Iteration [12/21], Loss: 0.0577
503 Epoch [23/70], Iteration [13/21], Loss: 0.0096
504 Epoch [23/70], Iteration [14/21], Loss: 0.0798
505 Epoch [23/70], Iteration [15/21], Loss: 0.0256
506 Epoch [23/70], Iteration [16/21], Loss: 0.0334
507 Epoch [23/70], Iteration [17/21], Loss: 0.0390
508 Epoch [23/70], Iteration [18/21], Loss: 0.0260
509 Epoch [23/70], Iteration [19/21], Loss: 0.0243
510 Epoch [23/70], Iteration [20/21], Loss: 0.0192
511 Epoch [23/70], Iteration [21/21], Loss: 0.0052
512 Accuracy: 0.97%
513 Epoch [24/70], Iteration [1/21], Loss: 0.0148
514 Epoch [24/70], Iteration [2/21], Loss: 0.0064
515 Epoch [24/70], Iteration [3/21], Loss: 0.0042
516 Epoch [24/70], Iteration [4/21], Loss: 0.0049
517 Epoch [24/70], Iteration [5/21], Loss: 0.0050
518 Epoch [24/70], Iteration [6/21], Loss: 0.0439
519 Epoch [24/70], Iteration [7/21], Loss: 0.0128
520 Epoch [24/70], Iteration [8/21], Loss: 0.0040
521 Epoch [24/70], Iteration [9/21], Loss: 0.0043
522 Epoch [24/70], Iteration [10/21], Loss: 0.0146
523 Epoch [24/70], Iteration [11/21], Loss: 0.0277
524 Epoch [24/70], Iteration [12/21], Loss: 0.0250
525 Epoch [24/70], Iteration [13/21], Loss: 0.0113
526 Epoch [24/70], Iteration [14/21], Loss: 0.0028
527 Epoch [24/70], Iteration [15/21], Loss: 0.0040
528 Epoch [24/70], Iteration [16/21], Loss: 0.0263
529 Epoch [24/70], Iteration [17/21], Loss: 0.0027
530 Epoch [24/70], Iteration [18/21], Loss: 0.0039
531 Epoch [24/70], Iteration [19/21], Loss: 0.0565
532 Epoch [24/70], Iteration [20/21], Loss: 0.0096
533 Epoch [24/70], Iteration [21/21], Loss: 0.0009
534 Accuracy: 0.99%
535 Epoch [25/70], Iteration [1/21], Loss: 0.0039
536 Epoch [25/70], Iteration [2/21], Loss: 0.0049
537 Epoch [25/70], Iteration [3/21], Loss: 0.0889
538 Epoch [25/70], Iteration [4/21], Loss: 0.0019
539 Epoch [25/70], Iteration [5/21], Loss: 0.0042
540 Epoch [25/70], Iteration [6/21], Loss: 0.0059
541 Epoch [25/70], Iteration [7/21], Loss: 0.0029
542 Epoch [25/70], Iteration [8/21], Loss: 0.0029
543 Epoch [25/70], Iteration [9/21], Loss: 0.0042
544 Epoch [25/70], Iteration [10/21], Loss: 0.0059
545 Epoch [25/70], Iteration [11/21], Loss: 0.0085
546 Epoch [25/70], Iteration [12/21], Loss: 0.0091
547 Epoch [25/70], Iteration [13/21], Loss: 0.0027
548 Epoch [25/70], Iteration [14/21], Loss: 0.0013
549 Epoch [25/70], Iteration [15/21], Loss: 0.0032
550 Epoch [25/70], Iteration [16/21], Loss: 0.0044
551 Epoch [25/70], Iteration [17/21], Loss: 0.0015
552 Epoch [25/70], Iteration [18/21], Loss: 0.0025
553 Epoch [25/70], Iteration [19/21], Loss: 0.0042
554 Epoch [25/70], Iteration [20/21], Loss: 0.0013
555 Epoch [25/70], Iteration [21/21], Loss: 0.0009
556 Accuracy: 0.98%
557 Epoch [26/70], Iteration [1/21], Loss: 0.0033
558 Epoch [26/70], Iteration [2/21], Loss: 0.0019
559 Epoch [26/70], Iteration [3/21], Loss: 0.0007
560 Epoch [26/70], Iteration [4/21], Loss: 0.0011
561 Epoch [26/70], Iteration [5/21], Loss: 0.0016
562 Epoch [26/70], Iteration [6/21], Loss: 0.0051
563 Epoch [26/70], Iteration [7/21], Loss: 0.0010
564 Epoch [26/70], Iteration [8/21], Loss: 0.0007
565 Epoch [26/70], Iteration [9/21], Loss: 0.0029
566 Epoch [26/70], Iteration [10/21], Loss: 0.0011
567 Epoch [26/70], Iteration [11/21], Loss: 0.0005
568 Epoch [26/70], Iteration [12/21], Loss: 0.0022
569 Epoch [26/70], Iteration [13/21], Loss: 0.0010
570 Epoch [26/70], Iteration [14/21], Loss: 0.0032
571 Epoch [26/70], Iteration [15/21], Loss: 0.0035
572 Epoch [26/70], Iteration [16/21], Loss: 0.0010
573 Epoch [26/70], Iteration [17/21], Loss: 0.0009
574 Epoch [26/70], Iteration [18/21], Loss: 0.0007
575 Epoch [26/70], Iteration [19/21], Loss: 0.0036
576 Epoch [26/70], Iteration [20/21], Loss: 0.0006
577 Epoch [26/70], Iteration [21/21], Loss: 0.1550
578 Accuracy: 0.98%
579 Epoch [27/70], Iteration [1/21], Loss: 0.0012
580 Epoch [27/70], Iteration [2/21], Loss: 0.0004
581 Epoch [27/70], Iteration [3/21], Loss: 0.0009
582 Epoch [27/70], Iteration [4/21], Loss: 0.0006
583 Epoch [27/70], Iteration [5/21], Loss: 0.0063
584 Epoch [27/70], Iteration [6/21], Loss: 0.0039
585 Epoch [27/70], Iteration [7/21], Loss: 0.0065
586 Epoch [27/70], Iteration [8/21], Loss: 0.0012
587 Epoch [27/70], Iteration [9/21], Loss: 0.0067
588 Epoch [27/70], Iteration [10/21], Loss: 0.0020
589 Epoch [27/70], Iteration [11/21], Loss: 0.0012
590 Epoch [27/70], Iteration [12/21], Loss: 0.0027
591 Epoch [27/70], Iteration [13/21], Loss: 0.0028
592 Epoch [27/70], Iteration [14/21], Loss: 0.0037
593 Epoch [27/70], Iteration [15/21], Loss: 0.0031
594 Epoch [27/70], Iteration [16/21], Loss: 0.0016
595 Epoch [27/70], Iteration [17/21], Loss: 0.0015
596 Epoch [27/70], Iteration [18/21], Loss: 0.0071
597 Epoch [27/70], Iteration [19/21], Loss: 0.0125
598 Epoch [27/70], Iteration [20/21], Loss: 0.0014
599 Epoch [27/70], Iteration [21/21], Loss: 0.0886
600 Accuracy: 0.98%
601 Epoch [28/70], Iteration [1/21], Loss: 0.0010
602 Epoch [28/70], Iteration [2/21], Loss: 0.0026
603 Epoch [28/70], Iteration [3/21], Loss: 0.0010
604 Epoch [28/70], Iteration [4/21], Loss: 0.0010
605 Epoch [28/70], Iteration [5/21], Loss: 0.0010
606 Epoch [28/70], Iteration [6/21], Loss: 0.0013
607 Epoch [28/70], Iteration [7/21], Loss: 0.0018
608 Epoch [28/70], Iteration [8/21], Loss: 0.0157
609 Epoch [28/70], Iteration [9/21], Loss: 0.0008
610 Epoch [28/70], Iteration [10/21], Loss: 0.0006
611 Epoch [28/70], Iteration [11/21], Loss: 0.0011
612 Epoch [28/70], Iteration [12/21], Loss: 0.0014
613 Epoch [28/70], Iteration [13/21], Loss: 0.0013
614 Epoch [28/70], Iteration [14/21], Loss: 0.0186
615 Epoch [28/70], Iteration [15/21], Loss: 0.0020
616 Epoch [28/70], Iteration [16/21], Loss: 0.0020
617 Epoch [28/70], Iteration [17/21], Loss: 0.0014
618 Epoch [28/70], Iteration [18/21], Loss: 0.0007
619 Epoch [28/70], Iteration [19/21], Loss: 0.0007
620 Epoch [28/70], Iteration [20/21], Loss: 0.0016
621 Epoch [28/70], Iteration [21/21], Loss: 0.0812
622 Accuracy: 0.98%
623 Epoch [29/70], Iteration [1/21], Loss: 0.0005
624 Epoch [29/70], Iteration [2/21], Loss: 0.0020
625 Epoch [29/70], Iteration [3/21], Loss: 0.0007
626 Epoch [29/70], Iteration [4/21], Loss: 0.0004
627 Epoch [29/70], Iteration [5/21], Loss: 0.0006
628 Epoch [29/70], Iteration [6/21], Loss: 0.0008
629 Epoch [29/70], Iteration [7/21], Loss: 0.0009
630 Epoch [29/70], Iteration [8/21], Loss: 0.0041
631 Epoch [29/70], Iteration [9/21], Loss: 0.0051
632 Epoch [29/70], Iteration [10/21], Loss: 0.0020
633 Epoch [29/70], Iteration [11/21], Loss: 0.0501
634 Epoch [29/70], Iteration [12/21], Loss: 0.0464
635 Epoch [29/70], Iteration [13/21], Loss: 0.0129
636 Epoch [29/70], Iteration [14/21], Loss: 0.0028
637 Epoch [29/70], Iteration [15/21], Loss: 0.0043
638 Epoch [29/70], Iteration [16/21], Loss: 0.0016
639 Epoch [29/70], Iteration [17/21], Loss: 0.0012
640 Epoch [29/70], Iteration [18/21], Loss: 0.0034
641 Epoch [29/70], Iteration [19/21], Loss: 0.0024
642 Epoch [29/70], Iteration [20/21], Loss: 0.0016
643 Epoch [29/70], Iteration [21/21], Loss: 0.1516
644 Accuracy: 0.98%
645 Epoch [30/70], Iteration [1/21], Loss: 0.0021
646 Epoch [30/70], Iteration [2/21], Loss: 0.0005
647 Epoch [30/70], Iteration [3/21], Loss: 0.0006
648 Epoch [30/70], Iteration [4/21], Loss: 0.0014
649 Epoch [30/70], Iteration [5/21], Loss: 0.0005
650 Epoch [30/70], Iteration [6/21], Loss: 0.0008
651 Epoch [30/70], Iteration [7/21], Loss: 0.0005
652 Epoch [30/70], Iteration [8/21], Loss: 0.0012
653 Epoch [30/70], Iteration [9/21], Loss: 0.0007
654 Epoch [30/70], Iteration [10/21], Loss: 0.0007
655 Epoch [30/70], Iteration [11/21], Loss: 0.0007
656 Epoch [30/70], Iteration [12/21], Loss: 0.0007
657 Epoch [30/70], Iteration [13/21], Loss: 0.0005
658 Epoch [30/70], Iteration [14/21], Loss: 0.0007
659 Epoch [30/70], Iteration [15/21], Loss: 0.0004
660 Epoch [30/70], Iteration [16/21], Loss: 0.0040
661 Epoch [30/70], Iteration [17/21], Loss: 0.0011
662 Epoch [30/70], Iteration [18/21], Loss: 0.0043
663 Epoch [30/70], Iteration [19/21], Loss: 0.0051
664 Epoch [30/70], Iteration [20/21], Loss: 0.0009
665 Epoch [30/70], Iteration [21/21], Loss: 0.0072
666 Accuracy: 0.98%
667 Epoch [31/70], Iteration [1/21], Loss: 0.0263
668 Epoch [31/70], Iteration [2/21], Loss: 0.0011
669 Epoch [31/70], Iteration [3/21], Loss: 0.0009
670 Epoch [31/70], Iteration [4/21], Loss: 0.0006
671 Epoch [31/70], Iteration [5/21], Loss: 0.0035
672 Epoch [31/70], Iteration [6/21], Loss: 0.0004
673 Epoch [31/70], Iteration [7/21], Loss: 0.0005
674 Epoch [31/70], Iteration [8/21], Loss: 0.0012
675 Epoch [31/70], Iteration [9/21], Loss: 0.0027
676 Epoch [31/70], Iteration [10/21], Loss: 0.0006
677 Epoch [31/70], Iteration [11/21], Loss: 0.0009
678 Epoch [31/70], Iteration [12/21], Loss: 0.0011
679 Epoch [31/70], Iteration [13/21], Loss: 0.0011
680 Epoch [31/70], Iteration [14/21], Loss: 0.0004
681 Epoch [31/70], Iteration [15/21], Loss: 0.0004
682 Epoch [31/70], Iteration [16/21], Loss: 0.0006
683 Epoch [31/70], Iteration [17/21], Loss: 0.0015
684 Epoch [31/70], Iteration [18/21], Loss: 0.0015
685 Epoch [31/70], Iteration [19/21], Loss: 0.0025
686 Epoch [31/70], Iteration [20/21], Loss: 0.0014
687 Epoch [31/70], Iteration [21/21], Loss: 0.0009
688 Accuracy: 0.98%
689 Epoch [32/70], Iteration [1/21], Loss: 0.0006
690 Epoch [32/70], Iteration [2/21], Loss: 0.0005
691 Epoch [32/70], Iteration [3/21], Loss: 0.0010
692 Epoch [32/70], Iteration [4/21], Loss: 0.0014
693 Epoch [32/70], Iteration [5/21], Loss: 0.0067
694 Epoch [32/70], Iteration [6/21], Loss: 0.0007
695 Epoch [32/70], Iteration [7/21], Loss: 0.0002
696 Epoch [32/70], Iteration [8/21], Loss: 0.0005
697 Epoch [32/70], Iteration [9/21], Loss: 0.0005
698 Epoch [32/70], Iteration [10/21], Loss: 0.0004
699 Epoch [32/70], Iteration [11/21], Loss: 0.0008
700 Epoch [32/70], Iteration [12/21], Loss: 0.0010
701 Epoch [32/70], Iteration [13/21], Loss: 0.0004
702 Epoch [32/70], Iteration [14/21], Loss: 0.0015
703 Epoch [32/70], Iteration [15/21], Loss: 0.0004
704 Epoch [32/70], Iteration [16/21], Loss: 0.0007
705 Epoch [32/70], Iteration [17/21], Loss: 0.0002
706 Epoch [32/70], Iteration [18/21], Loss: 0.0004
707 Epoch [32/70], Iteration [19/21], Loss: 0.0014
708 Epoch [32/70], Iteration [20/21], Loss: 0.0005
709 Epoch [32/70], Iteration [21/21], Loss: 0.0012
710 Accuracy: 0.98%
711 Epoch [33/70], Iteration [1/21], Loss: 0.0006
712 Epoch [33/70], Iteration [2/21], Loss: 0.0009
713 Epoch [33/70], Iteration [3/21], Loss: 0.0009
714 Epoch [33/70], Iteration [4/21], Loss: 0.0015
715 Epoch [33/70], Iteration [5/21], Loss: 0.0005
716 Epoch [33/70], Iteration [6/21], Loss: 0.0011
717 Epoch [33/70], Iteration [7/21], Loss: 0.0002
718 Epoch [33/70], Iteration [8/21], Loss: 0.0004
719 Epoch [33/70], Iteration [9/21], Loss: 0.0007
720 Epoch [33/70], Iteration [10/21], Loss: 0.0003
721 Epoch [33/70], Iteration [11/21], Loss: 0.0013
722 Epoch [33/70], Iteration [12/21], Loss: 0.0003
723 Epoch [33/70], Iteration [13/21], Loss: 0.0021
724 Epoch [33/70], Iteration [14/21], Loss: 0.0044
725 Epoch [33/70], Iteration [15/21], Loss: 0.0006
726 Epoch [33/70], Iteration [16/21], Loss: 0.0005
727 Epoch [33/70], Iteration [17/21], Loss: 0.0002
728 Epoch [33/70], Iteration [18/21], Loss: 0.0006
729 Epoch [33/70], Iteration [19/21], Loss: 0.0006
730 Epoch [33/70], Iteration [20/21], Loss: 0.0004
731 Epoch [33/70], Iteration [21/21], Loss: 0.0131
732 Accuracy: 0.98%
733 Epoch [34/70], Iteration [1/21], Loss: 0.0003
734 Epoch [34/70], Iteration [2/21], Loss: 0.0002
735 Epoch [34/70], Iteration [3/21], Loss: 0.0002
736 Epoch [34/70], Iteration [4/21], Loss: 0.0001
737 Epoch [34/70], Iteration [5/21], Loss: 0.0003
738 Epoch [34/70], Iteration [6/21], Loss: 0.0003
739 Epoch [34/70], Iteration [7/21], Loss: 0.0003
740 Epoch [34/70], Iteration [8/21], Loss: 0.0002
741 Epoch [34/70], Iteration [9/21], Loss: 0.0018
742 Epoch [34/70], Iteration [10/21], Loss: 0.0026
743 Epoch [34/70], Iteration [11/21], Loss: 0.0005
744 Epoch [34/70], Iteration [12/21], Loss: 0.0013
745 Epoch [34/70], Iteration [13/21], Loss: 0.0002
746 Epoch [34/70], Iteration [14/21], Loss: 0.0003
747 Epoch [34/70], Iteration [15/21], Loss: 0.0002
748 Epoch [34/70], Iteration [16/21], Loss: 0.0002
749 Epoch [34/70], Iteration [17/21], Loss: 0.0003
750 Epoch [34/70], Iteration [18/21], Loss: 0.0006
751 Epoch [34/70], Iteration [19/21], Loss: 0.0023
752 Epoch [34/70], Iteration [20/21], Loss: 0.0006
753 Epoch [34/70], Iteration [21/21], Loss: 0.0012
754 Accuracy: 0.98%
755 Epoch [35/70], Iteration [1/21], Loss: 0.0003
756 Epoch [35/70], Iteration [2/21], Loss: 0.0005
757 Epoch [35/70], Iteration [3/21], Loss: 0.0032
758 Epoch [35/70], Iteration [4/21], Loss: 0.0001
759 Epoch [35/70], Iteration [5/21], Loss: 0.0005
760 Epoch [35/70], Iteration [6/21], Loss: 0.0009
761 Epoch [35/70], Iteration [7/21], Loss: 0.0002
762 Epoch [35/70], Iteration [8/21], Loss: 0.0002
763 Epoch [35/70], Iteration [9/21], Loss: 0.0003
764 Epoch [35/70], Iteration [10/21], Loss: 0.0001
765 Epoch [35/70], Iteration [11/21], Loss: 0.0002
766 Epoch [35/70], Iteration [12/21], Loss: 0.0004
767 Epoch [35/70], Iteration [13/21], Loss: 0.0010
768 Epoch [35/70], Iteration [14/21], Loss: 0.0006
769 Epoch [35/70], Iteration [15/21], Loss: 0.0005
770 Epoch [35/70], Iteration [16/21], Loss: 0.0017
771 Epoch [35/70], Iteration [17/21], Loss: 0.0001
772 Epoch [35/70], Iteration [18/21], Loss: 0.0002
773 Epoch [35/70], Iteration [19/21], Loss: 0.0004
774 Epoch [35/70], Iteration [20/21], Loss: 0.0001
775 Epoch [35/70], Iteration [21/21], Loss: 0.0010
776 Accuracy: 0.99%
777 Epoch [36/70], Iteration [1/21], Loss: 0.0002
778 Epoch [36/70], Iteration [2/21], Loss: 0.0002
779 Epoch [36/70], Iteration [3/21], Loss: 0.0004
780 Epoch [36/70], Iteration [4/21], Loss: 0.0002
781 Epoch [36/70], Iteration [5/21], Loss: 0.0003
782 Epoch [36/70], Iteration [6/21], Loss: 0.0002
783 Epoch [36/70], Iteration [7/21], Loss: 0.0001
784 Epoch [36/70], Iteration [8/21], Loss: 0.0001
785 Epoch [36/70], Iteration [9/21], Loss: 0.0003
786 Epoch [36/70], Iteration [10/21], Loss: 0.0001
787 Epoch [36/70], Iteration [11/21], Loss: 0.0002
788 Epoch [36/70], Iteration [12/21], Loss: 0.0001
789 Epoch [36/70], Iteration [13/21], Loss: 0.0002
790 Epoch [36/70], Iteration [14/21], Loss: 0.0006
791 Epoch [36/70], Iteration [15/21], Loss: 0.0003
792 Epoch [36/70], Iteration [16/21], Loss: 0.0008
793 Epoch [36/70], Iteration [17/21], Loss: 0.0001
794 Epoch [36/70], Iteration [18/21], Loss: 0.0002
795 Epoch [36/70], Iteration [19/21], Loss: 0.0002
796 Epoch [36/70], Iteration [20/21], Loss: 0.0003
797 Epoch [36/70], Iteration [21/21], Loss: 0.0117
798 Accuracy: 0.98%
799 Epoch [37/70], Iteration [1/21], Loss: 0.0002
800 Epoch [37/70], Iteration [2/21], Loss: 0.0002
801 Epoch [37/70], Iteration [3/21], Loss: 0.0003
802 Epoch [37/70], Iteration [4/21], Loss: 0.0001
803 Epoch [37/70], Iteration [5/21], Loss: 0.0002
804 Epoch [37/70], Iteration [6/21], Loss: 0.0012
805 Epoch [37/70], Iteration [7/21], Loss: 0.0002
806 Epoch [37/70], Iteration [8/21], Loss: 0.0001
807 Epoch [37/70], Iteration [9/21], Loss: 0.0004
808 Epoch [37/70], Iteration [10/21], Loss: 0.0002
809 Epoch [37/70], Iteration [11/21], Loss: 0.0047
810 Epoch [37/70], Iteration [12/21], Loss: 0.0001
811 Epoch [37/70], Iteration [13/21], Loss: 0.0004
812 Epoch [37/70], Iteration [14/21], Loss: 0.0001
813 Epoch [37/70], Iteration [15/21], Loss: 0.0003
814 Epoch [37/70], Iteration [16/21], Loss: 0.0005
815 Epoch [37/70], Iteration [17/21], Loss: 0.0001
816 Epoch [37/70], Iteration [18/21], Loss: 0.0002
817 Epoch [37/70], Iteration [19/21], Loss: 0.0001
818 Epoch [37/70], Iteration [20/21], Loss: 0.0004
819 Epoch [37/70], Iteration [21/21], Loss: 1.0319
820 Accuracy: 0.98%
821 Epoch [38/70], Iteration [1/21], Loss: 0.0002
822 Epoch [38/70], Iteration [2/21], Loss: 0.0014
823 Epoch [38/70], Iteration [3/21], Loss: 0.0032
824 Epoch [38/70], Iteration [4/21], Loss: 0.0680
825 Epoch [38/70], Iteration [5/21], Loss: 0.0291
826 Epoch [38/70], Iteration [6/21], Loss: 0.0453
827 Epoch [38/70], Iteration [7/21], Loss: 0.0419
828 Epoch [38/70], Iteration [8/21], Loss: 0.0518
829 Epoch [38/70], Iteration [9/21], Loss: 0.0170
830 Epoch [38/70], Iteration [10/21], Loss: 0.0364
831 Epoch [38/70], Iteration [11/21], Loss: 0.0864
832 Epoch [38/70], Iteration [12/21], Loss: 0.0187
833 Epoch [38/70], Iteration [13/21], Loss: 0.0206
834 Epoch [38/70], Iteration [14/21], Loss: 0.0112
835 Epoch [38/70], Iteration [15/21], Loss: 0.0208
836 Epoch [38/70], Iteration [16/21], Loss: 0.0089
837 Epoch [38/70], Iteration [17/21], Loss: 0.0119
838 Epoch [38/70], Iteration [18/21], Loss: 0.0149
839 Epoch [38/70], Iteration [19/21], Loss: 0.0063
840 Epoch [38/70], Iteration [20/21], Loss: 0.0103
841 Epoch [38/70], Iteration [21/21], Loss: 1.2290
842 Accuracy: 0.98%
843 Epoch [39/70], Iteration [1/21], Loss: 0.0076
844 Epoch [39/70], Iteration [2/21], Loss: 0.0152
845 Epoch [39/70], Iteration [3/21], Loss: 0.0288
846 Epoch [39/70], Iteration [4/21], Loss: 0.0161
847 Epoch [39/70], Iteration [5/21], Loss: 0.0628
848 Epoch [39/70], Iteration [6/21], Loss: 0.0502
849 Epoch [39/70], Iteration [7/21], Loss: 0.0260
850 Epoch [39/70], Iteration [8/21], Loss: 0.2658
851 Epoch [39/70], Iteration [9/21], Loss: 0.0639
852 Epoch [39/70], Iteration [10/21], Loss: 0.0474
853 Epoch [39/70], Iteration [11/21], Loss: 0.0308
854 Epoch [39/70], Iteration [12/21], Loss: 0.0086
855 Epoch [39/70], Iteration [13/21], Loss: 0.0292
856 Epoch [39/70], Iteration [14/21], Loss: 0.0055
857 Epoch [39/70], Iteration [15/21], Loss: 0.0261
858 Epoch [39/70], Iteration [16/21], Loss: 0.0066
859 Epoch [39/70], Iteration [17/21], Loss: 0.0117
860 Epoch [39/70], Iteration [18/21], Loss: 0.0819
861 Epoch [39/70], Iteration [19/21], Loss: 0.0100
862 Epoch [39/70], Iteration [20/21], Loss: 0.0061
863 Epoch [39/70], Iteration [21/21], Loss: 0.3241
864 Accuracy: 0.98%
865 Epoch [40/70], Iteration [1/21], Loss: 0.0091
866 Epoch [40/70], Iteration [2/21], Loss: 0.0044
867 Epoch [40/70], Iteration [3/21], Loss: 0.0102
868 Epoch [40/70], Iteration [4/21], Loss: 0.0015
869 Epoch [40/70], Iteration [5/21], Loss: 0.0035
870 Epoch [40/70], Iteration [6/21], Loss: 0.0062
871 Epoch [40/70], Iteration [7/21], Loss: 0.0245
872 Epoch [40/70], Iteration [8/21], Loss: 0.0076
873 Epoch [40/70], Iteration [9/21], Loss: 0.0415
874 Epoch [40/70], Iteration [10/21], Loss: 0.0062
875 Epoch [40/70], Iteration [11/21], Loss: 0.0498
876 Epoch [40/70], Iteration [12/21], Loss: 0.0465
877 Epoch [40/70], Iteration [13/21], Loss: 0.0039
878 Epoch [40/70], Iteration [14/21], Loss: 0.0221
879 Epoch [40/70], Iteration [15/21], Loss: 0.0031
880 Epoch [40/70], Iteration [16/21], Loss: 0.0184
881 Epoch [40/70], Iteration [17/21], Loss: 0.0031
882 Epoch [40/70], Iteration [18/21], Loss: 0.0016
883 Epoch [40/70], Iteration [19/21], Loss: 0.0072
884 Epoch [40/70], Iteration [20/21], Loss: 0.0257
885 Epoch [40/70], Iteration [21/21], Loss: 0.6693
886 Accuracy: 0.97%
887 Epoch [41/70], Iteration [1/21], Loss: 0.0107
888 Epoch [41/70], Iteration [2/21], Loss: 0.0022
889 Epoch [41/70], Iteration [3/21], Loss: 0.0111
890 Epoch [41/70], Iteration [4/21], Loss: 0.0072
891 Epoch [41/70], Iteration [5/21], Loss: 0.0129
892 Epoch [41/70], Iteration [6/21], Loss: 0.0284
893 Epoch [41/70], Iteration [7/21], Loss: 0.0168
894 Epoch [41/70], Iteration [8/21], Loss: 0.0271
895 Epoch [41/70], Iteration [9/21], Loss: 0.0048
896 Epoch [41/70], Iteration [10/21], Loss: 0.0398
897 Epoch [41/70], Iteration [11/21], Loss: 0.0474
898 Epoch [41/70], Iteration [12/21], Loss: 0.0296
899 Epoch [41/70], Iteration [13/21], Loss: 0.0211
900 Epoch [41/70], Iteration [14/21], Loss: 0.0136
901 Epoch [41/70], Iteration [15/21], Loss: 0.0116
902 Epoch [41/70], Iteration [16/21], Loss: 0.0417
903 Epoch [41/70], Iteration [17/21], Loss: 0.0262
904 Epoch [41/70], Iteration [18/21], Loss: 0.0425
905 Epoch [41/70], Iteration [19/21], Loss: 0.0063
906 Epoch [41/70], Iteration [20/21], Loss: 0.0063
907 Epoch [41/70], Iteration [21/21], Loss: 0.0426
908 Accuracy: 0.98%
909 Epoch [42/70], Iteration [1/21], Loss: 0.0141
910 Epoch [42/70], Iteration [2/21], Loss: 0.0030
911 Epoch [42/70], Iteration [3/21], Loss: 0.0130
912 Epoch [42/70], Iteration [4/21], Loss: 0.0103
913 Epoch [42/70], Iteration [5/21], Loss: 0.0029
914 Epoch [42/70], Iteration [6/21], Loss: 0.0059
915 Epoch [42/70], Iteration [7/21], Loss: 0.0083
916 Epoch [42/70], Iteration [8/21], Loss: 0.0342
917 Epoch [42/70], Iteration [9/21], Loss: 0.0021
918 Epoch [42/70], Iteration [10/21], Loss: 0.0017
919 Epoch [42/70], Iteration [11/21], Loss: 0.0051
920 Epoch [42/70], Iteration [12/21], Loss: 0.0017
921 Epoch [42/70], Iteration [13/21], Loss: 0.0028
922 Epoch [42/70], Iteration [14/21], Loss: 0.0044
923 Epoch [42/70], Iteration [15/21], Loss: 0.0084
924 Epoch [42/70], Iteration [16/21], Loss: 0.0034
925 Epoch [42/70], Iteration [17/21], Loss: 0.0042
926 Epoch [42/70], Iteration [18/21], Loss: 0.0021
927 Epoch [42/70], Iteration [19/21], Loss: 0.0026
928 Epoch [42/70], Iteration [20/21], Loss: 0.0067
929 Epoch [42/70], Iteration [21/21], Loss: 0.0015
930 Accuracy: 0.98%
931 Epoch [43/70], Iteration [1/21], Loss: 0.0021
932 Epoch [43/70], Iteration [2/21], Loss: 0.0014
933 Epoch [43/70], Iteration [3/21], Loss: 0.0009
934 Epoch [43/70], Iteration [4/21], Loss: 0.0014
935 Epoch [43/70], Iteration [5/21], Loss: 0.0009
936 Epoch [43/70], Iteration [6/21], Loss: 0.0027
937 Epoch [43/70], Iteration [7/21], Loss: 0.0030
938 Epoch [43/70], Iteration [8/21], Loss: 0.0007
939 Epoch [43/70], Iteration [9/21], Loss: 0.0008
940 Epoch [43/70], Iteration [10/21], Loss: 0.0023
941 Epoch [43/70], Iteration [11/21], Loss: 0.0020
942 Epoch [43/70], Iteration [12/21], Loss: 0.0010
943 Epoch [43/70], Iteration [13/21], Loss: 0.0024
944 Epoch [43/70], Iteration [14/21], Loss: 0.0006
945 Epoch [43/70], Iteration [15/21], Loss: 0.0005
946 Epoch [43/70], Iteration [16/21], Loss: 0.0015
947 Epoch [43/70], Iteration [17/21], Loss: 0.0032
948 Epoch [43/70], Iteration [18/21], Loss: 0.0015
949 Epoch [43/70], Iteration [19/21], Loss: 0.0005
950 Epoch [43/70], Iteration [20/21], Loss: 0.0011
951 Epoch [43/70], Iteration [21/21], Loss: 0.0025
952 Accuracy: 0.98%
953 Epoch [44/70], Iteration [1/21], Loss: 0.0011
954 Epoch [44/70], Iteration [2/21], Loss: 0.0030
955 Epoch [44/70], Iteration [3/21], Loss: 0.0003
956 Epoch [44/70], Iteration [4/21], Loss: 0.0005
957 Epoch [44/70], Iteration [5/21], Loss: 0.0005
958 Epoch [44/70], Iteration [6/21], Loss: 0.0018
959 Epoch [44/70], Iteration [7/21], Loss: 0.0007
960 Epoch [44/70], Iteration [8/21], Loss: 0.0014
961 Epoch [44/70], Iteration [9/21], Loss: 0.0004
962 Epoch [44/70], Iteration [10/21], Loss: 0.0008
963 Epoch [44/70], Iteration [11/21], Loss: 0.0007
964 Epoch [44/70], Iteration [12/21], Loss: 0.0026
965 Epoch [44/70], Iteration [13/21], Loss: 0.0005
966 Epoch [44/70], Iteration [14/21], Loss: 0.0003
967 Epoch [44/70], Iteration [15/21], Loss: 0.0002
968 Epoch [44/70], Iteration [16/21], Loss: 0.0007
969 Epoch [44/70], Iteration [17/21], Loss: 0.0003
970 Epoch [44/70], Iteration [18/21], Loss: 0.0005
971 Epoch [44/70], Iteration [19/21], Loss: 0.0007
972 Epoch [44/70], Iteration [20/21], Loss: 0.0004
973 Epoch [44/70], Iteration [21/21], Loss: 0.0009
974 Accuracy: 0.98%
975 Epoch [45/70], Iteration [1/21], Loss: 0.0004
976 Epoch [45/70], Iteration [2/21], Loss: 0.0004
977 Epoch [45/70], Iteration [3/21], Loss: 0.0004
978 Epoch [45/70], Iteration [4/21], Loss: 0.0009
979 Epoch [45/70], Iteration [5/21], Loss: 0.0015
980 Epoch [45/70], Iteration [6/21], Loss: 0.0003
981 Epoch [45/70], Iteration [7/21], Loss: 0.0002
982 Epoch [45/70], Iteration [8/21], Loss: 0.0004
983 Epoch [45/70], Iteration [9/21], Loss: 0.0005
984 Epoch [45/70], Iteration [10/21], Loss: 0.0010
985 Epoch [45/70], Iteration [11/21], Loss: 0.0007
986 Epoch [45/70], Iteration [12/21], Loss: 0.0013
987 Epoch [45/70], Iteration [13/21], Loss: 0.0005
988 Epoch [45/70], Iteration [14/21], Loss: 0.0004
989 Epoch [45/70], Iteration [15/21], Loss: 0.0005
990 Epoch [45/70], Iteration [16/21], Loss: 0.0015
991 Epoch [45/70], Iteration [17/21], Loss: 0.0004
992 Epoch [45/70], Iteration [18/21], Loss: 0.0002
993 Epoch [45/70], Iteration [19/21], Loss: 0.0005
994 Epoch [45/70], Iteration [20/21], Loss: 0.0023
995 Epoch [45/70], Iteration [21/21], Loss: 0.0018
996 Accuracy: 0.98%
997 Epoch [46/70], Iteration [1/21], Loss: 0.0002
998 Epoch [46/70], Iteration [2/21], Loss: 0.0003
999 Epoch [46/70], Iteration [3/21], Loss: 0.0005
1000 Epoch [46/70], Iteration [4/21], Loss: 0.0008
1001 Epoch [46/70], Iteration [5/21], Loss: 0.0002
1002 Epoch [46/70], Iteration [6/21], Loss: 0.0005
1003 Epoch [46/70], Iteration [7/21], Loss: 0.0003
1004 Epoch [46/70], Iteration [8/21], Loss: 0.0010
1005 Epoch [46/70], Iteration [9/21], Loss: 0.0003
1006 Epoch [46/70], Iteration [10/21], Loss: 0.0014
1007 Epoch [46/70], Iteration [11/21], Loss: 0.0006
1008 Epoch [46/70], Iteration [12/21], Loss: 0.0003
1009 Epoch [46/70], Iteration [13/21], Loss: 0.0003
1010 Epoch [46/70], Iteration [14/21], Loss: 0.0004
1011 Epoch [46/70], Iteration [15/21], Loss: 0.0012
1012 Epoch [46/70], Iteration [16/21], Loss: 0.0003
1013 Epoch [46/70], Iteration [17/21], Loss: 0.0002
1014 Epoch [46/70], Iteration [18/21], Loss: 0.0009
1015 Epoch [46/70], Iteration [19/21], Loss: 0.0003
1016 Epoch [46/70], Iteration [20/21], Loss: 0.0003
1017 Epoch [46/70], Iteration [21/21], Loss: 0.0039
1018 Accuracy: 0.98%
1019 Epoch [47/70], Iteration [1/21], Loss: 0.0003
1020 Epoch [47/70], Iteration [2/21], Loss: 0.0003
1021 Epoch [47/70], Iteration [3/21], Loss: 0.0005
1022 Epoch [47/70], Iteration [4/21], Loss: 0.0005
1023 Epoch [47/70], Iteration [5/21], Loss: 0.0001
1024 Epoch [47/70], Iteration [6/21], Loss: 0.0002
1025 Epoch [47/70], Iteration [7/21], Loss: 0.0002
1026 Epoch [47/70], Iteration [8/21], Loss: 0.0009
1027 Epoch [47/70], Iteration [9/21], Loss: 0.0006
1028 Epoch [47/70], Iteration [10/21], Loss: 0.0002
1029 Epoch [47/70], Iteration [11/21], Loss: 0.0003
1030 Epoch [47/70], Iteration [12/21], Loss: 0.0008
1031 Epoch [47/70], Iteration [13/21], Loss: 0.0015
1032 Epoch [47/70], Iteration [14/21], Loss: 0.0002
1033 Epoch [47/70], Iteration [15/21], Loss: 0.0004
1034 Epoch [47/70], Iteration [16/21], Loss: 0.0001
1035 Epoch [47/70], Iteration [17/21], Loss: 0.0004
1036 Epoch [47/70], Iteration [18/21], Loss: 0.0001
1037 Epoch [47/70], Iteration [19/21], Loss: 0.0005
1038 Epoch [47/70], Iteration [20/21], Loss: 0.0004
1039 Epoch [47/70], Iteration [21/21], Loss: 0.0005
1040 Accuracy: 0.98%
1041 Epoch [48/70], Iteration [1/21], Loss: 0.0004
1042 Epoch [48/70], Iteration [2/21], Loss: 0.0016
1043 Epoch [48/70], Iteration [3/21], Loss: 0.0002
1044 Epoch [48/70], Iteration [4/21], Loss: 0.0004
1045 Epoch [48/70], Iteration [5/21], Loss: 0.0003
1046 Epoch [48/70], Iteration [6/21], Loss: 0.0001
1047 Epoch [48/70], Iteration [7/21], Loss: 0.0003
1048 Epoch [48/70], Iteration [8/21], Loss: 0.0003
1049 Epoch [48/70], Iteration [9/21], Loss: 0.0003
1050 Epoch [48/70], Iteration [10/21], Loss: 0.0003
1051 Epoch [48/70], Iteration [11/21], Loss: 0.0002
1052 Epoch [48/70], Iteration [12/21], Loss: 0.0002
1053 Epoch [48/70], Iteration [13/21], Loss: 0.0002
1054 Epoch [48/70], Iteration [14/21], Loss: 0.0008
1055 Epoch [48/70], Iteration [15/21], Loss: 0.0003
1056 Epoch [48/70], Iteration [16/21], Loss: 0.0002
1057 Epoch [48/70], Iteration [17/21], Loss: 0.0007
1058 Epoch [48/70], Iteration [18/21], Loss: 0.0003
1059 Epoch [48/70], Iteration [19/21], Loss: 0.0002
1060 Epoch [48/70], Iteration [20/21], Loss: 0.0002
1061 Epoch [48/70], Iteration [21/21], Loss: 0.9887
1062 Accuracy: 0.98%
1063 Epoch [49/70], Iteration [1/21], Loss: 0.0024
1064 Epoch [49/70], Iteration [2/21], Loss: 0.0013
1065 Epoch [49/70], Iteration [3/21], Loss: 0.0092
1066 Epoch [49/70], Iteration [4/21], Loss: 0.0208
1067 Epoch [49/70], Iteration [5/21], Loss: 0.0207
1068 Epoch [49/70], Iteration [6/21], Loss: 0.0425
1069 Epoch [49/70], Iteration [7/21], Loss: 0.0303
1070 Epoch [49/70], Iteration [8/21], Loss: 0.0808
1071 Epoch [49/70], Iteration [9/21], Loss: 0.0347
1072 Epoch [49/70], Iteration [10/21], Loss: 0.0242
1073 Epoch [49/70], Iteration [11/21], Loss: 0.0572
1074 Epoch [49/70], Iteration [12/21], Loss: 0.0195
1075 Epoch [49/70], Iteration [13/21], Loss: 0.0529
1076 Epoch [49/70], Iteration [14/21], Loss: 0.0143
1077 Epoch [49/70], Iteration [15/21], Loss: 0.0068
1078 Epoch [49/70], Iteration [16/21], Loss: 0.0136
1079 Epoch [49/70], Iteration [17/21], Loss: 0.0034
1080 Epoch [49/70], Iteration [18/21], Loss: 0.0345
1081 Epoch [49/70], Iteration [19/21], Loss: 0.0112
1082 Epoch [49/70], Iteration [20/21], Loss: 0.0109
1083 Epoch [49/70], Iteration [21/21], Loss: 0.0076
1084 Accuracy: 0.93%
1085 Epoch [50/70], Iteration [1/21], Loss: 0.0125
1086 Epoch [50/70], Iteration [2/21], Loss: 0.0100
1087 Epoch [50/70], Iteration [3/21], Loss: 0.0045
1088 Epoch [50/70], Iteration [4/21], Loss: 0.0242
1089 Epoch [50/70], Iteration [5/21], Loss: 0.0085
1090 Epoch [50/70], Iteration [6/21], Loss: 0.0183
1091 Epoch [50/70], Iteration [7/21], Loss: 0.0023
1092 Epoch [50/70], Iteration [8/21], Loss: 0.0059
1093 Epoch [50/70], Iteration [9/21], Loss: 0.0015
1094 Epoch [50/70], Iteration [10/21], Loss: 0.0027
1095 Epoch [50/70], Iteration [11/21], Loss: 0.0025
1096 Epoch [50/70], Iteration [12/21], Loss: 0.0214
1097 Epoch [50/70], Iteration [13/21], Loss: 0.0010
1098 Epoch [50/70], Iteration [14/21], Loss: 0.0123
1099 Epoch [50/70], Iteration [15/21], Loss: 0.0043
1100 Epoch [50/70], Iteration [16/21], Loss: 0.0076
1101 Epoch [50/70], Iteration [17/21], Loss: 0.0029
1102 Epoch [50/70], Iteration [18/21], Loss: 0.0737
1103 Epoch [50/70], Iteration [19/21], Loss: 0.0102
1104 Epoch [50/70], Iteration [20/21], Loss: 0.0012
1105 Epoch [50/70], Iteration [21/21], Loss: 0.0012
1106 Accuracy: 0.98%
1107 Epoch [51/70], Iteration [1/21], Loss: 0.0007
1108 Epoch [51/70], Iteration [2/21], Loss: 0.0009
1109 Epoch [51/70], Iteration [3/21], Loss: 0.0037
1110 Epoch [51/70], Iteration [4/21], Loss: 0.0068
1111 Epoch [51/70], Iteration [5/21], Loss: 0.0009
1112 Epoch [51/70], Iteration [6/21], Loss: 0.0024
1113 Epoch [51/70], Iteration [7/21], Loss: 0.0007
1114 Epoch [51/70], Iteration [8/21], Loss: 0.0013
1115 Epoch [51/70], Iteration [9/21], Loss: 0.0287
1116 Epoch [51/70], Iteration [10/21], Loss: 0.0018
1117 Epoch [51/70], Iteration [11/21], Loss: 0.0008
1118 Epoch [51/70], Iteration [12/21], Loss: 0.0065
1119 Epoch [51/70], Iteration [13/21], Loss: 0.0071
1120 Epoch [51/70], Iteration [14/21], Loss: 0.0013
1121 Epoch [51/70], Iteration [15/21], Loss: 0.0013
1122 Epoch [51/70], Iteration [16/21], Loss: 0.0007
1123 Epoch [51/70], Iteration [17/21], Loss: 0.0013
1124 Epoch [51/70], Iteration [18/21], Loss: 0.0034
1125 Epoch [51/70], Iteration [19/21], Loss: 0.0156
1126 Epoch [51/70], Iteration [20/21], Loss: 0.0004
1127 Epoch [51/70], Iteration [21/21], Loss: 0.0025
1128 Accuracy: 0.98%
1129 Epoch [52/70], Iteration [1/21], Loss: 0.0008
1130 Epoch [52/70], Iteration [2/21], Loss: 0.0029
1131 Epoch [52/70], Iteration [3/21], Loss: 0.0032
1132 Epoch [52/70], Iteration [4/21], Loss: 0.0018
1133 Epoch [52/70], Iteration [5/21], Loss: 0.0013
1134 Epoch [52/70], Iteration [6/21], Loss: 0.0005
1135 Epoch [52/70], Iteration [7/21], Loss: 0.0008
1136 Epoch [52/70], Iteration [8/21], Loss: 0.0008
1137 Epoch [52/70], Iteration [9/21], Loss: 0.0011
1138 Epoch [52/70], Iteration [10/21], Loss: 0.0009
1139 Epoch [52/70], Iteration [11/21], Loss: 0.0007
1140 Epoch [52/70], Iteration [12/21], Loss: 0.0003
1141 Epoch [52/70], Iteration [13/21], Loss: 0.0017
1142 Epoch [52/70], Iteration [14/21], Loss: 0.0022
1143 Epoch [52/70], Iteration [15/21], Loss: 0.0005
1144 Epoch [52/70], Iteration [16/21], Loss: 0.0004
1145 Epoch [52/70], Iteration [17/21], Loss: 0.0400
1146 Epoch [52/70], Iteration [18/21], Loss: 0.0021
1147 Epoch [52/70], Iteration [19/21], Loss: 0.0011
1148 Epoch [52/70], Iteration [20/21], Loss: 0.0010
1149 Epoch [52/70], Iteration [21/21], Loss: 0.3380
1150 Accuracy: 0.98%
1151 Epoch [53/70], Iteration [1/21], Loss: 0.0045
1152 Epoch [53/70], Iteration [2/21], Loss: 0.0006
1153 Epoch [53/70], Iteration [3/21], Loss: 0.0067
1154 Epoch [53/70], Iteration [4/21], Loss: 0.0357
1155 Epoch [53/70], Iteration [5/21], Loss: 0.0073
1156 Epoch [53/70], Iteration [6/21], Loss: 0.0023
1157 Epoch [53/70], Iteration [7/21], Loss: 0.1356
1158 Epoch [53/70], Iteration [8/21], Loss: 0.0182
1159 Epoch [53/70], Iteration [9/21], Loss: 0.0072
1160 Epoch [53/70], Iteration [10/21], Loss: 0.0051
1161 Epoch [53/70], Iteration [11/21], Loss: 0.0076
1162 Epoch [53/70], Iteration [12/21], Loss: 0.0174
1163 Epoch [53/70], Iteration [13/21], Loss: 0.0014
1164 Epoch [53/70], Iteration [14/21], Loss: 0.0059
1165 Epoch [53/70], Iteration [15/21], Loss: 0.0030
1166 Epoch [53/70], Iteration [16/21], Loss: 0.0090
1167 Epoch [53/70], Iteration [17/21], Loss: 0.0034
1168 Epoch [53/70], Iteration [18/21], Loss: 0.0023
1169 Epoch [53/70], Iteration [19/21], Loss: 0.0057
1170 Epoch [53/70], Iteration [20/21], Loss: 0.0028
1171 Epoch [53/70], Iteration [21/21], Loss: 1.2549
1172 Accuracy: 0.98%
1173 Epoch [54/70], Iteration [1/21], Loss: 0.0028
1174 Epoch [54/70], Iteration [2/21], Loss: 0.0346
1175 Epoch [54/70], Iteration [3/21], Loss: 0.0118
1176 Epoch [54/70], Iteration [4/21], Loss: 0.0671
1177 Epoch [54/70], Iteration [5/21], Loss: 0.0342
1178 Epoch [54/70], Iteration [6/21], Loss: 0.0684
1179 Epoch [54/70], Iteration [7/21], Loss: 0.0666
1180 Epoch [54/70], Iteration [8/21], Loss: 0.0773
1181 Epoch [54/70], Iteration [9/21], Loss: 0.0286
1182 Epoch [54/70], Iteration [10/21], Loss: 0.0356
1183 Epoch [54/70], Iteration [11/21], Loss: 0.0523
1184 Epoch [54/70], Iteration [12/21], Loss: 0.0117
1185 Epoch [54/70], Iteration [13/21], Loss: 0.0106
1186 Epoch [54/70], Iteration [14/21], Loss: 0.0066
1187 Epoch [54/70], Iteration [15/21], Loss: 0.0282
1188 Epoch [54/70], Iteration [16/21], Loss: 0.0138
1189 Epoch [54/70], Iteration [17/21], Loss: 0.0066
1190 Epoch [54/70], Iteration [18/21], Loss: 0.0482
1191 Epoch [54/70], Iteration [19/21], Loss: 0.0183
1192 Epoch [54/70], Iteration [20/21], Loss: 0.0049
1193 Epoch [54/70], Iteration [21/21], Loss: 0.0301
1194 Accuracy: 0.97%
1195 Epoch [55/70], Iteration [1/21], Loss: 0.0039
1196 Epoch [55/70], Iteration [2/21], Loss: 0.0227
1197 Epoch [55/70], Iteration [3/21], Loss: 0.0051
1198 Epoch [55/70], Iteration [4/21], Loss: 0.0029
1199 Epoch [55/70], Iteration [5/21], Loss: 0.0049
1200 Epoch [55/70], Iteration [6/21], Loss: 0.0059
1201 Epoch [55/70], Iteration [7/21], Loss: 0.0098
1202 Epoch [55/70], Iteration [8/21], Loss: 0.0060
1203 Epoch [55/70], Iteration [9/21], Loss: 0.0137
1204 Epoch [55/70], Iteration [10/21], Loss: 0.0041
1205 Epoch [55/70], Iteration [11/21], Loss: 0.0042
1206 Epoch [55/70], Iteration [12/21], Loss: 0.0050
1207 Epoch [55/70], Iteration [13/21], Loss: 0.0031
1208 Epoch [55/70], Iteration [14/21], Loss: 0.0080
1209 Epoch [55/70], Iteration [15/21], Loss: 0.0033
1210 Epoch [55/70], Iteration [16/21], Loss: 0.0089
1211 Epoch [55/70], Iteration [17/21], Loss: 0.0019
1212 Epoch [55/70], Iteration [18/21], Loss: 0.0038
1213 Epoch [55/70], Iteration [19/21], Loss: 0.0026
1214 Epoch [55/70], Iteration [20/21], Loss: 0.0016
1215 Epoch [55/70], Iteration [21/21], Loss: 0.0040
1216 Accuracy: 0.98%
1217 Epoch [56/70], Iteration [1/21], Loss: 0.0032
1218 Epoch [56/70], Iteration [2/21], Loss: 0.0028
1219 Epoch [56/70], Iteration [3/21], Loss: 0.0022
1220 Epoch [56/70], Iteration [4/21], Loss: 0.0025
1221 Epoch [56/70], Iteration [5/21], Loss: 0.0011
1222 Epoch [56/70], Iteration [6/21], Loss: 0.0007
1223 Epoch [56/70], Iteration [7/21], Loss: 0.0011
1224 Epoch [56/70], Iteration [8/21], Loss: 0.0016
1225 Epoch [56/70], Iteration [9/21], Loss: 0.0012
1226 Epoch [56/70], Iteration [10/21], Loss: 0.0048
1227 Epoch [56/70], Iteration [11/21], Loss: 0.0013
1228 Epoch [56/70], Iteration [12/21], Loss: 0.0018
1229 Epoch [56/70], Iteration [13/21], Loss: 0.0012
1230 Epoch [56/70], Iteration [14/21], Loss: 0.0014
1231 Epoch [56/70], Iteration [15/21], Loss: 0.0019
1232 Epoch [56/70], Iteration [16/21], Loss: 0.0024
1233 Epoch [56/70], Iteration [17/21], Loss: 0.0007
1234 Epoch [56/70], Iteration [18/21], Loss: 0.0202
1235 Epoch [56/70], Iteration [19/21], Loss: 0.0004
1236 Epoch [56/70], Iteration [20/21], Loss: 0.0021
1237 Epoch [56/70], Iteration [21/21], Loss: 0.0079
1238 Accuracy: 0.98%
1239 Epoch [57/70], Iteration [1/21], Loss: 0.0015
1240 Epoch [57/70], Iteration [2/21], Loss: 0.0013
1241 Epoch [57/70], Iteration [3/21], Loss: 0.0004
1242 Epoch [57/70], Iteration [4/21], Loss: 0.0035
1243 Epoch [57/70], Iteration [5/21], Loss: 0.0010
1244 Epoch [57/70], Iteration [6/21], Loss: 0.0006
1245 Epoch [57/70], Iteration [7/21], Loss: 0.0018
1246 Epoch [57/70], Iteration [8/21], Loss: 0.0015
1247 Epoch [57/70], Iteration [9/21], Loss: 0.0006
1248 Epoch [57/70], Iteration [10/21], Loss: 0.0008
1249 Epoch [57/70], Iteration [11/21], Loss: 0.0042
1250 Epoch [57/70], Iteration [12/21], Loss: 0.0009
1251 Epoch [57/70], Iteration [13/21], Loss: 0.0008
1252 Epoch [57/70], Iteration [14/21], Loss: 0.0016
1253 Epoch [57/70], Iteration [15/21], Loss: 0.0008
1254 Epoch [57/70], Iteration [16/21], Loss: 0.0025
1255 Epoch [57/70], Iteration [17/21], Loss: 0.0010
1256 Epoch [57/70], Iteration [18/21], Loss: 0.0012
1257 Epoch [57/70], Iteration [19/21], Loss: 0.0011
1258 Epoch [57/70], Iteration [20/21], Loss: 0.0020
1259 Epoch [57/70], Iteration [21/21], Loss: 0.0150
1260 Accuracy: 0.98%
1261 Epoch [58/70], Iteration [1/21], Loss: 0.0011
1262 Epoch [58/70], Iteration [2/21], Loss: 0.0003
1263 Epoch [58/70], Iteration [3/21], Loss: 0.0028
1264 Epoch [58/70], Iteration [4/21], Loss: 0.0015
1265 Epoch [58/70], Iteration [5/21], Loss: 0.0014
1266 Epoch [58/70], Iteration [6/21], Loss: 0.0007
1267 Epoch [58/70], Iteration [7/21], Loss: 0.0126
1268 Epoch [58/70], Iteration [8/21], Loss: 0.0006
1269 Epoch [58/70], Iteration [9/21], Loss: 0.0004
1270 Epoch [58/70], Iteration [10/21], Loss: 0.0003
1271 Epoch [58/70], Iteration [11/21], Loss: 0.0005
1272 Epoch [58/70], Iteration [12/21], Loss: 0.0003
1273 Epoch [58/70], Iteration [13/21], Loss: 0.0009
1274 Epoch [58/70], Iteration [14/21], Loss: 0.0018
1275 Epoch [58/70], Iteration [15/21], Loss: 0.0007
1276 Epoch [58/70], Iteration [16/21], Loss: 0.0003
1277 Epoch [58/70], Iteration [17/21], Loss: 0.0003
1278 Epoch [58/70], Iteration [18/21], Loss: 0.0006
1279 Epoch [58/70], Iteration [19/21], Loss: 0.0009
1280 Epoch [58/70], Iteration [20/21], Loss: 0.0003
1281 Epoch [58/70], Iteration [21/21], Loss: 1.4543
1282 Accuracy: 0.98%
1283 Epoch [59/70], Iteration [1/21], Loss: 0.0010
1284 Epoch [59/70], Iteration [2/21], Loss: 0.0308
1285 Epoch [59/70], Iteration [3/21], Loss: 0.0353
1286 Epoch [59/70], Iteration [4/21], Loss: 0.0517
1287 Epoch [59/70], Iteration [5/21], Loss: 0.1131
1288 Epoch [59/70], Iteration [6/21], Loss: 0.1131
1289 Epoch [59/70], Iteration [7/21], Loss: 0.2007
1290 Epoch [59/70], Iteration [8/21], Loss: 0.0578
1291 Epoch [59/70], Iteration [9/21], Loss: 0.0276
1292 Epoch [59/70], Iteration [10/21], Loss: 0.0295
1293 Epoch [59/70], Iteration [11/21], Loss: 0.0198
1294 Epoch [59/70], Iteration [12/21], Loss: 0.0539
1295 Epoch [59/70], Iteration [13/21], Loss: 0.0205
1296 Epoch [59/70], Iteration [14/21], Loss: 0.0677
1297 Epoch [59/70], Iteration [15/21], Loss: 0.0293
1298 Epoch [59/70], Iteration [16/21], Loss: 0.0274
1299 Epoch [59/70], Iteration [17/21], Loss: 0.0660
1300 Epoch [59/70], Iteration [18/21], Loss: 0.0227
1301 Epoch [59/70], Iteration [19/21], Loss: 0.0307
1302 Epoch [59/70], Iteration [20/21], Loss: 0.0291
1303 Epoch [59/70], Iteration [21/21], Loss: 0.0704
1304 Accuracy: 0.97%
1305 Epoch [60/70], Iteration [1/21], Loss: 0.0214
1306 Epoch [60/70], Iteration [2/21], Loss: 0.0122
1307 Epoch [60/70], Iteration [3/21], Loss: 0.0090
1308 Epoch [60/70], Iteration [4/21], Loss: 0.0075
1309 Epoch [60/70], Iteration [5/21], Loss: 0.0084
1310 Epoch [60/70], Iteration [6/21], Loss: 0.0059
1311 Epoch [60/70], Iteration [7/21], Loss: 0.0097
1312 Epoch [60/70], Iteration [8/21], Loss: 0.0173
1313 Epoch [60/70], Iteration [9/21], Loss: 0.0623
1314 Epoch [60/70], Iteration [10/21], Loss: 0.0176
1315 Epoch [60/70], Iteration [11/21], Loss: 0.0114
1316 Epoch [60/70], Iteration [12/21], Loss: 0.0025
1317 Epoch [60/70], Iteration [13/21], Loss: 0.0062
1318 Epoch [60/70], Iteration [14/21], Loss: 0.0139
1319 Epoch [60/70], Iteration [15/21], Loss: 0.0048
1320 Epoch [60/70], Iteration [16/21], Loss: 0.0022
1321 Epoch [60/70], Iteration [17/21], Loss: 0.0030
1322 Epoch [60/70], Iteration [18/21], Loss: 0.0049
1323 Epoch [60/70], Iteration [19/21], Loss: 0.0333
1324 Epoch [60/70], Iteration [20/21], Loss: 0.0041
1325 Epoch [60/70], Iteration [21/21], Loss: 0.0102
1326 Accuracy: 0.98%
1327 Epoch [61/70], Iteration [1/21], Loss: 0.0027
1328 Epoch [61/70], Iteration [2/21], Loss: 0.0081
1329 Epoch [61/70], Iteration [3/21], Loss: 0.0019
1330 Epoch [61/70], Iteration [4/21], Loss: 0.0032
1331 Epoch [61/70], Iteration [5/21], Loss: 0.0058
1332 Epoch [61/70], Iteration [6/21], Loss: 0.0014
1333 Epoch [61/70], Iteration [7/21], Loss: 0.0017
1334 Epoch [61/70], Iteration [8/21], Loss: 0.0159
1335 Epoch [61/70], Iteration [9/21], Loss: 0.0060
1336 Epoch [61/70], Iteration [10/21], Loss: 0.0012
1337 Epoch [61/70], Iteration [11/21], Loss: 0.0021
1338 Epoch [61/70], Iteration [12/21], Loss: 0.0012
1339 Epoch [61/70], Iteration [13/21], Loss: 0.0029
1340 Epoch [61/70], Iteration [14/21], Loss: 0.0015
1341 Epoch [61/70], Iteration [15/21], Loss: 0.0048
1342 Epoch [61/70], Iteration [16/21], Loss: 0.0035
1343 Epoch [61/70], Iteration [17/21], Loss: 0.0017
1344 Epoch [61/70], Iteration [18/21], Loss: 0.0030
1345 Epoch [61/70], Iteration [19/21], Loss: 0.0041
1346 Epoch [61/70], Iteration [20/21], Loss: 0.0014
1347 Epoch [61/70], Iteration [21/21], Loss: 0.0008
1348 Accuracy: 0.98%
1349 Epoch [62/70], Iteration [1/21], Loss: 0.0014
1350 Epoch [62/70], Iteration [2/21], Loss: 0.0059
1351 Epoch [62/70], Iteration [3/21], Loss: 0.0007
1352 Epoch [62/70], Iteration [4/21], Loss: 0.0005
1353 Epoch [62/70], Iteration [5/21], Loss: 0.0011
1354 Epoch [62/70], Iteration [6/21], Loss: 0.0020
1355 Epoch [62/70], Iteration [7/21], Loss: 0.0007
1356 Epoch [62/70], Iteration [8/21], Loss: 0.0031
1357 Epoch [62/70], Iteration [9/21], Loss: 0.0011
1358 Epoch [62/70], Iteration [10/21], Loss: 0.0010
1359 Epoch [62/70], Iteration [11/21], Loss: 0.0009
1360 Epoch [62/70], Iteration [12/21], Loss: 0.0006
1361 Epoch [62/70], Iteration [13/21], Loss: 0.0008
1362 Epoch [62/70], Iteration [14/21], Loss: 0.0007
1363 Epoch [62/70], Iteration [15/21], Loss: 0.0025
1364 Epoch [62/70], Iteration [16/21], Loss: 0.0008
1365 Epoch [62/70], Iteration [17/21], Loss: 0.0044
1366 Epoch [62/70], Iteration [18/21], Loss: 0.0060
1367 Epoch [62/70], Iteration [19/21], Loss: 0.0005
1368 Epoch [62/70], Iteration [20/21], Loss: 0.0010
1369 Epoch [62/70], Iteration [21/21], Loss: 0.0005
1370 Accuracy: 0.98%
1371 Epoch [63/70], Iteration [1/21], Loss: 0.0016
1372 Epoch [63/70], Iteration [2/21], Loss: 0.0008
1373 Epoch [63/70], Iteration [3/21], Loss: 0.0031
1374 Epoch [63/70], Iteration [4/21], Loss: 0.0013
1375 Epoch [63/70], Iteration [5/21], Loss: 0.0011
1376 Epoch [63/70], Iteration [6/21], Loss: 0.0006
1377 Epoch [63/70], Iteration [7/21], Loss: 0.0011
1378 Epoch [63/70], Iteration [8/21], Loss: 0.0010
1379 Epoch [63/70], Iteration [9/21], Loss: 0.0004
1380 Epoch [63/70], Iteration [10/21], Loss: 0.0017
1381 Epoch [63/70], Iteration [11/21], Loss: 0.0671
1382 Epoch [63/70], Iteration [12/21], Loss: 0.0006
1383 Epoch [63/70], Iteration [13/21], Loss: 0.0010
1384 Epoch [63/70], Iteration [14/21], Loss: 0.0006
1385 Epoch [63/70], Iteration [15/21], Loss: 0.0014
1386 Epoch [63/70], Iteration [16/21], Loss: 0.0005
1387 Epoch [63/70], Iteration [17/21], Loss: 0.0006
1388 Epoch [63/70], Iteration [18/21], Loss: 0.0005
1389 Epoch [63/70], Iteration [19/21], Loss: 0.0004
1390 Epoch [63/70], Iteration [20/21], Loss: 0.0005
1391 Epoch [63/70], Iteration [21/21], Loss: 0.0009
1392 Accuracy: 0.98%
1393 Epoch [64/70], Iteration [1/21], Loss: 0.0007
1394 Epoch [64/70], Iteration [2/21], Loss: 0.0006
1395 Epoch [64/70], Iteration [3/21], Loss: 0.0004
1396 Epoch [64/70], Iteration [4/21], Loss: 0.0008
1397 Epoch [64/70], Iteration [5/21], Loss: 0.0004
1398 Epoch [64/70], Iteration [6/21], Loss: 0.0010
1399 Epoch [64/70], Iteration [7/21], Loss: 0.0008
1400 Epoch [64/70], Iteration [8/21], Loss: 0.0012
1401 Epoch [64/70], Iteration [9/21], Loss: 0.0006
1402 Epoch [64/70], Iteration [10/21], Loss: 0.0018
1403 Epoch [64/70], Iteration [11/21], Loss: 0.0088
1404 Epoch [64/70], Iteration [12/21], Loss: 0.0005
1405 Epoch [64/70], Iteration [13/21], Loss: 0.0004
1406 Epoch [64/70], Iteration [14/21], Loss: 0.0005
1407 Epoch [64/70], Iteration [15/21], Loss: 0.0012
1408 Epoch [64/70], Iteration [16/21], Loss: 0.0004
1409 Epoch [64/70], Iteration [17/21], Loss: 0.0008
1410 Epoch [64/70], Iteration [18/21], Loss: 0.0005
1411 Epoch [64/70], Iteration [19/21], Loss: 0.0006
1412 Epoch [64/70], Iteration [20/21], Loss: 0.0006
1413 Epoch [64/70], Iteration [21/21], Loss: 0.1767
1414 Accuracy: 0.98%
1415 Epoch [65/70], Iteration [1/21], Loss: 0.0007
1416 Epoch [65/70], Iteration [2/21], Loss: 0.0010
1417 Epoch [65/70], Iteration [3/21], Loss: 0.0013
1418 Epoch [65/70], Iteration [4/21], Loss: 0.0014
1419 Epoch [65/70], Iteration [5/21], Loss: 0.0080
1420 Epoch [65/70], Iteration [6/21], Loss: 0.0054
1421 Epoch [65/70], Iteration [7/21], Loss: 0.0026
1422 Epoch [65/70], Iteration [8/21], Loss: 0.0127
1423 Epoch [65/70], Iteration [9/21], Loss: 0.0026
1424 Epoch [65/70], Iteration [10/21], Loss: 0.0478
1425 Epoch [65/70], Iteration [11/21], Loss: 0.0010
1426 Epoch [65/70], Iteration [12/21], Loss: 0.0018
1427 Epoch [65/70], Iteration [13/21], Loss: 0.0033
1428 Epoch [65/70], Iteration [14/21], Loss: 0.0014
1429 Epoch [65/70], Iteration [15/21], Loss: 0.0028
1430 Epoch [65/70], Iteration [16/21], Loss: 0.0063
1431 Epoch [65/70], Iteration [17/21], Loss: 0.0046
1432 Epoch [65/70], Iteration [18/21], Loss: 0.0051
1433 Epoch [65/70], Iteration [19/21], Loss: 0.0009
1434 Epoch [65/70], Iteration [20/21], Loss: 0.0018
1435 Epoch [65/70], Iteration [21/21], Loss: 0.2790
1436 Accuracy: 0.98%
1437 Epoch [66/70], Iteration [1/21], Loss: 0.0015
1438 Epoch [66/70], Iteration [2/21], Loss: 0.0005
1439 Epoch [66/70], Iteration [3/21], Loss: 0.0004
1440 Epoch [66/70], Iteration [4/21], Loss: 0.0026
1441 Epoch [66/70], Iteration [5/21], Loss: 0.0021
1442 Epoch [66/70], Iteration [6/21], Loss: 0.0019
1443 Epoch [66/70], Iteration [7/21], Loss: 0.0015
1444 Epoch [66/70], Iteration [8/21], Loss: 0.0081
1445 Epoch [66/70], Iteration [9/21], Loss: 0.0695
1446 Epoch [66/70], Iteration [10/21], Loss: 0.0013
1447 Epoch [66/70], Iteration [11/21], Loss: 0.0027
1448 Epoch [66/70], Iteration [12/21], Loss: 0.0088
1449 Epoch [66/70], Iteration [13/21], Loss: 0.0012
1450 Epoch [66/70], Iteration [14/21], Loss: 0.0055
1451 Epoch [66/70], Iteration [15/21], Loss: 0.0017
1452 Epoch [66/70], Iteration [16/21], Loss: 0.0031
1453 Epoch [66/70], Iteration [17/21], Loss: 0.0050
1454 Epoch [66/70], Iteration [18/21], Loss: 0.0017
1455 Epoch [66/70], Iteration [19/21], Loss: 0.0021
1456 Epoch [66/70], Iteration [20/21], Loss: 0.0007
1457 Epoch [66/70], Iteration [21/21], Loss: 0.0021
1458 Accuracy: 0.98%
1459 Epoch [67/70], Iteration [1/21], Loss: 0.0012
1460 Epoch [67/70], Iteration [2/21], Loss: 0.0021
1461 Epoch [67/70], Iteration [3/21], Loss: 0.0102
1462 Epoch [67/70], Iteration [4/21], Loss: 0.0007
1463 Epoch [67/70], Iteration [5/21], Loss: 0.0003
1464 Epoch [67/70], Iteration [6/21], Loss: 0.0005
1465 Epoch [67/70], Iteration [7/21], Loss: 0.0005
1466 Epoch [67/70], Iteration [8/21], Loss: 0.0011
1467 Epoch [67/70], Iteration [9/21], Loss: 0.0006
1468 Epoch [67/70], Iteration [10/21], Loss: 0.0738
1469 Epoch [67/70], Iteration [11/21], Loss: 0.0358
1470 Epoch [67/70], Iteration [12/21], Loss: 0.0013
1471 Epoch [67/70], Iteration [13/21], Loss: 0.0006
1472 Epoch [67/70], Iteration [14/21], Loss: 0.0002
1473 Epoch [67/70], Iteration [15/21], Loss: 0.0023
1474 Epoch [67/70], Iteration [16/21], Loss: 0.0017
1475 Epoch [67/70], Iteration [17/21], Loss: 0.0007
1476 Epoch [67/70], Iteration [18/21], Loss: 0.0020
1477 Epoch [67/70], Iteration [19/21], Loss: 0.0010
1478 Epoch [67/70], Iteration [20/21], Loss: 0.0017
1479 Epoch [67/70], Iteration [21/21], Loss: 0.0025
1480 Accuracy: 0.98%
1481 Epoch [68/70], Iteration [1/21], Loss: 0.0010
1482 Epoch [68/70], Iteration [2/21], Loss: 0.0008
1483 Epoch [68/70], Iteration [3/21], Loss: 0.0012
1484 Epoch [68/70], Iteration [4/21], Loss: 0.0070
1485 Epoch [68/70], Iteration [5/21], Loss: 0.0012
1486 Epoch [68/70], Iteration [6/21], Loss: 0.0064
1487 Epoch [68/70], Iteration [7/21], Loss: 0.0053
1488 Epoch [68/70], Iteration [8/21], Loss: 0.0043
1489 Epoch [68/70], Iteration [9/21], Loss: 0.0004
1490 Epoch [68/70], Iteration [10/21], Loss: 0.0003
1491 Epoch [68/70], Iteration [11/21], Loss: 0.0002
1492 Epoch [68/70], Iteration [12/21], Loss: 0.0009
1493 Epoch [68/70], Iteration [13/21], Loss: 0.0007
1494 Epoch [68/70], Iteration [14/21], Loss: 0.0012
1495 Epoch [68/70], Iteration [15/21], Loss: 0.0009
1496 Epoch [68/70], Iteration [16/21], Loss: 0.0002
1497 Epoch [68/70], Iteration [17/21], Loss: 0.0004
1498 Epoch [68/70], Iteration [18/21], Loss: 0.0004
1499 Epoch [68/70], Iteration [19/21], Loss: 0.0004
1500 Epoch [68/70], Iteration [20/21], Loss: 0.0009
1501 Epoch [68/70], Iteration [21/21], Loss: 0.5491
1502 Accuracy: 0.98%
1503 Epoch [69/70], Iteration [1/21], Loss: 0.0014
1504 Epoch [69/70], Iteration [2/21], Loss: 0.0049
1505 Epoch [69/70], Iteration [3/21], Loss: 0.0020
1506 Epoch [69/70], Iteration [4/21], Loss: 0.0135
1507 Epoch [69/70], Iteration [5/21], Loss: 0.0378
1508 Epoch [69/70], Iteration [6/21], Loss: 0.0055
1509 Epoch [69/70], Iteration [7/21], Loss: 0.0028
1510 Epoch [69/70], Iteration [8/21], Loss: 0.0394
1511 Epoch [69/70], Iteration [9/21], Loss: 0.0026
1512 Epoch [69/70], Iteration [10/21], Loss: 0.0990
1513 Epoch [69/70], Iteration [11/21], Loss: 0.0349
1514 Epoch [69/70], Iteration [12/21], Loss: 0.0119
1515 Epoch [69/70], Iteration [13/21], Loss: 0.0150
1516 Epoch [69/70], Iteration [14/21], Loss: 0.0481
1517 Epoch [69/70], Iteration [15/21], Loss: 0.0042
1518 Epoch [69/70], Iteration [16/21], Loss: 0.0052
1519 Epoch [69/70], Iteration [17/21], Loss: 0.0200
1520 Epoch [69/70], Iteration [18/21], Loss: 0.0031
1521 Epoch [69/70], Iteration [19/21], Loss: 0.0029
1522 Epoch [69/70], Iteration [20/21], Loss: 0.0399
1523 Epoch [69/70], Iteration [21/21], Loss: 0.0010
1524 Accuracy: 0.98%
1525 Epoch [70/70], Iteration [1/21], Loss: 0.0122
1526 Epoch [70/70], Iteration [2/21], Loss: 0.0019
1527 Epoch [70/70], Iteration [3/21], Loss: 0.0040
1528 Epoch [70/70], Iteration [4/21], Loss: 0.0101
1529 Epoch [70/70], Iteration [5/21], Loss: 0.0033
1530 Epoch [70/70], Iteration [6/21], Loss: 0.0153
1531 Epoch [70/70], Iteration [7/21], Loss: 0.0285
1532 Epoch [70/70], Iteration [8/21], Loss: 0.0274
1533 Epoch [70/70], Iteration [9/21], Loss: 0.0134
1534 Epoch [70/70], Iteration [10/21], Loss: 0.0044
1535 Epoch [70/70], Iteration [11/21], Loss: 0.0032
1536 Epoch [70/70], Iteration [12/21], Loss: 0.0013
1537 Epoch [70/70], Iteration [13/21], Loss: 0.0029
1538 Epoch [70/70], Iteration [14/21], Loss: 0.0016
1539 Epoch [70/70], Iteration [15/21], Loss: 0.0024
1540 Epoch [70/70], Iteration [16/21], Loss: 0.0042
1541 Epoch [70/70], Iteration [17/21], Loss: 0.0054
1542 Epoch [70/70], Iteration [18/21], Loss: 0.0040
1543 Epoch [70/70], Iteration [19/21], Loss: 0.0043
1544 Epoch [70/70], Iteration [20/21], Loss: 0.0010
1545 Epoch [70/70], Iteration [21/21], Loss: 0.1156
1546 Accuracy: 0.98%
1547 Training complete
1548 [23;0t[SwanLab-INFO]:        The current experiment ResNet50_2024-01-17_22-21-38 has been completed, SwanLab will close it automatically
