1 [SwanLab-WARNING]:     An error occurred: 
2 [SwanLab-WARNING]:     Error getting branch name: fatal: not a git repository (or any parent up to mount point /root)
Stopping at filesystem boundary (GIT_DISCOVERY_ACROSS_FILESYSTEM not set).

3 [SwanLab-INFO]:        Experiment ResNet50_2024-01-17_23-26-46 has been registered.
4 [SwanLab-INFO]:        Run data will be saved locally in /root/onethingai-tmp/tongue_classification/swanlog/ResNet50_2024-01-17_23-26-46
5 [SwanLab-INFO]:        Experiment_name: ResNet50_2024-01-17_23-26-46
6 [SwanLab-INFO]:        Run `swanlab watch` to view SwanLab Experiment Dashboard
7 Epoch [1/70], Iteration [1/21], Loss: 0.6851
8 Epoch [1/70], Iteration [2/21], Loss: 0.6388
9 Epoch [1/70], Iteration [3/21], Loss: 0.5569
10 Epoch [1/70], Iteration [4/21], Loss: 0.5014
11 Epoch [1/70], Iteration [5/21], Loss: 0.4197
12 Epoch [1/70], Iteration [6/21], Loss: 0.4230
13 Epoch [1/70], Iteration [7/21], Loss: 0.3538
14 Epoch [1/70], Iteration [8/21], Loss: 0.2399
15 Epoch [1/70], Iteration [9/21], Loss: 0.2442
16 Epoch [1/70], Iteration [10/21], Loss: 0.1860
17 Epoch [1/70], Iteration [11/21], Loss: 0.1830
18 Epoch [1/70], Iteration [12/21], Loss: 0.1638
19 Epoch [1/70], Iteration [13/21], Loss: 0.1608
20 Epoch [1/70], Iteration [14/21], Loss: 0.1810
21 Epoch [1/70], Iteration [15/21], Loss: 0.1388
22 Epoch [1/70], Iteration [16/21], Loss: 0.0480
23 Epoch [1/70], Iteration [17/21], Loss: 0.1059
24 Epoch [1/70], Iteration [18/21], Loss: 0.0791
25 Epoch [1/70], Iteration [19/21], Loss: 0.0803
26 Epoch [1/70], Iteration [20/21], Loss: 0.0777
27 Epoch [1/70], Iteration [21/21], Loss: 0.1134
28 Accuracy: 0.97%
29 Epoch [2/70], Iteration [1/21], Loss: 0.0488
30 Epoch [2/70], Iteration [2/21], Loss: 0.0564
31 Epoch [2/70], Iteration [3/21], Loss: 0.0222
32 Epoch [2/70], Iteration [4/21], Loss: 0.0258
33 Epoch [2/70], Iteration [5/21], Loss: 0.0979
34 Epoch [2/70], Iteration [6/21], Loss: 0.0486
35 Epoch [2/70], Iteration [7/21], Loss: 0.0364
36 Epoch [2/70], Iteration [8/21], Loss: 0.0157
37 Epoch [2/70], Iteration [9/21], Loss: 0.0110
38 Epoch [2/70], Iteration [10/21], Loss: 0.0582
39 Epoch [2/70], Iteration [11/21], Loss: 0.0391
40 Epoch [2/70], Iteration [12/21], Loss: 0.0234
41 Epoch [2/70], Iteration [13/21], Loss: 0.0804
42 Epoch [2/70], Iteration [14/21], Loss: 0.0154
43 Epoch [2/70], Iteration [15/21], Loss: 0.0235
44 Epoch [2/70], Iteration [16/21], Loss: 0.0070
45 Epoch [2/70], Iteration [17/21], Loss: 0.0465
46 Epoch [2/70], Iteration [18/21], Loss: 0.0553
47 Epoch [2/70], Iteration [19/21], Loss: 0.0308
48 Epoch [2/70], Iteration [20/21], Loss: 0.0446
49 Epoch [2/70], Iteration [21/21], Loss: 1.1218
50 Accuracy: 0.97%
51 Epoch [3/70], Iteration [1/21], Loss: 0.0141
52 Epoch [3/70], Iteration [2/21], Loss: 0.0164
53 Epoch [3/70], Iteration [3/21], Loss: 0.0100
54 Epoch [3/70], Iteration [4/21], Loss: 0.0168
55 Epoch [3/70], Iteration [5/21], Loss: 0.0268
56 Epoch [3/70], Iteration [6/21], Loss: 0.0088
57 Epoch [3/70], Iteration [7/21], Loss: 0.0114
58 Epoch [3/70], Iteration [8/21], Loss: 0.0411
59 Epoch [3/70], Iteration [9/21], Loss: 0.0169
60 Epoch [3/70], Iteration [10/21], Loss: 0.0221
61 Epoch [3/70], Iteration [11/21], Loss: 0.0353
62 Epoch [3/70], Iteration [12/21], Loss: 0.0267
63 Epoch [3/70], Iteration [13/21], Loss: 0.0217
64 Epoch [3/70], Iteration [14/21], Loss: 0.0110
65 Epoch [3/70], Iteration [15/21], Loss: 0.0220
66 Epoch [3/70], Iteration [16/21], Loss: 0.0218
67 Epoch [3/70], Iteration [17/21], Loss: 0.0136
68 Epoch [3/70], Iteration [18/21], Loss: 0.0157
69 Epoch [3/70], Iteration [19/21], Loss: 0.0227
70 Epoch [3/70], Iteration [20/21], Loss: 0.0159
71 Epoch [3/70], Iteration [21/21], Loss: 0.0057
72 Accuracy: 0.97%
73 Epoch [4/70], Iteration [1/21], Loss: 0.0052
74 Epoch [4/70], Iteration [2/21], Loss: 0.0084
75 Epoch [4/70], Iteration [3/21], Loss: 0.0055
76 Epoch [4/70], Iteration [4/21], Loss: 0.0048
77 Epoch [4/70], Iteration [5/21], Loss: 0.0067
78 Epoch [4/70], Iteration [6/21], Loss: 0.0072
79 Epoch [4/70], Iteration [7/21], Loss: 0.0043
80 Epoch [4/70], Iteration [8/21], Loss: 0.0236
81 Epoch [4/70], Iteration [9/21], Loss: 0.0757
82 Epoch [4/70], Iteration [10/21], Loss: 0.0062
83 Epoch [4/70], Iteration [11/21], Loss: 0.0059
84 Epoch [4/70], Iteration [12/21], Loss: 0.0067
85 Epoch [4/70], Iteration [13/21], Loss: 0.0047
86 Epoch [4/70], Iteration [14/21], Loss: 0.0119
87 Epoch [4/70], Iteration [15/21], Loss: 0.0035
88 Epoch [4/70], Iteration [16/21], Loss: 0.0167
89 Epoch [4/70], Iteration [17/21], Loss: 0.0056
90 Epoch [4/70], Iteration [18/21], Loss: 0.0049
91 Epoch [4/70], Iteration [19/21], Loss: 0.0119
92 Epoch [4/70], Iteration [20/21], Loss: 0.0048
93 Epoch [4/70], Iteration [21/21], Loss: 0.0704
94 Accuracy: 0.98%
95 Epoch [5/70], Iteration [1/21], Loss: 0.0020
96 Epoch [5/70], Iteration [2/21], Loss: 0.0075
97 Epoch [5/70], Iteration [3/21], Loss: 0.0049
98 Epoch [5/70], Iteration [4/21], Loss: 0.0025
99 Epoch [5/70], Iteration [5/21], Loss: 0.0037
100 Epoch [5/70], Iteration [6/21], Loss: 0.0038
101 Epoch [5/70], Iteration [7/21], Loss: 0.0052
102 Epoch [5/70], Iteration [8/21], Loss: 0.0122
103 Epoch [5/70], Iteration [9/21], Loss: 0.0023
104 Epoch [5/70], Iteration [10/21], Loss: 0.0023
105 Epoch [5/70], Iteration [11/21], Loss: 0.0018
106 Epoch [5/70], Iteration [12/21], Loss: 0.0062
107 Epoch [5/70], Iteration [13/21], Loss: 0.0061
108 Epoch [5/70], Iteration [14/21], Loss: 0.0133
109 Epoch [5/70], Iteration [15/21], Loss: 0.0024
110 Epoch [5/70], Iteration [16/21], Loss: 0.0101
111 Epoch [5/70], Iteration [17/21], Loss: 0.0095
112 Epoch [5/70], Iteration [18/21], Loss: 0.0034
113 Epoch [5/70], Iteration [19/21], Loss: 0.0012
114 Epoch [5/70], Iteration [20/21], Loss: 0.0027
115 Epoch [5/70], Iteration [21/21], Loss: 1.1221
116 Accuracy: 0.99%
117 Epoch [6/70], Iteration [1/21], Loss: 0.0053
118 Epoch [6/70], Iteration [2/21], Loss: 0.0036
119 Epoch [6/70], Iteration [3/21], Loss: 0.0125
120 Epoch [6/70], Iteration [4/21], Loss: 0.0210
121 Epoch [6/70], Iteration [5/21], Loss: 0.0289
122 Epoch [6/70], Iteration [6/21], Loss: 0.0131
123 Epoch [6/70], Iteration [7/21], Loss: 0.0890
124 Epoch [6/70], Iteration [8/21], Loss: 0.1827
125 Epoch [6/70], Iteration [9/21], Loss: 0.0215
126 Epoch [6/70], Iteration [10/21], Loss: 0.0796
127 Epoch [6/70], Iteration [11/21], Loss: 0.0240
128 Epoch [6/70], Iteration [12/21], Loss: 0.0225
129 Epoch [6/70], Iteration [13/21], Loss: 0.0375
130 Epoch [6/70], Iteration [14/21], Loss: 0.0190
131 Epoch [6/70], Iteration [15/21], Loss: 0.0160
132 Epoch [6/70], Iteration [16/21], Loss: 0.0207
133 Epoch [6/70], Iteration [17/21], Loss: 0.0139
134 Epoch [6/70], Iteration [18/21], Loss: 0.0214
135 Epoch [6/70], Iteration [19/21], Loss: 0.0185
136 Epoch [6/70], Iteration [20/21], Loss: 0.0098
137 Epoch [6/70], Iteration [21/21], Loss: 0.2712
138 Accuracy: 0.98%
139 Epoch [7/70], Iteration [1/21], Loss: 0.0123
140 Epoch [7/70], Iteration [2/21], Loss: 0.0516
141 Epoch [7/70], Iteration [3/21], Loss: 0.0113
142 Epoch [7/70], Iteration [4/21], Loss: 0.0069
143 Epoch [7/70], Iteration [5/21], Loss: 0.0143
144 Epoch [7/70], Iteration [6/21], Loss: 0.0088
145 Epoch [7/70], Iteration [7/21], Loss: 0.0061
146 Epoch [7/70], Iteration [8/21], Loss: 0.0166
147 Epoch [7/70], Iteration [9/21], Loss: 0.0157
148 Epoch [7/70], Iteration [10/21], Loss: 0.0217
149 Epoch [7/70], Iteration [11/21], Loss: 0.0185
150 Epoch [7/70], Iteration [12/21], Loss: 0.0115
151 Epoch [7/70], Iteration [13/21], Loss: 0.0111
152 Epoch [7/70], Iteration [14/21], Loss: 0.0049
153 Epoch [7/70], Iteration [15/21], Loss: 0.0034
154 Epoch [7/70], Iteration [16/21], Loss: 0.0070
155 Epoch [7/70], Iteration [17/21], Loss: 0.0060
156 Epoch [7/70], Iteration [18/21], Loss: 0.0364
157 Epoch [7/70], Iteration [19/21], Loss: 0.0033
158 Epoch [7/70], Iteration [20/21], Loss: 0.0036
159 Epoch [7/70], Iteration [21/21], Loss: 0.1762
160 Accuracy: 0.98%
161 Epoch [8/70], Iteration [1/21], Loss: 0.0034
162 Epoch [8/70], Iteration [2/21], Loss: 0.0148
163 Epoch [8/70], Iteration [3/21], Loss: 0.0198
164 Epoch [8/70], Iteration [4/21], Loss: 0.0055
165 Epoch [8/70], Iteration [5/21], Loss: 0.0076
166 Epoch [8/70], Iteration [6/21], Loss: 0.0288
167 Epoch [8/70], Iteration [7/21], Loss: 0.0112
168 Epoch [8/70], Iteration [8/21], Loss: 0.0213
169 Epoch [8/70], Iteration [9/21], Loss: 0.0542
170 Epoch [8/70], Iteration [10/21], Loss: 0.0051
171 Epoch [8/70], Iteration [11/21], Loss: 0.0241
172 Epoch [8/70], Iteration [12/21], Loss: 0.0059
173 Epoch [8/70], Iteration [13/21], Loss: 0.0046
174 Epoch [8/70], Iteration [14/21], Loss: 0.0172
175 Epoch [8/70], Iteration [15/21], Loss: 0.0052
176 Epoch [8/70], Iteration [16/21], Loss: 0.0057
177 Epoch [8/70], Iteration [17/21], Loss: 0.0040
178 Epoch [8/70], Iteration [18/21], Loss: 0.0113
179 Epoch [8/70], Iteration [19/21], Loss: 0.0132
180 Epoch [8/70], Iteration [20/21], Loss: 0.0068
181 Epoch [8/70], Iteration [21/21], Loss: 0.0097
182 Accuracy: 0.98%
183 Epoch [9/70], Iteration [1/21], Loss: 0.0049
184 Epoch [9/70], Iteration [2/21], Loss: 0.0028
185 Epoch [9/70], Iteration [3/21], Loss: 0.0019
186 Epoch [9/70], Iteration [4/21], Loss: 0.0046
187 Epoch [9/70], Iteration [5/21], Loss: 0.0044
188 Epoch [9/70], Iteration [6/21], Loss: 0.0022
189 Epoch [9/70], Iteration [7/21], Loss: 0.0041
190 Epoch [9/70], Iteration [8/21], Loss: 0.0159
191 Epoch [9/70], Iteration [9/21], Loss: 0.0123
192 Epoch [9/70], Iteration [10/21], Loss: 0.0045
193 Epoch [9/70], Iteration [11/21], Loss: 0.0018
194 Epoch [9/70], Iteration [12/21], Loss: 0.0206
195 Epoch [9/70], Iteration [13/21], Loss: 0.0041
196 Epoch [9/70], Iteration [14/21], Loss: 0.0098
197 Epoch [9/70], Iteration [15/21], Loss: 0.0018
198 Epoch [9/70], Iteration [16/21], Loss: 0.0057
199 Epoch [9/70], Iteration [17/21], Loss: 0.0024
200 Epoch [9/70], Iteration [18/21], Loss: 0.0017
201 Epoch [9/70], Iteration [19/21], Loss: 0.0019
202 Epoch [9/70], Iteration [20/21], Loss: 0.0014
203 Epoch [9/70], Iteration [21/21], Loss: 0.0037
204 Accuracy: 0.98%
205 Epoch [10/70], Iteration [1/21], Loss: 0.0025
206 Epoch [10/70], Iteration [2/21], Loss: 0.0026
207 Epoch [10/70], Iteration [3/21], Loss: 0.0115
208 Epoch [10/70], Iteration [4/21], Loss: 0.0015
209 Epoch [10/70], Iteration [5/21], Loss: 0.0012
210 Epoch [10/70], Iteration [6/21], Loss: 0.0010
211 Epoch [10/70], Iteration [7/21], Loss: 0.0009
212 Epoch [10/70], Iteration [8/21], Loss: 0.0016
213 Epoch [10/70], Iteration [9/21], Loss: 0.0010
214 Epoch [10/70], Iteration [10/21], Loss: 0.0015
215 Epoch [10/70], Iteration [11/21], Loss: 0.0028
216 Epoch [10/70], Iteration [12/21], Loss: 0.0016
217 Epoch [10/70], Iteration [13/21], Loss: 0.0010
218 Epoch [10/70], Iteration [14/21], Loss: 0.0014
219 Epoch [10/70], Iteration [15/21], Loss: 0.0141
220 Epoch [10/70], Iteration [16/21], Loss: 0.0009
221 Epoch [10/70], Iteration [17/21], Loss: 0.0023
222 Epoch [10/70], Iteration [18/21], Loss: 0.0009
223 Epoch [10/70], Iteration [19/21], Loss: 0.0077
224 Epoch [10/70], Iteration [20/21], Loss: 0.0012
225 Epoch [10/70], Iteration [21/21], Loss: 0.4904
226 Accuracy: 0.98%
227 Epoch [11/70], Iteration [1/21], Loss: 0.0248
228 Epoch [11/70], Iteration [2/21], Loss: 0.0026
229 Epoch [11/70], Iteration [3/21], Loss: 0.0021
230 Epoch [11/70], Iteration [4/21], Loss: 0.0064
231 Epoch [11/70], Iteration [5/21], Loss: 0.0361
232 Epoch [11/70], Iteration [6/21], Loss: 0.0056
233 Epoch [11/70], Iteration [7/21], Loss: 0.0749
234 Epoch [11/70], Iteration [8/21], Loss: 0.0245
235 Epoch [11/70], Iteration [9/21], Loss: 0.0168
236 Epoch [11/70], Iteration [10/21], Loss: 0.0670
237 Epoch [11/70], Iteration [11/21], Loss: 0.0511
238 Epoch [11/70], Iteration [12/21], Loss: 0.0224
239 Epoch [11/70], Iteration [13/21], Loss: 0.0164
240 Epoch [11/70], Iteration [14/21], Loss: 0.0616
241 Epoch [11/70], Iteration [15/21], Loss: 0.0096
242 Epoch [11/70], Iteration [16/21], Loss: 0.0165
243 Epoch [11/70], Iteration [17/21], Loss: 0.0092
244 Epoch [11/70], Iteration [18/21], Loss: 0.0966
245 Epoch [11/70], Iteration [19/21], Loss: 0.0073
246 Epoch [11/70], Iteration [20/21], Loss: 0.0215
247 Epoch [11/70], Iteration [21/21], Loss: 0.0855
248 Accuracy: 0.98%
249 Epoch [12/70], Iteration [1/21], Loss: 0.0143
250 Epoch [12/70], Iteration [2/21], Loss: 0.0105
251 Epoch [12/70], Iteration [3/21], Loss: 0.0065
252 Epoch [12/70], Iteration [4/21], Loss: 0.0052
253 Epoch [12/70], Iteration [5/21], Loss: 0.0026
254 Epoch [12/70], Iteration [6/21], Loss: 0.0039
255 Epoch [12/70], Iteration [7/21], Loss: 0.0056
256 Epoch [12/70], Iteration [8/21], Loss: 0.0033
257 Epoch [12/70], Iteration [9/21], Loss: 0.0126
258 Epoch [12/70], Iteration [10/21], Loss: 0.0049
259 Epoch [12/70], Iteration [11/21], Loss: 0.0046
260 Epoch [12/70], Iteration [12/21], Loss: 0.0115
261 Epoch [12/70], Iteration [13/21], Loss: 0.0114
262 Epoch [12/70], Iteration [14/21], Loss: 0.0025
263 Epoch [12/70], Iteration [15/21], Loss: 0.0104
264 Epoch [12/70], Iteration [16/21], Loss: 0.0017
265 Epoch [12/70], Iteration [17/21], Loss: 0.0017
266 Epoch [12/70], Iteration [18/21], Loss: 0.0019
267 Epoch [12/70], Iteration [19/21], Loss: 0.0108
268 Epoch [12/70], Iteration [20/21], Loss: 0.0275
269 Epoch [12/70], Iteration [21/21], Loss: 0.0030
270 Accuracy: 0.98%
271 Epoch [13/70], Iteration [1/21], Loss: 0.0034
272 Epoch [13/70], Iteration [2/21], Loss: 0.0058
273 Epoch [13/70], Iteration [3/21], Loss: 0.0017
274 Epoch [13/70], Iteration [4/21], Loss: 0.0027
275 Epoch [13/70], Iteration [5/21], Loss: 0.0011
276 Epoch [13/70], Iteration [6/21], Loss: 0.0039
277 Epoch [13/70], Iteration [7/21], Loss: 0.0017
278 Epoch [13/70], Iteration [8/21], Loss: 0.0040
279 Epoch [13/70], Iteration [9/21], Loss: 0.0022
280 Epoch [13/70], Iteration [10/21], Loss: 0.0016
281 Epoch [13/70], Iteration [11/21], Loss: 0.0024
282 Epoch [13/70], Iteration [12/21], Loss: 0.0021
283 Epoch [13/70], Iteration [13/21], Loss: 0.0012
284 Epoch [13/70], Iteration [14/21], Loss: 0.0035
285 Epoch [13/70], Iteration [15/21], Loss: 0.0055
286 Epoch [13/70], Iteration [16/21], Loss: 0.0022
287 Epoch [13/70], Iteration [17/21], Loss: 0.0012
288 Epoch [13/70], Iteration [18/21], Loss: 0.0007
289 Epoch [13/70], Iteration [19/21], Loss: 0.0036
290 Epoch [13/70], Iteration [20/21], Loss: 0.0038
291 Epoch [13/70], Iteration [21/21], Loss: 0.0013
292 Accuracy: 0.98%
293 Epoch [14/70], Iteration [1/21], Loss: 0.0010
294 Epoch [14/70], Iteration [2/21], Loss: 0.0020
295 Epoch [14/70], Iteration [3/21], Loss: 0.0007
296 Epoch [14/70], Iteration [4/21], Loss: 0.0048
297 Epoch [14/70], Iteration [5/21], Loss: 0.0014
298 Epoch [14/70], Iteration [6/21], Loss: 0.0008
299 Epoch [14/70], Iteration [7/21], Loss: 0.0009
300 Epoch [14/70], Iteration [8/21], Loss: 0.0012
301 Epoch [14/70], Iteration [9/21], Loss: 0.0014
302 Epoch [14/70], Iteration [10/21], Loss: 0.0014
303 Epoch [14/70], Iteration [11/21], Loss: 0.0018
304 Epoch [14/70], Iteration [12/21], Loss: 0.0013
305 Epoch [14/70], Iteration [13/21], Loss: 0.0020
306 Epoch [14/70], Iteration [14/21], Loss: 0.0011
307 Epoch [14/70], Iteration [15/21], Loss: 0.0006
308 Epoch [14/70], Iteration [16/21], Loss: 0.0007
309 Epoch [14/70], Iteration [17/21], Loss: 0.0008
310 Epoch [14/70], Iteration [18/21], Loss: 0.0006
311 Epoch [14/70], Iteration [19/21], Loss: 0.0012
312 Epoch [14/70], Iteration [20/21], Loss: 0.0011
313 Epoch [14/70], Iteration [21/21], Loss: 0.0071
314 Accuracy: 0.98%
315 Epoch [15/70], Iteration [1/21], Loss: 0.0016
316 Epoch [15/70], Iteration [2/21], Loss: 0.0012
317 Epoch [15/70], Iteration [3/21], Loss: 0.0008
318 Epoch [15/70], Iteration [4/21], Loss: 0.0026
319 Epoch [15/70], Iteration [5/21], Loss: 0.0007
320 Epoch [15/70], Iteration [6/21], Loss: 0.0004
321 Epoch [15/70], Iteration [7/21], Loss: 0.0007
322 Epoch [15/70], Iteration [8/21], Loss: 0.0009
323 Epoch [15/70], Iteration [9/21], Loss: 0.0018
324 Epoch [15/70], Iteration [10/21], Loss: 0.0011
325 Epoch [15/70], Iteration [11/21], Loss: 0.0007
326 Epoch [15/70], Iteration [12/21], Loss: 0.0045
327 Epoch [15/70], Iteration [13/21], Loss: 0.0006
328 Epoch [15/70], Iteration [14/21], Loss: 0.0015
329 Epoch [15/70], Iteration [15/21], Loss: 0.0006
330 Epoch [15/70], Iteration [16/21], Loss: 0.0012
331 Epoch [15/70], Iteration [17/21], Loss: 0.0009
332 Epoch [15/70], Iteration [18/21], Loss: 0.0017
333 Epoch [15/70], Iteration [19/21], Loss: 0.0004
334 Epoch [15/70], Iteration [20/21], Loss: 0.0005
335 Epoch [15/70], Iteration [21/21], Loss: 0.0188
336 Accuracy: 0.98%
337 Epoch [16/70], Iteration [1/21], Loss: 0.0009
338 Epoch [16/70], Iteration [2/21], Loss: 0.0009
339 Epoch [16/70], Iteration [3/21], Loss: 0.0057
340 Epoch [16/70], Iteration [4/21], Loss: 0.0014
341 Epoch [16/70], Iteration [5/21], Loss: 0.0004
342 Epoch [16/70], Iteration [6/21], Loss: 0.0004
343 Epoch [16/70], Iteration [7/21], Loss: 0.0009
344 Epoch [16/70], Iteration [8/21], Loss: 0.0166
345 Epoch [16/70], Iteration [9/21], Loss: 0.0014
346 Epoch [16/70], Iteration [10/21], Loss: 0.0009
347 Epoch [16/70], Iteration [11/21], Loss: 0.0005
348 Epoch [16/70], Iteration [12/21], Loss: 0.0009
349 Epoch [16/70], Iteration [13/21], Loss: 0.0005
350 Epoch [16/70], Iteration [14/21], Loss: 0.0004
351 Epoch [16/70], Iteration [15/21], Loss: 0.0008
352 Epoch [16/70], Iteration [16/21], Loss: 0.0003
353 Epoch [16/70], Iteration [17/21], Loss: 0.0005
354 Epoch [16/70], Iteration [18/21], Loss: 0.0006
355 Epoch [16/70], Iteration [19/21], Loss: 0.0018
356 Epoch [16/70], Iteration [20/21], Loss: 0.0010
357 Epoch [16/70], Iteration [21/21], Loss: 0.1226
358 Accuracy: 0.98%
359 Epoch [17/70], Iteration [1/21], Loss: 0.0021
360 Epoch [17/70], Iteration [2/21], Loss: 0.0005
361 Epoch [17/70], Iteration [3/21], Loss: 0.0028
362 Epoch [17/70], Iteration [4/21], Loss: 0.0025
363 Epoch [17/70], Iteration [5/21], Loss: 0.0025
364 Epoch [17/70], Iteration [6/21], Loss: 0.0052
365 Epoch [17/70], Iteration [7/21], Loss: 0.0017
366 Epoch [17/70], Iteration [8/21], Loss: 0.0033
367 Epoch [17/70], Iteration [9/21], Loss: 0.0017
368 Epoch [17/70], Iteration [10/21], Loss: 0.0015
369 Epoch [17/70], Iteration [11/21], Loss: 0.0745
370 Epoch [17/70], Iteration [12/21], Loss: 0.0021
371 Epoch [17/70], Iteration [13/21], Loss: 0.0121
372 Epoch [17/70], Iteration [14/21], Loss: 0.0040
373 Epoch [17/70], Iteration [15/21], Loss: 0.0012
374 Epoch [17/70], Iteration [16/21], Loss: 0.0013
375 Epoch [17/70], Iteration [17/21], Loss: 0.0052
376 Epoch [17/70], Iteration [18/21], Loss: 0.0059
377 Epoch [17/70], Iteration [19/21], Loss: 0.0016
378 Epoch [17/70], Iteration [20/21], Loss: 0.0005
379 Epoch [17/70], Iteration [21/21], Loss: 0.9214
380 Accuracy: 0.98%
381 Epoch [18/70], Iteration [1/21], Loss: 0.0011
382 Epoch [18/70], Iteration [2/21], Loss: 0.0020
383 Epoch [18/70], Iteration [3/21], Loss: 0.0030
384 Epoch [18/70], Iteration [4/21], Loss: 0.0044
385 Epoch [18/70], Iteration [5/21], Loss: 0.0209
386 Epoch [18/70], Iteration [6/21], Loss: 0.0107
387 Epoch [18/70], Iteration [7/21], Loss: 0.0022
388 Epoch [18/70], Iteration [8/21], Loss: 0.0251
389 Epoch [18/70], Iteration [9/21], Loss: 0.0154
390 Epoch [18/70], Iteration [10/21], Loss: 0.0237
391 Epoch [18/70], Iteration [11/21], Loss: 0.0064
392 Epoch [18/70], Iteration [12/21], Loss: 0.0063
393 Epoch [18/70], Iteration [13/21], Loss: 0.0141
394 Epoch [18/70], Iteration [14/21], Loss: 0.0370
395 Epoch [18/70], Iteration [15/21], Loss: 0.0213
396 Epoch [18/70], Iteration [16/21], Loss: 0.0239
397 Epoch [18/70], Iteration [17/21], Loss: 0.0120
398 Epoch [18/70], Iteration [18/21], Loss: 0.0120
399 Epoch [18/70], Iteration [19/21], Loss: 0.0084
400 Epoch [18/70], Iteration [20/21], Loss: 0.0186
401 Epoch [18/70], Iteration [21/21], Loss: 0.8428
402 Accuracy: 0.97%
403 Epoch [19/70], Iteration [1/21], Loss: 0.0235
404 Epoch [19/70], Iteration [2/21], Loss: 0.0260
405 Epoch [19/70], Iteration [3/21], Loss: 0.0865
406 Epoch [19/70], Iteration [4/21], Loss: 0.0310
407 Epoch [19/70], Iteration [5/21], Loss: 0.0567
408 Epoch [19/70], Iteration [6/21], Loss: 0.0656
409 Epoch [19/70], Iteration [7/21], Loss: 0.0439
410 Epoch [19/70], Iteration [8/21], Loss: 0.0305
411 Epoch [19/70], Iteration [9/21], Loss: 0.0269
412 Epoch [19/70], Iteration [10/21], Loss: 0.0428
413 Epoch [19/70], Iteration [11/21], Loss: 0.0211
414 Epoch [19/70], Iteration [12/21], Loss: 0.1293
415 Epoch [19/70], Iteration [13/21], Loss: 0.0540
416 Epoch [19/70], Iteration [14/21], Loss: 0.0260
417 Epoch [19/70], Iteration [15/21], Loss: 0.0134
418 Epoch [19/70], Iteration [16/21], Loss: 0.0146
419 Epoch [19/70], Iteration [17/21], Loss: 0.0059
420 Epoch [19/70], Iteration [18/21], Loss: 0.0316
421 Epoch [19/70], Iteration [19/21], Loss: 0.0054
422 Epoch [19/70], Iteration [20/21], Loss: 0.0200
423 Epoch [19/70], Iteration [21/21], Loss: 0.0102
424 Accuracy: 0.98%
425 Epoch [20/70], Iteration [1/21], Loss: 0.0103
426 Epoch [20/70], Iteration [2/21], Loss: 0.0087
427 Epoch [20/70], Iteration [3/21], Loss: 0.0027
428 Epoch [20/70], Iteration [4/21], Loss: 0.0036
429 Epoch [20/70], Iteration [5/21], Loss: 0.0111
430 Epoch [20/70], Iteration [6/21], Loss: 0.0130
431 Epoch [20/70], Iteration [7/21], Loss: 0.0038
432 Epoch [20/70], Iteration [8/21], Loss: 0.0058
433 Epoch [20/70], Iteration [9/21], Loss: 0.0047
434 Epoch [20/70], Iteration [10/21], Loss: 0.0076
435 Epoch [20/70], Iteration [11/21], Loss: 0.0033
436 Epoch [20/70], Iteration [12/21], Loss: 0.0041
437 Epoch [20/70], Iteration [13/21], Loss: 0.0041
438 Epoch [20/70], Iteration [14/21], Loss: 0.0024
439 Epoch [20/70], Iteration [15/21], Loss: 0.0114
440 Epoch [20/70], Iteration [16/21], Loss: 0.0020
441 Epoch [20/70], Iteration [17/21], Loss: 0.0023
442 Epoch [20/70], Iteration [18/21], Loss: 0.0135
443 Epoch [20/70], Iteration [19/21], Loss: 0.0059
444 Epoch [20/70], Iteration [20/21], Loss: 0.0028
445 Epoch [20/70], Iteration [21/21], Loss: 0.0044
446 Accuracy: 0.98%
447 Epoch [21/70], Iteration [1/21], Loss: 0.0038
448 Epoch [21/70], Iteration [2/21], Loss: 0.0029
449 Epoch [21/70], Iteration [3/21], Loss: 0.0034
450 Epoch [21/70], Iteration [4/21], Loss: 0.0078
451 Epoch [21/70], Iteration [5/21], Loss: 0.0019
452 Epoch [21/70], Iteration [6/21], Loss: 0.0010
453 Epoch [21/70], Iteration [7/21], Loss: 0.0009
454 Epoch [21/70], Iteration [8/21], Loss: 0.0073
455 Epoch [21/70], Iteration [9/21], Loss: 0.0021
456 Epoch [21/70], Iteration [10/21], Loss: 0.0008
457 Epoch [21/70], Iteration [11/21], Loss: 0.0025
458 Epoch [21/70], Iteration [12/21], Loss: 0.0023
459 Epoch [21/70], Iteration [13/21], Loss: 0.0007
460 Epoch [21/70], Iteration [14/21], Loss: 0.0092
461 Epoch [21/70], Iteration [15/21], Loss: 0.0009
462 Epoch [21/70], Iteration [16/21], Loss: 0.0019
463 Epoch [21/70], Iteration [17/21], Loss: 0.0030
464 Epoch [21/70], Iteration [18/21], Loss: 0.0013
465 Epoch [21/70], Iteration [19/21], Loss: 0.0062
466 Epoch [21/70], Iteration [20/21], Loss: 0.0101
467 Epoch [21/70], Iteration [21/21], Loss: 0.0064
468 Accuracy: 0.97%
469 Epoch [22/70], Iteration [1/21], Loss: 0.0114
470 Epoch [22/70], Iteration [2/21], Loss: 0.0014
471 Epoch [22/70], Iteration [3/21], Loss: 0.0015
472 Epoch [22/70], Iteration [4/21], Loss: 0.0011
473 Epoch [22/70], Iteration [5/21], Loss: 0.0005
474 Epoch [22/70], Iteration [6/21], Loss: 0.0012
475 Epoch [22/70], Iteration [7/21], Loss: 0.0008
476 Epoch [22/70], Iteration [8/21], Loss: 0.0035
477 Epoch [22/70], Iteration [9/21], Loss: 0.0056
478 Epoch [22/70], Iteration [10/21], Loss: 0.0016
479 Epoch [22/70], Iteration [11/21], Loss: 0.0011
480 Epoch [22/70], Iteration [12/21], Loss: 0.0011
481 Epoch [22/70], Iteration [13/21], Loss: 0.0007
482 Epoch [22/70], Iteration [14/21], Loss: 0.0006
483 Epoch [22/70], Iteration [15/21], Loss: 0.0006
484 Epoch [22/70], Iteration [16/21], Loss: 0.0012
485 Epoch [22/70], Iteration [17/21], Loss: 0.0010
486 Epoch [22/70], Iteration [18/21], Loss: 0.0008
487 Epoch [22/70], Iteration [19/21], Loss: 0.0048
488 Epoch [22/70], Iteration [20/21], Loss: 0.0006
489 Epoch [22/70], Iteration [21/21], Loss: 0.0006
490 Accuracy: 0.98%
491 Epoch [23/70], Iteration [1/21], Loss: 0.0008
492 Epoch [23/70], Iteration [2/21], Loss: 0.0023
493 Epoch [23/70], Iteration [3/21], Loss: 0.0008
494 Epoch [23/70], Iteration [4/21], Loss: 0.0016
495 Epoch [23/70], Iteration [5/21], Loss: 0.0010
496 Epoch [23/70], Iteration [6/21], Loss: 0.0008
497 Epoch [23/70], Iteration [7/21], Loss: 0.0008
498 Epoch [23/70], Iteration [8/21], Loss: 0.0212
499 Epoch [23/70], Iteration [9/21], Loss: 0.0005
500 Epoch [23/70], Iteration [10/21], Loss: 0.0010
501 Epoch [23/70], Iteration [11/21], Loss: 0.0008
502 Epoch [23/70], Iteration [12/21], Loss: 0.0026
503 Epoch [23/70], Iteration [13/21], Loss: 0.0011
504 Epoch [23/70], Iteration [14/21], Loss: 0.0005
505 Epoch [23/70], Iteration [15/21], Loss: 0.0006
506 Epoch [23/70], Iteration [16/21], Loss: 0.0006
507 Epoch [23/70], Iteration [17/21], Loss: 0.0010
508 Epoch [23/70], Iteration [18/21], Loss: 0.0008
509 Epoch [23/70], Iteration [19/21], Loss: 0.0073
510 Epoch [23/70], Iteration [20/21], Loss: 0.0013
511 Epoch [23/70], Iteration [21/21], Loss: 0.0033
512 Accuracy: 0.98%
513 Epoch [24/70], Iteration [1/21], Loss: 0.0009
514 Epoch [24/70], Iteration [2/21], Loss: 0.0006
515 Epoch [24/70], Iteration [3/21], Loss: 0.0005
516 Epoch [24/70], Iteration [4/21], Loss: 0.0005
517 Epoch [24/70], Iteration [5/21], Loss: 0.0005
518 Epoch [24/70], Iteration [6/21], Loss: 0.0006
519 Epoch [24/70], Iteration [7/21], Loss: 0.0009
520 Epoch [24/70], Iteration [8/21], Loss: 0.0005
521 Epoch [24/70], Iteration [9/21], Loss: 0.0007
522 Epoch [24/70], Iteration [10/21], Loss: 0.0015
523 Epoch [24/70], Iteration [11/21], Loss: 0.0028
524 Epoch [24/70], Iteration [12/21], Loss: 0.0005
525 Epoch [24/70], Iteration [13/21], Loss: 0.0008
526 Epoch [24/70], Iteration [14/21], Loss: 0.0008
527 Epoch [24/70], Iteration [15/21], Loss: 0.0007
528 Epoch [24/70], Iteration [16/21], Loss: 0.0004
529 Epoch [24/70], Iteration [17/21], Loss: 0.0006
530 Epoch [24/70], Iteration [18/21], Loss: 0.0025
531 Epoch [24/70], Iteration [19/21], Loss: 0.0013
532 Epoch [24/70], Iteration [20/21], Loss: 0.0066
533 Epoch [24/70], Iteration [21/21], Loss: 0.0103
534 Accuracy: 0.98%
535 Epoch [25/70], Iteration [1/21], Loss: 0.0008
536 Epoch [25/70], Iteration [2/21], Loss: 0.0008
537 Epoch [25/70], Iteration [3/21], Loss: 0.0012
538 Epoch [25/70], Iteration [4/21], Loss: 0.0019
539 Epoch [25/70], Iteration [5/21], Loss: 0.0016
540 Epoch [25/70], Iteration [6/21], Loss: 0.0006
541 Epoch [25/70], Iteration [7/21], Loss: 0.0007
542 Epoch [25/70], Iteration [8/21], Loss: 0.0012
543 Epoch [25/70], Iteration [9/21], Loss: 0.0007
544 Epoch [25/70], Iteration [10/21], Loss: 0.0048
545 Epoch [25/70], Iteration [11/21], Loss: 0.0005
546 Epoch [25/70], Iteration [12/21], Loss: 0.0004
547 Epoch [25/70], Iteration [13/21], Loss: 0.0008
548 Epoch [25/70], Iteration [14/21], Loss: 0.0006
549 Epoch [25/70], Iteration [15/21], Loss: 0.0006
550 Epoch [25/70], Iteration [16/21], Loss: 0.0002
551 Epoch [25/70], Iteration [17/21], Loss: 0.0009
552 Epoch [25/70], Iteration [18/21], Loss: 0.0008
553 Epoch [25/70], Iteration [19/21], Loss: 0.0005
554 Epoch [25/70], Iteration [20/21], Loss: 0.0006
555 Epoch [25/70], Iteration [21/21], Loss: 2.4003
556 Accuracy: 0.98%
557 Epoch [26/70], Iteration [1/21], Loss: 0.0010
558 Epoch [26/70], Iteration [2/21], Loss: 0.0040
559 Epoch [26/70], Iteration [3/21], Loss: 0.0037
560 Epoch [26/70], Iteration [4/21], Loss: 0.0163
561 Epoch [26/70], Iteration [5/21], Loss: 0.0156
562 Epoch [26/70], Iteration [6/21], Loss: 0.0292
563 Epoch [26/70], Iteration [7/21], Loss: 0.0391
564 Epoch [26/70], Iteration [8/21], Loss: 0.0256
565 Epoch [26/70], Iteration [9/21], Loss: 0.0279
566 Epoch [26/70], Iteration [10/21], Loss: 0.0207
567 Epoch [26/70], Iteration [11/21], Loss: 0.0365
568 Epoch [26/70], Iteration [12/21], Loss: 0.0497
569 Epoch [26/70], Iteration [13/21], Loss: 0.0305
570 Epoch [26/70], Iteration [14/21], Loss: 0.0263
571 Epoch [26/70], Iteration [15/21], Loss: 0.0333
572 Epoch [26/70], Iteration [16/21], Loss: 0.0298
573 Epoch [26/70], Iteration [17/21], Loss: 0.0250
574 Epoch [26/70], Iteration [18/21], Loss: 0.0198
575 Epoch [26/70], Iteration [19/21], Loss: 0.0224
576 Epoch [26/70], Iteration [20/21], Loss: 0.0377
577 Epoch [26/70], Iteration [21/21], Loss: 0.0095
578 Accuracy: 0.98%
579 Epoch [27/70], Iteration [1/21], Loss: 0.0065
580 Epoch [27/70], Iteration [2/21], Loss: 0.0081
581 Epoch [27/70], Iteration [3/21], Loss: 0.0154
582 Epoch [27/70], Iteration [4/21], Loss: 0.0151
583 Epoch [27/70], Iteration [5/21], Loss: 0.0056
584 Epoch [27/70], Iteration [6/21], Loss: 0.0071
585 Epoch [27/70], Iteration [7/21], Loss: 0.0042
586 Epoch [27/70], Iteration [8/21], Loss: 0.0075
587 Epoch [27/70], Iteration [9/21], Loss: 0.0070
588 Epoch [27/70], Iteration [10/21], Loss: 0.0074
589 Epoch [27/70], Iteration [11/21], Loss: 0.0024
590 Epoch [27/70], Iteration [12/21], Loss: 0.0026
591 Epoch [27/70], Iteration [13/21], Loss: 0.0034
592 Epoch [27/70], Iteration [14/21], Loss: 0.0030
593 Epoch [27/70], Iteration [15/21], Loss: 0.0060
594 Epoch [27/70], Iteration [16/21], Loss: 0.0042
595 Epoch [27/70], Iteration [17/21], Loss: 0.0024
596 Epoch [27/70], Iteration [18/21], Loss: 0.0072
597 Epoch [27/70], Iteration [19/21], Loss: 0.0017
598 Epoch [27/70], Iteration [20/21], Loss: 0.0044
599 Epoch [27/70], Iteration [21/21], Loss: 0.0109
600 Accuracy: 0.98%
601 Epoch [28/70], Iteration [1/21], Loss: 0.0016
602 Epoch [28/70], Iteration [2/21], Loss: 0.0015
603 Epoch [28/70], Iteration [3/21], Loss: 0.0022
604 Epoch [28/70], Iteration [4/21], Loss: 0.0017
605 Epoch [28/70], Iteration [5/21], Loss: 0.0016
606 Epoch [28/70], Iteration [6/21], Loss: 0.0012
607 Epoch [28/70], Iteration [7/21], Loss: 0.0019
608 Epoch [28/70], Iteration [8/21], Loss: 0.0012
609 Epoch [28/70], Iteration [9/21], Loss: 0.0014
610 Epoch [28/70], Iteration [10/21], Loss: 0.0020
611 Epoch [28/70], Iteration [11/21], Loss: 0.0008
612 Epoch [28/70], Iteration [12/21], Loss: 0.0011
613 Epoch [28/70], Iteration [13/21], Loss: 0.0010
614 Epoch [28/70], Iteration [14/21], Loss: 0.0012
615 Epoch [28/70], Iteration [15/21], Loss: 0.0024
616 Epoch [28/70], Iteration [16/21], Loss: 0.0020
617 Epoch [28/70], Iteration [17/21], Loss: 0.0010
618 Epoch [28/70], Iteration [18/21], Loss: 0.0013
619 Epoch [28/70], Iteration [19/21], Loss: 0.0024
620 Epoch [28/70], Iteration [20/21], Loss: 0.0007
621 Epoch [28/70], Iteration [21/21], Loss: 0.2910
622 Accuracy: 0.98%
623 Epoch [29/70], Iteration [1/21], Loss: 0.0020
624 Epoch [29/70], Iteration [2/21], Loss: 0.0013
625 Epoch [29/70], Iteration [3/21], Loss: 0.0018
626 Epoch [29/70], Iteration [4/21], Loss: 0.0247
627 Epoch [29/70], Iteration [5/21], Loss: 0.0072
628 Epoch [29/70], Iteration [6/21], Loss: 0.0036
629 Epoch [29/70], Iteration [7/21], Loss: 0.0057
630 Epoch [29/70], Iteration [8/21], Loss: 0.0044
631 Epoch [29/70], Iteration [9/21], Loss: 0.0159
632 Epoch [29/70], Iteration [10/21], Loss: 0.0078
633 Epoch [29/70], Iteration [11/21], Loss: 0.0082
634 Epoch [29/70], Iteration [12/21], Loss: 0.2375
635 Epoch [29/70], Iteration [13/21], Loss: 0.0137
636 Epoch [29/70], Iteration [14/21], Loss: 0.0084
637 Epoch [29/70], Iteration [15/21], Loss: 0.0066
638 Epoch [29/70], Iteration [16/21], Loss: 0.0255
639 Epoch [29/70], Iteration [17/21], Loss: 0.0131
640 Epoch [29/70], Iteration [18/21], Loss: 0.0377
641 Epoch [29/70], Iteration [19/21], Loss: 0.0442
642 Epoch [29/70], Iteration [20/21], Loss: 0.1399
643 Epoch [29/70], Iteration [21/21], Loss: 0.0054
644 Accuracy: 0.96%
645 Epoch [30/70], Iteration [1/21], Loss: 0.0257
646 Epoch [30/70], Iteration [2/21], Loss: 0.0145
647 Epoch [30/70], Iteration [3/21], Loss: 0.0057
648 Epoch [30/70], Iteration [4/21], Loss: 0.0911
649 Epoch [30/70], Iteration [5/21], Loss: 0.0068
650 Epoch [30/70], Iteration [6/21], Loss: 0.0052
651 Epoch [30/70], Iteration [7/21], Loss: 0.0142
652 Epoch [30/70], Iteration [8/21], Loss: 0.0163
653 Epoch [30/70], Iteration [9/21], Loss: 0.0071
654 Epoch [30/70], Iteration [10/21], Loss: 0.0176
655 Epoch [30/70], Iteration [11/21], Loss: 0.0236
656 Epoch [30/70], Iteration [12/21], Loss: 0.0063
657 Epoch [30/70], Iteration [13/21], Loss: 0.0448
658 Epoch [30/70], Iteration [14/21], Loss: 0.0060
659 Epoch [30/70], Iteration [15/21], Loss: 0.0035
660 Epoch [30/70], Iteration [16/21], Loss: 0.0057
661 Epoch [30/70], Iteration [17/21], Loss: 0.0075
662 Epoch [30/70], Iteration [18/21], Loss: 0.0084
663 Epoch [30/70], Iteration [19/21], Loss: 0.0036
664 Epoch [30/70], Iteration [20/21], Loss: 0.0085
665 Epoch [30/70], Iteration [21/21], Loss: 0.3890
666 Accuracy: 0.98%
667 Epoch [31/70], Iteration [1/21], Loss: 0.0033
668 Epoch [31/70], Iteration [2/21], Loss: 0.0041
669 Epoch [31/70], Iteration [3/21], Loss: 0.0064
670 Epoch [31/70], Iteration [4/21], Loss: 0.0065
671 Epoch [31/70], Iteration [5/21], Loss: 0.0289
672 Epoch [31/70], Iteration [6/21], Loss: 0.0123
673 Epoch [31/70], Iteration [7/21], Loss: 0.0165
674 Epoch [31/70], Iteration [8/21], Loss: 0.0135
675 Epoch [31/70], Iteration [9/21], Loss: 0.0250
676 Epoch [31/70], Iteration [10/21], Loss: 0.0372
677 Epoch [31/70], Iteration [11/21], Loss: 0.0211
678 Epoch [31/70], Iteration [12/21], Loss: 0.0287
679 Epoch [31/70], Iteration [13/21], Loss: 0.0211
680 Epoch [31/70], Iteration [14/21], Loss: 0.0430
681 Epoch [31/70], Iteration [15/21], Loss: 0.0219
682 Epoch [31/70], Iteration [16/21], Loss: 0.0061
683 Epoch [31/70], Iteration [17/21], Loss: 0.0711
684 Epoch [31/70], Iteration [18/21], Loss: 0.0105
685 Epoch [31/70], Iteration [19/21], Loss: 0.0221
686 Epoch [31/70], Iteration [20/21], Loss: 0.0068
687 Epoch [31/70], Iteration [21/21], Loss: 0.0484
688 Accuracy: 0.98%
689 Epoch [32/70], Iteration [1/21], Loss: 0.0151
690 Epoch [32/70], Iteration [2/21], Loss: 0.0035
691 Epoch [32/70], Iteration [3/21], Loss: 0.0041
692 Epoch [32/70], Iteration [4/21], Loss: 0.0038
693 Epoch [32/70], Iteration [5/21], Loss: 0.0277
694 Epoch [32/70], Iteration [6/21], Loss: 0.0053
695 Epoch [32/70], Iteration [7/21], Loss: 0.0100
696 Epoch [32/70], Iteration [8/21], Loss: 0.0149
697 Epoch [32/70], Iteration [9/21], Loss: 0.0026
698 Epoch [32/70], Iteration [10/21], Loss: 0.0022
699 Epoch [32/70], Iteration [11/21], Loss: 0.0020
700 Epoch [32/70], Iteration [12/21], Loss: 0.0015
701 Epoch [32/70], Iteration [13/21], Loss: 0.0021
702 Epoch [32/70], Iteration [14/21], Loss: 0.0019
703 Epoch [32/70], Iteration [15/21], Loss: 0.0027
704 Epoch [32/70], Iteration [16/21], Loss: 0.0024
705 Epoch [32/70], Iteration [17/21], Loss: 0.0484
706 Epoch [32/70], Iteration [18/21], Loss: 0.0019
707 Epoch [32/70], Iteration [19/21], Loss: 0.0096
708 Epoch [32/70], Iteration [20/21], Loss: 0.0246
709 Epoch [32/70], Iteration [21/21], Loss: 0.0017
710 Accuracy: 0.98%
711 Epoch [33/70], Iteration [1/21], Loss: 0.0039
712 Epoch [33/70], Iteration [2/21], Loss: 0.0058
713 Epoch [33/70], Iteration [3/21], Loss: 0.0019
714 Epoch [33/70], Iteration [4/21], Loss: 0.0008
715 Epoch [33/70], Iteration [5/21], Loss: 0.0017
716 Epoch [33/70], Iteration [6/21], Loss: 0.0034
717 Epoch [33/70], Iteration [7/21], Loss: 0.0013
718 Epoch [33/70], Iteration [8/21], Loss: 0.0010
719 Epoch [33/70], Iteration [9/21], Loss: 0.0008
720 Epoch [33/70], Iteration [10/21], Loss: 0.0014
721 Epoch [33/70], Iteration [11/21], Loss: 0.0010
722 Epoch [33/70], Iteration [12/21], Loss: 0.0005
723 Epoch [33/70], Iteration [13/21], Loss: 0.0019
724 Epoch [33/70], Iteration [14/21], Loss: 0.0013
725 Epoch [33/70], Iteration [15/21], Loss: 0.0013
726 Epoch [33/70], Iteration [16/21], Loss: 0.0016
727 Epoch [33/70], Iteration [17/21], Loss: 0.0017
728 Epoch [33/70], Iteration [18/21], Loss: 0.0042
729 Epoch [33/70], Iteration [19/21], Loss: 0.0036
730 Epoch [33/70], Iteration [20/21], Loss: 0.0008
731 Epoch [33/70], Iteration [21/21], Loss: 0.0010
732 Accuracy: 0.98%
733 Epoch [34/70], Iteration [1/21], Loss: 0.0017
734 Epoch [34/70], Iteration [2/21], Loss: 0.0006
735 Epoch [34/70], Iteration [3/21], Loss: 0.0004
736 Epoch [34/70], Iteration [4/21], Loss: 0.0006
737 Epoch [34/70], Iteration [5/21], Loss: 0.0008
738 Epoch [34/70], Iteration [6/21], Loss: 0.0007
739 Epoch [34/70], Iteration [7/21], Loss: 0.0010
740 Epoch [34/70], Iteration [8/21], Loss: 0.0009
741 Epoch [34/70], Iteration [9/21], Loss: 0.0011
742 Epoch [34/70], Iteration [10/21], Loss: 0.0007
743 Epoch [34/70], Iteration [11/21], Loss: 0.0006
744 Epoch [34/70], Iteration [12/21], Loss: 0.0013
745 Epoch [34/70], Iteration [13/21], Loss: 0.0012
746 Epoch [34/70], Iteration [14/21], Loss: 0.0037
747 Epoch [34/70], Iteration [15/21], Loss: 0.0006
748 Epoch [34/70], Iteration [16/21], Loss: 0.0007
749 Epoch [34/70], Iteration [17/21], Loss: 0.0012
750 Epoch [34/70], Iteration [18/21], Loss: 0.0008
751 Epoch [34/70], Iteration [19/21], Loss: 0.0005
752 Epoch [34/70], Iteration [20/21], Loss: 0.0009
753 Epoch [34/70], Iteration [21/21], Loss: 0.0061
754 Accuracy: 0.98%
755 Epoch [35/70], Iteration [1/21], Loss: 0.0006
756 Epoch [35/70], Iteration [2/21], Loss: 0.0006
757 Epoch [35/70], Iteration [3/21], Loss: 0.0005
758 Epoch [35/70], Iteration [4/21], Loss: 0.0038
759 Epoch [35/70], Iteration [5/21], Loss: 0.0005
760 Epoch [35/70], Iteration [6/21], Loss: 0.0006
761 Epoch [35/70], Iteration [7/21], Loss: 0.0004
762 Epoch [35/70], Iteration [8/21], Loss: 0.0017
763 Epoch [35/70], Iteration [9/21], Loss: 0.0011
764 Epoch [35/70], Iteration [10/21], Loss: 0.0018
765 Epoch [35/70], Iteration [11/21], Loss: 0.0008
766 Epoch [35/70], Iteration [12/21], Loss: 0.0005
767 Epoch [35/70], Iteration [13/21], Loss: 0.0005
768 Epoch [35/70], Iteration [14/21], Loss: 0.0005
769 Epoch [35/70], Iteration [15/21], Loss: 0.0005
770 Epoch [35/70], Iteration [16/21], Loss: 0.0004
771 Epoch [35/70], Iteration [17/21], Loss: 0.0004
772 Epoch [35/70], Iteration [18/21], Loss: 0.0003
773 Epoch [35/70], Iteration [19/21], Loss: 0.0003
774 Epoch [35/70], Iteration [20/21], Loss: 0.0004
775 Epoch [35/70], Iteration [21/21], Loss: 0.0016
776 Accuracy: 0.98%
777 Epoch [36/70], Iteration [1/21], Loss: 0.0003
778 Epoch [36/70], Iteration [2/21], Loss: 0.0004
779 Epoch [36/70], Iteration [3/21], Loss: 0.0005
780 Epoch [36/70], Iteration [4/21], Loss: 0.0005
781 Epoch [36/70], Iteration [5/21], Loss: 0.0005
782 Epoch [36/70], Iteration [6/21], Loss: 0.0004
783 Epoch [36/70], Iteration [7/21], Loss: 0.0005
784 Epoch [36/70], Iteration [8/21], Loss: 0.0006
785 Epoch [36/70], Iteration [9/21], Loss: 0.0003
786 Epoch [36/70], Iteration [10/21], Loss: 0.0002
787 Epoch [36/70], Iteration [11/21], Loss: 0.0003
788 Epoch [36/70], Iteration [12/21], Loss: 0.0003
789 Epoch [36/70], Iteration [13/21], Loss: 0.0007
790 Epoch [36/70], Iteration [14/21], Loss: 0.0005
791 Epoch [36/70], Iteration [15/21], Loss: 0.0007
792 Epoch [36/70], Iteration [16/21], Loss: 0.0005
793 Epoch [36/70], Iteration [17/21], Loss: 0.0005
794 Epoch [36/70], Iteration [18/21], Loss: 0.0006
795 Epoch [36/70], Iteration [19/21], Loss: 0.0004
796 Epoch [36/70], Iteration [20/21], Loss: 0.0012
797 Epoch [36/70], Iteration [21/21], Loss: 0.5410
798 Accuracy: 0.98%
799 Epoch [37/70], Iteration [1/21], Loss: 0.0008
800 Epoch [37/70], Iteration [2/21], Loss: 0.0003
801 Epoch [37/70], Iteration [3/21], Loss: 0.0011
802 Epoch [37/70], Iteration [4/21], Loss: 0.0010
803 Epoch [37/70], Iteration [5/21], Loss: 0.0132
804 Epoch [37/70], Iteration [6/21], Loss: 0.0046
805 Epoch [37/70], Iteration [7/21], Loss: 0.0029
806 Epoch [37/70], Iteration [8/21], Loss: 0.0194
807 Epoch [37/70], Iteration [9/21], Loss: 0.0028
808 Epoch [37/70], Iteration [10/21], Loss: 0.0207
809 Epoch [37/70], Iteration [11/21], Loss: 0.0095
810 Epoch [37/70], Iteration [12/21], Loss: 0.0588
811 Epoch [37/70], Iteration [13/21], Loss: 0.0072
812 Epoch [37/70], Iteration [14/21], Loss: 0.0330
813 Epoch [37/70], Iteration [15/21], Loss: 0.0802
814 Epoch [37/70], Iteration [16/21], Loss: 0.0023
815 Epoch [37/70], Iteration [17/21], Loss: 0.0141
816 Epoch [37/70], Iteration [18/21], Loss: 0.0071
817 Epoch [37/70], Iteration [19/21], Loss: 0.0085
818 Epoch [37/70], Iteration [20/21], Loss: 0.0409
819 Epoch [37/70], Iteration [21/21], Loss: 0.0311
820 Accuracy: 0.98%
821 Epoch [38/70], Iteration [1/21], Loss: 0.0096
822 Epoch [38/70], Iteration [2/21], Loss: 0.0023
823 Epoch [38/70], Iteration [3/21], Loss: 0.0049
824 Epoch [38/70], Iteration [4/21], Loss: 0.0031
825 Epoch [38/70], Iteration [5/21], Loss: 0.0041
826 Epoch [38/70], Iteration [6/21], Loss: 0.0034
827 Epoch [38/70], Iteration [7/21], Loss: 0.0522
828 Epoch [38/70], Iteration [8/21], Loss: 0.0010
829 Epoch [38/70], Iteration [9/21], Loss: 0.0019
830 Epoch [38/70], Iteration [10/21], Loss: 0.0021
831 Epoch [38/70], Iteration [11/21], Loss: 0.0314
832 Epoch [38/70], Iteration [12/21], Loss: 0.0142
833 Epoch [38/70], Iteration [13/21], Loss: 0.0020
834 Epoch [38/70], Iteration [14/21], Loss: 0.0015
835 Epoch [38/70], Iteration [15/21], Loss: 0.0018
836 Epoch [38/70], Iteration [16/21], Loss: 0.0016
837 Epoch [38/70], Iteration [17/21], Loss: 0.0016
838 Epoch [38/70], Iteration [18/21], Loss: 0.0007
839 Epoch [38/70], Iteration [19/21], Loss: 0.0103
840 Epoch [38/70], Iteration [20/21], Loss: 0.0017
841 Epoch [38/70], Iteration [21/21], Loss: 0.2078
842 Accuracy: 0.99%
843 Epoch [39/70], Iteration [1/21], Loss: 0.0006
844 Epoch [39/70], Iteration [2/21], Loss: 0.0007
845 Epoch [39/70], Iteration [3/21], Loss: 0.0005
846 Epoch [39/70], Iteration [4/21], Loss: 0.0005
847 Epoch [39/70], Iteration [5/21], Loss: 0.0013
848 Epoch [39/70], Iteration [6/21], Loss: 0.0071
849 Epoch [39/70], Iteration [7/21], Loss: 0.0027
850 Epoch [39/70], Iteration [8/21], Loss: 0.0011
851 Epoch [39/70], Iteration [9/21], Loss: 0.0088
852 Epoch [39/70], Iteration [10/21], Loss: 0.0175
853 Epoch [39/70], Iteration [11/21], Loss: 0.0050
854 Epoch [39/70], Iteration [12/21], Loss: 0.0010
855 Epoch [39/70], Iteration [13/21], Loss: 0.0016
856 Epoch [39/70], Iteration [14/21], Loss: 0.0007
857 Epoch [39/70], Iteration [15/21], Loss: 0.0053
858 Epoch [39/70], Iteration [16/21], Loss: 0.0050
859 Epoch [39/70], Iteration [17/21], Loss: 0.0008
860 Epoch [39/70], Iteration [18/21], Loss: 0.0007
861 Epoch [39/70], Iteration [19/21], Loss: 0.0010
862 Epoch [39/70], Iteration [20/21], Loss: 0.0035
863 Epoch [39/70], Iteration [21/21], Loss: 0.0491
864 Accuracy: 0.98%
865 Epoch [40/70], Iteration [1/21], Loss: 0.0004
866 Epoch [40/70], Iteration [2/21], Loss: 0.0013
867 Epoch [40/70], Iteration [3/21], Loss: 0.0005
868 Epoch [40/70], Iteration [4/21], Loss: 0.0018
869 Epoch [40/70], Iteration [5/21], Loss: 0.0027
870 Epoch [40/70], Iteration [6/21], Loss: 0.0012
871 Epoch [40/70], Iteration [7/21], Loss: 0.0003
872 Epoch [40/70], Iteration [8/21], Loss: 0.0256
873 Epoch [40/70], Iteration [9/21], Loss: 0.0004
874 Epoch [40/70], Iteration [10/21], Loss: 0.0012
875 Epoch [40/70], Iteration [11/21], Loss: 0.0004
876 Epoch [40/70], Iteration [12/21], Loss: 0.0006
877 Epoch [40/70], Iteration [13/21], Loss: 0.0014
878 Epoch [40/70], Iteration [14/21], Loss: 0.0017
879 Epoch [40/70], Iteration [15/21], Loss: 0.0073
880 Epoch [40/70], Iteration [16/21], Loss: 0.0004
881 Epoch [40/70], Iteration [17/21], Loss: 0.0023
882 Epoch [40/70], Iteration [18/21], Loss: 0.0012
883 Epoch [40/70], Iteration [19/21], Loss: 0.0016
884 Epoch [40/70], Iteration [20/21], Loss: 0.0005
885 Epoch [40/70], Iteration [21/21], Loss: 0.0004
886 Accuracy: 0.98%
887 Epoch [41/70], Iteration [1/21], Loss: 0.0021
888 Epoch [41/70], Iteration [2/21], Loss: 0.0006
889 Epoch [41/70], Iteration [3/21], Loss: 0.0015
890 Epoch [41/70], Iteration [4/21], Loss: 0.0004
891 Epoch [41/70], Iteration [5/21], Loss: 0.0002
892 Epoch [41/70], Iteration [6/21], Loss: 0.0014
893 Epoch [41/70], Iteration [7/21], Loss: 0.0005
894 Epoch [41/70], Iteration [8/21], Loss: 0.0003
895 Epoch [41/70], Iteration [9/21], Loss: 0.0003
896 Epoch [41/70], Iteration [10/21], Loss: 0.0002
897 Epoch [41/70], Iteration [11/21], Loss: 0.0008
898 Epoch [41/70], Iteration [12/21], Loss: 0.0002
899 Epoch [41/70], Iteration [13/21], Loss: 0.0010
900 Epoch [41/70], Iteration [14/21], Loss: 0.0002
901 Epoch [41/70], Iteration [15/21], Loss: 0.0002
902 Epoch [41/70], Iteration [16/21], Loss: 0.0008
903 Epoch [41/70], Iteration [17/21], Loss: 0.0003
904 Epoch [41/70], Iteration [18/21], Loss: 0.0009
905 Epoch [41/70], Iteration [19/21], Loss: 0.0002
906 Epoch [41/70], Iteration [20/21], Loss: 0.0003
907 Epoch [41/70], Iteration [21/21], Loss: 0.0006
908 Accuracy: 0.98%
909 Epoch [42/70], Iteration [1/21], Loss: 0.0008
910 Epoch [42/70], Iteration [2/21], Loss: 0.0005
911 Epoch [42/70], Iteration [3/21], Loss: 0.0006
912 Epoch [42/70], Iteration [4/21], Loss: 0.0001
913 Epoch [42/70], Iteration [5/21], Loss: 0.0002
914 Epoch [42/70], Iteration [6/21], Loss: 0.0007
915 Epoch [42/70], Iteration [7/21], Loss: 0.0005
916 Epoch [42/70], Iteration [8/21], Loss: 0.0006
917 Epoch [42/70], Iteration [9/21], Loss: 0.0005
918 Epoch [42/70], Iteration [10/21], Loss: 0.0002
919 Epoch [42/70], Iteration [11/21], Loss: 0.0007
920 Epoch [42/70], Iteration [12/21], Loss: 0.0003
921 Epoch [42/70], Iteration [13/21], Loss: 0.0001
922 Epoch [42/70], Iteration [14/21], Loss: 0.0012
923 Epoch [42/70], Iteration [15/21], Loss: 0.0004
924 Epoch [42/70], Iteration [16/21], Loss: 0.0008
925 Epoch [42/70], Iteration [17/21], Loss: 0.0002
926 Epoch [42/70], Iteration [18/21], Loss: 0.0005
927 Epoch [42/70], Iteration [19/21], Loss: 0.0004
928 Epoch [42/70], Iteration [20/21], Loss: 0.0004
929 Epoch [42/70], Iteration [21/21], Loss: 0.2034
930 Accuracy: 0.98%
931 Epoch [43/70], Iteration [1/21], Loss: 0.0003
932 Epoch [43/70], Iteration [2/21], Loss: 0.0005
933 Epoch [43/70], Iteration [3/21], Loss: 0.0009
934 Epoch [43/70], Iteration [4/21], Loss: 0.0007
935 Epoch [43/70], Iteration [5/21], Loss: 0.0025
936 Epoch [43/70], Iteration [6/21], Loss: 0.0664
937 Epoch [43/70], Iteration [7/21], Loss: 0.0289
938 Epoch [43/70], Iteration [8/21], Loss: 0.0071
939 Epoch [43/70], Iteration [9/21], Loss: 0.0034
940 Epoch [43/70], Iteration [10/21], Loss: 0.0277
941 Epoch [43/70], Iteration [11/21], Loss: 0.0328
942 Epoch [43/70], Iteration [12/21], Loss: 0.0028
943 Epoch [43/70], Iteration [13/21], Loss: 0.0025
944 Epoch [43/70], Iteration [14/21], Loss: 0.0036
945 Epoch [43/70], Iteration [15/21], Loss: 0.0037
946 Epoch [43/70], Iteration [16/21], Loss: 0.0068
947 Epoch [43/70], Iteration [17/21], Loss: 0.0034
948 Epoch [43/70], Iteration [18/21], Loss: 0.0065
949 Epoch [43/70], Iteration [19/21], Loss: 0.0013
950 Epoch [43/70], Iteration [20/21], Loss: 0.0041
951 Epoch [43/70], Iteration [21/21], Loss: 0.0035
952 Accuracy: 0.97%
953 Epoch [44/70], Iteration [1/21], Loss: 0.0052
954 Epoch [44/70], Iteration [2/21], Loss: 0.0028
955 Epoch [44/70], Iteration [3/21], Loss: 0.0040
956 Epoch [44/70], Iteration [4/21], Loss: 0.0063
957 Epoch [44/70], Iteration [5/21], Loss: 0.0028
958 Epoch [44/70], Iteration [6/21], Loss: 0.0048
959 Epoch [44/70], Iteration [7/21], Loss: 0.0015
960 Epoch [44/70], Iteration [8/21], Loss: 0.0010
961 Epoch [44/70], Iteration [9/21], Loss: 0.0043
962 Epoch [44/70], Iteration [10/21], Loss: 0.0021
963 Epoch [44/70], Iteration [11/21], Loss: 0.0021
964 Epoch [44/70], Iteration [12/21], Loss: 0.0020
965 Epoch [44/70], Iteration [13/21], Loss: 0.0058
966 Epoch [44/70], Iteration [14/21], Loss: 0.0189
967 Epoch [44/70], Iteration [15/21], Loss: 0.0016
968 Epoch [44/70], Iteration [16/21], Loss: 0.0012
969 Epoch [44/70], Iteration [17/21], Loss: 0.0014
970 Epoch [44/70], Iteration [18/21], Loss: 0.0011
971 Epoch [44/70], Iteration [19/21], Loss: 0.0009
972 Epoch [44/70], Iteration [20/21], Loss: 0.0013
973 Epoch [44/70], Iteration [21/21], Loss: 0.0184
974 Accuracy: 0.98%
975 Epoch [45/70], Iteration [1/21], Loss: 0.0011
976 Epoch [45/70], Iteration [2/21], Loss: 0.0009
977 Epoch [45/70], Iteration [3/21], Loss: 0.0026
978 Epoch [45/70], Iteration [4/21], Loss: 0.0006
979 Epoch [45/70], Iteration [5/21], Loss: 0.0008
980 Epoch [45/70], Iteration [6/21], Loss: 0.0005
981 Epoch [45/70], Iteration [7/21], Loss: 0.0010
982 Epoch [45/70], Iteration [8/21], Loss: 0.0007
983 Epoch [45/70], Iteration [9/21], Loss: 0.0006
984 Epoch [45/70], Iteration [10/21], Loss: 0.0003
985 Epoch [45/70], Iteration [11/21], Loss: 0.0004
986 Epoch [45/70], Iteration [12/21], Loss: 0.0012
987 Epoch [45/70], Iteration [13/21], Loss: 0.0003
988 Epoch [45/70], Iteration [14/21], Loss: 0.0010
989 Epoch [45/70], Iteration [15/21], Loss: 0.0010
990 Epoch [45/70], Iteration [16/21], Loss: 0.0010
991 Epoch [45/70], Iteration [17/21], Loss: 0.0004
992 Epoch [45/70], Iteration [18/21], Loss: 0.0004
993 Epoch [45/70], Iteration [19/21], Loss: 0.0004
994 Epoch [45/70], Iteration [20/21], Loss: 0.0005
995 Epoch [45/70], Iteration [21/21], Loss: 0.0004
996 Accuracy: 0.98%
997 Epoch [46/70], Iteration [1/21], Loss: 0.0007
998 Epoch [46/70], Iteration [2/21], Loss: 0.0005
999 Epoch [46/70], Iteration [3/21], Loss: 0.0006
1000 Epoch [46/70], Iteration [4/21], Loss: 0.0002
1001 Epoch [46/70], Iteration [5/21], Loss: 0.0005
1002 Epoch [46/70], Iteration [6/21], Loss: 0.0003
1003 Epoch [46/70], Iteration [7/21], Loss: 0.0003
1004 Epoch [46/70], Iteration [8/21], Loss: 0.0005
1005 Epoch [46/70], Iteration [9/21], Loss: 0.0002
1006 Epoch [46/70], Iteration [10/21], Loss: 0.0005
1007 Epoch [46/70], Iteration [11/21], Loss: 0.0010
1008 Epoch [46/70], Iteration [12/21], Loss: 0.0003
1009 Epoch [46/70], Iteration [13/21], Loss: 0.0002
1010 Epoch [46/70], Iteration [14/21], Loss: 0.0003
1011 Epoch [46/70], Iteration [15/21], Loss: 0.0005
1012 Epoch [46/70], Iteration [16/21], Loss: 0.0003
1013 Epoch [46/70], Iteration [17/21], Loss: 0.0002
1014 Epoch [46/70], Iteration [18/21], Loss: 0.0003
1015 Epoch [46/70], Iteration [19/21], Loss: 0.0003
1016 Epoch [46/70], Iteration [20/21], Loss: 0.0004
1017 Epoch [46/70], Iteration [21/21], Loss: 0.0010
1018 Accuracy: 0.98%
1019 Epoch [47/70], Iteration [1/21], Loss: 0.0007
1020 Epoch [47/70], Iteration [2/21], Loss: 0.0002
1021 Epoch [47/70], Iteration [3/21], Loss: 0.0001
1022 Epoch [47/70], Iteration [4/21], Loss: 0.0003
1023 Epoch [47/70], Iteration [5/21], Loss: 0.0002
1024 Epoch [47/70], Iteration [6/21], Loss: 0.0001
1025 Epoch [47/70], Iteration [7/21], Loss: 0.0013
1026 Epoch [47/70], Iteration [8/21], Loss: 0.0001
1027 Epoch [47/70], Iteration [9/21], Loss: 0.0003
1028 Epoch [47/70], Iteration [10/21], Loss: 0.0004
1029 Epoch [47/70], Iteration [11/21], Loss: 0.0003
1030 Epoch [47/70], Iteration [12/21], Loss: 0.0004
1031 Epoch [47/70], Iteration [13/21], Loss: 0.0002
1032 Epoch [47/70], Iteration [14/21], Loss: 0.0003
1033 Epoch [47/70], Iteration [15/21], Loss: 0.0002
1034 Epoch [47/70], Iteration [16/21], Loss: 0.0005
1035 Epoch [47/70], Iteration [17/21], Loss: 0.0003
1036 Epoch [47/70], Iteration [18/21], Loss: 0.0014
1037 Epoch [47/70], Iteration [19/21], Loss: 0.0006
1038 Epoch [47/70], Iteration [20/21], Loss: 0.0004
1039 Epoch [47/70], Iteration [21/21], Loss: 0.0012
1040 Accuracy: 0.98%
1041 Epoch [48/70], Iteration [1/21], Loss: 0.0002
1042 Epoch [48/70], Iteration [2/21], Loss: 0.0003
1043 Epoch [48/70], Iteration [3/21], Loss: 0.0002
1044 Epoch [48/70], Iteration [4/21], Loss: 0.0002
1045 Epoch [48/70], Iteration [5/21], Loss: 0.0003
1046 Epoch [48/70], Iteration [6/21], Loss: 0.0004
1047 Epoch [48/70], Iteration [7/21], Loss: 0.0001
1048 Epoch [48/70], Iteration [8/21], Loss: 0.0002
1049 Epoch [48/70], Iteration [9/21], Loss: 0.0003
1050 Epoch [48/70], Iteration [10/21], Loss: 0.0001
1051 Epoch [48/70], Iteration [11/21], Loss: 0.0010
1052 Epoch [48/70], Iteration [12/21], Loss: 0.0003
1053 Epoch [48/70], Iteration [13/21], Loss: 0.0003
1054 Epoch [48/70], Iteration [14/21], Loss: 0.0010
1055 Epoch [48/70], Iteration [15/21], Loss: 0.0004
1056 Epoch [48/70], Iteration [16/21], Loss: 0.0004
1057 Epoch [48/70], Iteration [17/21], Loss: 0.0003
1058 Epoch [48/70], Iteration [18/21], Loss: 0.0004
1059 Epoch [48/70], Iteration [19/21], Loss: 0.0002
1060 Epoch [48/70], Iteration [20/21], Loss: 0.0003
1061 Epoch [48/70], Iteration [21/21], Loss: 0.0029
1062 Accuracy: 0.98%
1063 Epoch [49/70], Iteration [1/21], Loss: 0.0002
1064 Epoch [49/70], Iteration [2/21], Loss: 0.0002
1065 Epoch [49/70], Iteration [3/21], Loss: 0.0002
1066 Epoch [49/70], Iteration [4/21], Loss: 0.0002
1067 Epoch [49/70], Iteration [5/21], Loss: 0.0003
1068 Epoch [49/70], Iteration [6/21], Loss: 0.0002
1069 Epoch [49/70], Iteration [7/21], Loss: 0.0005
1070 Epoch [49/70], Iteration [8/21], Loss: 0.0001
1071 Epoch [49/70], Iteration [9/21], Loss: 0.0014
1072 Epoch [49/70], Iteration [10/21], Loss: 0.0002
1073 Epoch [49/70], Iteration [11/21], Loss: 0.0008
1074 Epoch [49/70], Iteration [12/21], Loss: 0.0002
1075 Epoch [49/70], Iteration [13/21], Loss: 0.0027
1076 Epoch [49/70], Iteration [14/21], Loss: 0.0002
1077 Epoch [49/70], Iteration [15/21], Loss: 0.0001
1078 Epoch [49/70], Iteration [16/21], Loss: 0.0003
1079 Epoch [49/70], Iteration [17/21], Loss: 0.0002
1080 Epoch [49/70], Iteration [18/21], Loss: 0.0002
1081 Epoch [49/70], Iteration [19/21], Loss: 0.0004
1082 Epoch [49/70], Iteration [20/21], Loss: 0.0001
1083 Epoch [49/70], Iteration [21/21], Loss: 0.0002
1084 Accuracy: 0.98%
1085 Epoch [50/70], Iteration [1/21], Loss: 0.0001
1086 Epoch [50/70], Iteration [2/21], Loss: 0.0003
1087 Epoch [50/70], Iteration [3/21], Loss: 0.0001
1088 Epoch [50/70], Iteration [4/21], Loss: 0.0010
1089 Epoch [50/70], Iteration [5/21], Loss: 0.0003
1090 Epoch [50/70], Iteration [6/21], Loss: 0.0001
1091 Epoch [50/70], Iteration [7/21], Loss: 0.0003
1092 Epoch [50/70], Iteration [8/21], Loss: 0.0001
1093 Epoch [50/70], Iteration [9/21], Loss: 0.0002
1094 Epoch [50/70], Iteration [10/21], Loss: 0.0007
1095 Epoch [50/70], Iteration [11/21], Loss: 0.0002
1096 Epoch [50/70], Iteration [12/21], Loss: 0.0004
1097 Epoch [50/70], Iteration [13/21], Loss: 0.0003
1098 Epoch [50/70], Iteration [14/21], Loss: 0.0052
1099 Epoch [50/70], Iteration [15/21], Loss: 0.0002
1100 Epoch [50/70], Iteration [16/21], Loss: 0.0003
1101 Epoch [50/70], Iteration [17/21], Loss: 0.0002
1102 Epoch [50/70], Iteration [18/21], Loss: 0.0001
1103 Epoch [50/70], Iteration [19/21], Loss: 0.0003
1104 Epoch [50/70], Iteration [20/21], Loss: 0.0004
1105 Epoch [50/70], Iteration [21/21], Loss: 0.0021
1106 Accuracy: 0.98%
1107 Epoch [51/70], Iteration [1/21], Loss: 0.0014
1108 Epoch [51/70], Iteration [2/21], Loss: 0.0001
1109 Epoch [51/70], Iteration [3/21], Loss: 0.0005
1110 Epoch [51/70], Iteration [4/21], Loss: 0.0001
1111 Epoch [51/70], Iteration [5/21], Loss: 0.0001
1112 Epoch [51/70], Iteration [6/21], Loss: 0.0001
1113 Epoch [51/70], Iteration [7/21], Loss: 0.0003
1114 Epoch [51/70], Iteration [8/21], Loss: 0.0002
1115 Epoch [51/70], Iteration [9/21], Loss: 0.0003
1116 Epoch [51/70], Iteration [10/21], Loss: 0.0002
1117 Epoch [51/70], Iteration [11/21], Loss: 0.0006
1118 Epoch [51/70], Iteration [12/21], Loss: 0.0002
1119 Epoch [51/70], Iteration [13/21], Loss: 0.0001
1120 Epoch [51/70], Iteration [14/21], Loss: 0.0004
1121 Epoch [51/70], Iteration [15/21], Loss: 0.0001
1122 Epoch [51/70], Iteration [16/21], Loss: 0.0006
1123 Epoch [51/70], Iteration [17/21], Loss: 0.0002
1124 Epoch [51/70], Iteration [18/21], Loss: 0.0005
1125 Epoch [51/70], Iteration [19/21], Loss: 0.0002
1126 Epoch [51/70], Iteration [20/21], Loss: 0.0010
1127 Epoch [51/70], Iteration [21/21], Loss: 1.8403
1128 Accuracy: 0.98%
1129 Epoch [52/70], Iteration [1/21], Loss: 0.0001
1130 Epoch [52/70], Iteration [2/21], Loss: 0.0002
1131 Epoch [52/70], Iteration [3/21], Loss: 0.0052
1132 Epoch [52/70], Iteration [4/21], Loss: 0.0034
1133 Epoch [52/70], Iteration [5/21], Loss: 0.1115
1134 Epoch [52/70], Iteration [6/21], Loss: 0.0166
1135 Epoch [52/70], Iteration [7/21], Loss: 0.0271
1136 Epoch [52/70], Iteration [8/21], Loss: 0.0087
1137 Epoch [52/70], Iteration [9/21], Loss: 0.0190
1138 Epoch [52/70], Iteration [10/21], Loss: 0.0114
1139 Epoch [52/70], Iteration [11/21], Loss: 0.0171
1140 Epoch [52/70], Iteration [12/21], Loss: 0.0186
1141 Epoch [52/70], Iteration [13/21], Loss: 0.0117
1142 Epoch [52/70], Iteration [14/21], Loss: 0.0095
1143 Epoch [52/70], Iteration [15/21], Loss: 0.0452
1144 Epoch [52/70], Iteration [16/21], Loss: 0.0052
1145 Epoch [52/70], Iteration [17/21], Loss: 0.0050
1146 Epoch [52/70], Iteration [18/21], Loss: 0.0052
1147 Epoch [52/70], Iteration [19/21], Loss: 0.0062
1148 Epoch [52/70], Iteration [20/21], Loss: 0.0047
1149 Epoch [52/70], Iteration [21/21], Loss: 0.0879
1150 Accuracy: 0.98%
1151 Epoch [53/70], Iteration [1/21], Loss: 0.0152
1152 Epoch [53/70], Iteration [2/21], Loss: 0.0026
1153 Epoch [53/70], Iteration [3/21], Loss: 0.0052
1154 Epoch [53/70], Iteration [4/21], Loss: 0.0055
1155 Epoch [53/70], Iteration [5/21], Loss: 0.0395
1156 Epoch [53/70], Iteration [6/21], Loss: 0.0569
1157 Epoch [53/70], Iteration [7/21], Loss: 0.0124
1158 Epoch [53/70], Iteration [8/21], Loss: 0.0033
1159 Epoch [53/70], Iteration [9/21], Loss: 0.0046
1160 Epoch [53/70], Iteration [10/21], Loss: 0.0162
1161 Epoch [53/70], Iteration [11/21], Loss: 0.0090
1162 Epoch [53/70], Iteration [12/21], Loss: 0.0039
1163 Epoch [53/70], Iteration [13/21], Loss: 0.0033
1164 Epoch [53/70], Iteration [14/21], Loss: 0.0063
1165 Epoch [53/70], Iteration [15/21], Loss: 0.0060
1166 Epoch [53/70], Iteration [16/21], Loss: 0.0125
1167 Epoch [53/70], Iteration [17/21], Loss: 0.0611
1168 Epoch [53/70], Iteration [18/21], Loss: 0.0027
1169 Epoch [53/70], Iteration [19/21], Loss: 0.0069
1170 Epoch [53/70], Iteration [20/21], Loss: 0.0028
1171 Epoch [53/70], Iteration [21/21], Loss: 0.0031
1172 Accuracy: 0.98%
1173 Epoch [54/70], Iteration [1/21], Loss: 0.0029
1174 Epoch [54/70], Iteration [2/21], Loss: 0.0019
1175 Epoch [54/70], Iteration [3/21], Loss: 0.0019
1176 Epoch [54/70], Iteration [4/21], Loss: 0.0010
1177 Epoch [54/70], Iteration [5/21], Loss: 0.0018
1178 Epoch [54/70], Iteration [6/21], Loss: 0.0021
1179 Epoch [54/70], Iteration [7/21], Loss: 0.0022
1180 Epoch [54/70], Iteration [8/21], Loss: 0.0027
1181 Epoch [54/70], Iteration [9/21], Loss: 0.0011
1182 Epoch [54/70], Iteration [10/21], Loss: 0.0009
1183 Epoch [54/70], Iteration [11/21], Loss: 0.0252
1184 Epoch [54/70], Iteration [12/21], Loss: 0.0015
1185 Epoch [54/70], Iteration [13/21], Loss: 0.0067
1186 Epoch [54/70], Iteration [14/21], Loss: 0.0028
1187 Epoch [54/70], Iteration [15/21], Loss: 0.0036
1188 Epoch [54/70], Iteration [16/21], Loss: 0.0007
1189 Epoch [54/70], Iteration [17/21], Loss: 0.0020
1190 Epoch [54/70], Iteration [18/21], Loss: 0.0014
1191 Epoch [54/70], Iteration [19/21], Loss: 0.0012
1192 Epoch [54/70], Iteration [20/21], Loss: 0.0020
1193 Epoch [54/70], Iteration [21/21], Loss: 0.0008
1194 Accuracy: 0.98%
1195 Epoch [55/70], Iteration [1/21], Loss: 0.0012
1196 Epoch [55/70], Iteration [2/21], Loss: 0.0008
1197 Epoch [55/70], Iteration [3/21], Loss: 0.0017
1198 Epoch [55/70], Iteration [4/21], Loss: 0.0010
1199 Epoch [55/70], Iteration [5/21], Loss: 0.0013
1200 Epoch [55/70], Iteration [6/21], Loss: 0.0020
1201 Epoch [55/70], Iteration [7/21], Loss: 0.0006
1202 Epoch [55/70], Iteration [8/21], Loss: 0.0008
1203 Epoch [55/70], Iteration [9/21], Loss: 0.0041
1204 Epoch [55/70], Iteration [10/21], Loss: 0.0011
1205 Epoch [55/70], Iteration [11/21], Loss: 0.0014
1206 Epoch [55/70], Iteration [12/21], Loss: 0.0011
1207 Epoch [55/70], Iteration [13/21], Loss: 0.0006
1208 Epoch [55/70], Iteration [14/21], Loss: 0.0021
1209 Epoch [55/70], Iteration [15/21], Loss: 0.0009
1210 Epoch [55/70], Iteration [16/21], Loss: 0.0015
1211 Epoch [55/70], Iteration [17/21], Loss: 0.0008
1212 Epoch [55/70], Iteration [18/21], Loss: 0.0005
1213 Epoch [55/70], Iteration [19/21], Loss: 0.0006
1214 Epoch [55/70], Iteration [20/21], Loss: 0.0016
1215 Epoch [55/70], Iteration [21/21], Loss: 0.2590
1216 Accuracy: 0.98%
1217 Epoch [56/70], Iteration [1/21], Loss: 0.0006
1218 Epoch [56/70], Iteration [2/21], Loss: 0.0005
1219 Epoch [56/70], Iteration [3/21], Loss: 0.0023
1220 Epoch [56/70], Iteration [4/21], Loss: 0.0085
1221 Epoch [56/70], Iteration [5/21], Loss: 0.0285
1222 Epoch [56/70], Iteration [6/21], Loss: 0.0754
1223 Epoch [56/70], Iteration [7/21], Loss: 0.0076
1224 Epoch [56/70], Iteration [8/21], Loss: 0.0016
1225 Epoch [56/70], Iteration [9/21], Loss: 0.0049
1226 Epoch [56/70], Iteration [10/21], Loss: 0.1193
1227 Epoch [56/70], Iteration [11/21], Loss: 0.0039
1228 Epoch [56/70], Iteration [12/21], Loss: 0.0043
1229 Epoch [56/70], Iteration [13/21], Loss: 0.0356
1230 Epoch [56/70], Iteration [14/21], Loss: 0.0888
1231 Epoch [56/70], Iteration [15/21], Loss: 0.0031
1232 Epoch [56/70], Iteration [16/21], Loss: 0.0039
1233 Epoch [56/70], Iteration [17/21], Loss: 0.0137
1234 Epoch [56/70], Iteration [18/21], Loss: 0.0024
1235 Epoch [56/70], Iteration [19/21], Loss: 0.0029
1236 Epoch [56/70], Iteration [20/21], Loss: 0.0032
1237 Epoch [56/70], Iteration [21/21], Loss: 0.0071
1238 Accuracy: 0.98%
1239 Epoch [57/70], Iteration [1/21], Loss: 0.0034
1240 Epoch [57/70], Iteration [2/21], Loss: 0.0058
1241 Epoch [57/70], Iteration [3/21], Loss: 0.0148
1242 Epoch [57/70], Iteration [4/21], Loss: 0.0049
1243 Epoch [57/70], Iteration [5/21], Loss: 0.0417
1244 Epoch [57/70], Iteration [6/21], Loss: 0.0125
1245 Epoch [57/70], Iteration [7/21], Loss: 0.0027
1246 Epoch [57/70], Iteration [8/21], Loss: 0.0034
1247 Epoch [57/70], Iteration [9/21], Loss: 0.0080
1248 Epoch [57/70], Iteration [10/21], Loss: 0.0025
1249 Epoch [57/70], Iteration [11/21], Loss: 0.0010
1250 Epoch [57/70], Iteration [12/21], Loss: 0.0274
1251 Epoch [57/70], Iteration [13/21], Loss: 0.0049
1252 Epoch [57/70], Iteration [14/21], Loss: 0.0396
1253 Epoch [57/70], Iteration [15/21], Loss: 0.0027
1254 Epoch [57/70], Iteration [16/21], Loss: 0.0096
1255 Epoch [57/70], Iteration [17/21], Loss: 0.0008
1256 Epoch [57/70], Iteration [18/21], Loss: 0.0012
1257 Epoch [57/70], Iteration [19/21], Loss: 0.0017
1258 Epoch [57/70], Iteration [20/21], Loss: 0.0032
1259 Epoch [57/70], Iteration [21/21], Loss: 1.6302
1260 Accuracy: 0.98%
1261 Epoch [58/70], Iteration [1/21], Loss: 0.0079
1262 Epoch [58/70], Iteration [2/21], Loss: 0.0076
1263 Epoch [58/70], Iteration [3/21], Loss: 0.0116
1264 Epoch [58/70], Iteration [4/21], Loss: 0.1114
1265 Epoch [58/70], Iteration [5/21], Loss: 0.0382
1266 Epoch [58/70], Iteration [6/21], Loss: 0.1302
1267 Epoch [58/70], Iteration [7/21], Loss: 0.0154
1268 Epoch [58/70], Iteration [8/21], Loss: 0.1578
