1 [SwanLab-WARNING]:     An error occurred: 
2 [SwanLab-WARNING]:     Error getting branch name: fatal: not a git repository (or any parent up to mount point /root)
Stopping at filesystem boundary (GIT_DISCOVERY_ACROSS_FILESYSTEM not set).

3 [SwanLab-INFO]:        Experiment ResNet50_2024-01-18_17-13-55 has been registered.
4 [SwanLab-INFO]:        Run data will be saved locally in /root/onethingai-tmp/tongue_classification/swanlog/ResNet50_2024-01-18_17-13-55
5 [SwanLab-INFO]:        Experiment_name: ResNet50_2024-01-18_17-13-55
6 [SwanLab-INFO]:        Run `swanlab watch` to view SwanLab Experiment Dashboard
7 Epoch [1/70], Iteration [1/21], Loss: 0.6904
8 Epoch [1/70], Iteration [2/21], Loss: 0.8242
9 Epoch [1/70], Iteration [3/21], Loss: 0.6674
10 Epoch [1/70], Iteration [4/21], Loss: 0.7071
11 Epoch [1/70], Iteration [5/21], Loss: 0.5336
12 Epoch [1/70], Iteration [6/21], Loss: 0.5463
13 Epoch [1/70], Iteration [7/21], Loss: 0.5405
14 Epoch [1/70], Iteration [8/21], Loss: 0.4770
15 Epoch [1/70], Iteration [9/21], Loss: 0.4623
16 Epoch [1/70], Iteration [10/21], Loss: 0.4370
17 Epoch [1/70], Iteration [11/21], Loss: 0.3095
18 Epoch [1/70], Iteration [12/21], Loss: 0.2267
19 Epoch [1/70], Iteration [13/21], Loss: 0.2616
20 Epoch [1/70], Iteration [14/21], Loss: 0.4066
21 Epoch [1/70], Iteration [15/21], Loss: 0.3864
22 Epoch [1/70], Iteration [16/21], Loss: 0.2611
23 Epoch [1/70], Iteration [17/21], Loss: 0.2520
24 Epoch [1/70], Iteration [18/21], Loss: 0.1680
25 Epoch [1/70], Iteration [19/21], Loss: 0.2070
26 Epoch [1/70], Iteration [20/21], Loss: 0.2040
27 Epoch [1/70], Iteration [21/21], Loss: 0.0457
28 Accuracy: 0.50
29 Epoch [2/70], Iteration [1/21], Loss: 0.4165
30 Epoch [2/70], Iteration [2/21], Loss: 0.1542
31 Epoch [2/70], Iteration [3/21], Loss: 0.1795
32 Epoch [2/70], Iteration [4/21], Loss: 0.4134
33 Epoch [2/70], Iteration [5/21], Loss: 0.1932
34 Epoch [2/70], Iteration [6/21], Loss: 0.2111
35 Epoch [2/70], Iteration [7/21], Loss: 0.1058
36 Epoch [2/70], Iteration [8/21], Loss: 0.1616
37 Epoch [2/70], Iteration [9/21], Loss: 0.1921
38 Epoch [2/70], Iteration [10/21], Loss: 0.1516
39 Epoch [2/70], Iteration [11/21], Loss: 0.1435
40 Epoch [2/70], Iteration [12/21], Loss: 0.1243
41 Epoch [2/70], Iteration [13/21], Loss: 0.2238
42 Epoch [2/70], Iteration [14/21], Loss: 0.1577
43 Epoch [2/70], Iteration [15/21], Loss: 0.2766
44 Epoch [2/70], Iteration [16/21], Loss: 0.1738
45 Epoch [2/70], Iteration [17/21], Loss: 0.1629
46 Epoch [2/70], Iteration [18/21], Loss: 0.0770
47 Epoch [2/70], Iteration [19/21], Loss: 0.1422
48 Epoch [2/70], Iteration [20/21], Loss: 0.1124
49 Epoch [2/70], Iteration [21/21], Loss: 0.1596
50 Accuracy: 0.58
51 Epoch [3/70], Iteration [1/21], Loss: 0.1648
52 Epoch [3/70], Iteration [2/21], Loss: 0.1579
53 Epoch [3/70], Iteration [3/21], Loss: 0.2360
54 Epoch [3/70], Iteration [4/21], Loss: 0.1113
55 Epoch [3/70], Iteration [5/21], Loss: 0.1651
56 Epoch [3/70], Iteration [6/21], Loss: 0.1856
57 Epoch [3/70], Iteration [7/21], Loss: 0.1394
58 Epoch [3/70], Iteration [8/21], Loss: 0.1726
59 Epoch [3/70], Iteration [9/21], Loss: 0.1428
60 Epoch [3/70], Iteration [10/21], Loss: 0.1532
61 Epoch [3/70], Iteration [11/21], Loss: 0.2300
62 Epoch [3/70], Iteration [12/21], Loss: 0.0921
63 Epoch [3/70], Iteration [13/21], Loss: 0.1900
64 Epoch [3/70], Iteration [14/21], Loss: 0.1208
65 Epoch [3/70], Iteration [15/21], Loss: 0.0964
66 Epoch [3/70], Iteration [16/21], Loss: 0.0820
67 Epoch [3/70], Iteration [17/21], Loss: 0.0536
68 Epoch [3/70], Iteration [18/21], Loss: 0.0731
69 Epoch [3/70], Iteration [19/21], Loss: 0.1600
70 Epoch [3/70], Iteration [20/21], Loss: 0.0714
71 Epoch [3/70], Iteration [21/21], Loss: 0.0270
72 Accuracy: 0.84
73 Epoch [4/70], Iteration [1/21], Loss: 0.1204
74 Epoch [4/70], Iteration [2/21], Loss: 0.1336
75 Epoch [4/70], Iteration [3/21], Loss: 0.0957
76 Epoch [4/70], Iteration [4/21], Loss: 0.0941
77 Epoch [4/70], Iteration [5/21], Loss: 0.0671
78 Epoch [4/70], Iteration [6/21], Loss: 0.0838
79 Epoch [4/70], Iteration [7/21], Loss: 0.1718
80 Epoch [4/70], Iteration [8/21], Loss: 0.2148
81 Epoch [4/70], Iteration [9/21], Loss: 0.0374
82 Epoch [4/70], Iteration [10/21], Loss: 0.1343
83 Epoch [4/70], Iteration [11/21], Loss: 0.0863
84 Epoch [4/70], Iteration [12/21], Loss: 0.0576
85 Epoch [4/70], Iteration [13/21], Loss: 0.0593
86 Epoch [4/70], Iteration [14/21], Loss: 0.1101
87 Epoch [4/70], Iteration [15/21], Loss: 0.0839
88 Epoch [4/70], Iteration [16/21], Loss: 0.1791
89 Epoch [4/70], Iteration [17/21], Loss: 0.1617
90 Epoch [4/70], Iteration [18/21], Loss: 0.1720
91 Epoch [4/70], Iteration [19/21], Loss: 0.1271
92 Epoch [4/70], Iteration [20/21], Loss: 0.0774
93 Epoch [4/70], Iteration [21/21], Loss: 0.8502
94 Accuracy: 0.87
95 Epoch [5/70], Iteration [1/21], Loss: 0.0720
96 Epoch [5/70], Iteration [2/21], Loss: 0.1231
97 Epoch [5/70], Iteration [3/21], Loss: 0.0962
98 Epoch [5/70], Iteration [4/21], Loss: 0.2239
99 Epoch [5/70], Iteration [5/21], Loss: 0.1373
100 Epoch [5/70], Iteration [6/21], Loss: 0.1916
101 Epoch [5/70], Iteration [7/21], Loss: 0.1655
102 Epoch [5/70], Iteration [8/21], Loss: 0.2194
103 Epoch [5/70], Iteration [9/21], Loss: 0.0597
104 Epoch [5/70], Iteration [10/21], Loss: 0.1177
105 Epoch [5/70], Iteration [11/21], Loss: 0.1842
106 Epoch [5/70], Iteration [12/21], Loss: 0.1720
107 Epoch [5/70], Iteration [13/21], Loss: 0.0560
108 Epoch [5/70], Iteration [14/21], Loss: 0.1995
109 Epoch [5/70], Iteration [15/21], Loss: 0.2750
110 Epoch [5/70], Iteration [16/21], Loss: 0.1379
111 Epoch [5/70], Iteration [17/21], Loss: 0.2045
112 Epoch [5/70], Iteration [18/21], Loss: 0.2320
113 Epoch [5/70], Iteration [19/21], Loss: 0.0457
114 Epoch [5/70], Iteration [20/21], Loss: 0.2164
115 Epoch [5/70], Iteration [21/21], Loss: 0.3786
116 Accuracy: 0.56
117 Epoch [6/70], Iteration [1/21], Loss: 0.1240
118 Epoch [6/70], Iteration [2/21], Loss: 0.0867
119 Epoch [6/70], Iteration [3/21], Loss: 0.0791
120 Epoch [6/70], Iteration [4/21], Loss: 0.2176
121 Epoch [6/70], Iteration [5/21], Loss: 0.0858
122 Epoch [6/70], Iteration [6/21], Loss: 0.1951
123 Epoch [6/70], Iteration [7/21], Loss: 0.1883
124 Epoch [6/70], Iteration [8/21], Loss: 0.1147
125 Epoch [6/70], Iteration [9/21], Loss: 0.0865
126 Epoch [6/70], Iteration [10/21], Loss: 0.1979
127 Epoch [6/70], Iteration [11/21], Loss: 0.0727
128 Epoch [6/70], Iteration [12/21], Loss: 0.1300
129 Epoch [6/70], Iteration [13/21], Loss: 0.1344
130 Epoch [6/70], Iteration [14/21], Loss: 0.2315
131 Epoch [6/70], Iteration [15/21], Loss: 0.1577
132 Epoch [6/70], Iteration [16/21], Loss: 0.0632
133 Epoch [6/70], Iteration [17/21], Loss: 0.1864
134 Epoch [6/70], Iteration [18/21], Loss: 0.2665
135 Epoch [6/70], Iteration [19/21], Loss: 0.1233
136 Epoch [6/70], Iteration [20/21], Loss: 0.0898
137 Epoch [6/70], Iteration [21/21], Loss: 0.8981
138 Accuracy: 0.59
139 Epoch [7/70], Iteration [1/21], Loss: 0.0808
140 Epoch [7/70], Iteration [2/21], Loss: 0.1953
141 Epoch [7/70], Iteration [3/21], Loss: 0.2460
142 Epoch [7/70], Iteration [4/21], Loss: 0.2284
143 Epoch [7/70], Iteration [5/21], Loss: 0.2210
144 Epoch [7/70], Iteration [6/21], Loss: 0.1107
145 Epoch [7/70], Iteration [7/21], Loss: 0.1307
146 Epoch [7/70], Iteration [8/21], Loss: 0.2811
147 Epoch [7/70], Iteration [9/21], Loss: 0.2679
148 Epoch [7/70], Iteration [10/21], Loss: 0.2557
149 Epoch [7/70], Iteration [11/21], Loss: 0.3132
150 Epoch [7/70], Iteration [12/21], Loss: 0.4806
151 Epoch [7/70], Iteration [13/21], Loss: 0.1330
152 Epoch [7/70], Iteration [14/21], Loss: 0.2066
153 Epoch [7/70], Iteration [15/21], Loss: 0.0803
154 Epoch [7/70], Iteration [16/21], Loss: 0.2657
155 Epoch [7/70], Iteration [17/21], Loss: 0.1982
156 Epoch [7/70], Iteration [18/21], Loss: 0.1949
157 Epoch [7/70], Iteration [19/21], Loss: 0.1447
158 Epoch [7/70], Iteration [20/21], Loss: 0.2228
159 Epoch [7/70], Iteration [21/21], Loss: 0.3078
160 Accuracy: 0.62
161 Epoch [8/70], Iteration [1/21], Loss: 0.1502
162 Epoch [8/70], Iteration [2/21], Loss: 0.0893
163 Epoch [8/70], Iteration [3/21], Loss: 0.1664
164 Epoch [8/70], Iteration [4/21], Loss: 0.0957
165 Epoch [8/70], Iteration [5/21], Loss: 0.1672
166 Epoch [8/70], Iteration [6/21], Loss: 0.1577
167 Epoch [8/70], Iteration [7/21], Loss: 0.1595
168 Epoch [8/70], Iteration [8/21], Loss: 0.1648
169 Epoch [8/70], Iteration [9/21], Loss: 0.2850
170 Epoch [8/70], Iteration [10/21], Loss: 0.1219
171 Epoch [8/70], Iteration [11/21], Loss: 0.1759
172 Epoch [8/70], Iteration [12/21], Loss: 0.1209
173 Epoch [8/70], Iteration [13/21], Loss: 0.1156
174 Epoch [8/70], Iteration [14/21], Loss: 0.1509
175 Epoch [8/70], Iteration [15/21], Loss: 0.0889
176 Epoch [8/70], Iteration [16/21], Loss: 0.0653
177 Epoch [8/70], Iteration [17/21], Loss: 0.1885
178 Epoch [8/70], Iteration [18/21], Loss: 0.1226
179 Epoch [8/70], Iteration [19/21], Loss: 0.1617
180 Epoch [8/70], Iteration [20/21], Loss: 0.0881
181 Epoch [8/70], Iteration [21/21], Loss: 0.0409
182 Accuracy: 0.89
183 Epoch [9/70], Iteration [1/21], Loss: 0.1318
184 Epoch [9/70], Iteration [2/21], Loss: 0.1260
185 Epoch [9/70], Iteration [3/21], Loss: 0.2426
186 Epoch [9/70], Iteration [4/21], Loss: 0.1579
187 Epoch [9/70], Iteration [5/21], Loss: 0.0835
188 Epoch [9/70], Iteration [6/21], Loss: 0.1697
189 Epoch [9/70], Iteration [7/21], Loss: 0.0278
190 Epoch [9/70], Iteration [8/21], Loss: 0.0815
191 Epoch [9/70], Iteration [9/21], Loss: 0.1664
192 Epoch [9/70], Iteration [10/21], Loss: 0.0946
193 Epoch [9/70], Iteration [11/21], Loss: 0.1047
194 Epoch [9/70], Iteration [12/21], Loss: 0.0478
195 Epoch [9/70], Iteration [13/21], Loss: 0.1243
196 Epoch [9/70], Iteration [14/21], Loss: 0.1299
197 Epoch [9/70], Iteration [15/21], Loss: 0.1703
198 Epoch [9/70], Iteration [16/21], Loss: 0.3030
199 Epoch [9/70], Iteration [17/21], Loss: 0.1138
200 Epoch [9/70], Iteration [18/21], Loss: 0.1810
201 Epoch [9/70], Iteration [19/21], Loss: 0.0931
202 Epoch [9/70], Iteration [20/21], Loss: 0.0922
203 Epoch [9/70], Iteration [21/21], Loss: 0.0408
204 Accuracy: 0.90
205 Epoch [10/70], Iteration [1/21], Loss: 0.0826
206 Epoch [10/70], Iteration [2/21], Loss: 0.0569
207 Epoch [10/70], Iteration [3/21], Loss: 0.0199
208 Epoch [10/70], Iteration [4/21], Loss: 0.3278
209 Epoch [10/70], Iteration [5/21], Loss: 0.0295
210 Epoch [10/70], Iteration [6/21], Loss: 0.0512
211 Epoch [10/70], Iteration [7/21], Loss: 0.0687
212 Epoch [10/70], Iteration [8/21], Loss: 0.0587
213 Epoch [10/70], Iteration [9/21], Loss: 0.0291
214 Epoch [10/70], Iteration [10/21], Loss: 0.1320
215 Epoch [10/70], Iteration [11/21], Loss: 0.1147
216 Epoch [10/70], Iteration [12/21], Loss: 0.0585
217 Epoch [10/70], Iteration [13/21], Loss: 0.0586
218 Epoch [10/70], Iteration [14/21], Loss: 0.1031
219 Epoch [10/70], Iteration [15/21], Loss: 0.1484
220 Epoch [10/70], Iteration [16/21], Loss: 0.1044
221 Epoch [10/70], Iteration [17/21], Loss: 0.0748
222 Epoch [10/70], Iteration [18/21], Loss: 0.0159
223 Epoch [10/70], Iteration [19/21], Loss: 0.0361
224 Epoch [10/70], Iteration [20/21], Loss: 0.0323
225 Epoch [10/70], Iteration [21/21], Loss: 1.8799
226 Accuracy: 0.84
227 Epoch [11/70], Iteration [1/21], Loss: 0.1402
228 Epoch [11/70], Iteration [2/21], Loss: 0.1735
229 Epoch [11/70], Iteration [3/21], Loss: 0.3646
230 Epoch [11/70], Iteration [4/21], Loss: 0.2223
231 Epoch [11/70], Iteration [5/21], Loss: 0.2524
232 Epoch [11/70], Iteration [6/21], Loss: 0.1361
233 Epoch [11/70], Iteration [7/21], Loss: 0.2619
234 Epoch [11/70], Iteration [8/21], Loss: 0.0912
235 Epoch [11/70], Iteration [9/21], Loss: 0.2112
236 Epoch [11/70], Iteration [10/21], Loss: 0.2500
237 Epoch [11/70], Iteration [11/21], Loss: 0.0938
238 Epoch [11/70], Iteration [12/21], Loss: 0.0944
239 Epoch [11/70], Iteration [13/21], Loss: 0.1091
240 Epoch [11/70], Iteration [14/21], Loss: 0.1378
241 Epoch [11/70], Iteration [15/21], Loss: 0.1516
242 Epoch [11/70], Iteration [16/21], Loss: 0.0242
243 Epoch [11/70], Iteration [17/21], Loss: 0.1046
244 Epoch [11/70], Iteration [18/21], Loss: 0.2862
245 Epoch [11/70], Iteration [19/21], Loss: 0.1640
246 Epoch [11/70], Iteration [20/21], Loss: 0.3456
247 Epoch [11/70], Iteration [21/21], Loss: 0.0068
248 Accuracy: 0.75
249 Epoch [12/70], Iteration [1/21], Loss: 0.0846
250 Epoch [12/70], Iteration [2/21], Loss: 0.1241
251 Epoch [12/70], Iteration [3/21], Loss: 0.2059
252 Epoch [12/70], Iteration [4/21], Loss: 0.0522
253 Epoch [12/70], Iteration [5/21], Loss: 0.0326
254 Epoch [12/70], Iteration [6/21], Loss: 0.0241
255 Epoch [12/70], Iteration [7/21], Loss: 0.0464
256 Epoch [12/70], Iteration [8/21], Loss: 0.0261
257 Epoch [12/70], Iteration [9/21], Loss: 0.0724
258 Epoch [12/70], Iteration [10/21], Loss: 0.1861
259 Epoch [12/70], Iteration [11/21], Loss: 0.0868
260 Epoch [12/70], Iteration [12/21], Loss: 0.0553
261 Epoch [12/70], Iteration [13/21], Loss: 0.0375
262 Epoch [12/70], Iteration [14/21], Loss: 0.1399
263 Epoch [12/70], Iteration [15/21], Loss: 0.1339
264 Epoch [12/70], Iteration [16/21], Loss: 0.1171
265 Epoch [12/70], Iteration [17/21], Loss: 0.0583
266 Epoch [12/70], Iteration [18/21], Loss: 0.1586
267 Epoch [12/70], Iteration [19/21], Loss: 0.0721
268 Epoch [12/70], Iteration [20/21], Loss: 0.1592
269 Epoch [12/70], Iteration [21/21], Loss: 1.3324
270 Accuracy: 0.90
271 Epoch [13/70], Iteration [1/21], Loss: 0.0413
272 Epoch [13/70], Iteration [2/21], Loss: 0.0558
273 Epoch [13/70], Iteration [3/21], Loss: 0.0544
274 Epoch [13/70], Iteration [4/21], Loss: 0.1026
275 Epoch [13/70], Iteration [5/21], Loss: 0.1333
276 Epoch [13/70], Iteration [6/21], Loss: 0.1187
277 Epoch [13/70], Iteration [7/21], Loss: 0.2392
278 Epoch [13/70], Iteration [8/21], Loss: 0.0822
279 Epoch [13/70], Iteration [9/21], Loss: 0.0522
280 Epoch [13/70], Iteration [10/21], Loss: 0.1702
281 Epoch [13/70], Iteration [11/21], Loss: 0.1111
282 Epoch [13/70], Iteration [12/21], Loss: 0.0697
283 Epoch [13/70], Iteration [13/21], Loss: 0.0680
284 Epoch [13/70], Iteration [14/21], Loss: 0.1145
285 Epoch [13/70], Iteration [15/21], Loss: 0.1627
286 Epoch [13/70], Iteration [16/21], Loss: 0.1150
287 Epoch [13/70], Iteration [17/21], Loss: 0.1283
288 Epoch [13/70], Iteration [18/21], Loss: 0.0805
289 Epoch [13/70], Iteration [19/21], Loss: 0.0379
290 Epoch [13/70], Iteration [20/21], Loss: 0.1710
291 Epoch [13/70], Iteration [21/21], Loss: 0.1049
292 Accuracy: 0.88
293 Epoch [14/70], Iteration [1/21], Loss: 0.0219
294 Epoch [14/70], Iteration [2/21], Loss: 0.0272
295 Epoch [14/70], Iteration [3/21], Loss: 0.0824
296 Epoch [14/70], Iteration [4/21], Loss: 0.1753
297 Epoch [14/70], Iteration [5/21], Loss: 0.1294
298 Epoch [14/70], Iteration [6/21], Loss: 0.0539
299 Epoch [14/70], Iteration [7/21], Loss: 0.1023
300 Epoch [14/70], Iteration [8/21], Loss: 0.1342
301 Epoch [14/70], Iteration [9/21], Loss: 0.0634
302 Epoch [14/70], Iteration [10/21], Loss: 0.0432
303 Epoch [14/70], Iteration [11/21], Loss: 0.0222
304 Epoch [14/70], Iteration [12/21], Loss: 0.1590
305 Epoch [14/70], Iteration [13/21], Loss: 0.1035
306 Epoch [14/70], Iteration [14/21], Loss: 0.0790
307 Epoch [14/70], Iteration [15/21], Loss: 0.1585
308 Epoch [14/70], Iteration [16/21], Loss: 0.1231
309 Epoch [14/70], Iteration [17/21], Loss: 0.1081
310 Epoch [14/70], Iteration [18/21], Loss: 0.1589
311 Epoch [14/70], Iteration [19/21], Loss: 0.0238
312 Epoch [14/70], Iteration [20/21], Loss: 0.0820
313 Epoch [14/70], Iteration [21/21], Loss: 0.8283
314 Accuracy: 0.93
315 Epoch [15/70], Iteration [1/21], Loss: 0.0695
316 Epoch [15/70], Iteration [2/21], Loss: 0.0499
317 Epoch [15/70], Iteration [3/21], Loss: 0.0663
318 Epoch [15/70], Iteration [4/21], Loss: 0.0513
319 Epoch [15/70], Iteration [5/21], Loss: 0.1858
320 Epoch [15/70], Iteration [6/21], Loss: 0.2676
321 Epoch [15/70], Iteration [7/21], Loss: 0.1952
322 Epoch [15/70], Iteration [8/21], Loss: 0.0886
323 Epoch [15/70], Iteration [9/21], Loss: 0.0399
324 Epoch [15/70], Iteration [10/21], Loss: 0.0779
325 Epoch [15/70], Iteration [11/21], Loss: 0.1313
326 Epoch [15/70], Iteration [12/21], Loss: 0.1110
327 Epoch [15/70], Iteration [13/21], Loss: 0.0994
328 Epoch [15/70], Iteration [14/21], Loss: 0.0877
329 Epoch [15/70], Iteration [15/21], Loss: 0.0535
330 Epoch [15/70], Iteration [16/21], Loss: 0.1524
331 Epoch [15/70], Iteration [17/21], Loss: 0.0446
332 Epoch [15/70], Iteration [18/21], Loss: 0.1249
333 Epoch [15/70], Iteration [19/21], Loss: 0.1474
334 Epoch [15/70], Iteration [20/21], Loss: 0.0864
335 Epoch [15/70], Iteration [21/21], Loss: 0.1056
336 Accuracy: 0.83
337 Epoch [16/70], Iteration [1/21], Loss: 0.0703
338 Epoch [16/70], Iteration [2/21], Loss: 0.0649
339 Epoch [16/70], Iteration [3/21], Loss: 0.0377
340 Epoch [16/70], Iteration [4/21], Loss: 0.1856
341 Epoch [16/70], Iteration [5/21], Loss: 0.0392
342 Epoch [16/70], Iteration [6/21], Loss: 0.0936
343 Epoch [16/70], Iteration [7/21], Loss: 0.0959
344 Epoch [16/70], Iteration [8/21], Loss: 0.0685
345 Epoch [16/70], Iteration [9/21], Loss: 0.1103
346 Epoch [16/70], Iteration [10/21], Loss: 0.0153
347 Epoch [16/70], Iteration [11/21], Loss: 0.1283
348 Epoch [16/70], Iteration [12/21], Loss: 0.0603
349 Epoch [16/70], Iteration [13/21], Loss: 0.1682
350 Epoch [16/70], Iteration [14/21], Loss: 0.1205
351 Epoch [16/70], Iteration [15/21], Loss: 0.1302
352 Epoch [16/70], Iteration [16/21], Loss: 0.0499
353 Epoch [16/70], Iteration [17/21], Loss: 0.0842
354 Epoch [16/70], Iteration [18/21], Loss: 0.1390
355 Epoch [16/70], Iteration [19/21], Loss: 0.1188
356 Epoch [16/70], Iteration [20/21], Loss: 0.0751
357 Epoch [16/70], Iteration [21/21], Loss: 0.1928
358 Accuracy: 0.94
359 Epoch [17/70], Iteration [1/21], Loss: 0.2152
360 Epoch [17/70], Iteration [2/21], Loss: 0.0849
361 Epoch [17/70], Iteration [3/21], Loss: 0.0644
362 Epoch [17/70], Iteration [4/21], Loss: 0.0344
363 Epoch [17/70], Iteration [5/21], Loss: 0.1854
364 Epoch [17/70], Iteration [6/21], Loss: 0.0386
365 Epoch [17/70], Iteration [7/21], Loss: 0.2074
366 Epoch [17/70], Iteration [8/21], Loss: 0.0661
367 Epoch [17/70], Iteration [9/21], Loss: 0.2507
368 Epoch [17/70], Iteration [10/21], Loss: 0.0955
369 Epoch [17/70], Iteration [11/21], Loss: 0.0312
370 Epoch [17/70], Iteration [12/21], Loss: 0.0429
371 Epoch [17/70], Iteration [13/21], Loss: 0.0305
372 Epoch [17/70], Iteration [14/21], Loss: 0.0215
373 Epoch [17/70], Iteration [15/21], Loss: 0.0287
374 Epoch [17/70], Iteration [16/21], Loss: 0.0972
375 Epoch [17/70], Iteration [17/21], Loss: 0.0936
376 Epoch [17/70], Iteration [18/21], Loss: 0.0546
377 Epoch [17/70], Iteration [19/21], Loss: 0.0847
378 Epoch [17/70], Iteration [20/21], Loss: 0.0475
379 Epoch [17/70], Iteration [21/21], Loss: 0.0039
380 Accuracy: 0.95
381 Epoch [18/70], Iteration [1/21], Loss: 0.0285
382 Epoch [18/70], Iteration [2/21], Loss: 0.0800
383 Epoch [18/70], Iteration [3/21], Loss: 0.0427
384 Epoch [18/70], Iteration [4/21], Loss: 0.0176
385 Epoch [18/70], Iteration [5/21], Loss: 0.0718
386 Epoch [18/70], Iteration [6/21], Loss: 0.1330
387 Epoch [18/70], Iteration [7/21], Loss: 0.0695
388 Epoch [18/70], Iteration [8/21], Loss: 0.0229
389 Epoch [18/70], Iteration [9/21], Loss: 0.0370
390 Epoch [18/70], Iteration [10/21], Loss: 0.0268
391 Epoch [18/70], Iteration [11/21], Loss: 0.0499
392 Epoch [18/70], Iteration [12/21], Loss: 0.1433
393 Epoch [18/70], Iteration [13/21], Loss: 0.0084
394 Epoch [18/70], Iteration [14/21], Loss: 0.0225
395 Epoch [18/70], Iteration [15/21], Loss: 0.1485
396 Epoch [18/70], Iteration [16/21], Loss: 0.0191
397 Epoch [18/70], Iteration [17/21], Loss: 0.0309
398 Epoch [18/70], Iteration [18/21], Loss: 0.1192
399 Epoch [18/70], Iteration [19/21], Loss: 0.0189
400 Epoch [18/70], Iteration [20/21], Loss: 0.0321
401 Epoch [18/70], Iteration [21/21], Loss: 0.0579
402 Accuracy: 0.93
403 Epoch [19/70], Iteration [1/21], Loss: 0.0315
404 Epoch [19/70], Iteration [2/21], Loss: 0.0280
405 Epoch [19/70], Iteration [3/21], Loss: 0.0387
406 Epoch [19/70], Iteration [4/21], Loss: 0.0419
407 Epoch [19/70], Iteration [5/21], Loss: 0.0170
408 Epoch [19/70], Iteration [6/21], Loss: 0.0730
409 Epoch [19/70], Iteration [7/21], Loss: 0.0108
410 Epoch [19/70], Iteration [8/21], Loss: 0.0284
411 Epoch [19/70], Iteration [9/21], Loss: 0.0030
412 Epoch [19/70], Iteration [10/21], Loss: 0.0121
413 Epoch [19/70], Iteration [11/21], Loss: 0.0262
414 Epoch [19/70], Iteration [12/21], Loss: 0.0490
415 Epoch [19/70], Iteration [13/21], Loss: 0.0459
416 Epoch [19/70], Iteration [14/21], Loss: 0.0480
417 Epoch [19/70], Iteration [15/21], Loss: 0.0144
418 Epoch [19/70], Iteration [16/21], Loss: 0.0045
419 Epoch [19/70], Iteration [17/21], Loss: 0.0415
420 Epoch [19/70], Iteration [18/21], Loss: 0.0105
421 Epoch [19/70], Iteration [19/21], Loss: 0.0939
422 Epoch [19/70], Iteration [20/21], Loss: 0.0781
423 Epoch [19/70], Iteration [21/21], Loss: 1.8723
424 Accuracy: 0.95
425 Epoch [20/70], Iteration [1/21], Loss: 0.0855
426 Epoch [20/70], Iteration [2/21], Loss: 0.1545
427 Epoch [20/70], Iteration [3/21], Loss: 0.0527
428 Epoch [20/70], Iteration [4/21], Loss: 0.1147
429 Epoch [20/70], Iteration [5/21], Loss: 0.1814
430 Epoch [20/70], Iteration [6/21], Loss: 0.2346
431 Epoch [20/70], Iteration [7/21], Loss: 0.0587
432 Epoch [20/70], Iteration [8/21], Loss: 0.2356
433 Epoch [20/70], Iteration [9/21], Loss: 0.1194
434 Epoch [20/70], Iteration [10/21], Loss: 0.2527
435 Epoch [20/70], Iteration [11/21], Loss: 0.1352
436 Epoch [20/70], Iteration [12/21], Loss: 0.0638
437 Epoch [20/70], Iteration [13/21], Loss: 0.2333
438 Epoch [20/70], Iteration [14/21], Loss: 0.1317
439 Epoch [20/70], Iteration [15/21], Loss: 0.0656
440 Epoch [20/70], Iteration [16/21], Loss: 0.0524
441 Epoch [20/70], Iteration [17/21], Loss: 0.1159
442 Epoch [20/70], Iteration [18/21], Loss: 0.0666
443 Epoch [20/70], Iteration [19/21], Loss: 0.0495
444 Epoch [20/70], Iteration [20/21], Loss: 0.1017
445 Epoch [20/70], Iteration [21/21], Loss: 0.8953
446 Accuracy: 0.96
447 Epoch [21/70], Iteration [1/21], Loss: 0.1473
448 Epoch [21/70], Iteration [2/21], Loss: 0.0359
449 Epoch [21/70], Iteration [3/21], Loss: 0.0798
450 Epoch [21/70], Iteration [4/21], Loss: 0.1094
451 Epoch [21/70], Iteration [5/21], Loss: 0.1254
452 Epoch [21/70], Iteration [6/21], Loss: 0.1746
453 Epoch [21/70], Iteration [7/21], Loss: 0.1253
454 Epoch [21/70], Iteration [8/21], Loss: 0.0734
455 Epoch [21/70], Iteration [9/21], Loss: 0.1529
456 Epoch [21/70], Iteration [10/21], Loss: 0.1769
457 Epoch [21/70], Iteration [11/21], Loss: 0.3192
458 Epoch [21/70], Iteration [12/21], Loss: 0.0507
459 Epoch [21/70], Iteration [13/21], Loss: 0.0985
460 Epoch [21/70], Iteration [14/21], Loss: 0.0429
461 Epoch [21/70], Iteration [15/21], Loss: 0.0451
462 Epoch [21/70], Iteration [16/21], Loss: 0.0884
463 Epoch [21/70], Iteration [17/21], Loss: 0.0451
464 Epoch [21/70], Iteration [18/21], Loss: 0.0578
465 Epoch [21/70], Iteration [19/21], Loss: 0.0455
466 Epoch [21/70], Iteration [20/21], Loss: 0.1285
467 Epoch [21/70], Iteration [21/21], Loss: 0.0027
468 Accuracy: 0.96
469 Epoch [22/70], Iteration [1/21], Loss: 0.0399
470 Epoch [22/70], Iteration [2/21], Loss: 0.1164
471 Epoch [22/70], Iteration [3/21], Loss: 0.0875
472 Epoch [22/70], Iteration [4/21], Loss: 0.1020
473 Epoch [22/70], Iteration [5/21], Loss: 0.0793
474 Epoch [22/70], Iteration [6/21], Loss: 0.1387
475 Epoch [22/70], Iteration [7/21], Loss: 0.0404
476 Epoch [22/70], Iteration [8/21], Loss: 0.0491
477 Epoch [22/70], Iteration [9/21], Loss: 0.0197
478 Epoch [22/70], Iteration [10/21], Loss: 0.3213
479 Epoch [22/70], Iteration [11/21], Loss: 0.0135
480 Epoch [22/70], Iteration [12/21], Loss: 0.0213
481 Epoch [22/70], Iteration [13/21], Loss: 0.0330
482 Epoch [22/70], Iteration [14/21], Loss: 0.0327
483 Epoch [22/70], Iteration [15/21], Loss: 0.0363
484 Epoch [22/70], Iteration [16/21], Loss: 0.0191
485 Epoch [22/70], Iteration [17/21], Loss: 0.0244
486 Epoch [22/70], Iteration [18/21], Loss: 0.0666
487 Epoch [22/70], Iteration [19/21], Loss: 0.0398
488 Epoch [22/70], Iteration [20/21], Loss: 0.0129
489 Epoch [22/70], Iteration [21/21], Loss: 0.2642
490 Accuracy: 0.97
491 Epoch [23/70], Iteration [1/21], Loss: 0.0496
492 Epoch [23/70], Iteration [2/21], Loss: 0.0511
493 Epoch [23/70], Iteration [3/21], Loss: 0.0153
494 Epoch [23/70], Iteration [4/21], Loss: 0.0667
495 Epoch [23/70], Iteration [5/21], Loss: 0.0150
496 Epoch [23/70], Iteration [6/21], Loss: 0.1598
497 Epoch [23/70], Iteration [7/21], Loss: 0.0642
498 Epoch [23/70], Iteration [8/21], Loss: 0.0386
499 Epoch [23/70], Iteration [9/21], Loss: 0.0096
500 Epoch [23/70], Iteration [10/21], Loss: 0.0640
501 Epoch [23/70], Iteration [11/21], Loss: 0.0346
502 Epoch [23/70], Iteration [12/21], Loss: 0.0670
503 Epoch [23/70], Iteration [13/21], Loss: 0.0372
504 Epoch [23/70], Iteration [14/21], Loss: 0.0391
505 Epoch [23/70], Iteration [15/21], Loss: 0.2104
506 Epoch [23/70], Iteration [16/21], Loss: 0.0163
507 Epoch [23/70], Iteration [17/21], Loss: 0.0215
508 Epoch [23/70], Iteration [18/21], Loss: 0.1513
509 Epoch [23/70], Iteration [19/21], Loss: 0.0085
510 Epoch [23/70], Iteration [20/21], Loss: 0.0061
511 Epoch [23/70], Iteration [21/21], Loss: 0.0007
512 Accuracy: 0.97
513 Epoch [24/70], Iteration [1/21], Loss: 0.0102
514 Epoch [24/70], Iteration [2/21], Loss: 0.0513
515 Epoch [24/70], Iteration [3/21], Loss: 0.0883
516 Epoch [24/70], Iteration [4/21], Loss: 0.0151
517 Epoch [24/70], Iteration [5/21], Loss: 0.0203
518 Epoch [24/70], Iteration [6/21], Loss: 0.0621
519 Epoch [24/70], Iteration [7/21], Loss: 0.0346
520 Epoch [24/70], Iteration [8/21], Loss: 0.0585
521 Epoch [24/70], Iteration [9/21], Loss: 0.0343
522 Epoch [24/70], Iteration [10/21], Loss: 0.1074
523 Epoch [24/70], Iteration [11/21], Loss: 0.0097
524 Epoch [24/70], Iteration [12/21], Loss: 0.0078
525 Epoch [24/70], Iteration [13/21], Loss: 0.0211
526 Epoch [24/70], Iteration [14/21], Loss: 0.0758
527 Epoch [24/70], Iteration [15/21], Loss: 0.0155
528 Epoch [24/70], Iteration [16/21], Loss: 0.0334
529 Epoch [24/70], Iteration [17/21], Loss: 0.0318
530 Epoch [24/70], Iteration [18/21], Loss: 0.0112
531 Epoch [24/70], Iteration [19/21], Loss: 0.0108
532 Epoch [24/70], Iteration [20/21], Loss: 0.0418
533 Epoch [24/70], Iteration [21/21], Loss: 0.0039
534 Accuracy: 0.97
535 Epoch [25/70], Iteration [1/21], Loss: 0.0517
536 Epoch [25/70], Iteration [2/21], Loss: 0.0645
537 Epoch [25/70], Iteration [3/21], Loss: 0.0096
538 Epoch [25/70], Iteration [4/21], Loss: 0.0063
539 Epoch [25/70], Iteration [5/21], Loss: 0.0143
540 Epoch [25/70], Iteration [6/21], Loss: 0.0456
541 Epoch [25/70], Iteration [7/21], Loss: 0.0226
542 Epoch [25/70], Iteration [8/21], Loss: 0.0071
543 Epoch [25/70], Iteration [9/21], Loss: 0.0136
544 Epoch [25/70], Iteration [10/21], Loss: 0.0180
545 Epoch [25/70], Iteration [11/21], Loss: 0.0097
546 Epoch [25/70], Iteration [12/21], Loss: 0.0042
547 Epoch [25/70], Iteration [13/21], Loss: 0.0253
548 Epoch [25/70], Iteration [14/21], Loss: 0.0244
549 Epoch [25/70], Iteration [15/21], Loss: 0.0378
550 Epoch [25/70], Iteration [16/21], Loss: 0.0096
551 Epoch [25/70], Iteration [17/21], Loss: 0.0142
552 Epoch [25/70], Iteration [18/21], Loss: 0.0182
553 Epoch [25/70], Iteration [19/21], Loss: 0.0176
554 Epoch [25/70], Iteration [20/21], Loss: 0.0815
555 Epoch [25/70], Iteration [21/21], Loss: 0.5715
556 Accuracy: 0.97
557 Epoch [26/70], Iteration [1/21], Loss: 0.0173
558 Epoch [26/70], Iteration [2/21], Loss: 0.0187
559 Epoch [26/70], Iteration [3/21], Loss: 0.0353
560 Epoch [26/70], Iteration [4/21], Loss: 0.0111
561 Epoch [26/70], Iteration [5/21], Loss: 0.0070
562 Epoch [26/70], Iteration [6/21], Loss: 0.0727
563 Epoch [26/70], Iteration [7/21], Loss: 0.1448
564 Epoch [26/70], Iteration [8/21], Loss: 0.4266
565 Epoch [26/70], Iteration [9/21], Loss: 0.1152
566 Epoch [26/70], Iteration [10/21], Loss: 0.3494
567 Epoch [26/70], Iteration [11/21], Loss: 0.0692
568 Epoch [26/70], Iteration [12/21], Loss: 0.1515
569 Epoch [26/70], Iteration [13/21], Loss: 0.0650
570 Epoch [26/70], Iteration [14/21], Loss: 0.1045
571 Epoch [26/70], Iteration [15/21], Loss: 0.0496
572 Epoch [26/70], Iteration [16/21], Loss: 0.0655
573 Epoch [26/70], Iteration [17/21], Loss: 0.4115
574 Epoch [26/70], Iteration [18/21], Loss: 0.0580
575 Epoch [26/70], Iteration [19/21], Loss: 0.0344
576 Epoch [26/70], Iteration [20/21], Loss: 0.1263
577 Epoch [26/70], Iteration [21/21], Loss: 0.0164
578 Accuracy: 0.90
579 Epoch [27/70], Iteration [1/21], Loss: 0.1068
580 Epoch [27/70], Iteration [2/21], Loss: 0.0404
581 Epoch [27/70], Iteration [3/21], Loss: 0.0357
582 Epoch [27/70], Iteration [4/21], Loss: 0.0498
583 Epoch [27/70], Iteration [5/21], Loss: 0.0587
584 Epoch [27/70], Iteration [6/21], Loss: 0.0354
585 Epoch [27/70], Iteration [7/21], Loss: 0.0239
586 Epoch [27/70], Iteration [8/21], Loss: 0.1971
587 Epoch [27/70], Iteration [9/21], Loss: 0.0290
588 Epoch [27/70], Iteration [10/21], Loss: 0.0554
589 Epoch [27/70], Iteration [11/21], Loss: 0.1100
590 Epoch [27/70], Iteration [12/21], Loss: 0.1933
591 Epoch [27/70], Iteration [13/21], Loss: 0.1526
592 Epoch [27/70], Iteration [14/21], Loss: 0.0221
593 Epoch [27/70], Iteration [15/21], Loss: 0.0764
594 Epoch [27/70], Iteration [16/21], Loss: 0.0213
595 Epoch [27/70], Iteration [17/21], Loss: 0.0981
596 Epoch [27/70], Iteration [18/21], Loss: 0.0598
597 Epoch [27/70], Iteration [19/21], Loss: 0.0559
598 Epoch [27/70], Iteration [20/21], Loss: 0.0511
599 Epoch [27/70], Iteration [21/21], Loss: 0.5572
600 Accuracy: 0.70
601 Epoch [28/70], Iteration [1/21], Loss: 0.0170
602 Epoch [28/70], Iteration [2/21], Loss: 0.1077
603 Epoch [28/70], Iteration [3/21], Loss: 0.0801
604 Epoch [28/70], Iteration [4/21], Loss: 0.1252
605 Epoch [28/70], Iteration [5/21], Loss: 0.1620
606 Epoch [28/70], Iteration [6/21], Loss: 0.0532
607 Epoch [28/70], Iteration [7/21], Loss: 0.2375
608 Epoch [28/70], Iteration [8/21], Loss: 0.0769
609 Epoch [28/70], Iteration [9/21], Loss: 0.1413
610 Epoch [28/70], Iteration [10/21], Loss: 0.1134
611 Epoch [28/70], Iteration [11/21], Loss: 0.0553
612 Epoch [28/70], Iteration [12/21], Loss: 0.0206
613 Epoch [28/70], Iteration [13/21], Loss: 0.3354
614 Epoch [28/70], Iteration [14/21], Loss: 0.0129
615 Epoch [28/70], Iteration [15/21], Loss: 0.1706
616 Epoch [28/70], Iteration [16/21], Loss: 0.1089
617 Epoch [28/70], Iteration [17/21], Loss: 0.0665
618 Epoch [28/70], Iteration [18/21], Loss: 0.0550
619 Epoch [28/70], Iteration [19/21], Loss: 0.0985
620 Epoch [28/70], Iteration [20/21], Loss: 0.0949
621 Epoch [28/70], Iteration [21/21], Loss: 0.5105
622 Accuracy: 0.95
623 Epoch [29/70], Iteration [1/21], Loss: 0.0387
624 Epoch [29/70], Iteration [2/21], Loss: 0.0423
625 Epoch [29/70], Iteration [3/21], Loss: 0.0602
626 Epoch [29/70], Iteration [4/21], Loss: 0.1779
627 Epoch [29/70], Iteration [5/21], Loss: 0.0530
628 Epoch [29/70], Iteration [6/21], Loss: 0.0946
629 Epoch [29/70], Iteration [7/21], Loss: 0.1055
630 Epoch [29/70], Iteration [8/21], Loss: 0.0509
631 Epoch [29/70], Iteration [9/21], Loss: 0.0866
632 Epoch [29/70], Iteration [10/21], Loss: 0.0791
633 Epoch [29/70], Iteration [11/21], Loss: 0.0337
634 Epoch [29/70], Iteration [12/21], Loss: 0.0430
635 Epoch [29/70], Iteration [13/21], Loss: 0.0385
636 Epoch [29/70], Iteration [14/21], Loss: 0.1183
637 Epoch [29/70], Iteration [15/21], Loss: 0.0633
638 Epoch [29/70], Iteration [16/21], Loss: 0.2089
639 Epoch [29/70], Iteration [17/21], Loss: 0.1142
640 Epoch [29/70], Iteration [18/21], Loss: 0.2110
641 Epoch [29/70], Iteration [19/21], Loss: 0.0774
642 Epoch [29/70], Iteration [20/21], Loss: 0.1172
643 Epoch [29/70], Iteration [21/21], Loss: 2.7366
644 Accuracy: 0.78
645 Epoch [30/70], Iteration [1/21], Loss: 0.0637
646 Epoch [30/70], Iteration [2/21], Loss: 0.0849
647 Epoch [30/70], Iteration [3/21], Loss: 0.0911
648 Epoch [30/70], Iteration [4/21], Loss: 0.1636
649 Epoch [30/70], Iteration [5/21], Loss: 0.1995
650 Epoch [30/70], Iteration [6/21], Loss: 0.3233
651 Epoch [30/70], Iteration [7/21], Loss: 0.1630
652 Epoch [30/70], Iteration [8/21], Loss: 0.2127
653 Epoch [30/70], Iteration [9/21], Loss: 0.1042
654 Epoch [30/70], Iteration [10/21], Loss: 0.0950
655 Epoch [30/70], Iteration [11/21], Loss: 0.0615
656 Epoch [30/70], Iteration [12/21], Loss: 0.1259
657 Epoch [30/70], Iteration [13/21], Loss: 0.1526
658 Epoch [30/70], Iteration [14/21], Loss: 0.0925
659 Epoch [30/70], Iteration [15/21], Loss: 0.1153
660 Epoch [30/70], Iteration [16/21], Loss: 0.1204
661 Epoch [30/70], Iteration [17/21], Loss: 0.1205
662 Epoch [30/70], Iteration [18/21], Loss: 0.0221
663 Epoch [30/70], Iteration [19/21], Loss: 0.0948
664 Epoch [30/70], Iteration [20/21], Loss: 0.0947
665 Epoch [30/70], Iteration [21/21], Loss: 1.1502
666 Accuracy: 0.95
667 Epoch [31/70], Iteration [1/21], Loss: 0.0809
668 Epoch [31/70], Iteration [2/21], Loss: 0.0890
669 Epoch [31/70], Iteration [3/21], Loss: 0.1366
670 Epoch [31/70], Iteration [4/21], Loss: 0.0949
671 Epoch [31/70], Iteration [5/21], Loss: 0.1394
672 Epoch [31/70], Iteration [6/21], Loss: 0.2262
673 Epoch [31/70], Iteration [7/21], Loss: 0.0807
674 Epoch [31/70], Iteration [8/21], Loss: 0.1000
675 Epoch [31/70], Iteration [9/21], Loss: 0.0676
676 Epoch [31/70], Iteration [10/21], Loss: 0.1441
677 Epoch [31/70], Iteration [11/21], Loss: 0.0753
678 Epoch [31/70], Iteration [12/21], Loss: 0.0944
679 Epoch [31/70], Iteration [13/21], Loss: 0.1190
680 Epoch [31/70], Iteration [14/21], Loss: 0.0386
681 Epoch [31/70], Iteration [15/21], Loss: 0.0741
682 Epoch [31/70], Iteration [16/21], Loss: 0.0953
683 Epoch [31/70], Iteration [17/21], Loss: 0.0796
684 Epoch [31/70], Iteration [18/21], Loss: 0.2255
685 Epoch [31/70], Iteration [19/21], Loss: 0.0480
686 Epoch [31/70], Iteration [20/21], Loss: 0.0731
687 Epoch [31/70], Iteration [21/21], Loss: 0.2196
688 Accuracy: 0.95
689 Epoch [32/70], Iteration [1/21], Loss: 0.1300
690 Epoch [32/70], Iteration [2/21], Loss: 0.0559
691 Epoch [32/70], Iteration [3/21], Loss: 0.0623
692 Epoch [32/70], Iteration [4/21], Loss: 0.0287
693 Epoch [32/70], Iteration [5/21], Loss: 0.1506
694 Epoch [32/70], Iteration [6/21], Loss: 0.0403
695 Epoch [32/70], Iteration [7/21], Loss: 0.1087
696 Epoch [32/70], Iteration [8/21], Loss: 0.2195
697 Epoch [32/70], Iteration [9/21], Loss: 0.0268
698 Epoch [32/70], Iteration [10/21], Loss: 0.0760
699 Epoch [32/70], Iteration [11/21], Loss: 0.0169
700 Epoch [32/70], Iteration [12/21], Loss: 0.0149
701 Epoch [32/70], Iteration [13/21], Loss: 0.0500
702 Epoch [32/70], Iteration [14/21], Loss: 0.0628
703 Epoch [32/70], Iteration [15/21], Loss: 0.0327
704 Epoch [32/70], Iteration [16/21], Loss: 0.0353
705 Epoch [32/70], Iteration [17/21], Loss: 0.0762
706 Epoch [32/70], Iteration [18/21], Loss: 0.2007
707 Epoch [32/70], Iteration [19/21], Loss: 0.0360
708 Epoch [32/70], Iteration [20/21], Loss: 0.1097
709 Epoch [32/70], Iteration [21/21], Loss: 0.0233
710 Accuracy: 0.96
711 Epoch [33/70], Iteration [1/21], Loss: 0.0217
712 Epoch [33/70], Iteration [2/21], Loss: 0.0231
713 Epoch [33/70], Iteration [3/21], Loss: 0.0206
714 Epoch [33/70], Iteration [4/21], Loss: 0.0568
715 Epoch [33/70], Iteration [5/21], Loss: 0.0890
716 Epoch [33/70], Iteration [6/21], Loss: 0.0231
717 Epoch [33/70], Iteration [7/21], Loss: 0.0228
718 Epoch [33/70], Iteration [8/21], Loss: 0.0187
719 Epoch [33/70], Iteration [9/21], Loss: 0.0444
720 Epoch [33/70], Iteration [10/21], Loss: 0.0153
721 Epoch [33/70], Iteration [11/21], Loss: 0.0406
722 Epoch [33/70], Iteration [12/21], Loss: 0.0255
723 Epoch [33/70], Iteration [13/21], Loss: 0.0555
724 Epoch [33/70], Iteration [14/21], Loss: 0.0393
725 Epoch [33/70], Iteration [15/21], Loss: 0.0924
726 Epoch [33/70], Iteration [16/21], Loss: 0.0229
727 Epoch [33/70], Iteration [17/21], Loss: 0.0142
728 Epoch [33/70], Iteration [18/21], Loss: 0.0293
729 Epoch [33/70], Iteration [19/21], Loss: 0.0887
730 Epoch [33/70], Iteration [20/21], Loss: 0.0186
731 Epoch [33/70], Iteration [21/21], Loss: 0.0104
732 Accuracy: 0.96
733 Epoch [34/70], Iteration [1/21], Loss: 0.0271
734 Epoch [34/70], Iteration [2/21], Loss: 0.0433
735 Epoch [34/70], Iteration [3/21], Loss: 0.0351
736 Epoch [34/70], Iteration [4/21], Loss: 0.0331
737 Epoch [34/70], Iteration [5/21], Loss: 0.0078
738 Epoch [34/70], Iteration [6/21], Loss: 0.0132
739 Epoch [34/70], Iteration [7/21], Loss: 0.0047
740 Epoch [34/70], Iteration [8/21], Loss: 0.0275
741 Epoch [34/70], Iteration [9/21], Loss: 0.0154
742 Epoch [34/70], Iteration [10/21], Loss: 0.0127
743 Epoch [34/70], Iteration [11/21], Loss: 0.0715
744 Epoch [34/70], Iteration [12/21], Loss: 0.0095
745 Epoch [34/70], Iteration [13/21], Loss: 0.0087
746 Epoch [34/70], Iteration [14/21], Loss: 0.0765
747 Epoch [34/70], Iteration [15/21], Loss: 0.0130
748 Epoch [34/70], Iteration [16/21], Loss: 0.0256
749 Epoch [34/70], Iteration [17/21], Loss: 0.0196
750 Epoch [34/70], Iteration [18/21], Loss: 0.0366
751 Epoch [34/70], Iteration [19/21], Loss: 0.0142
752 Epoch [34/70], Iteration [20/21], Loss: 0.0052
753 Epoch [34/70], Iteration [21/21], Loss: 0.0056
754 Accuracy: 0.96
755 Epoch [35/70], Iteration [1/21], Loss: 0.0213
756 Epoch [35/70], Iteration [2/21], Loss: 0.0078
757 Epoch [35/70], Iteration [3/21], Loss: 0.0039
758 Epoch [35/70], Iteration [4/21], Loss: 0.0056
759 Epoch [35/70], Iteration [5/21], Loss: 0.0038
760 Epoch [35/70], Iteration [6/21], Loss: 0.0215
761 Epoch [35/70], Iteration [7/21], Loss: 0.0056
762 Epoch [35/70], Iteration [8/21], Loss: 0.0123
763 Epoch [35/70], Iteration [9/21], Loss: 0.0100
764 Epoch [35/70], Iteration [10/21], Loss: 0.0050
765 Epoch [35/70], Iteration [11/21], Loss: 0.0102
766 Epoch [35/70], Iteration [12/21], Loss: 0.0139
767 Epoch [35/70], Iteration [13/21], Loss: 0.0288
768 Epoch [35/70], Iteration [14/21], Loss: 0.0100
769 Epoch [35/70], Iteration [15/21], Loss: 0.0128
770 Epoch [35/70], Iteration [16/21], Loss: 0.0191
771 Epoch [35/70], Iteration [17/21], Loss: 0.0336
772 Epoch [35/70], Iteration [18/21], Loss: 0.0114
773 Epoch [35/70], Iteration [19/21], Loss: 0.0068
774 Epoch [35/70], Iteration [20/21], Loss: 0.1140
775 Epoch [35/70], Iteration [21/21], Loss: 1.1614
776 Accuracy: 0.97
777 Epoch [36/70], Iteration [1/21], Loss: 0.0080
778 Epoch [36/70], Iteration [2/21], Loss: 0.0448
779 Epoch [36/70], Iteration [3/21], Loss: 0.0635
780 Epoch [36/70], Iteration [4/21], Loss: 0.1156
781 Epoch [36/70], Iteration [5/21], Loss: 0.2017
782 Epoch [36/70], Iteration [6/21], Loss: 0.0477
783 Epoch [36/70], Iteration [7/21], Loss: 0.0815
784 Epoch [36/70], Iteration [8/21], Loss: 0.2250
785 Epoch [36/70], Iteration [9/21], Loss: 0.0584
786 Epoch [36/70], Iteration [10/21], Loss: 0.1051
787 Epoch [36/70], Iteration [11/21], Loss: 0.0959
788 Epoch [36/70], Iteration [12/21], Loss: 0.0834
789 Epoch [36/70], Iteration [13/21], Loss: 0.0314
790 Epoch [36/70], Iteration [14/21], Loss: 0.0844
791 Epoch [36/70], Iteration [15/21], Loss: 0.0675
792 Epoch [36/70], Iteration [16/21], Loss: 0.0313
793 Epoch [36/70], Iteration [17/21], Loss: 0.0324
794 Epoch [36/70], Iteration [18/21], Loss: 0.1993
795 Epoch [36/70], Iteration [19/21], Loss: 0.0408
796 Epoch [36/70], Iteration [20/21], Loss: 0.0077
797 Epoch [36/70], Iteration [21/21], Loss: 0.1285
798 Accuracy: 0.96
799 Epoch [37/70], Iteration [1/21], Loss: 0.0138
800 Epoch [37/70], Iteration [2/21], Loss: 0.0340
801 Epoch [37/70], Iteration [3/21], Loss: 0.0823
802 Epoch [37/70], Iteration [4/21], Loss: 0.0257
803 Epoch [37/70], Iteration [5/21], Loss: 0.1653
804 Epoch [37/70], Iteration [6/21], Loss: 0.0618
805 Epoch [37/70], Iteration [7/21], Loss: 0.0797
806 Epoch [37/70], Iteration [8/21], Loss: 0.1265
807 Epoch [37/70], Iteration [9/21], Loss: 0.0359
808 Epoch [37/70], Iteration [10/21], Loss: 0.0185
809 Epoch [37/70], Iteration [11/21], Loss: 0.0055
810 Epoch [37/70], Iteration [12/21], Loss: 0.1307
811 Epoch [37/70], Iteration [13/21], Loss: 0.0688
812 Epoch [37/70], Iteration [14/21], Loss: 0.0076
813 Epoch [37/70], Iteration [15/21], Loss: 0.0571
814 Epoch [37/70], Iteration [16/21], Loss: 0.1719
815 Epoch [37/70], Iteration [17/21], Loss: 0.1478
816 Epoch [37/70], Iteration [18/21], Loss: 0.0724
817 Epoch [37/70], Iteration [19/21], Loss: 0.0360
818 Epoch [37/70], Iteration [20/21], Loss: 0.0557
819 Epoch [37/70], Iteration [21/21], Loss: 0.0104
820 Accuracy: 0.59
821 Epoch [38/70], Iteration [1/21], Loss: 0.0981
822 Epoch [38/70], Iteration [2/21], Loss: 0.0052
823 Epoch [38/70], Iteration [3/21], Loss: 0.0116
824 Epoch [38/70], Iteration [4/21], Loss: 0.0104
825 Epoch [38/70], Iteration [5/21], Loss: 0.0278
826 Epoch [38/70], Iteration [6/21], Loss: 0.0523
827 Epoch [38/70], Iteration [7/21], Loss: 0.0105
828 Epoch [38/70], Iteration [8/21], Loss: 0.0170
829 Epoch [38/70], Iteration [9/21], Loss: 0.1317
830 Epoch [38/70], Iteration [10/21], Loss: 0.0337
831 Epoch [38/70], Iteration [11/21], Loss: 0.0830
832 Epoch [38/70], Iteration [12/21], Loss: 0.0270
833 Epoch [38/70], Iteration [13/21], Loss: 0.0236
834 Epoch [38/70], Iteration [14/21], Loss: 0.0143
835 Epoch [38/70], Iteration [15/21], Loss: 0.0112
836 Epoch [38/70], Iteration [16/21], Loss: 0.0263
837 Epoch [38/70], Iteration [17/21], Loss: 0.0773
838 Epoch [38/70], Iteration [18/21], Loss: 0.0216
839 Epoch [38/70], Iteration [19/21], Loss: 0.0971
840 Epoch [38/70], Iteration [20/21], Loss: 0.1024
841 Epoch [38/70], Iteration [21/21], Loss: 0.0237
842 Accuracy: 0.97
843 Epoch [39/70], Iteration [1/21], Loss: 0.0179
844 Epoch [39/70], Iteration [2/21], Loss: 0.0091
845 Epoch [39/70], Iteration [3/21], Loss: 0.0260
846 Epoch [39/70], Iteration [4/21], Loss: 0.0128
847 Epoch [39/70], Iteration [5/21], Loss: 0.0105
848 Epoch [39/70], Iteration [6/21], Loss: 0.0179
849 Epoch [39/70], Iteration [7/21], Loss: 0.0885
850 Epoch [39/70], Iteration [8/21], Loss: 0.0090
851 Epoch [39/70], Iteration [9/21], Loss: 0.0350
852 Epoch [39/70], Iteration [10/21], Loss: 0.0822
853 Epoch [39/70], Iteration [11/21], Loss: 0.0133
854 Epoch [39/70], Iteration [12/21], Loss: 0.0109
855 Epoch [39/70], Iteration [13/21], Loss: 0.0023
856 Epoch [39/70], Iteration [14/21], Loss: 0.0430
857 Epoch [39/70], Iteration [15/21], Loss: 0.1764
858 Epoch [39/70], Iteration [16/21], Loss: 0.0054
859 Epoch [39/70], Iteration [17/21], Loss: 0.0025
860 Epoch [39/70], Iteration [18/21], Loss: 0.0169
861 Epoch [39/70], Iteration [19/21], Loss: 0.0047
862 Epoch [39/70], Iteration [20/21], Loss: 0.0283
863 Epoch [39/70], Iteration [21/21], Loss: 0.6584
864 Accuracy: 0.95
865 Epoch [40/70], Iteration [1/21], Loss: 0.0049
866 Epoch [40/70], Iteration [2/21], Loss: 0.0256
867 Epoch [40/70], Iteration [3/21], Loss: 0.0599
868 Epoch [40/70], Iteration [4/21], Loss: 0.3711
869 Epoch [40/70], Iteration [5/21], Loss: 0.2613
870 Epoch [40/70], Iteration [6/21], Loss: 0.1062
871 Epoch [40/70], Iteration [7/21], Loss: 0.0617
872 Epoch [40/70], Iteration [8/21], Loss: 0.0592
873 Epoch [40/70], Iteration [9/21], Loss: 0.1256
874 Epoch [40/70], Iteration [10/21], Loss: 0.1727
875 Epoch [40/70], Iteration [11/21], Loss: 0.0403
876 Epoch [40/70], Iteration [12/21], Loss: 0.1248
877 Epoch [40/70], Iteration [13/21], Loss: 0.0586
878 Epoch [40/70], Iteration [14/21], Loss: 0.0216
879 Epoch [40/70], Iteration [15/21], Loss: 0.0266
880 Epoch [40/70], Iteration [16/21], Loss: 0.1199
881 Epoch [40/70], Iteration [17/21], Loss: 0.1586
882 Epoch [40/70], Iteration [18/21], Loss: 0.0317
883 Epoch [40/70], Iteration [19/21], Loss: 0.1583
884 Epoch [40/70], Iteration [20/21], Loss: 0.0578
885 Epoch [40/70], Iteration [21/21], Loss: 0.7862
886 Accuracy: 0.96
887 Epoch [41/70], Iteration [1/21], Loss: 0.0966
888 Epoch [41/70], Iteration [2/21], Loss: 0.1225
889 Epoch [41/70], Iteration [3/21], Loss: 0.0345
890 Epoch [41/70], Iteration [4/21], Loss: 0.1219
891 Epoch [41/70], Iteration [5/21], Loss: 0.1240
892 Epoch [41/70], Iteration [6/21], Loss: 0.0604
893 Epoch [41/70], Iteration [7/21], Loss: 0.0551
894 Epoch [41/70], Iteration [8/21], Loss: 0.0833
895 Epoch [41/70], Iteration [9/21], Loss: 0.1215
896 Epoch [41/70], Iteration [10/21], Loss: 0.0555
897 Epoch [41/70], Iteration [11/21], Loss: 0.0707
898 Epoch [41/70], Iteration [12/21], Loss: 0.0156
899 Epoch [41/70], Iteration [13/21], Loss: 0.0224
900 Epoch [41/70], Iteration [14/21], Loss: 0.1162
901 Epoch [41/70], Iteration [15/21], Loss: 0.0941
902 Epoch [41/70], Iteration [16/21], Loss: 0.0349
903 Epoch [41/70], Iteration [17/21], Loss: 0.0167
904 Epoch [41/70], Iteration [18/21], Loss: 0.0435
905 Epoch [41/70], Iteration [19/21], Loss: 0.0505
906 Epoch [41/70], Iteration [20/21], Loss: 0.0776
907 Epoch [41/70], Iteration [21/21], Loss: 0.0108
908 Accuracy: 0.94
909 Epoch [42/70], Iteration [1/21], Loss: 0.0676
910 Epoch [42/70], Iteration [2/21], Loss: 0.0736
911 Epoch [42/70], Iteration [3/21], Loss: 0.0160
912 Epoch [42/70], Iteration [4/21], Loss: 0.0470
913 Epoch [42/70], Iteration [5/21], Loss: 0.0945
914 Epoch [42/70], Iteration [6/21], Loss: 0.0242
915 Epoch [42/70], Iteration [7/21], Loss: 0.0215
916 Epoch [42/70], Iteration [8/21], Loss: 0.0713
917 Epoch [42/70], Iteration [9/21], Loss: 0.0074
918 Epoch [42/70], Iteration [10/21], Loss: 0.0610
919 Epoch [42/70], Iteration [11/21], Loss: 0.0790
920 Epoch [42/70], Iteration [12/21], Loss: 0.0283
921 Epoch [42/70], Iteration [13/21], Loss: 0.1370
922 Epoch [42/70], Iteration [14/21], Loss: 0.0375
923 Epoch [42/70], Iteration [15/21], Loss: 0.0694
924 Epoch [42/70], Iteration [16/21], Loss: 0.0593
925 Epoch [42/70], Iteration [17/21], Loss: 0.0612
926 Epoch [42/70], Iteration [18/21], Loss: 0.0206
927 Epoch [42/70], Iteration [19/21], Loss: 0.0169
928 Epoch [42/70], Iteration [20/21], Loss: 0.0251
929 Epoch [42/70], Iteration [21/21], Loss: 0.6199
930 Accuracy: 0.97
931 Epoch [43/70], Iteration [1/21], Loss: 0.0270
932 Epoch [43/70], Iteration [2/21], Loss: 0.0185
933 Epoch [43/70], Iteration [3/21], Loss: 0.0427
934 Epoch [43/70], Iteration [4/21], Loss: 0.0409
935 Epoch [43/70], Iteration [5/21], Loss: 0.0205
936 Epoch [43/70], Iteration [6/21], Loss: 0.0933
937 Epoch [43/70], Iteration [7/21], Loss: 0.0546
938 Epoch [43/70], Iteration [8/21], Loss: 0.0869
939 Epoch [43/70], Iteration [9/21], Loss: 0.0781
940 Epoch [43/70], Iteration [10/21], Loss: 0.0582
941 Epoch [43/70], Iteration [11/21], Loss: 0.0272
942 Epoch [43/70], Iteration [12/21], Loss: 0.0384
943 Epoch [43/70], Iteration [13/21], Loss: 0.0950
944 Epoch [43/70], Iteration [14/21], Loss: 0.0302
945 Epoch [43/70], Iteration [15/21], Loss: 0.0231
946 Epoch [43/70], Iteration [16/21], Loss: 0.0355
947 Epoch [43/70], Iteration [17/21], Loss: 0.0724
948 Epoch [43/70], Iteration [18/21], Loss: 0.0080
949 Epoch [43/70], Iteration [19/21], Loss: 0.0382
950 Epoch [43/70], Iteration [20/21], Loss: 0.0330
951 Epoch [43/70], Iteration [21/21], Loss: 0.0042
952 Accuracy: 0.97
953 Epoch [44/70], Iteration [1/21], Loss: 0.0112
954 Epoch [44/70], Iteration [2/21], Loss: 0.0250
955 Epoch [44/70], Iteration [3/21], Loss: 0.0243
956 Epoch [44/70], Iteration [4/21], Loss: 0.0469
957 Epoch [44/70], Iteration [5/21], Loss: 0.0683
958 Epoch [44/70], Iteration [6/21], Loss: 0.0410
959 Epoch [44/70], Iteration [7/21], Loss: 0.0400
960 Epoch [44/70], Iteration [8/21], Loss: 0.0104
961 Epoch [44/70], Iteration [9/21], Loss: 0.0312
962 Epoch [44/70], Iteration [10/21], Loss: 0.0046
963 Epoch [44/70], Iteration [11/21], Loss: 0.0086
964 Epoch [44/70], Iteration [12/21], Loss: 0.0345
965 Epoch [44/70], Iteration [13/21], Loss: 0.0125
966 Epoch [44/70], Iteration [14/21], Loss: 0.0467
967 Epoch [44/70], Iteration [15/21], Loss: 0.0270
968 Epoch [44/70], Iteration [16/21], Loss: 0.0478
969 Epoch [44/70], Iteration [17/21], Loss: 0.0780
970 Epoch [44/70], Iteration [18/21], Loss: 0.0151
971 Epoch [44/70], Iteration [19/21], Loss: 0.0039
972 Epoch [44/70], Iteration [20/21], Loss: 0.0088
973 Epoch [44/70], Iteration [21/21], Loss: 0.5647
974 Accuracy: 0.94
975 Epoch [45/70], Iteration [1/21], Loss: 0.0101
976 Epoch [45/70], Iteration [2/21], Loss: 0.0153
977 Epoch [45/70], Iteration [3/21], Loss: 0.4700
978 Epoch [45/70], Iteration [4/21], Loss: 0.0772
979 Epoch [45/70], Iteration [5/21], Loss: 0.1523
980 Epoch [45/70], Iteration [6/21], Loss: 0.0651
981 Epoch [45/70], Iteration [7/21], Loss: 0.0470
982 Epoch [45/70], Iteration [8/21], Loss: 0.0486
983 Epoch [45/70], Iteration [9/21], Loss: 0.0072
984 Epoch [45/70], Iteration [10/21], Loss: 0.1657
985 Epoch [45/70], Iteration [11/21], Loss: 0.0954
986 Epoch [45/70], Iteration [12/21], Loss: 0.0330
987 Epoch [45/70], Iteration [13/21], Loss: 0.0382
988 Epoch [45/70], Iteration [14/21], Loss: 0.1290
989 Epoch [45/70], Iteration [15/21], Loss: 0.1414
990 Epoch [45/70], Iteration [16/21], Loss: 0.0300
991 Epoch [45/70], Iteration [17/21], Loss: 0.0428
992 Epoch [45/70], Iteration [18/21], Loss: 0.0163
993 Epoch [45/70], Iteration [19/21], Loss: 0.0465
994 Epoch [45/70], Iteration [20/21], Loss: 0.0272
995 Epoch [45/70], Iteration [21/21], Loss: 2.0973
996 Accuracy: 0.95
997 Epoch [46/70], Iteration [1/21], Loss: 0.0247
998 Epoch [46/70], Iteration [2/21], Loss: 0.0629
999 Epoch [46/70], Iteration [3/21], Loss: 0.0377
1000 Epoch [46/70], Iteration [4/21], Loss: 0.0906
1001 Epoch [46/70], Iteration [5/21], Loss: 0.1364
1002 Epoch [46/70], Iteration [6/21], Loss: 0.0789
1003 Epoch [46/70], Iteration [7/21], Loss: 0.1736
1004 Epoch [46/70], Iteration [8/21], Loss: 0.1296
1005 Epoch [46/70], Iteration [9/21], Loss: 0.0902
1006 Epoch [46/70], Iteration [10/21], Loss: 0.1048
1007 Epoch [46/70], Iteration [11/21], Loss: 0.0293
1008 Epoch [46/70], Iteration [12/21], Loss: 0.1390
1009 Epoch [46/70], Iteration [13/21], Loss: 0.1602
1010 Epoch [46/70], Iteration [14/21], Loss: 0.0189
1011 Epoch [46/70], Iteration [15/21], Loss: 0.0357
1012 Epoch [46/70], Iteration [16/21], Loss: 0.0296
1013 Epoch [46/70], Iteration [17/21], Loss: 0.0744
1014 Epoch [46/70], Iteration [18/21], Loss: 0.0335
1015 Epoch [46/70], Iteration [19/21], Loss: 0.0220
1016 Epoch [46/70], Iteration [20/21], Loss: 0.0522
1017 Epoch [46/70], Iteration [21/21], Loss: 0.5256
1018 Accuracy: 0.95
1019 Epoch [47/70], Iteration [1/21], Loss: 0.0360
1020 Epoch [47/70], Iteration [2/21], Loss: 0.0374
1021 Epoch [47/70], Iteration [3/21], Loss: 0.0843
1022 Epoch [47/70], Iteration [4/21], Loss: 0.0498
1023 Epoch [47/70], Iteration [5/21], Loss: 0.1484
1024 Epoch [47/70], Iteration [6/21], Loss: 0.0522
1025 Epoch [47/70], Iteration [7/21], Loss: 0.0648
1026 Epoch [47/70], Iteration [8/21], Loss: 0.0889
1027 Epoch [47/70], Iteration [9/21], Loss: 0.0395
1028 Epoch [47/70], Iteration [10/21], Loss: 0.0502
1029 Epoch [47/70], Iteration [11/21], Loss: 0.0390
1030 Epoch [47/70], Iteration [12/21], Loss: 0.2903
1031 Epoch [47/70], Iteration [13/21], Loss: 0.0157
1032 Epoch [47/70], Iteration [14/21], Loss: 0.1190
1033 Epoch [47/70], Iteration [15/21], Loss: 0.0952
1034 Epoch [47/70], Iteration [16/21], Loss: 0.0114
1035 Epoch [47/70], Iteration [17/21], Loss: 0.0489
1036 Epoch [47/70], Iteration [18/21], Loss: 0.0346
1037 Epoch [47/70], Iteration [19/21], Loss: 0.0163
1038 Epoch [47/70], Iteration [20/21], Loss: 0.0764
1039 Epoch [47/70], Iteration [21/21], Loss: 1.0170
1040 Accuracy: 0.95
1041 Epoch [48/70], Iteration [1/21], Loss: 0.0174
1042 Epoch [48/70], Iteration [2/21], Loss: 0.0391
1043 Epoch [48/70], Iteration [3/21], Loss: 0.0560
1044 Epoch [48/70], Iteration [4/21], Loss: 0.1266
1045 Epoch [48/70], Iteration [5/21], Loss: 0.1736
1046 Epoch [48/70], Iteration [6/21], Loss: 0.1189
1047 Epoch [48/70], Iteration [7/21], Loss: 0.1833
1048 Epoch [48/70], Iteration [8/21], Loss: 0.1210
1049 Epoch [48/70], Iteration [9/21], Loss: 0.0726
1050 Epoch [48/70], Iteration [10/21], Loss: 0.0690
1051 Epoch [48/70], Iteration [11/21], Loss: 0.0732
1052 Epoch [48/70], Iteration [12/21], Loss: 0.0543
1053 Epoch [48/70], Iteration [13/21], Loss: 0.0768
1054 Epoch [48/70], Iteration [14/21], Loss: 0.1779
1055 Epoch [48/70], Iteration [15/21], Loss: 0.0265
1056 Epoch [48/70], Iteration [16/21], Loss: 0.0192
1057 Epoch [48/70], Iteration [17/21], Loss: 0.0416
1058 Epoch [48/70], Iteration [18/21], Loss: 0.0219
1059 Epoch [48/70], Iteration [19/21], Loss: 0.1145
1060 Epoch [48/70], Iteration [20/21], Loss: 0.0486
1061 Epoch [48/70], Iteration [21/21], Loss: 0.9067
1062 Accuracy: 0.88
1063 Epoch [49/70], Iteration [1/21], Loss: 0.0405
1064 Epoch [49/70], Iteration [2/21], Loss: 0.1269
1065 Epoch [49/70], Iteration [3/21], Loss: 0.0832
1066 Epoch [49/70], Iteration [4/21], Loss: 0.2001
1067 Epoch [49/70], Iteration [5/21], Loss: 0.2725
1068 Epoch [49/70], Iteration [6/21], Loss: 0.3664
1069 Epoch [49/70], Iteration [7/21], Loss: 0.2573
1070 Epoch [49/70], Iteration [8/21], Loss: 0.1129
1071 Epoch [49/70], Iteration [9/21], Loss: 0.0352
1072 Epoch [49/70], Iteration [10/21], Loss: 0.0715
1073 Epoch [49/70], Iteration [11/21], Loss: 0.0943
1074 Epoch [49/70], Iteration [12/21], Loss: 0.0623
1075 Epoch [49/70], Iteration [13/21], Loss: 0.0525
1076 Epoch [49/70], Iteration [14/21], Loss: 0.0303
1077 Epoch [49/70], Iteration [15/21], Loss: 0.1445
1078 Epoch [49/70], Iteration [16/21], Loss: 0.0791
1079 Epoch [49/70], Iteration [17/21], Loss: 0.0997
1080 Epoch [49/70], Iteration [18/21], Loss: 0.0577
1081 Epoch [49/70], Iteration [19/21], Loss: 0.0420
1082 Epoch [49/70], Iteration [20/21], Loss: 0.0533
1083 Epoch [49/70], Iteration [21/21], Loss: 0.0066
1084 Accuracy: 0.85
1085 Epoch [50/70], Iteration [1/21], Loss: 0.0889
1086 Epoch [50/70], Iteration [2/21], Loss: 0.0208
1087 Epoch [50/70], Iteration [3/21], Loss: 0.0451
1088 Epoch [50/70], Iteration [4/21], Loss: 0.0171
1089 Epoch [50/70], Iteration [5/21], Loss: 0.0228
1090 Epoch [50/70], Iteration [6/21], Loss: 0.0585
1091 Epoch [50/70], Iteration [7/21], Loss: 0.0907
1092 Epoch [50/70], Iteration [8/21], Loss: 0.0332
1093 Epoch [50/70], Iteration [9/21], Loss: 0.0548
1094 Epoch [50/70], Iteration [10/21], Loss: 0.0240
1095 Epoch [50/70], Iteration [11/21], Loss: 0.0673
1096 Epoch [50/70], Iteration [12/21], Loss: 0.0739
1097 Epoch [50/70], Iteration [13/21], Loss: 0.1453
1098 Epoch [50/70], Iteration [14/21], Loss: 0.0190
1099 Epoch [50/70], Iteration [15/21], Loss: 0.0518
1100 Epoch [50/70], Iteration [16/21], Loss: 0.0159
1101 Epoch [50/70], Iteration [17/21], Loss: 0.0167
1102 Epoch [50/70], Iteration [18/21], Loss: 0.1064
1103 Epoch [50/70], Iteration [19/21], Loss: 0.0301
1104 Epoch [50/70], Iteration [20/21], Loss: 0.0217
1105 Epoch [50/70], Iteration [21/21], Loss: 0.8355
1106 Accuracy: 0.97
1107 Epoch [51/70], Iteration [1/21], Loss: 0.0253
1108 Epoch [51/70], Iteration [2/21], Loss: 0.0302
1109 Epoch [51/70], Iteration [3/21], Loss: 0.0295
1110 Epoch [51/70], Iteration [4/21], Loss: 0.0342
1111 Epoch [51/70], Iteration [5/21], Loss: 0.0126
1112 Epoch [51/70], Iteration [6/21], Loss: 0.0940
1113 Epoch [51/70], Iteration [7/21], Loss: 0.0669
1114 Epoch [51/70], Iteration [8/21], Loss: 0.0206
1115 Epoch [51/70], Iteration [9/21], Loss: 0.0128
1116 Epoch [51/70], Iteration [10/21], Loss: 0.0131
1117 Epoch [51/70], Iteration [11/21], Loss: 0.1471
1118 Epoch [51/70], Iteration [12/21], Loss: 0.0245
1119 Epoch [51/70], Iteration [13/21], Loss: 0.0258
1120 Epoch [51/70], Iteration [14/21], Loss: 0.2175
1121 Epoch [51/70], Iteration [15/21], Loss: 0.0122
1122 Epoch [51/70], Iteration [16/21], Loss: 0.0210
1123 Epoch [51/70], Iteration [17/21], Loss: 0.0166
1124 Epoch [51/70], Iteration [18/21], Loss: 0.0175
1125 Epoch [51/70], Iteration [19/21], Loss: 0.1887
1126 Epoch [51/70], Iteration [20/21], Loss: 0.0489
1127 Epoch [51/70], Iteration [21/21], Loss: 1.3269
1128 Accuracy: 0.96
1129 Epoch [52/70], Iteration [1/21], Loss: 0.1352
1130 Epoch [52/70], Iteration [2/21], Loss: 0.0440
1131 Epoch [52/70], Iteration [3/21], Loss: 0.3312
1132 Epoch [52/70], Iteration [4/21], Loss: 0.1805
1133 Epoch [52/70], Iteration [5/21], Loss: 0.1327
1134 Epoch [52/70], Iteration [6/21], Loss: 0.4371
1135 Epoch [52/70], Iteration [7/21], Loss: 0.1496
1136 Epoch [52/70], Iteration [8/21], Loss: 0.1199
1137 Epoch [52/70], Iteration [9/21], Loss: 0.0561
1138 Epoch [52/70], Iteration [10/21], Loss: 0.0596
1139 Epoch [52/70], Iteration [11/21], Loss: 0.1124
1140 Epoch [52/70], Iteration [12/21], Loss: 0.0110
1141 Epoch [52/70], Iteration [13/21], Loss: 0.0416
1142 Epoch [52/70], Iteration [14/21], Loss: 0.1777
1143 Epoch [52/70], Iteration [15/21], Loss: 0.0417
1144 Epoch [52/70], Iteration [16/21], Loss: 0.0633
1145 Epoch [52/70], Iteration [17/21], Loss: 0.1181
1146 Epoch [52/70], Iteration [18/21], Loss: 0.1273
1147 Epoch [52/70], Iteration [19/21], Loss: 0.0930
1148 Epoch [52/70], Iteration [20/21], Loss: 0.0961
1149 Epoch [52/70], Iteration [21/21], Loss: 0.0643
1150 Accuracy: 0.96
1151 Epoch [53/70], Iteration [1/21], Loss: 0.0201
1152 Epoch [53/70], Iteration [2/21], Loss: 0.0948
1153 Epoch [53/70], Iteration [3/21], Loss: 0.1340
1154 Epoch [53/70], Iteration [4/21], Loss: 0.0734
1155 Epoch [53/70], Iteration [5/21], Loss: 0.0235
1156 Epoch [53/70], Iteration [6/21], Loss: 0.0249
1157 Epoch [53/70], Iteration [7/21], Loss: 0.0388
1158 Epoch [53/70], Iteration [8/21], Loss: 0.0642
1159 Epoch [53/70], Iteration [9/21], Loss: 0.0539
1160 Epoch [53/70], Iteration [10/21], Loss: 0.0638
1161 Epoch [53/70], Iteration [11/21], Loss: 0.0307
1162 Epoch [53/70], Iteration [12/21], Loss: 0.0751
1163 Epoch [53/70], Iteration [13/21], Loss: 0.0393
1164 Epoch [53/70], Iteration [14/21], Loss: 0.0355
1165 Epoch [53/70], Iteration [15/21], Loss: 0.0226
1166 Epoch [53/70], Iteration [16/21], Loss: 0.0276
1167 Epoch [53/70], Iteration [17/21], Loss: 0.0172
1168 Epoch [53/70], Iteration [18/21], Loss: 0.0273
1169 Epoch [53/70], Iteration [19/21], Loss: 0.0140
1170 Epoch [53/70], Iteration [20/21], Loss: 0.0317
1171 Epoch [53/70], Iteration [21/21], Loss: 0.0008
1172 Accuracy: 0.96
1173 Epoch [54/70], Iteration [1/21], Loss: 0.0067
1174 Epoch [54/70], Iteration [2/21], Loss: 0.0162
1175 Epoch [54/70], Iteration [3/21], Loss: 0.0052
1176 Epoch [54/70], Iteration [4/21], Loss: 0.0084
1177 Epoch [54/70], Iteration [5/21], Loss: 0.0151
1178 Epoch [54/70], Iteration [6/21], Loss: 0.0759
1179 Epoch [54/70], Iteration [7/21], Loss: 0.0226
1180 Epoch [54/70], Iteration [8/21], Loss: 0.0033
1181 Epoch [54/70], Iteration [9/21], Loss: 0.0275
1182 Epoch [54/70], Iteration [10/21], Loss: 0.0174
1183 Epoch [54/70], Iteration [11/21], Loss: 0.0191
1184 Epoch [54/70], Iteration [12/21], Loss: 0.0060
1185 Epoch [54/70], Iteration [13/21], Loss: 0.1011
1186 Epoch [54/70], Iteration [14/21], Loss: 0.0088
1187 Epoch [54/70], Iteration [15/21], Loss: 0.0268
1188 Epoch [54/70], Iteration [16/21], Loss: 0.0073
1189 Epoch [54/70], Iteration [17/21], Loss: 0.0317
1190 Epoch [54/70], Iteration [18/21], Loss: 0.0109
1191 Epoch [54/70], Iteration [19/21], Loss: 0.0155
1192 Epoch [54/70], Iteration [20/21], Loss: 0.0036
1193 Epoch [54/70], Iteration [21/21], Loss: 1.7102
1194 Accuracy: 0.96
1195 Epoch [55/70], Iteration [1/21], Loss: 0.0101
1196 Epoch [55/70], Iteration [2/21], Loss: 0.0687
1197 Epoch [55/70], Iteration [3/21], Loss: 0.0301
1198 Epoch [55/70], Iteration [4/21], Loss: 0.0533
1199 Epoch [55/70], Iteration [5/21], Loss: 0.0121
1200 Epoch [55/70], Iteration [6/21], Loss: 0.0914
1201 Epoch [55/70], Iteration [7/21], Loss: 0.1368
1202 Epoch [55/70], Iteration [8/21], Loss: 0.0660
1203 Epoch [55/70], Iteration [9/21], Loss: 0.3839
1204 Epoch [55/70], Iteration [10/21], Loss: 0.0985
1205 Epoch [55/70], Iteration [11/21], Loss: 0.1214
1206 Epoch [55/70], Iteration [12/21], Loss: 0.0848
1207 Epoch [55/70], Iteration [13/21], Loss: 0.0444
1208 Epoch [55/70], Iteration [14/21], Loss: 0.0786
1209 Epoch [55/70], Iteration [15/21], Loss: 0.0423
1210 Epoch [55/70], Iteration [16/21], Loss: 0.0567
1211 Epoch [55/70], Iteration [17/21], Loss: 0.1105
1212 Epoch [55/70], Iteration [18/21], Loss: 0.0433
1213 Epoch [55/70], Iteration [19/21], Loss: 0.0540
1214 Epoch [55/70], Iteration [20/21], Loss: 0.0849
1215 Epoch [55/70], Iteration [21/21], Loss: 0.0187
1216 Accuracy: 0.95
1217 Epoch [56/70], Iteration [1/21], Loss: 0.0717
1218 Epoch [56/70], Iteration [2/21], Loss: 0.0141
1219 Epoch [56/70], Iteration [3/21], Loss: 0.0127
1220 Epoch [56/70], Iteration [4/21], Loss: 0.0493
1221 Epoch [56/70], Iteration [5/21], Loss: 0.0071
1222 Epoch [56/70], Iteration [6/21], Loss: 0.0069
1223 Epoch [56/70], Iteration [7/21], Loss: 0.0365
1224 Epoch [56/70], Iteration [8/21], Loss: 0.0268
1225 Epoch [56/70], Iteration [9/21], Loss: 0.0232
1226 Epoch [56/70], Iteration [10/21], Loss: 0.0100
1227 Epoch [56/70], Iteration [11/21], Loss: 0.0181
1228 Epoch [56/70], Iteration [12/21], Loss: 0.0029
1229 Epoch [56/70], Iteration [13/21], Loss: 0.0801
1230 Epoch [56/70], Iteration [14/21], Loss: 0.0146
1231 Epoch [56/70], Iteration [15/21], Loss: 0.0331
1232 Epoch [56/70], Iteration [16/21], Loss: 0.0848
1233 Epoch [56/70], Iteration [17/21], Loss: 0.0047
1234 Epoch [56/70], Iteration [18/21], Loss: 0.0103
1235 Epoch [56/70], Iteration [19/21], Loss: 0.0881
1236 Epoch [56/70], Iteration [20/21], Loss: 0.0136
1237 Epoch [56/70], Iteration [21/21], Loss: 0.0047
1238 Accuracy: 0.97
1239 Epoch [57/70], Iteration [1/21], Loss: 0.0104
1240 Epoch [57/70], Iteration [2/21], Loss: 0.0148
1241 Epoch [57/70], Iteration [3/21], Loss: 0.0042
1242 Epoch [57/70], Iteration [4/21], Loss: 0.0051
1243 Epoch [57/70], Iteration [5/21], Loss: 0.0052
1244 Epoch [57/70], Iteration [6/21], Loss: 0.0103
1245 Epoch [57/70], Iteration [7/21], Loss: 0.0069
1246 Epoch [57/70], Iteration [8/21], Loss: 0.0050
1247 Epoch [57/70], Iteration [9/21], Loss: 0.0050
1248 Epoch [57/70], Iteration [10/21], Loss: 0.0234
1249 Epoch [57/70], Iteration [11/21], Loss: 0.0060
1250 Epoch [57/70], Iteration [12/21], Loss: 0.0085
1251 Epoch [57/70], Iteration [13/21], Loss: 0.0078
1252 Epoch [57/70], Iteration [14/21], Loss: 0.0399
1253 Epoch [57/70], Iteration [15/21], Loss: 0.0039
1254 Epoch [57/70], Iteration [16/21], Loss: 0.0062
1255 Epoch [57/70], Iteration [17/21], Loss: 0.0103
1256 Epoch [57/70], Iteration [18/21], Loss: 0.0615
1257 Epoch [57/70], Iteration [19/21], Loss: 0.0391
1258 Epoch [57/70], Iteration [20/21], Loss: 0.0335
1259 Epoch [57/70], Iteration [21/21], Loss: 0.0022
1260 Accuracy: 0.97
1261 Epoch [58/70], Iteration [1/21], Loss: 0.0113
1262 Epoch [58/70], Iteration [2/21], Loss: 0.0036
1263 Epoch [58/70], Iteration [3/21], Loss: 0.0055
1264 Epoch [58/70], Iteration [4/21], Loss: 0.0059
1265 Epoch [58/70], Iteration [5/21], Loss: 0.0048
1266 Epoch [58/70], Iteration [6/21], Loss: 0.0026
1267 Epoch [58/70], Iteration [7/21], Loss: 0.0209
1268 Epoch [58/70], Iteration [8/21], Loss: 0.0046
1269 Epoch [58/70], Iteration [9/21], Loss: 0.0120
1270 Epoch [58/70], Iteration [10/21], Loss: 0.0220
1271 Epoch [58/70], Iteration [11/21], Loss: 0.0037
1272 Epoch [58/70], Iteration [12/21], Loss: 0.0247
1273 Epoch [58/70], Iteration [13/21], Loss: 0.0035
1274 Epoch [58/70], Iteration [14/21], Loss: 0.0165
1275 Epoch [58/70], Iteration [15/21], Loss: 0.0156
1276 Epoch [58/70], Iteration [16/21], Loss: 0.0037
1277 Epoch [58/70], Iteration [17/21], Loss: 0.0195
1278 Epoch [58/70], Iteration [18/21], Loss: 0.0018
1279 Epoch [58/70], Iteration [19/21], Loss: 0.0020
1280 Epoch [58/70], Iteration [20/21], Loss: 0.0334
1281 Epoch [58/70], Iteration [21/21], Loss: 0.0897
1282 Accuracy: 0.97
1283 Epoch [59/70], Iteration [1/21], Loss: 0.0056
1284 Epoch [59/70], Iteration [2/21], Loss: 0.0029
1285 Epoch [59/70], Iteration [3/21], Loss: 0.0024
1286 Epoch [59/70], Iteration [4/21], Loss: 0.0174
1287 Epoch [59/70], Iteration [5/21], Loss: 0.0092
1288 Epoch [59/70], Iteration [6/21], Loss: 0.0400
1289 Epoch [59/70], Iteration [7/21], Loss: 0.0059
1290 Epoch [59/70], Iteration [8/21], Loss: 0.0055
1291 Epoch [59/70], Iteration [9/21], Loss: 0.0044
1292 Epoch [59/70], Iteration [10/21], Loss: 0.0049
1293 Epoch [59/70], Iteration [11/21], Loss: 0.0073
1294 Epoch [59/70], Iteration [12/21], Loss: 0.0073
1295 Epoch [59/70], Iteration [13/21], Loss: 0.0085
1296 Epoch [59/70], Iteration [14/21], Loss: 0.0192
1297 Epoch [59/70], Iteration [15/21], Loss: 0.0082
1298 Epoch [59/70], Iteration [16/21], Loss: 0.0023
1299 Epoch [59/70], Iteration [17/21], Loss: 0.0146
1300 Epoch [59/70], Iteration [18/21], Loss: 0.0010
1301 Epoch [59/70], Iteration [19/21], Loss: 0.0031
1302 Epoch [59/70], Iteration [20/21], Loss: 0.0035
1303 Epoch [59/70], Iteration [21/21], Loss: 0.0158
1304 Accuracy: 0.97
1305 Epoch [60/70], Iteration [1/21], Loss: 0.0443
1306 Epoch [60/70], Iteration [2/21], Loss: 0.0039
1307 Epoch [60/70], Iteration [3/21], Loss: 0.0045
1308 Epoch [60/70], Iteration [4/21], Loss: 0.0020
1309 Epoch [60/70], Iteration [5/21], Loss: 0.0012
1310 Epoch [60/70], Iteration [6/21], Loss: 0.0042
1311 Epoch [60/70], Iteration [7/21], Loss: 0.0064
1312 Epoch [60/70], Iteration [8/21], Loss: 0.0027
1313 Epoch [60/70], Iteration [9/21], Loss: 0.0379
1314 Epoch [60/70], Iteration [10/21], Loss: 0.0073
1315 Epoch [60/70], Iteration [11/21], Loss: 0.0019
1316 Epoch [60/70], Iteration [12/21], Loss: 0.0095
1317 Epoch [60/70], Iteration [13/21], Loss: 0.0098
1318 Epoch [60/70], Iteration [14/21], Loss: 0.0042
1319 Epoch [60/70], Iteration [15/21], Loss: 0.0052
1320 Epoch [60/70], Iteration [16/21], Loss: 0.0020
1321 Epoch [60/70], Iteration [17/21], Loss: 0.0027
1322 Epoch [60/70], Iteration [18/21], Loss: 0.0038
1323 Epoch [60/70], Iteration [19/21], Loss: 0.0079
1324 Epoch [60/70], Iteration [20/21], Loss: 0.0281
1325 Epoch [60/70], Iteration [21/21], Loss: 0.7347
1326 Accuracy: 0.97
1327 Epoch [61/70], Iteration [1/21], Loss: 0.0059
1328 Epoch [61/70], Iteration [2/21], Loss: 0.0033
1329 Epoch [61/70], Iteration [3/21], Loss: 0.0688
1330 Epoch [61/70], Iteration [4/21], Loss: 0.0676
1331 Epoch [61/70], Iteration [5/21], Loss: 0.1281
1332 Epoch [61/70], Iteration [6/21], Loss: 0.1397
1333 Epoch [61/70], Iteration [7/21], Loss: 0.1525
1334 Epoch [61/70], Iteration [8/21], Loss: 0.0568
1335 Epoch [61/70], Iteration [9/21], Loss: 0.0933
1336 Epoch [61/70], Iteration [10/21], Loss: 0.1465
1337 Epoch [61/70], Iteration [11/21], Loss: 0.1354
1338 Epoch [61/70], Iteration [12/21], Loss: 0.0168
1339 Epoch [61/70], Iteration [13/21], Loss: 0.0111
1340 Epoch [61/70], Iteration [14/21], Loss: 0.0326
1341 Epoch [61/70], Iteration [15/21], Loss: 0.1371
1342 Epoch [61/70], Iteration [16/21], Loss: 0.0538
1343 Epoch [61/70], Iteration [17/21], Loss: 0.1134
1344 Epoch [61/70], Iteration [18/21], Loss: 0.1394
1345 Epoch [61/70], Iteration [19/21], Loss: 0.0330
1346 Epoch [61/70], Iteration [20/21], Loss: 0.0520
1347 Epoch [61/70], Iteration [21/21], Loss: 0.8004
1348 Accuracy: 0.95
1349 Epoch [62/70], Iteration [1/21], Loss: 0.0138
1350 Epoch [62/70], Iteration [2/21], Loss: 0.1447
1351 Epoch [62/70], Iteration [3/21], Loss: 0.1538
1352 Epoch [62/70], Iteration [4/21], Loss: 0.0308
1353 Epoch [62/70], Iteration [5/21], Loss: 0.0309
1354 Epoch [62/70], Iteration [6/21], Loss: 0.0334
1355 Epoch [62/70], Iteration [7/21], Loss: 0.0991
1356 Epoch [62/70], Iteration [8/21], Loss: 0.0784
1357 Epoch [62/70], Iteration [9/21], Loss: 0.1391
1358 Epoch [62/70], Iteration [10/21], Loss: 0.0051
1359 Epoch [62/70], Iteration [11/21], Loss: 0.0943
1360 Epoch [62/70], Iteration [12/21], Loss: 0.0654
1361 Epoch [62/70], Iteration [13/21], Loss: 0.0404
1362 Epoch [62/70], Iteration [14/21], Loss: 0.0497
1363 Epoch [62/70], Iteration [15/21], Loss: 0.0059
1364 Epoch [62/70], Iteration [16/21], Loss: 0.0858
1365 Epoch [62/70], Iteration [17/21], Loss: 0.1137
1366 Epoch [62/70], Iteration [18/21], Loss: 0.0663
1367 Epoch [62/70], Iteration [19/21], Loss: 0.0706
1368 Epoch [62/70], Iteration [20/21], Loss: 0.0464
1369 Epoch [62/70], Iteration [21/21], Loss: 1.1825
1370 Accuracy: 0.96
1371 Epoch [63/70], Iteration [1/21], Loss: 0.0797
1372 Epoch [63/70], Iteration [2/21], Loss: 0.0481
1373 Epoch [63/70], Iteration [3/21], Loss: 0.0043
1374 Epoch [63/70], Iteration [4/21], Loss: 0.0340
1375 Epoch [63/70], Iteration [5/21], Loss: 0.0173
1376 Epoch [63/70], Iteration [6/21], Loss: 0.0796
1377 Epoch [63/70], Iteration [7/21], Loss: 0.0286
1378 Epoch [63/70], Iteration [8/21], Loss: 0.1778
1379 Epoch [63/70], Iteration [9/21], Loss: 0.2552
1380 Epoch [63/70], Iteration [10/21], Loss: 0.0792
1381 Epoch [63/70], Iteration [11/21], Loss: 0.0383
1382 Epoch [63/70], Iteration [12/21], Loss: 0.1028
1383 Epoch [63/70], Iteration [13/21], Loss: 0.0052
1384 Epoch [63/70], Iteration [14/21], Loss: 0.1273
1385 Epoch [63/70], Iteration [15/21], Loss: 0.0213
1386 Epoch [63/70], Iteration [16/21], Loss: 0.1257
1387 Epoch [63/70], Iteration [17/21], Loss: 0.0604
1388 Epoch [63/70], Iteration [18/21], Loss: 0.0680
1389 Epoch [63/70], Iteration [19/21], Loss: 0.0521
1390 Epoch [63/70], Iteration [20/21], Loss: 0.0332
1391 Epoch [63/70], Iteration [21/21], Loss: 0.1898
1392 Accuracy: 0.93
1393 Epoch [64/70], Iteration [1/21], Loss: 0.0299
1394 Epoch [64/70], Iteration [2/21], Loss: 0.0375
1395 Epoch [64/70], Iteration [3/21], Loss: 0.0118
1396 Epoch [64/70], Iteration [4/21], Loss: 0.0051
1397 Epoch [64/70], Iteration [5/21], Loss: 0.0728
1398 Epoch [64/70], Iteration [6/21], Loss: 0.0308
1399 Epoch [64/70], Iteration [7/21], Loss: 0.0174
1400 Epoch [64/70], Iteration [8/21], Loss: 0.0119
1401 Epoch [64/70], Iteration [9/21], Loss: 0.0087
1402 Epoch [64/70], Iteration [10/21], Loss: 0.0136
1403 Epoch [64/70], Iteration [11/21], Loss: 0.0541
1404 Epoch [64/70], Iteration [12/21], Loss: 0.0116
1405 Epoch [64/70], Iteration [13/21], Loss: 0.0664
1406 Epoch [64/70], Iteration [14/21], Loss: 0.0146
1407 Epoch [64/70], Iteration [15/21], Loss: 0.2260
1408 Epoch [64/70], Iteration [16/21], Loss: 0.0035
1409 Epoch [64/70], Iteration [17/21], Loss: 0.1640
1410 Epoch [64/70], Iteration [18/21], Loss: 0.0167
1411 Epoch [64/70], Iteration [19/21], Loss: 0.0184
1412 Epoch [64/70], Iteration [20/21], Loss: 0.0270
1413 Epoch [64/70], Iteration [21/21], Loss: 0.0043
1414 Accuracy: 0.94
1415 Epoch [65/70], Iteration [1/21], Loss: 0.0610
1416 Epoch [65/70], Iteration [2/21], Loss: 0.0530
1417 Epoch [65/70], Iteration [3/21], Loss: 0.0069
1418 Epoch [65/70], Iteration [4/21], Loss: 0.0067
1419 Epoch [65/70], Iteration [5/21], Loss: 0.1879
1420 Epoch [65/70], Iteration [6/21], Loss: 0.0117
1421 Epoch [65/70], Iteration [7/21], Loss: 0.0101
1422 Epoch [65/70], Iteration [8/21], Loss: 0.0080
1423 Epoch [65/70], Iteration [9/21], Loss: 0.0038
1424 Epoch [65/70], Iteration [10/21], Loss: 0.0078
1425 Epoch [65/70], Iteration [11/21], Loss: 0.0581
1426 Epoch [65/70], Iteration [12/21], Loss: 0.0194
1427 Epoch [65/70], Iteration [13/21], Loss: 0.0669
1428 Epoch [65/70], Iteration [14/21], Loss: 0.0144
1429 Epoch [65/70], Iteration [15/21], Loss: 0.0200
1430 Epoch [65/70], Iteration [16/21], Loss: 0.0024
1431 Epoch [65/70], Iteration [17/21], Loss: 0.0033
1432 Epoch [65/70], Iteration [18/21], Loss: 0.0024
1433 Epoch [65/70], Iteration [19/21], Loss: 0.0031
1434 Epoch [65/70], Iteration [20/21], Loss: 0.0035
1435 Epoch [65/70], Iteration [21/21], Loss: 0.0007
1436 Accuracy: 0.98
1437 Epoch [66/70], Iteration [1/21], Loss: 0.0053
1438 Epoch [66/70], Iteration [2/21], Loss: 0.0066
1439 Epoch [66/70], Iteration [3/21], Loss: 0.0038
1440 Epoch [66/70], Iteration [4/21], Loss: 0.0032
1441 Epoch [66/70], Iteration [5/21], Loss: 0.0043
1442 Epoch [66/70], Iteration [6/21], Loss: 0.0012
1443 Epoch [66/70], Iteration [7/21], Loss: 0.0532
1444 Epoch [66/70], Iteration [8/21], Loss: 0.0092
1445 Epoch [66/70], Iteration [9/21], Loss: 0.0016
1446 Epoch [66/70], Iteration [10/21], Loss: 0.0067
1447 Epoch [66/70], Iteration [11/21], Loss: 0.0055
1448 Epoch [66/70], Iteration [12/21], Loss: 0.0079
1449 Epoch [66/70], Iteration [13/21], Loss: 0.0029
1450 Epoch [66/70], Iteration [14/21], Loss: 0.0062
1451 Epoch [66/70], Iteration [15/21], Loss: 0.0121
1452 Epoch [66/70], Iteration [16/21], Loss: 0.0050
1453 Epoch [66/70], Iteration [17/21], Loss: 0.0142
1454 Epoch [66/70], Iteration [18/21], Loss: 0.0027
1455 Epoch [66/70], Iteration [19/21], Loss: 0.0023
1456 Epoch [66/70], Iteration [20/21], Loss: 0.0025
1457 Epoch [66/70], Iteration [21/21], Loss: 0.0005
1458 Accuracy: 0.97
1459 Epoch [67/70], Iteration [1/21], Loss: 0.0231
1460 Epoch [67/70], Iteration [2/21], Loss: 0.0017
1461 Epoch [67/70], Iteration [3/21], Loss: 0.0054
1462 Epoch [67/70], Iteration [4/21], Loss: 0.0033
1463 Epoch [67/70], Iteration [5/21], Loss: 0.0064
1464 Epoch [67/70], Iteration [6/21], Loss: 0.0016
1465 Epoch [67/70], Iteration [7/21], Loss: 0.0080
1466 Epoch [67/70], Iteration [8/21], Loss: 0.0036
1467 Epoch [67/70], Iteration [9/21], Loss: 0.0005
1468 Epoch [67/70], Iteration [10/21], Loss: 0.0040
1469 Epoch [67/70], Iteration [11/21], Loss: 0.0045
1470 Epoch [67/70], Iteration [12/21], Loss: 0.0015
1471 Epoch [67/70], Iteration [13/21], Loss: 0.0017
1472 Epoch [67/70], Iteration [14/21], Loss: 0.0029
1473 Epoch [67/70], Iteration [15/21], Loss: 0.0027
1474 Epoch [67/70], Iteration [16/21], Loss: 0.0006
1475 Epoch [67/70], Iteration [17/21], Loss: 0.0141
1476 Epoch [67/70], Iteration [18/21], Loss: 0.0005
1477 Epoch [67/70], Iteration [19/21], Loss: 0.0124
1478 Epoch [67/70], Iteration [20/21], Loss: 0.0019
1479 Epoch [67/70], Iteration [21/21], Loss: 0.0044
1480 Accuracy: 0.98
1481 Epoch [68/70], Iteration [1/21], Loss: 0.0038
1482 Epoch [68/70], Iteration [2/21], Loss: 0.0049
1483 Epoch [68/70], Iteration [3/21], Loss: 0.0008
1484 Epoch [68/70], Iteration [4/21], Loss: 0.0006
1485 Epoch [68/70], Iteration [5/21], Loss: 0.0046
1486 Epoch [68/70], Iteration [6/21], Loss: 0.0010
1487 Epoch [68/70], Iteration [7/21], Loss: 0.0003
1488 Epoch [68/70], Iteration [8/21], Loss: 0.0106
1489 Epoch [68/70], Iteration [9/21], Loss: 0.0032
1490 Epoch [68/70], Iteration [10/21], Loss: 0.0013
1491 Epoch [68/70], Iteration [11/21], Loss: 0.0030
1492 Epoch [68/70], Iteration [12/21], Loss: 0.0020
1493 Epoch [68/70], Iteration [13/21], Loss: 0.0053
1494 Epoch [68/70], Iteration [14/21], Loss: 0.0017
1495 Epoch [68/70], Iteration [15/21], Loss: 0.0007
1496 Epoch [68/70], Iteration [16/21], Loss: 0.0013
1497 Epoch [68/70], Iteration [17/21], Loss: 0.0026
1498 Epoch [68/70], Iteration [18/21], Loss: 0.0019
1499 Epoch [68/70], Iteration [19/21], Loss: 0.0015
1500 Epoch [68/70], Iteration [20/21], Loss: 0.0065
1501 Epoch [68/70], Iteration [21/21], Loss: 0.2832
1502 Accuracy: 0.98
1503 Epoch [69/70], Iteration [1/21], Loss: 0.0032
1504 Epoch [69/70], Iteration [2/21], Loss: 0.0168
1505 Epoch [69/70], Iteration [3/21], Loss: 0.0488
1506 Epoch [69/70], Iteration [4/21], Loss: 0.0081
1507 Epoch [69/70], Iteration [5/21], Loss: 0.0939
1508 Epoch [69/70], Iteration [6/21], Loss: 0.2498
1509 Epoch [69/70], Iteration [7/21], Loss: 0.0743
1510 Epoch [69/70], Iteration [8/21], Loss: 0.0091
1511 Epoch [69/70], Iteration [9/21], Loss: 0.0083
1512 Epoch [69/70], Iteration [10/21], Loss: 0.0115
1513 Epoch [69/70], Iteration [11/21], Loss: 0.0409
1514 Epoch [69/70], Iteration [12/21], Loss: 0.0087
1515 Epoch [69/70], Iteration [13/21], Loss: 0.0081
1516 Epoch [69/70], Iteration [14/21], Loss: 0.0100
1517 Epoch [69/70], Iteration [15/21], Loss: 0.0551
1518 Epoch [69/70], Iteration [16/21], Loss: 0.0078
1519 Epoch [69/70], Iteration [17/21], Loss: 0.0113
1520 Epoch [69/70], Iteration [18/21], Loss: 0.0148
1521 Epoch [69/70], Iteration [19/21], Loss: 0.1377
1522 Epoch [69/70], Iteration [20/21], Loss: 0.0156
1523 Epoch [69/70], Iteration [21/21], Loss: 0.0047
1524 Accuracy: 0.97
1525 Epoch [70/70], Iteration [1/21], Loss: 0.0020
1526 Epoch [70/70], Iteration [2/21], Loss: 0.0055
1527 Epoch [70/70], Iteration [3/21], Loss: 0.0057
1528 Epoch [70/70], Iteration [4/21], Loss: 0.0016
1529 Epoch [70/70], Iteration [5/21], Loss: 0.0032
1530 Epoch [70/70], Iteration [6/21], Loss: 0.0113
1531 Epoch [70/70], Iteration [7/21], Loss: 0.0060
1532 Epoch [70/70], Iteration [8/21], Loss: 0.0143
1533 Epoch [70/70], Iteration [9/21], Loss: 0.0036
1534 Epoch [70/70], Iteration [10/21], Loss: 0.0036
1535 Epoch [70/70], Iteration [11/21], Loss: 0.0073
1536 Epoch [70/70], Iteration [12/21], Loss: 0.0018
1537 Epoch [70/70], Iteration [13/21], Loss: 0.0064
1538 Epoch [70/70], Iteration [14/21], Loss: 0.0038
1539 Epoch [70/70], Iteration [15/21], Loss: 0.0181
1540 Epoch [70/70], Iteration [16/21], Loss: 0.0020
1541 Epoch [70/70], Iteration [17/21], Loss: 0.0047
1542 Epoch [70/70], Iteration [18/21], Loss: 0.0165
1543 Epoch [70/70], Iteration [19/21], Loss: 0.0820
1544 Epoch [70/70], Iteration [20/21], Loss: 0.0142
1545 Epoch [70/70], Iteration [21/21], Loss: 0.0027
1546 Accuracy: 0.96
1547 Training complete
1548 [23;0t[SwanLab-INFO]:        The current experiment ResNet50_2024-01-18_17-13-55 has been completed, SwanLab will close it automatically
