1 [SwanLab-WARNING]:     An error occurred: 
2 [SwanLab-WARNING]:     Error getting branch name: fatal: not a git repository (or any parent up to mount point /root)
Stopping at filesystem boundary (GIT_DISCOVERY_ACROSS_FILESYSTEM not set).

3 [SwanLab-INFO]:        Experiment ResNet50_2024-01-18_15-43-22 has been registered.
4 [SwanLab-INFO]:        Run data will be saved locally in /root/onethingai-tmp/tongue_classification/swanlog/ResNet50_2024-01-18_15-43-22
5 [SwanLab-INFO]:        Experiment_name: ResNet50_2024-01-18_15-43-22
6 [SwanLab-INFO]:        Run `swanlab watch` to view SwanLab Experiment Dashboard
7 Epoch [1/70], Iteration [1/21], Loss: 1.0412
8 Epoch [1/70], Iteration [2/21], Loss: 0.7515
9 ---------------------------------------------------------------------------
KeyboardInterrupt                         Traceback (most recent call last)
File ~/onethingai-tmp/tongue_classification/train-dev.py:140
    138 # 开始训练
    139 for epoch in range(1, num_epochs + 1):
--> 140     train_accu = train(model, device, TrainDataLoader, optimizer, criterion, epoch)
    141     val_accu = val(model, device, ValDataLoader)
    143     # 合并

File ~/onethingai-tmp/tongue_classification/train-dev.py:40, in train(model, device, train_dataloader, optimizer, criterion, epoch)
     38 loss.backward()
     39 optimizer.step()
---> 40 total_loss += loss.item()
     42 _, predicted_train = torch.max(outputs.data, 1)
     43 total_train += labels.size(0)

KeyboardInterrupt: 
10 [SwanLab-INFO]:        The current experiment ResNet50_2024-01-18_15-43-22 has been completed, SwanLab will close it automatically
