1 [SwanLab-WARNING]:     An error occurred: 
2 [SwanLab-WARNING]:     Error getting branch name: fatal: not a git repository (or any parent up to mount point /root)
Stopping at filesystem boundary (GIT_DISCOVERY_ACROSS_FILESYSTEM not set).

3 [SwanLab-INFO]:        Experiment ResNet50_2024-01-18_14-17-44 has been registered.
4 [SwanLab-INFO]:        Run data will be saved locally in /root/onethingai-tmp/tongue_classification/swanlog/ResNet50_2024-01-18_14-17-44
5 [SwanLab-INFO]:        Experiment_name: ResNet50_2024-01-18_14-17-44
6 [SwanLab-INFO]:        Run `swanlab watch` to view SwanLab Experiment Dashboard
7 Epoch [1/70], Iteration [1/21], Loss: 0.7299
8 Epoch [1/70], Iteration [2/21], Loss: 0.6258
9 Epoch [1/70], Iteration [3/21], Loss: 0.7938
10 Epoch [1/70], Iteration [4/21], Loss: 0.5872
11 Epoch [1/70], Iteration [5/21], Loss: 0.5758
12 Epoch [1/70], Iteration [6/21], Loss: 0.6159
13 Epoch [1/70], Iteration [7/21], Loss: 0.4591
14 Epoch [1/70], Iteration [8/21], Loss: 0.4137
15 Epoch [1/70], Iteration [9/21], Loss: 0.3670
16 Epoch [1/70], Iteration [10/21], Loss: 0.5525
17 Epoch [1/70], Iteration [11/21], Loss: 0.5375
18 Epoch [1/70], Iteration [12/21], Loss: 0.3831
19 Epoch [1/70], Iteration [13/21], Loss: 0.3370
20 Epoch [1/70], Iteration [14/21], Loss: 0.3081
21 Epoch [1/70], Iteration [15/21], Loss: 0.2075
22 Epoch [1/70], Iteration [16/21], Loss: 0.2646
23 Epoch [1/70], Iteration [17/21], Loss: 0.2246
24 Epoch [1/70], Iteration [18/21], Loss: 0.2593
25 Epoch [1/70], Iteration [19/21], Loss: 0.3182
26 Epoch [1/70], Iteration [20/21], Loss: 0.1061
27 Epoch [1/70], Iteration [21/21], Loss: 1.3675
28 Accuracy: 0.51
29 Epoch [2/70], Iteration [1/21], Loss: 0.1659
30 Epoch [2/70], Iteration [2/21], Loss: 0.1015
31 Epoch [2/70], Iteration [3/21], Loss: 0.2537
32 Epoch [2/70], Iteration [4/21], Loss: 0.2932
33 Epoch [2/70], Iteration [5/21], Loss: 0.2163
34 Epoch [2/70], Iteration [6/21], Loss: 0.3002
35 Epoch [2/70], Iteration [7/21], Loss: 0.1679
36 Epoch [2/70], Iteration [8/21], Loss: 0.1840
37 Epoch [2/70], Iteration [9/21], Loss: 0.2879
38 Epoch [2/70], Iteration [10/21], Loss: 0.0969
39 Epoch [2/70], Iteration [11/21], Loss: 0.1189
40 Epoch [2/70], Iteration [12/21], Loss: 0.2444
41 Epoch [2/70], Iteration [13/21], Loss: 0.1660
42 Epoch [2/70], Iteration [14/21], Loss: 0.3573
43 Epoch [2/70], Iteration [15/21], Loss: 0.1640
44 Epoch [2/70], Iteration [16/21], Loss: 0.1664
45 Epoch [2/70], Iteration [17/21], Loss: 0.1639
46 Epoch [2/70], Iteration [18/21], Loss: 0.2557
47 Epoch [2/70], Iteration [19/21], Loss: 0.1075
48 Epoch [2/70], Iteration [20/21], Loss: 0.1810
49 Epoch [2/70], Iteration [21/21], Loss: 1.8309
50 Accuracy: 0.77
51 Epoch [3/70], Iteration [1/21], Loss: 0.1194
52 Epoch [3/70], Iteration [2/21], Loss: 0.2757
53 Epoch [3/70], Iteration [3/21], Loss: 0.2989
54 Epoch [3/70], Iteration [4/21], Loss: 0.3589
55 Epoch [3/70], Iteration [5/21], Loss: 0.2007
56 Epoch [3/70], Iteration [6/21], Loss: 0.2604
57 Epoch [3/70], Iteration [7/21], Loss: 0.1427
58 Epoch [3/70], Iteration [8/21], Loss: 0.1498
59 Epoch [3/70], Iteration [9/21], Loss: 0.1538
60 Epoch [3/70], Iteration [10/21], Loss: 0.2675
61 Epoch [3/70], Iteration [11/21], Loss: 0.1251
62 Epoch [3/70], Iteration [12/21], Loss: 0.1213
63 Epoch [3/70], Iteration [13/21], Loss: 0.1615
64 Epoch [3/70], Iteration [14/21], Loss: 0.2850
65 Epoch [3/70], Iteration [15/21], Loss: 0.4517
66 Epoch [3/70], Iteration [16/21], Loss: 0.1756
67 Epoch [3/70], Iteration [17/21], Loss: 0.0788
68 Epoch [3/70], Iteration [18/21], Loss: 0.0814
69 Epoch [3/70], Iteration [19/21], Loss: 0.2767
70 Epoch [3/70], Iteration [20/21], Loss: 0.1283
71 Epoch [3/70], Iteration [21/21], Loss: 0.1292
72 Accuracy: 0.64
73 Epoch [4/70], Iteration [1/21], Loss: 0.1451
74 Epoch [4/70], Iteration [2/21], Loss: 0.1633
75 Epoch [4/70], Iteration [3/21], Loss: 0.2482
76 Epoch [4/70], Iteration [4/21], Loss: 0.1263
77 Epoch [4/70], Iteration [5/21], Loss: 0.2269
78 Epoch [4/70], Iteration [6/21], Loss: 0.1004
79 Epoch [4/70], Iteration [7/21], Loss: 0.1988
80 Epoch [4/70], Iteration [8/21], Loss: 0.1835
81 Epoch [4/70], Iteration [9/21], Loss: 0.1327
82 Epoch [4/70], Iteration [10/21], Loss: 0.1813
83 Epoch [4/70], Iteration [11/21], Loss: 0.0803
84 Epoch [4/70], Iteration [12/21], Loss: 0.1461
85 Epoch [4/70], Iteration [13/21], Loss: 0.2670
86 Epoch [4/70], Iteration [14/21], Loss: 0.1065
87 Epoch [4/70], Iteration [15/21], Loss: 0.0972
88 Epoch [4/70], Iteration [16/21], Loss: 0.0714
89 Epoch [4/70], Iteration [17/21], Loss: 0.1118
90 Epoch [4/70], Iteration [18/21], Loss: 0.1644
91 Epoch [4/70], Iteration [19/21], Loss: 0.0784
92 Epoch [4/70], Iteration [20/21], Loss: 0.0632
93 Epoch [4/70], Iteration [21/21], Loss: 0.0250
94 Accuracy: 0.88
95 Epoch [5/70], Iteration [1/21], Loss: 0.0674
96 Epoch [5/70], Iteration [2/21], Loss: 0.0452
97 Epoch [5/70], Iteration [3/21], Loss: 0.1385
98 Epoch [5/70], Iteration [4/21], Loss: 0.0712
99 Epoch [5/70], Iteration [5/21], Loss: 0.0801
100 Epoch [5/70], Iteration [6/21], Loss: 0.1032
101 Epoch [5/70], Iteration [7/21], Loss: 0.0353
102 Epoch [5/70], Iteration [8/21], Loss: 0.1274
103 Epoch [5/70], Iteration [9/21], Loss: 0.1089
104 Epoch [5/70], Iteration [10/21], Loss: 0.0449
105 Epoch [5/70], Iteration [11/21], Loss: 0.0534
106 Epoch [5/70], Iteration [12/21], Loss: 0.1161
107 Epoch [5/70], Iteration [13/21], Loss: 0.0560
108 Epoch [5/70], Iteration [14/21], Loss: 0.0780
109 Epoch [5/70], Iteration [15/21], Loss: 0.1252
110 Epoch [5/70], Iteration [16/21], Loss: 0.1129
111 Epoch [5/70], Iteration [17/21], Loss: 0.2373
112 Epoch [5/70], Iteration [18/21], Loss: 0.0843
113 Epoch [5/70], Iteration [19/21], Loss: 0.0951
114 Epoch [5/70], Iteration [20/21], Loss: 0.0494
115 Epoch [5/70], Iteration [21/21], Loss: 0.9801
116 Accuracy: 0.94
117 Epoch [6/70], Iteration [1/21], Loss: 0.0675
118 Epoch [6/70], Iteration [2/21], Loss: 0.0920
119 Epoch [6/70], Iteration [3/21], Loss: 0.1369
120 Epoch [6/70], Iteration [4/21], Loss: 0.1040
121 Epoch [6/70], Iteration [5/21], Loss: 0.0958
122 Epoch [6/70], Iteration [6/21], Loss: 0.2961
123 Epoch [6/70], Iteration [7/21], Loss: 0.1471
124 Epoch [6/70], Iteration [8/21], Loss: 0.1586
125 Epoch [6/70], Iteration [9/21], Loss: 0.1446
126 Epoch [6/70], Iteration [10/21], Loss: 0.0827
127 Epoch [6/70], Iteration [11/21], Loss: 0.0980
128 Epoch [6/70], Iteration [12/21], Loss: 0.1814
129 Epoch [6/70], Iteration [13/21], Loss: 0.1738
130 Epoch [6/70], Iteration [14/21], Loss: 0.0754
131 Epoch [6/70], Iteration [15/21], Loss: 0.1127
132 Epoch [6/70], Iteration [16/21], Loss: 0.1986
133 Epoch [6/70], Iteration [17/21], Loss: 0.0963
134 Epoch [6/70], Iteration [18/21], Loss: 0.1967
135 Epoch [6/70], Iteration [19/21], Loss: 0.0994
136 Epoch [6/70], Iteration [20/21], Loss: 0.2894
137 Epoch [6/70], Iteration [21/21], Loss: 2.1988
138 Accuracy: 0.90
139 Epoch [7/70], Iteration [1/21], Loss: 0.1408
140 Epoch [7/70], Iteration [2/21], Loss: 0.1456
141 Epoch [7/70], Iteration [3/21], Loss: 0.1388
142 Epoch [7/70], Iteration [4/21], Loss: 0.1083
143 Epoch [7/70], Iteration [5/21], Loss: 0.1474
144 Epoch [7/70], Iteration [6/21], Loss: 0.1106
145 Epoch [7/70], Iteration [7/21], Loss: 0.3026
146 Epoch [7/70], Iteration [8/21], Loss: 0.1672
147 Epoch [7/70], Iteration [9/21], Loss: 0.1656
148 Epoch [7/70], Iteration [10/21], Loss: 0.1554
149 Epoch [7/70], Iteration [11/21], Loss: 0.1884
150 Epoch [7/70], Iteration [12/21], Loss: 0.0928
151 Epoch [7/70], Iteration [13/21], Loss: 0.1561
152 Epoch [7/70], Iteration [14/21], Loss: 0.1147
153 Epoch [7/70], Iteration [15/21], Loss: 0.1198
154 Epoch [7/70], Iteration [16/21], Loss: 0.1361
155 Epoch [7/70], Iteration [17/21], Loss: 0.0956
156 Epoch [7/70], Iteration [18/21], Loss: 0.0648
157 Epoch [7/70], Iteration [19/21], Loss: 0.0722
158 Epoch [7/70], Iteration [20/21], Loss: 0.2295
159 Epoch [7/70], Iteration [21/21], Loss: 0.4104
160 Accuracy: 0.88
161 Epoch [8/70], Iteration [1/21], Loss: 0.0724
162 Epoch [8/70], Iteration [2/21], Loss: 0.0847
163 Epoch [8/70], Iteration [3/21], Loss: 0.2241
164 Epoch [8/70], Iteration [4/21], Loss: 0.1049
165 Epoch [8/70], Iteration [5/21], Loss: 0.1823
166 Epoch [8/70], Iteration [6/21], Loss: 0.1558
167 Epoch [8/70], Iteration [7/21], Loss: 0.1469
168 Epoch [8/70], Iteration [8/21], Loss: 0.0481
169 Epoch [8/70], Iteration [9/21], Loss: 0.0947
170 Epoch [8/70], Iteration [10/21], Loss: 0.1058
171 Epoch [8/70], Iteration [11/21], Loss: 0.1952
172 Epoch [8/70], Iteration [12/21], Loss: 0.1272
173 Epoch [8/70], Iteration [13/21], Loss: 0.1309
174 Epoch [8/70], Iteration [14/21], Loss: 0.0508
175 Epoch [8/70], Iteration [15/21], Loss: 0.1143
176 Epoch [8/70], Iteration [16/21], Loss: 0.2417
177 Epoch [8/70], Iteration [17/21], Loss: 0.1205
178 Epoch [8/70], Iteration [18/21], Loss: 0.2960
179 Epoch [8/70], Iteration [19/21], Loss: 0.0663
180 Epoch [8/70], Iteration [20/21], Loss: 0.2234
181 Epoch [8/70], Iteration [21/21], Loss: 0.2048
182 Accuracy: 0.83
183 Epoch [9/70], Iteration [1/21], Loss: 0.0954
184 Epoch [9/70], Iteration [2/21], Loss: 0.0981
185 Epoch [9/70], Iteration [3/21], Loss: 0.1555
186 Epoch [9/70], Iteration [4/21], Loss: 0.1693
187 Epoch [9/70], Iteration [5/21], Loss: 0.0777
188 Epoch [9/70], Iteration [6/21], Loss: 0.1035
189 Epoch [9/70], Iteration [7/21], Loss: 0.2465
190 Epoch [9/70], Iteration [8/21], Loss: 0.1347
191 Epoch [9/70], Iteration [9/21], Loss: 0.0820
192 Epoch [9/70], Iteration [10/21], Loss: 0.0728
193 Epoch [9/70], Iteration [11/21], Loss: 0.1344
194 Epoch [9/70], Iteration [12/21], Loss: 0.1664
195 Epoch [9/70], Iteration [13/21], Loss: 0.1155
196 Epoch [9/70], Iteration [14/21], Loss: 0.0962
197 Epoch [9/70], Iteration [15/21], Loss: 0.0786
198 Epoch [9/70], Iteration [16/21], Loss: 0.0304
199 Epoch [9/70], Iteration [17/21], Loss: 0.1329
200 Epoch [9/70], Iteration [18/21], Loss: 0.1459
201 Epoch [9/70], Iteration [19/21], Loss: 0.0852
202 Epoch [9/70], Iteration [20/21], Loss: 0.0518
203 Epoch [9/70], Iteration [21/21], Loss: 0.0365
204 Accuracy: 0.76
205 Epoch [10/70], Iteration [1/21], Loss: 0.0310
206 Epoch [10/70], Iteration [2/21], Loss: 0.0370
207 Epoch [10/70], Iteration [3/21], Loss: 0.0514
208 Epoch [10/70], Iteration [4/21], Loss: 0.2198
209 Epoch [10/70], Iteration [5/21], Loss: 0.1634
210 Epoch [10/70], Iteration [6/21], Loss: 0.1054
211 Epoch [10/70], Iteration [7/21], Loss: 0.0707
212 Epoch [10/70], Iteration [8/21], Loss: 0.2842
213 Epoch [10/70], Iteration [9/21], Loss: 0.1480
214 Epoch [10/70], Iteration [10/21], Loss: 0.1589
215 Epoch [10/70], Iteration [11/21], Loss: 0.0590
216 Epoch [10/70], Iteration [12/21], Loss: 0.0487
217 Epoch [10/70], Iteration [13/21], Loss: 0.1126
218 Epoch [10/70], Iteration [14/21], Loss: 0.0485
219 Epoch [10/70], Iteration [15/21], Loss: 0.0893
220 Epoch [10/70], Iteration [16/21], Loss: 0.0841
221 Epoch [10/70], Iteration [17/21], Loss: 0.0689
222 Epoch [10/70], Iteration [18/21], Loss: 0.0407
223 Epoch [10/70], Iteration [19/21], Loss: 0.1552
224 Epoch [10/70], Iteration [20/21], Loss: 0.2140
225 Epoch [10/70], Iteration [21/21], Loss: 0.1159
226 Accuracy: 0.90
227 Epoch [11/70], Iteration [1/21], Loss: 0.1115
228 Epoch [11/70], Iteration [2/21], Loss: 0.0628
229 Epoch [11/70], Iteration [3/21], Loss: 0.1546
230 Epoch [11/70], Iteration [4/21], Loss: 0.1203
231 Epoch [11/70], Iteration [5/21], Loss: 0.0149
232 Epoch [11/70], Iteration [6/21], Loss: 0.0563
233 Epoch [11/70], Iteration [7/21], Loss: 0.1334
234 Epoch [11/70], Iteration [8/21], Loss: 0.0486
235 Epoch [11/70], Iteration [9/21], Loss: 0.0638
236 Epoch [11/70], Iteration [10/21], Loss: 0.0688
237 Epoch [11/70], Iteration [11/21], Loss: 0.0325
238 Epoch [11/70], Iteration [12/21], Loss: 0.1413
239 Epoch [11/70], Iteration [13/21], Loss: 0.0924
240 Epoch [11/70], Iteration [14/21], Loss: 0.0809
241 Epoch [11/70], Iteration [15/21], Loss: 0.0715
242 Epoch [11/70], Iteration [16/21], Loss: 0.0707
243 Epoch [11/70], Iteration [17/21], Loss: 0.0833
244 Epoch [11/70], Iteration [18/21], Loss: 0.0706
245 Epoch [11/70], Iteration [19/21], Loss: 0.1164
246 Epoch [11/70], Iteration [20/21], Loss: 0.2283
247 Epoch [11/70], Iteration [21/21], Loss: 0.0248
248 Accuracy: 0.92
249 Epoch [12/70], Iteration [1/21], Loss: 0.0388
250 Epoch [12/70], Iteration [2/21], Loss: 0.0497
251 Epoch [12/70], Iteration [3/21], Loss: 0.0797
252 Epoch [12/70], Iteration [4/21], Loss: 0.0618
253 Epoch [12/70], Iteration [5/21], Loss: 0.0680
254 Epoch [12/70], Iteration [6/21], Loss: 0.0603
255 Epoch [12/70], Iteration [7/21], Loss: 0.0648
256 Epoch [12/70], Iteration [8/21], Loss: 0.0709
257 Epoch [12/70], Iteration [9/21], Loss: 0.0827
258 Epoch [12/70], Iteration [10/21], Loss: 0.0693
259 Epoch [12/70], Iteration [11/21], Loss: 0.0298
260 Epoch [12/70], Iteration [12/21], Loss: 0.0362
261 Epoch [12/70], Iteration [13/21], Loss: 0.0312
262 Epoch [12/70], Iteration [14/21], Loss: 0.0278
263 Epoch [12/70], Iteration [15/21], Loss: 0.0998
264 Epoch [12/70], Iteration [16/21], Loss: 0.1335
265 Epoch [12/70], Iteration [17/21], Loss: 0.0737
266 Epoch [12/70], Iteration [18/21], Loss: 0.1338
267 Epoch [12/70], Iteration [19/21], Loss: 0.0851
268 Epoch [12/70], Iteration [20/21], Loss: 0.0256
269 Epoch [12/70], Iteration [21/21], Loss: 0.0132
270 Accuracy: 0.73
271 Epoch [13/70], Iteration [1/21], Loss: 0.0263
272 Epoch [13/70], Iteration [2/21], Loss: 0.0698
273 Epoch [13/70], Iteration [3/21], Loss: 0.0375
274 Epoch [13/70], Iteration [4/21], Loss: 0.0658
275 Epoch [13/70], Iteration [5/21], Loss: 0.0470
276 Epoch [13/70], Iteration [6/21], Loss: 0.0534
277 Epoch [13/70], Iteration [7/21], Loss: 0.0269
278 Epoch [13/70], Iteration [8/21], Loss: 0.0538
279 Epoch [13/70], Iteration [9/21], Loss: 0.0156
280 Epoch [13/70], Iteration [10/21], Loss: 0.0953
281 Epoch [13/70], Iteration [11/21], Loss: 0.0464
282 Epoch [13/70], Iteration [12/21], Loss: 0.0354
283 Epoch [13/70], Iteration [13/21], Loss: 0.0508
284 Epoch [13/70], Iteration [14/21], Loss: 0.0828
285 Epoch [13/70], Iteration [15/21], Loss: 0.0508
286 Epoch [13/70], Iteration [16/21], Loss: 0.0585
287 Epoch [13/70], Iteration [17/21], Loss: 0.0569
288 Epoch [13/70], Iteration [18/21], Loss: 0.0415
289 Epoch [13/70], Iteration [19/21], Loss: 0.2392
290 Epoch [13/70], Iteration [20/21], Loss: 0.0515
291 Epoch [13/70], Iteration [21/21], Loss: 0.0053
292 Accuracy: 0.84
293 Epoch [14/70], Iteration [1/21], Loss: 0.0494
294 Epoch [14/70], Iteration [2/21], Loss: 0.0039
295 Epoch [14/70], Iteration [3/21], Loss: 0.0361
296 Epoch [14/70], Iteration [4/21], Loss: 0.0350
297 Epoch [14/70], Iteration [5/21], Loss: 0.0795
298 Epoch [14/70], Iteration [6/21], Loss: 0.0335
299 Epoch [14/70], Iteration [7/21], Loss: 0.0073
300 Epoch [14/70], Iteration [8/21], Loss: 0.0056
301 Epoch [14/70], Iteration [9/21], Loss: 0.1248
302 Epoch [14/70], Iteration [10/21], Loss: 0.0680
303 Epoch [14/70], Iteration [11/21], Loss: 0.0301
304 Epoch [14/70], Iteration [12/21], Loss: 0.1055
305 Epoch [14/70], Iteration [13/21], Loss: 0.1623
306 Epoch [14/70], Iteration [14/21], Loss: 0.0253
307 Epoch [14/70], Iteration [15/21], Loss: 0.1172
308 Epoch [14/70], Iteration [16/21], Loss: 0.1101
309 Epoch [14/70], Iteration [17/21], Loss: 0.1073
310 Epoch [14/70], Iteration [18/21], Loss: 0.0367
311 Epoch [14/70], Iteration [19/21], Loss: 0.0116
312 Epoch [14/70], Iteration [20/21], Loss: 0.1527
313 Epoch [14/70], Iteration [21/21], Loss: 0.7309
314 Accuracy: 0.72
315 Epoch [15/70], Iteration [1/21], Loss: 0.0167
316 Epoch [15/70], Iteration [2/21], Loss: 0.1265
317 Epoch [15/70], Iteration [3/21], Loss: 0.1454
318 Epoch [15/70], Iteration [4/21], Loss: 0.2584
319 Epoch [15/70], Iteration [5/21], Loss: 0.0986
320 Epoch [15/70], Iteration [6/21], Loss: 0.0611
321 Epoch [15/70], Iteration [7/21], Loss: 0.1778
322 Epoch [15/70], Iteration [8/21], Loss: 0.2545
323 Epoch [15/70], Iteration [9/21], Loss: 0.1559
324 Epoch [15/70], Iteration [10/21], Loss: 0.1974
325 Epoch [15/70], Iteration [11/21], Loss: 0.4116
326 Epoch [15/70], Iteration [12/21], Loss: 0.1600
327 Epoch [15/70], Iteration [13/21], Loss: 0.1135
328 Epoch [15/70], Iteration [14/21], Loss: 0.5469
329 Epoch [15/70], Iteration [15/21], Loss: 0.1551
330 Epoch [15/70], Iteration [16/21], Loss: 0.1594
331 Epoch [15/70], Iteration [17/21], Loss: 0.1239
332 Epoch [15/70], Iteration [18/21], Loss: 0.1524
333 Epoch [15/70], Iteration [19/21], Loss: 0.1933
334 Epoch [15/70], Iteration [20/21], Loss: 0.1495
335 Epoch [15/70], Iteration [21/21], Loss: 0.0036
336 Accuracy: 0.79
337 Epoch [16/70], Iteration [1/21], Loss: 0.0656
338 Epoch [16/70], Iteration [2/21], Loss: 0.1249
339 Epoch [16/70], Iteration [3/21], Loss: 0.0782
340 Epoch [16/70], Iteration [4/21], Loss: 0.0388
341 Epoch [16/70], Iteration [5/21], Loss: 0.0116
342 Epoch [16/70], Iteration [6/21], Loss: 0.0590
343 Epoch [16/70], Iteration [7/21], Loss: 0.1521
344 Epoch [16/70], Iteration [8/21], Loss: 0.1837
345 Epoch [16/70], Iteration [9/21], Loss: 0.0463
346 Epoch [16/70], Iteration [10/21], Loss: 0.1874
347 Epoch [16/70], Iteration [11/21], Loss: 0.0599
348 Epoch [16/70], Iteration [12/21], Loss: 0.1280
349 Epoch [16/70], Iteration [13/21], Loss: 0.2484
350 Epoch [16/70], Iteration [14/21], Loss: 0.0596
351 Epoch [16/70], Iteration [15/21], Loss: 0.0979
352 Epoch [16/70], Iteration [16/21], Loss: 0.0655
353 Epoch [16/70], Iteration [17/21], Loss: 0.1698
354 Epoch [16/70], Iteration [18/21], Loss: 0.0716
355 Epoch [16/70], Iteration [19/21], Loss: 0.1002
356 Epoch [16/70], Iteration [20/21], Loss: 0.1638
357 Epoch [16/70], Iteration [21/21], Loss: 1.9133
358 Accuracy: 0.81
359 Epoch [17/70], Iteration [1/21], Loss: 0.1456
360 Epoch [17/70], Iteration [2/21], Loss: 0.1185
361 Epoch [17/70], Iteration [3/21], Loss: 0.1389
362 Epoch [17/70], Iteration [4/21], Loss: 0.1562
363 Epoch [17/70], Iteration [5/21], Loss: 0.2129
364 Epoch [17/70], Iteration [6/21], Loss: 0.3451
365 Epoch [17/70], Iteration [7/21], Loss: 0.1191
366 Epoch [17/70], Iteration [8/21], Loss: 0.2008
367 Epoch [17/70], Iteration [9/21], Loss: 0.1374
368 Epoch [17/70], Iteration [10/21], Loss: 0.1117
369 Epoch [17/70], Iteration [11/21], Loss: 0.1339
370 Epoch [17/70], Iteration [12/21], Loss: 0.1093
371 Epoch [17/70], Iteration [13/21], Loss: 0.2023
372 Epoch [17/70], Iteration [14/21], Loss: 0.0434
373 Epoch [17/70], Iteration [15/21], Loss: 0.0627
374 Epoch [17/70], Iteration [16/21], Loss: 0.1159
375 Epoch [17/70], Iteration [17/21], Loss: 0.0393
376 Epoch [17/70], Iteration [18/21], Loss: 0.0875
377 Epoch [17/70], Iteration [19/21], Loss: 0.1132
378 Epoch [17/70], Iteration [20/21], Loss: 0.1475
379 Epoch [17/70], Iteration [21/21], Loss: 0.0150
380 Accuracy: 0.90
381 Epoch [18/70], Iteration [1/21], Loss: 0.0756
382 Epoch [18/70], Iteration [2/21], Loss: 0.1728
383 Epoch [18/70], Iteration [3/21], Loss: 0.1070
384 Epoch [18/70], Iteration [4/21], Loss: 0.0747
385 Epoch [18/70], Iteration [5/21], Loss: 0.1114
386 Epoch [18/70], Iteration [6/21], Loss: 0.1092
387 Epoch [18/70], Iteration [7/21], Loss: 0.0738
388 Epoch [18/70], Iteration [8/21], Loss: 0.0413
389 Epoch [18/70], Iteration [9/21], Loss: 0.0458
390 Epoch [18/70], Iteration [10/21], Loss: 0.0265
391 Epoch [18/70], Iteration [11/21], Loss: 0.0915
392 Epoch [18/70], Iteration [12/21], Loss: 0.1012
393 Epoch [18/70], Iteration [13/21], Loss: 0.0388
394 Epoch [18/70], Iteration [14/21], Loss: 0.1735
395 Epoch [18/70], Iteration [15/21], Loss: 0.0401
396 Epoch [18/70], Iteration [16/21], Loss: 0.0412
397 Epoch [18/70], Iteration [17/21], Loss: 0.0800
398 Epoch [18/70], Iteration [18/21], Loss: 0.1203
399 Epoch [18/70], Iteration [19/21], Loss: 0.0105
400 Epoch [18/70], Iteration [20/21], Loss: 0.1146
401 Epoch [18/70], Iteration [21/21], Loss: 0.0047
402 Accuracy: 0.94
403 Epoch [19/70], Iteration [1/21], Loss: 0.0903
404 Epoch [19/70], Iteration [2/21], Loss: 0.1103
405 Epoch [19/70], Iteration [3/21], Loss: 0.0384
406 Epoch [19/70], Iteration [4/21], Loss: 0.0660
407 Epoch [19/70], Iteration [5/21], Loss: 0.0387
408 Epoch [19/70], Iteration [6/21], Loss: 0.1245
409 Epoch [19/70], Iteration [7/21], Loss: 0.0104
410 Epoch [19/70], Iteration [8/21], Loss: 0.0997
411 Epoch [19/70], Iteration [9/21], Loss: 0.0125
412 Epoch [19/70], Iteration [10/21], Loss: 0.0316
413 Epoch [19/70], Iteration [11/21], Loss: 0.0055
414 Epoch [19/70], Iteration [12/21], Loss: 0.0264
415 Epoch [19/70], Iteration [13/21], Loss: 0.0320
416 Epoch [19/70], Iteration [14/21], Loss: 0.0076
417 Epoch [19/70], Iteration [15/21], Loss: 0.1025
418 Epoch [19/70], Iteration [16/21], Loss: 0.0729
419 Epoch [19/70], Iteration [17/21], Loss: 0.0427
420 Epoch [19/70], Iteration [18/21], Loss: 0.0334
421 Epoch [19/70], Iteration [19/21], Loss: 0.0290
422 Epoch [19/70], Iteration [20/21], Loss: 0.0760
423 Epoch [19/70], Iteration [21/21], Loss: 0.5094
424 Accuracy: 0.94
425 Epoch [20/70], Iteration [1/21], Loss: 0.0243
426 Epoch [20/70], Iteration [2/21], Loss: 0.0859
427 Epoch [20/70], Iteration [3/21], Loss: 0.1067
428 Epoch [20/70], Iteration [4/21], Loss: 0.0373
429 Epoch [20/70], Iteration [5/21], Loss: 0.0733
430 Epoch [20/70], Iteration [6/21], Loss: 0.0987
431 Epoch [20/70], Iteration [7/21], Loss: 0.0932
432 Epoch [20/70], Iteration [8/21], Loss: 0.1524
433 Epoch [20/70], Iteration [9/21], Loss: 0.1091
434 Epoch [20/70], Iteration [10/21], Loss: 0.1840
435 Epoch [20/70], Iteration [11/21], Loss: 0.1123
436 Epoch [20/70], Iteration [12/21], Loss: 0.0976
437 Epoch [20/70], Iteration [13/21], Loss: 0.1395
438 Epoch [20/70], Iteration [14/21], Loss: 0.0766
439 Epoch [20/70], Iteration [15/21], Loss: 0.0812
440 Epoch [20/70], Iteration [16/21], Loss: 0.0670
441 Epoch [20/70], Iteration [17/21], Loss: 0.1262
442 Epoch [20/70], Iteration [18/21], Loss: 0.0425
443 Epoch [20/70], Iteration [19/21], Loss: 0.0170
444 Epoch [20/70], Iteration [20/21], Loss: 0.1866
445 Epoch [20/70], Iteration [21/21], Loss: 0.0049
446 Accuracy: 0.96
447 Epoch [21/70], Iteration [1/21], Loss: 0.0179
448 Epoch [21/70], Iteration [2/21], Loss: 0.0486
449 Epoch [21/70], Iteration [3/21], Loss: 0.0884
450 Epoch [21/70], Iteration [4/21], Loss: 0.0882
451 Epoch [21/70], Iteration [5/21], Loss: 0.0132
452 Epoch [21/70], Iteration [6/21], Loss: 0.0840
453 Epoch [21/70], Iteration [7/21], Loss: 0.0995
454 Epoch [21/70], Iteration [8/21], Loss: 0.0285
455 Epoch [21/70], Iteration [9/21], Loss: 0.0691
456 Epoch [21/70], Iteration [10/21], Loss: 0.1043
457 Epoch [21/70], Iteration [11/21], Loss: 0.0650
458 Epoch [21/70], Iteration [12/21], Loss: 0.0331
459 Epoch [21/70], Iteration [13/21], Loss: 0.0678
460 Epoch [21/70], Iteration [14/21], Loss: 0.0326
461 Epoch [21/70], Iteration [15/21], Loss: 0.0260
462 Epoch [21/70], Iteration [16/21], Loss: 0.1715
463 Epoch [21/70], Iteration [17/21], Loss: 0.0442
464 Epoch [21/70], Iteration [18/21], Loss: 0.0160
465 Epoch [21/70], Iteration [19/21], Loss: 0.0325
466 Epoch [21/70], Iteration [20/21], Loss: 0.0465
467 Epoch [21/70], Iteration [21/21], Loss: 0.0176
468 Accuracy: 0.97
469 Epoch [22/70], Iteration [1/21], Loss: 0.0448
470 Epoch [22/70], Iteration [2/21], Loss: 0.0597
471 Epoch [22/70], Iteration [3/21], Loss: 0.0199
472 Epoch [22/70], Iteration [4/21], Loss: 0.0305
473 Epoch [22/70], Iteration [5/21], Loss: 0.0209
474 Epoch [22/70], Iteration [6/21], Loss: 0.0570
475 Epoch [22/70], Iteration [7/21], Loss: 0.0204
476 Epoch [22/70], Iteration [8/21], Loss: 0.0233
477 Epoch [22/70], Iteration [9/21], Loss: 0.0098
478 Epoch [22/70], Iteration [10/21], Loss: 0.0169
479 Epoch [22/70], Iteration [11/21], Loss: 0.0345
480 Epoch [22/70], Iteration [12/21], Loss: 0.0818
481 Epoch [22/70], Iteration [13/21], Loss: 0.0160
482 Epoch [22/70], Iteration [14/21], Loss: 0.0245
483 Epoch [22/70], Iteration [15/21], Loss: 0.0395
484 Epoch [22/70], Iteration [16/21], Loss: 0.0158
485 Epoch [22/70], Iteration [17/21], Loss: 0.0167
486 Epoch [22/70], Iteration [18/21], Loss: 0.0964
487 Epoch [22/70], Iteration [19/21], Loss: 0.0991
488 Epoch [22/70], Iteration [20/21], Loss: 0.0655
489 Epoch [22/70], Iteration [21/21], Loss: 0.0010
490 Accuracy: 0.93
491 Epoch [23/70], Iteration [1/21], Loss: 0.0233
492 Epoch [23/70], Iteration [2/21], Loss: 0.0532
493 Epoch [23/70], Iteration [3/21], Loss: 0.0314
494 Epoch [23/70], Iteration [4/21], Loss: 0.0429
495 Epoch [23/70], Iteration [5/21], Loss: 0.0257
496 Epoch [23/70], Iteration [6/21], Loss: 0.0073
497 Epoch [23/70], Iteration [7/21], Loss: 0.0077
498 Epoch [23/70], Iteration [8/21], Loss: 0.0273
499 Epoch [23/70], Iteration [9/21], Loss: 0.0445
500 Epoch [23/70], Iteration [10/21], Loss: 0.0067
501 Epoch [23/70], Iteration [11/21], Loss: 0.0121
502 Epoch [23/70], Iteration [12/21], Loss: 0.0218
503 Epoch [23/70], Iteration [13/21], Loss: 0.0117
504 Epoch [23/70], Iteration [14/21], Loss: 0.0078
505 Epoch [23/70], Iteration [15/21], Loss: 0.0057
506 Epoch [23/70], Iteration [16/21], Loss: 0.0024
507 Epoch [23/70], Iteration [17/21], Loss: 0.0247
508 Epoch [23/70], Iteration [18/21], Loss: 0.0305
509 Epoch [23/70], Iteration [19/21], Loss: 0.0277
510 Epoch [23/70], Iteration [20/21], Loss: 0.0096
511 Epoch [23/70], Iteration [21/21], Loss: 2.2408
512 Accuracy: 0.82
513 Epoch [24/70], Iteration [1/21], Loss: 0.1142
514 Epoch [24/70], Iteration [2/21], Loss: 0.1986
515 Epoch [24/70], Iteration [3/21], Loss: 0.4630
516 Epoch [24/70], Iteration [4/21], Loss: 0.4207
517 Epoch [24/70], Iteration [5/21], Loss: 0.1581
518 Epoch [24/70], Iteration [6/21], Loss: 0.1444
519 Epoch [24/70], Iteration [7/21], Loss: 0.1780
520 Epoch [24/70], Iteration [8/21], Loss: 0.1031
521 Epoch [24/70], Iteration [9/21], Loss: 0.0940
522 Epoch [24/70], Iteration [10/21], Loss: 0.0989
523 Epoch [24/70], Iteration [11/21], Loss: 0.1022
524 Epoch [24/70], Iteration [12/21], Loss: 0.1076
525 Epoch [24/70], Iteration [13/21], Loss: 0.2536
526 Epoch [24/70], Iteration [14/21], Loss: 0.1076
527 Epoch [24/70], Iteration [15/21], Loss: 0.0697
528 Epoch [24/70], Iteration [16/21], Loss: 0.0981
529 Epoch [24/70], Iteration [17/21], Loss: 0.0974
530 Epoch [24/70], Iteration [18/21], Loss: 0.1703
531 Epoch [24/70], Iteration [19/21], Loss: 0.1298
532 Epoch [24/70], Iteration [20/21], Loss: 0.0433
533 Epoch [24/70], Iteration [21/21], Loss: 0.0595
534 Accuracy: 0.55
535 Epoch [25/70], Iteration [1/21], Loss: 0.1038
536 Epoch [25/70], Iteration [2/21], Loss: 0.1753
537 Epoch [25/70], Iteration [3/21], Loss: 0.0715
538 Epoch [25/70], Iteration [4/21], Loss: 0.0827
539 Epoch [25/70], Iteration [5/21], Loss: 0.0349
540 Epoch [25/70], Iteration [6/21], Loss: 0.0990
541 Epoch [25/70], Iteration [7/21], Loss: 0.0699
542 Epoch [25/70], Iteration [8/21], Loss: 0.0877
543 Epoch [25/70], Iteration [9/21], Loss: 0.0471
544 Epoch [25/70], Iteration [10/21], Loss: 0.1545
545 Epoch [25/70], Iteration [11/21], Loss: 0.0216
546 Epoch [25/70], Iteration [12/21], Loss: 0.0510
547 Epoch [25/70], Iteration [13/21], Loss: 0.0734
548 Epoch [25/70], Iteration [14/21], Loss: 0.0391
549 Epoch [25/70], Iteration [15/21], Loss: 0.0551
550 Epoch [25/70], Iteration [16/21], Loss: 0.0379
551 Epoch [25/70], Iteration [17/21], Loss: 0.0821
552 Epoch [25/70], Iteration [18/21], Loss: 0.1907
553 Epoch [25/70], Iteration [19/21], Loss: 0.1728
554 Epoch [25/70], Iteration [20/21], Loss: 0.0859
555 Epoch [25/70], Iteration [21/21], Loss: 0.0226
556 Accuracy: 0.96
557 Epoch [26/70], Iteration [1/21], Loss: 0.0948
558 Epoch [26/70], Iteration [2/21], Loss: 0.0204
559 Epoch [26/70], Iteration [3/21], Loss: 0.1138
560 Epoch [26/70], Iteration [4/21], Loss: 0.0700
561 Epoch [26/70], Iteration [5/21], Loss: 0.0206
562 Epoch [26/70], Iteration [6/21], Loss: 0.0849
563 Epoch [26/70], Iteration [7/21], Loss: 0.0393
564 Epoch [26/70], Iteration [8/21], Loss: 0.0164
565 Epoch [26/70], Iteration [9/21], Loss: 0.0820
566 Epoch [26/70], Iteration [10/21], Loss: 0.0108
567 Epoch [26/70], Iteration [11/21], Loss: 0.0733
568 Epoch [26/70], Iteration [12/21], Loss: 0.0320
569 Epoch [26/70], Iteration [13/21], Loss: 0.0383
570 Epoch [26/70], Iteration [14/21], Loss: 0.0819
571 Epoch [26/70], Iteration [15/21], Loss: 0.0387
572 Epoch [26/70], Iteration [16/21], Loss: 0.0318
573 Epoch [26/70], Iteration [17/21], Loss: 0.0319
574 Epoch [26/70], Iteration [18/21], Loss: 0.0234
575 Epoch [26/70], Iteration [19/21], Loss: 0.1140
576 Epoch [26/70], Iteration [20/21], Loss: 0.0251
577 Epoch [26/70], Iteration [21/21], Loss: 0.3155
578 Accuracy: 0.93
579 Epoch [27/70], Iteration [1/21], Loss: 0.1935
580 Epoch [27/70], Iteration [2/21], Loss: 0.0699
581 Epoch [27/70], Iteration [3/21], Loss: 0.0861
582 Epoch [27/70], Iteration [4/21], Loss: 0.1610
583 Epoch [27/70], Iteration [5/21], Loss: 0.1419
584 Epoch [27/70], Iteration [6/21], Loss: 0.0732
585 Epoch [27/70], Iteration [7/21], Loss: 0.1099
586 Epoch [27/70], Iteration [8/21], Loss: 0.1038
587 Epoch [27/70], Iteration [9/21], Loss: 0.0279
588 Epoch [27/70], Iteration [10/21], Loss: 0.0555
589 Epoch [27/70], Iteration [11/21], Loss: 0.1099
590 Epoch [27/70], Iteration [12/21], Loss: 0.1876
591 Epoch [27/70], Iteration [13/21], Loss: 0.0765
592 Epoch [27/70], Iteration [14/21], Loss: 0.0377
593 Epoch [27/70], Iteration [15/21], Loss: 0.0922
594 Epoch [27/70], Iteration [16/21], Loss: 0.0936
595 Epoch [27/70], Iteration [17/21], Loss: 0.0401
596 Epoch [27/70], Iteration [18/21], Loss: 0.0812
597 Epoch [27/70], Iteration [19/21], Loss: 0.0957
598 Epoch [27/70], Iteration [20/21], Loss: 0.0191
599 Epoch [27/70], Iteration [21/21], Loss: 0.0692
600 Accuracy: 0.94
601 Epoch [28/70], Iteration [1/21], Loss: 0.0191
602 Epoch [28/70], Iteration [2/21], Loss: 0.0564
603 Epoch [28/70], Iteration [3/21], Loss: 0.1831
604 Epoch [28/70], Iteration [4/21], Loss: 0.1168
605 Epoch [28/70], Iteration [5/21], Loss: 0.0461
606 Epoch [28/70], Iteration [6/21], Loss: 0.0270
607 Epoch [28/70], Iteration [7/21], Loss: 0.0046
608 Epoch [28/70], Iteration [8/21], Loss: 0.0504
609 Epoch [28/70], Iteration [9/21], Loss: 0.0430
610 Epoch [28/70], Iteration [10/21], Loss: 0.0352
611 Epoch [28/70], Iteration [11/21], Loss: 0.0223
612 Epoch [28/70], Iteration [12/21], Loss: 0.0241
613 Epoch [28/70], Iteration [13/21], Loss: 0.0080
614 Epoch [28/70], Iteration [14/21], Loss: 0.0116
615 Epoch [28/70], Iteration [15/21], Loss: 0.0597
616 Epoch [28/70], Iteration [16/21], Loss: 0.0552
617 Epoch [28/70], Iteration [17/21], Loss: 0.1034
618 Epoch [28/70], Iteration [18/21], Loss: 0.0491
619 Epoch [28/70], Iteration [19/21], Loss: 0.0561
620 Epoch [28/70], Iteration [20/21], Loss: 0.0354
621 Epoch [28/70], Iteration [21/21], Loss: 0.8410
622 Accuracy: 0.96
623 Epoch [29/70], Iteration [1/21], Loss: 0.0043
624 Epoch [29/70], Iteration [2/21], Loss: 0.0960
625 Epoch [29/70], Iteration [3/21], Loss: 0.0812
626 Epoch [29/70], Iteration [4/21], Loss: 0.0686
627 Epoch [29/70], Iteration [5/21], Loss: 0.1354
628 Epoch [29/70], Iteration [6/21], Loss: 0.0566
629 Epoch [29/70], Iteration [7/21], Loss: 0.2540
630 Epoch [29/70], Iteration [8/21], Loss: 0.1313
631 Epoch [29/70], Iteration [9/21], Loss: 0.1723
632 Epoch [29/70], Iteration [10/21], Loss: 0.0580
633 Epoch [29/70], Iteration [11/21], Loss: 0.0431
634 Epoch [29/70], Iteration [12/21], Loss: 0.0576
635 Epoch [29/70], Iteration [13/21], Loss: 0.0507
636 Epoch [29/70], Iteration [14/21], Loss: 0.1027
637 Epoch [29/70], Iteration [15/21], Loss: 0.0545
638 Epoch [29/70], Iteration [16/21], Loss: 0.0328
639 Epoch [29/70], Iteration [17/21], Loss: 0.0120
640 Epoch [29/70], Iteration [18/21], Loss: 0.0293
641 Epoch [29/70], Iteration [19/21], Loss: 0.0772
642 Epoch [29/70], Iteration [20/21], Loss: 0.0194
643 Epoch [29/70], Iteration [21/21], Loss: 0.0013
644 Accuracy: 0.95
645 Epoch [30/70], Iteration [1/21], Loss: 0.0371
646 Epoch [30/70], Iteration [2/21], Loss: 0.0155
647 Epoch [30/70], Iteration [3/21], Loss: 0.0277
648 Epoch [30/70], Iteration [4/21], Loss: 0.0259
649 Epoch [30/70], Iteration [5/21], Loss: 0.0180
650 Epoch [30/70], Iteration [6/21], Loss: 0.0685
651 Epoch [30/70], Iteration [7/21], Loss: 0.0349
652 Epoch [30/70], Iteration [8/21], Loss: 0.0319
653 Epoch [30/70], Iteration [9/21], Loss: 0.0489
654 Epoch [30/70], Iteration [10/21], Loss: 0.0097
655 Epoch [30/70], Iteration [11/21], Loss: 0.0266
656 Epoch [30/70], Iteration [12/21], Loss: 0.0420
657 Epoch [30/70], Iteration [13/21], Loss: 0.1203
658 Epoch [30/70], Iteration [14/21], Loss: 0.0284
659 Epoch [30/70], Iteration [15/21], Loss: 0.0749
660 Epoch [30/70], Iteration [16/21], Loss: 0.0201
661 Epoch [30/70], Iteration [17/21], Loss: 0.0508
662 Epoch [30/70], Iteration [18/21], Loss: 0.0071
663 Epoch [30/70], Iteration [19/21], Loss: 0.0159
664 Epoch [30/70], Iteration [20/21], Loss: 0.0417
665 Epoch [30/70], Iteration [21/21], Loss: 0.0804
666 Accuracy: 0.94
667 Epoch [31/70], Iteration [1/21], Loss: 0.0346
668 Epoch [31/70], Iteration [2/21], Loss: 0.0363
669 Epoch [31/70], Iteration [3/21], Loss: 0.0242
670 Epoch [31/70], Iteration [4/21], Loss: 0.0722
671 Epoch [31/70], Iteration [5/21], Loss: 0.0319
672 Epoch [31/70], Iteration [6/21], Loss: 0.0155
673 Epoch [31/70], Iteration [7/21], Loss: 0.0431
674 Epoch [31/70], Iteration [8/21], Loss: 0.0137
675 Epoch [31/70], Iteration [9/21], Loss: 0.0145
676 Epoch [31/70], Iteration [10/21], Loss: 0.0045
677 Epoch [31/70], Iteration [11/21], Loss: 0.0037
678 Epoch [31/70], Iteration [12/21], Loss: 0.0250
679 Epoch [31/70], Iteration [13/21], Loss: 0.0449
680 Epoch [31/70], Iteration [14/21], Loss: 0.0189
681 Epoch [31/70], Iteration [15/21], Loss: 0.0289
682 Epoch [31/70], Iteration [16/21], Loss: 0.0054
683 Epoch [31/70], Iteration [17/21], Loss: 0.0138
684 Epoch [31/70], Iteration [18/21], Loss: 0.0129
685 Epoch [31/70], Iteration [19/21], Loss: 0.0066
686 Epoch [31/70], Iteration [20/21], Loss: 0.0055
687 Epoch [31/70], Iteration [21/21], Loss: 0.0697
688 Accuracy: 0.95
689 Epoch [32/70], Iteration [1/21], Loss: 0.0042
690 Epoch [32/70], Iteration [2/21], Loss: 0.0146
691 Epoch [32/70], Iteration [3/21], Loss: 0.0292
692 Epoch [32/70], Iteration [4/21], Loss: 0.0034
693 Epoch [32/70], Iteration [5/21], Loss: 0.0175
694 Epoch [32/70], Iteration [6/21], Loss: 0.0205
695 Epoch [32/70], Iteration [7/21], Loss: 0.1390
696 Epoch [32/70], Iteration [8/21], Loss: 0.0341
697 Epoch [32/70], Iteration [9/21], Loss: 0.0018
698 Epoch [32/70], Iteration [10/21], Loss: 0.0074
699 Epoch [32/70], Iteration [11/21], Loss: 0.0577
700 Epoch [32/70], Iteration [12/21], Loss: 0.0102
701 Epoch [32/70], Iteration [13/21], Loss: 0.0023
702 Epoch [32/70], Iteration [14/21], Loss: 0.0010
703 Epoch [32/70], Iteration [15/21], Loss: 0.0160
704 Epoch [32/70], Iteration [16/21], Loss: 0.0022
705 Epoch [32/70], Iteration [17/21], Loss: 0.0280
706 Epoch [32/70], Iteration [18/21], Loss: 0.0074
707 Epoch [32/70], Iteration [19/21], Loss: 0.0130
708 Epoch [32/70], Iteration [20/21], Loss: 0.0083
709 Epoch [32/70], Iteration [21/21], Loss: 0.0105
710 Accuracy: 0.95
711 Epoch [33/70], Iteration [1/21], Loss: 0.0022
712 Epoch [33/70], Iteration [2/21], Loss: 0.0196
713 Epoch [33/70], Iteration [3/21], Loss: 0.0303
714 Epoch [33/70], Iteration [4/21], Loss: 0.0121
715 Epoch [33/70], Iteration [5/21], Loss: 0.0123
716 Epoch [33/70], Iteration [6/21], Loss: 0.0233
717 Epoch [33/70], Iteration [7/21], Loss: 0.0050
718 Epoch [33/70], Iteration [8/21], Loss: 0.0015
719 Epoch [33/70], Iteration [9/21], Loss: 0.0036
720 Epoch [33/70], Iteration [10/21], Loss: 0.0020
721 Epoch [33/70], Iteration [11/21], Loss: 0.0045
722 Epoch [33/70], Iteration [12/21], Loss: 0.0154
723 Epoch [33/70], Iteration [13/21], Loss: 0.0071
724 Epoch [33/70], Iteration [14/21], Loss: 0.0615
725 Epoch [33/70], Iteration [15/21], Loss: 0.0019
726 Epoch [33/70], Iteration [16/21], Loss: 0.0009
727 Epoch [33/70], Iteration [17/21], Loss: 0.0083
728 Epoch [33/70], Iteration [18/21], Loss: 0.0088
729 Epoch [33/70], Iteration [19/21], Loss: 0.0032
730 Epoch [33/70], Iteration [20/21], Loss: 0.0084
731 Epoch [33/70], Iteration [21/21], Loss: 0.9762
732 Accuracy: 0.83
733 Epoch [34/70], Iteration [1/21], Loss: 0.0548
734 Epoch [34/70], Iteration [2/21], Loss: 0.1476
735 Epoch [34/70], Iteration [3/21], Loss: 0.2429
736 Epoch [34/70], Iteration [4/21], Loss: 0.1520
737 Epoch [34/70], Iteration [5/21], Loss: 0.4399
738 Epoch [34/70], Iteration [6/21], Loss: 0.0360
739 Epoch [34/70], Iteration [7/21], Loss: 0.0144
740 Epoch [34/70], Iteration [8/21], Loss: 0.1905
741 Epoch [34/70], Iteration [9/21], Loss: 0.0814
742 Epoch [34/70], Iteration [10/21], Loss: 0.3339
743 Epoch [34/70], Iteration [11/21], Loss: 0.1552
744 Epoch [34/70], Iteration [12/21], Loss: 0.0314
745 Epoch [34/70], Iteration [13/21], Loss: 0.5404
746 Epoch [34/70], Iteration [14/21], Loss: 0.0366
747 Epoch [34/70], Iteration [15/21], Loss: 0.0767
748 Epoch [34/70], Iteration [16/21], Loss: 0.1206
749 Epoch [34/70], Iteration [17/21], Loss: 0.0269
750 Epoch [34/70], Iteration [18/21], Loss: 0.0741
751 Epoch [34/70], Iteration [19/21], Loss: 0.0622
752 Epoch [34/70], Iteration [20/21], Loss: 0.1088
753 Epoch [34/70], Iteration [21/21], Loss: 0.0552
754 Accuracy: 0.88
755 Epoch [35/70], Iteration [1/21], Loss: 0.0980
756 Epoch [35/70], Iteration [2/21], Loss: 0.1245
757 Epoch [35/70], Iteration [3/21], Loss: 0.1841
758 Epoch [35/70], Iteration [4/21], Loss: 0.0274
759 Epoch [35/70], Iteration [5/21], Loss: 0.0569
760 Epoch [35/70], Iteration [6/21], Loss: 0.0215
761 Epoch [35/70], Iteration [7/21], Loss: 0.0050
762 Epoch [35/70], Iteration [8/21], Loss: 0.0424
763 Epoch [35/70], Iteration [9/21], Loss: 0.0295
764 Epoch [35/70], Iteration [10/21], Loss: 0.1551
765 Epoch [35/70], Iteration [11/21], Loss: 0.0322
766 Epoch [35/70], Iteration [12/21], Loss: 0.0957
767 Epoch [35/70], Iteration [13/21], Loss: 0.1005
768 Epoch [35/70], Iteration [14/21], Loss: 0.0263
769 Epoch [35/70], Iteration [15/21], Loss: 0.0752
770 Epoch [35/70], Iteration [16/21], Loss: 0.1438
771 Epoch [35/70], Iteration [17/21], Loss: 0.0306
772 Epoch [35/70], Iteration [18/21], Loss: 0.0535
773 Epoch [35/70], Iteration [19/21], Loss: 0.1781
774 Epoch [35/70], Iteration [20/21], Loss: 0.0196
775 Epoch [35/70], Iteration [21/21], Loss: 0.0065
776 Accuracy: 0.96
777 Epoch [36/70], Iteration [1/21], Loss: 0.0587
778 Epoch [36/70], Iteration [2/21], Loss: 0.0539
779 Epoch [36/70], Iteration [3/21], Loss: 0.0164
780 Epoch [36/70], Iteration [4/21], Loss: 0.0098
781 Epoch [36/70], Iteration [5/21], Loss: 0.0274
782 Epoch [36/70], Iteration [6/21], Loss: 0.0138
783 Epoch [36/70], Iteration [7/21], Loss: 0.0150
784 Epoch [36/70], Iteration [8/21], Loss: 0.0188
785 Epoch [36/70], Iteration [9/21], Loss: 0.0742
786 Epoch [36/70], Iteration [10/21], Loss: 0.0265
787 Epoch [36/70], Iteration [11/21], Loss: 0.0138
788 Epoch [36/70], Iteration [12/21], Loss: 0.0717
789 Epoch [36/70], Iteration [13/21], Loss: 0.0508
790 Epoch [36/70], Iteration [14/21], Loss: 0.0127
791 Epoch [36/70], Iteration [15/21], Loss: 0.0179
792 Epoch [36/70], Iteration [16/21], Loss: 0.0731
793 Epoch [36/70], Iteration [17/21], Loss: 0.0335
794 Epoch [36/70], Iteration [18/21], Loss: 0.0479
795 Epoch [36/70], Iteration [19/21], Loss: 0.0431
796 Epoch [36/70], Iteration [20/21], Loss: 0.0114
797 Epoch [36/70], Iteration [21/21], Loss: 0.0536
798 Accuracy: 0.95
799 Epoch [37/70], Iteration [1/21], Loss: 0.0170
800 Epoch [37/70], Iteration [2/21], Loss: 0.0710
801 Epoch [37/70], Iteration [3/21], Loss: 0.0458
802 Epoch [37/70], Iteration [4/21], Loss: 0.0548
803 Epoch [37/70], Iteration [5/21], Loss: 0.0244
804 Epoch [37/70], Iteration [6/21], Loss: 0.0039
805 Epoch [37/70], Iteration [7/21], Loss: 0.0202
806 Epoch [37/70], Iteration [8/21], Loss: 0.0086
807 Epoch [37/70], Iteration [9/21], Loss: 0.0386
808 Epoch [37/70], Iteration [10/21], Loss: 0.0053
809 Epoch [37/70], Iteration [11/21], Loss: 0.1136
810 Epoch [37/70], Iteration [12/21], Loss: 0.0051
811 Epoch [37/70], Iteration [13/21], Loss: 0.0059
812 Epoch [37/70], Iteration [14/21], Loss: 0.0036
813 Epoch [37/70], Iteration [15/21], Loss: 0.0099
814 Epoch [37/70], Iteration [16/21], Loss: 0.0247
815 Epoch [37/70], Iteration [17/21], Loss: 0.0084
816 Epoch [37/70], Iteration [18/21], Loss: 0.0212
817 Epoch [37/70], Iteration [19/21], Loss: 0.0062
818 Epoch [37/70], Iteration [20/21], Loss: 0.0354
819 Epoch [37/70], Iteration [21/21], Loss: 0.0001
820 Accuracy: 0.96
821 Epoch [38/70], Iteration [1/21], Loss: 0.0034
822 Epoch [38/70], Iteration [2/21], Loss: 0.0039
823 Epoch [38/70], Iteration [3/21], Loss: 0.0058
824 Epoch [38/70], Iteration [4/21], Loss: 0.0050
825 Epoch [38/70], Iteration [5/21], Loss: 0.0040
826 Epoch [38/70], Iteration [6/21], Loss: 0.0013
827 Epoch [38/70], Iteration [7/21], Loss: 0.0121
828 Epoch [38/70], Iteration [8/21], Loss: 0.0016
829 Epoch [38/70], Iteration [9/21], Loss: 0.0076
830 Epoch [38/70], Iteration [10/21], Loss: 0.0179
831 Epoch [38/70], Iteration [11/21], Loss: 0.0110
832 Epoch [38/70], Iteration [12/21], Loss: 0.0512
833 Epoch [38/70], Iteration [13/21], Loss: 0.0029
834 Epoch [38/70], Iteration [14/21], Loss: 0.0172
835 Epoch [38/70], Iteration [15/21], Loss: 0.0035
836 Epoch [38/70], Iteration [16/21], Loss: 0.0026
837 Epoch [38/70], Iteration [17/21], Loss: 0.0019
838 Epoch [38/70], Iteration [18/21], Loss: 0.0085
839 Epoch [38/70], Iteration [19/21], Loss: 0.0676
840 Epoch [38/70], Iteration [20/21], Loss: 0.0136
841 Epoch [38/70], Iteration [21/21], Loss: 0.3860
842 Accuracy: 0.96
843 Epoch [39/70], Iteration [1/21], Loss: 0.0040
844 Epoch [39/70], Iteration [2/21], Loss: 0.0486
845 Epoch [39/70], Iteration [3/21], Loss: 0.0057
846 Epoch [39/70], Iteration [4/21], Loss: 0.0806
847 Epoch [39/70], Iteration [5/21], Loss: 0.0174
848 Epoch [39/70], Iteration [6/21], Loss: 0.0335
849 Epoch [39/70], Iteration [7/21], Loss: 0.0354
850 Epoch [39/70], Iteration [8/21], Loss: 0.0494
851 Epoch [39/70], Iteration [9/21], Loss: 0.0705
852 Epoch [39/70], Iteration [10/21], Loss: 0.0121
853 Epoch [39/70], Iteration [11/21], Loss: 0.0220
854 Epoch [39/70], Iteration [12/21], Loss: 0.0025
855 Epoch [39/70], Iteration [13/21], Loss: 0.0128
856 Epoch [39/70], Iteration [14/21], Loss: 0.0217
857 Epoch [39/70], Iteration [15/21], Loss: 0.0127
858 Epoch [39/70], Iteration [16/21], Loss: 0.0194
859 Epoch [39/70], Iteration [17/21], Loss: 0.0258
860 Epoch [39/70], Iteration [18/21], Loss: 0.0363
861 Epoch [39/70], Iteration [19/21], Loss: 0.0041
862 Epoch [39/70], Iteration [20/21], Loss: 0.1282
863 Epoch [39/70], Iteration [21/21], Loss: 0.0294
864 Accuracy: 0.95
865 Epoch [40/70], Iteration [1/21], Loss: 0.0186
866 Epoch [40/70], Iteration [2/21], Loss: 0.0015
867 Epoch [40/70], Iteration [3/21], Loss: 0.0118
868 Epoch [40/70], Iteration [4/21], Loss: 0.0026
869 Epoch [40/70], Iteration [5/21], Loss: 0.0421
870 Epoch [40/70], Iteration [6/21], Loss: 0.0058
871 Epoch [40/70], Iteration [7/21], Loss: 0.0569
872 Epoch [40/70], Iteration [8/21], Loss: 0.0025
873 Epoch [40/70], Iteration [9/21], Loss: 0.0057
874 Epoch [40/70], Iteration [10/21], Loss: 0.0060
875 Epoch [40/70], Iteration [11/21], Loss: 0.1322
876 Epoch [40/70], Iteration [12/21], Loss: 0.0157
877 Epoch [40/70], Iteration [13/21], Loss: 0.0310
878 Epoch [40/70], Iteration [14/21], Loss: 0.0636
879 Epoch [40/70], Iteration [15/21], Loss: 0.0609
880 Epoch [40/70], Iteration [16/21], Loss: 0.0210
881 Epoch [40/70], Iteration [17/21], Loss: 0.0600
882 Epoch [40/70], Iteration [18/21], Loss: 0.1375
883 Epoch [40/70], Iteration [19/21], Loss: 0.0034
884 Epoch [40/70], Iteration [20/21], Loss: 0.0144
885 Epoch [40/70], Iteration [21/21], Loss: 0.4133
886 Accuracy: 0.81
887 Epoch [41/70], Iteration [1/21], Loss: 0.0356
888 Epoch [41/70], Iteration [2/21], Loss: 0.0129
889 Epoch [41/70], Iteration [3/21], Loss: 0.0222
890 Epoch [41/70], Iteration [4/21], Loss: 0.0759
891 Epoch [41/70], Iteration [5/21], Loss: 0.0215
892 Epoch [41/70], Iteration [6/21], Loss: 0.1054
893 Epoch [41/70], Iteration [7/21], Loss: 0.1157
894 Epoch [41/70], Iteration [8/21], Loss: 0.1004
895 Epoch [41/70], Iteration [9/21], Loss: 0.1455
896 Epoch [41/70], Iteration [10/21], Loss: 0.1550
897 Epoch [41/70], Iteration [11/21], Loss: 0.2727
898 Epoch [41/70], Iteration [12/21], Loss: 0.2932
899 Epoch [41/70], Iteration [13/21], Loss: 0.1862
900 Epoch [41/70], Iteration [14/21], Loss: 0.0228
901 Epoch [41/70], Iteration [15/21], Loss: 0.2600
902 Epoch [41/70], Iteration [16/21], Loss: 0.1424
903 Epoch [41/70], Iteration [17/21], Loss: 0.2009
904 Epoch [41/70], Iteration [18/21], Loss: 0.0223
905 Epoch [41/70], Iteration [19/21], Loss: 0.1326
906 Epoch [41/70], Iteration [20/21], Loss: 0.0689
907 Epoch [41/70], Iteration [21/21], Loss: 0.0189
908 Accuracy: 0.64
909 Epoch [42/70], Iteration [1/21], Loss: 0.0134
910 Epoch [42/70], Iteration [2/21], Loss: 0.0169
911 Epoch [42/70], Iteration [3/21], Loss: 0.0707
912 Epoch [42/70], Iteration [4/21], Loss: 0.1302
913 Epoch [42/70], Iteration [5/21], Loss: 0.0991
914 Epoch [42/70], Iteration [6/21], Loss: 0.0406
915 Epoch [42/70], Iteration [7/21], Loss: 0.1945
916 Epoch [42/70], Iteration [8/21], Loss: 0.0291
917 Epoch [42/70], Iteration [9/21], Loss: 0.0161
918 Epoch [42/70], Iteration [10/21], Loss: 0.0125
919 Epoch [42/70], Iteration [11/21], Loss: 0.0314
920 Epoch [42/70], Iteration [12/21], Loss: 0.0526
921 Epoch [42/70], Iteration [13/21], Loss: 0.0768
922 Epoch [42/70], Iteration [14/21], Loss: 0.0422
923 Epoch [42/70], Iteration [15/21], Loss: 0.0212
924 Epoch [42/70], Iteration [16/21], Loss: 0.1370
925 Epoch [42/70], Iteration [17/21], Loss: 0.0769
926 Epoch [42/70], Iteration [18/21], Loss: 0.0247
927 Epoch [42/70], Iteration [19/21], Loss: 0.0042
928 Epoch [42/70], Iteration [20/21], Loss: 0.1071
929 Epoch [42/70], Iteration [21/21], Loss: 0.0086
930 Accuracy: 0.94
931 Epoch [43/70], Iteration [1/21], Loss: 0.0042
932 Epoch [43/70], Iteration [2/21], Loss: 0.0027
933 Epoch [43/70], Iteration [3/21], Loss: 0.0568
934 Epoch [43/70], Iteration [4/21], Loss: 0.1350
935 Epoch [43/70], Iteration [5/21], Loss: 0.0054
936 Epoch [43/70], Iteration [6/21], Loss: 0.1092
937 Epoch [43/70], Iteration [7/21], Loss: 0.0220
938 Epoch [43/70], Iteration [8/21], Loss: 0.0175
939 Epoch [43/70], Iteration [9/21], Loss: 0.0290
940 Epoch [43/70], Iteration [10/21], Loss: 0.0167
941 Epoch [43/70], Iteration [11/21], Loss: 0.0024
942 Epoch [43/70], Iteration [12/21], Loss: 0.0023
943 Epoch [43/70], Iteration [13/21], Loss: 0.0087
944 Epoch [43/70], Iteration [14/21], Loss: 0.0397
945 Epoch [43/70], Iteration [15/21], Loss: 0.0179
946 Epoch [43/70], Iteration [16/21], Loss: 0.0105
947 Epoch [43/70], Iteration [17/21], Loss: 0.0380
948 Epoch [43/70], Iteration [18/21], Loss: 0.0238
949 Epoch [43/70], Iteration [19/21], Loss: 0.1422
950 Epoch [43/70], Iteration [20/21], Loss: 0.0115
951 Epoch [43/70], Iteration [21/21], Loss: 0.0073
952 Accuracy: 0.96
953 Epoch [44/70], Iteration [1/21], Loss: 0.0082
954 Epoch [44/70], Iteration [2/21], Loss: 0.0054
955 Epoch [44/70], Iteration [3/21], Loss: 0.0038
956 Epoch [44/70], Iteration [4/21], Loss: 0.0927
957 Epoch [44/70], Iteration [5/21], Loss: 0.0021
958 Epoch [44/70], Iteration [6/21], Loss: 0.0117
959 Epoch [44/70], Iteration [7/21], Loss: 0.0111
960 Epoch [44/70], Iteration [8/21], Loss: 0.0092
961 Epoch [44/70], Iteration [9/21], Loss: 0.0250
962 Epoch [44/70], Iteration [10/21], Loss: 0.0278
963 Epoch [44/70], Iteration [11/21], Loss: 0.0199
964 Epoch [44/70], Iteration [12/21], Loss: 0.0076
965 Epoch [44/70], Iteration [13/21], Loss: 0.0035
966 Epoch [44/70], Iteration [14/21], Loss: 0.0061
967 Epoch [44/70], Iteration [15/21], Loss: 0.0052
968 Epoch [44/70], Iteration [16/21], Loss: 0.0036
969 Epoch [44/70], Iteration [17/21], Loss: 0.0094
970 Epoch [44/70], Iteration [18/21], Loss: 0.0018
971 Epoch [44/70], Iteration [19/21], Loss: 0.0028
972 Epoch [44/70], Iteration [20/21], Loss: 0.0038
973 Epoch [44/70], Iteration [21/21], Loss: 0.2160
974 Accuracy: 0.94
975 Epoch [45/70], Iteration [1/21], Loss: 0.0047
976 Epoch [45/70], Iteration [2/21], Loss: 0.0078
977 Epoch [45/70], Iteration [3/21], Loss: 0.0088
978 Epoch [45/70], Iteration [4/21], Loss: 0.0083
979 Epoch [45/70], Iteration [5/21], Loss: 0.0065
980 Epoch [45/70], Iteration [6/21], Loss: 0.0250
981 Epoch [45/70], Iteration [7/21], Loss: 0.0678
982 Epoch [45/70], Iteration [8/21], Loss: 0.0100
983 Epoch [45/70], Iteration [9/21], Loss: 0.0784
984 Epoch [45/70], Iteration [10/21], Loss: 0.0280
985 Epoch [45/70], Iteration [11/21], Loss: 0.0208
986 Epoch [45/70], Iteration [12/21], Loss: 0.1887
987 Epoch [45/70], Iteration [13/21], Loss: 0.0124
988 Epoch [45/70], Iteration [14/21], Loss: 0.0247
989 Epoch [45/70], Iteration [15/21], Loss: 0.0352
990 Epoch [45/70], Iteration [16/21], Loss: 0.1242
991 Epoch [45/70], Iteration [17/21], Loss: 0.0159
992 Epoch [45/70], Iteration [18/21], Loss: 0.0342
993 Epoch [45/70], Iteration [19/21], Loss: 0.0918
994 Epoch [45/70], Iteration [20/21], Loss: 0.0065
995 Epoch [45/70], Iteration [21/21], Loss: 0.0631
996 Accuracy: 0.94
997 Epoch [46/70], Iteration [1/21], Loss: 0.0424
998 Epoch [46/70], Iteration [2/21], Loss: 0.1230
999 Epoch [46/70], Iteration [3/21], Loss: 0.0128
1000 Epoch [46/70], Iteration [4/21], Loss: 0.0023
1001 Epoch [46/70], Iteration [5/21], Loss: 0.0027
1002 Epoch [46/70], Iteration [6/21], Loss: 0.0026
1003 Epoch [46/70], Iteration [7/21], Loss: 0.0102
1004 Epoch [46/70], Iteration [8/21], Loss: 0.0083
1005 Epoch [46/70], Iteration [9/21], Loss: 0.0973
1006 Epoch [46/70], Iteration [10/21], Loss: 0.0200
1007 Epoch [46/70], Iteration [11/21], Loss: 0.0283
1008 Epoch [46/70], Iteration [12/21], Loss: 0.1042
1009 Epoch [46/70], Iteration [13/21], Loss: 0.0082
1010 Epoch [46/70], Iteration [14/21], Loss: 0.0923
1011 Epoch [46/70], Iteration [15/21], Loss: 0.0172
1012 Epoch [46/70], Iteration [16/21], Loss: 0.0260
1013 Epoch [46/70], Iteration [17/21], Loss: 0.0193
1014 Epoch [46/70], Iteration [18/21], Loss: 0.0049
1015 Epoch [46/70], Iteration [19/21], Loss: 0.0056
1016 Epoch [46/70], Iteration [20/21], Loss: 0.0387
1017 Epoch [46/70], Iteration [21/21], Loss: 1.6165
1018 Accuracy: 0.94
1019 Epoch [47/70], Iteration [1/21], Loss: 0.0555
1020 Epoch [47/70], Iteration [2/21], Loss: 0.0838
1021 Epoch [47/70], Iteration [3/21], Loss: 0.0887
1022 Epoch [47/70], Iteration [4/21], Loss: 0.1844
1023 Epoch [47/70], Iteration [5/21], Loss: 0.2315
1024 Epoch [47/70], Iteration [6/21], Loss: 0.1776
1025 Epoch [47/70], Iteration [7/21], Loss: 0.2271
1026 Epoch [47/70], Iteration [8/21], Loss: 0.0579
1027 Epoch [47/70], Iteration [9/21], Loss: 0.1128
1028 Epoch [47/70], Iteration [10/21], Loss: 0.1420
1029 Epoch [47/70], Iteration [11/21], Loss: 0.0267
1030 Epoch [47/70], Iteration [12/21], Loss: 0.1006
1031 Epoch [47/70], Iteration [13/21], Loss: 0.0184
1032 Epoch [47/70], Iteration [14/21], Loss: 0.0697
1033 Epoch [47/70], Iteration [15/21], Loss: 0.0546
1034 Epoch [47/70], Iteration [16/21], Loss: 0.0716
1035 Epoch [47/70], Iteration [17/21], Loss: 0.0562
1036 Epoch [47/70], Iteration [18/21], Loss: 0.1758
1037 Epoch [47/70], Iteration [19/21], Loss: 0.0760
1038 Epoch [47/70], Iteration [20/21], Loss: 0.0148
1039 Epoch [47/70], Iteration [21/21], Loss: 2.0016
1040 Accuracy: 0.95
1041 Epoch [48/70], Iteration [1/21], Loss: 0.0302
1042 Epoch [48/70], Iteration [2/21], Loss: 0.0809
1043 Epoch [48/70], Iteration [3/21], Loss: 0.1082
1044 Epoch [48/70], Iteration [4/21], Loss: 0.0390
1045 Epoch [48/70], Iteration [5/21], Loss: 0.0251
1046 Epoch [48/70], Iteration [6/21], Loss: 0.3110
1047 Epoch [48/70], Iteration [7/21], Loss: 0.0384
1048 Epoch [48/70], Iteration [8/21], Loss: 0.0800
1049 Epoch [48/70], Iteration [9/21], Loss: 0.3514
1050 Epoch [48/70], Iteration [10/21], Loss: 0.2512
1051 Epoch [48/70], Iteration [11/21], Loss: 0.0225
1052 Epoch [48/70], Iteration [12/21], Loss: 0.0985
1053 Epoch [48/70], Iteration [13/21], Loss: 0.1243
1054 Epoch [48/70], Iteration [14/21], Loss: 0.0573
1055 Epoch [48/70], Iteration [15/21], Loss: 0.0210
1056 Epoch [48/70], Iteration [16/21], Loss: 0.0271
1057 Epoch [48/70], Iteration [17/21], Loss: 0.1642
1058 Epoch [48/70], Iteration [18/21], Loss: 0.0784
1059 Epoch [48/70], Iteration [19/21], Loss: 0.0665
1060 Epoch [48/70], Iteration [20/21], Loss: 0.0319
1061 Epoch [48/70], Iteration [21/21], Loss: 0.0008
1062 Accuracy: 0.95
1063 Epoch [49/70], Iteration [1/21], Loss: 0.0479
1064 Epoch [49/70], Iteration [2/21], Loss: 0.0350
1065 Epoch [49/70], Iteration [3/21], Loss: 0.0728
1066 Epoch [49/70], Iteration [4/21], Loss: 0.2920
1067 Epoch [49/70], Iteration [5/21], Loss: 0.0492
1068 Epoch [49/70], Iteration [6/21], Loss: 0.0364
1069 Epoch [49/70], Iteration [7/21], Loss: 0.0685
1070 Epoch [49/70], Iteration [8/21], Loss: 0.0822
1071 Epoch [49/70], Iteration [9/21], Loss: 0.0221
1072 Epoch [49/70], Iteration [10/21], Loss: 0.0427
1073 Epoch [49/70], Iteration [11/21], Loss: 0.0320
1074 Epoch [49/70], Iteration [12/21], Loss: 0.0202
1075 Epoch [49/70], Iteration [13/21], Loss: 0.0477
1076 Epoch [49/70], Iteration [14/21], Loss: 0.0160
1077 Epoch [49/70], Iteration [15/21], Loss: 0.0363
1078 Epoch [49/70], Iteration [16/21], Loss: 0.0099
1079 Epoch [49/70], Iteration [17/21], Loss: 0.0843
1080 Epoch [49/70], Iteration [18/21], Loss: 0.0246
1081 Epoch [49/70], Iteration [19/21], Loss: 0.0429
1082 Epoch [49/70], Iteration [20/21], Loss: 0.0429
1083 Epoch [49/70], Iteration [21/21], Loss: 0.0241
1084 Accuracy: 0.96
1085 Epoch [50/70], Iteration [1/21], Loss: 0.0049
1086 Epoch [50/70], Iteration [2/21], Loss: 0.0202
1087 Epoch [50/70], Iteration [3/21], Loss: 0.0173
1088 Epoch [50/70], Iteration [4/21], Loss: 0.0209
1089 Epoch [50/70], Iteration [5/21], Loss: 0.0157
1090 Epoch [50/70], Iteration [6/21], Loss: 0.0115
1091 Epoch [50/70], Iteration [7/21], Loss: 0.0154
1092 Epoch [50/70], Iteration [8/21], Loss: 0.0090
1093 Epoch [50/70], Iteration [9/21], Loss: 0.0174
1094 Epoch [50/70], Iteration [10/21], Loss: 0.0357
1095 Epoch [50/70], Iteration [11/21], Loss: 0.0080
1096 Epoch [50/70], Iteration [12/21], Loss: 0.0044
1097 Epoch [50/70], Iteration [13/21], Loss: 0.0294
1098 Epoch [50/70], Iteration [14/21], Loss: 0.0028
1099 Epoch [50/70], Iteration [15/21], Loss: 0.0379
1100 Epoch [50/70], Iteration [16/21], Loss: 0.0022
1101 Epoch [50/70], Iteration [17/21], Loss: 0.0087
1102 Epoch [50/70], Iteration [18/21], Loss: 0.0652
1103 Epoch [50/70], Iteration [19/21], Loss: 0.0035
1104 Epoch [50/70], Iteration [20/21], Loss: 0.1079
1105 Epoch [50/70], Iteration [21/21], Loss: 0.0611
1106 Accuracy: 0.96
1107 Epoch [51/70], Iteration [1/21], Loss: 0.0085
1108 Epoch [51/70], Iteration [2/21], Loss: 0.0566
1109 Epoch [51/70], Iteration [3/21], Loss: 0.0079
1110 Epoch [51/70], Iteration [4/21], Loss: 0.0045
1111 Epoch [51/70], Iteration [5/21], Loss: 0.0015
1112 Epoch [51/70], Iteration [6/21], Loss: 0.0148
1113 Epoch [51/70], Iteration [7/21], Loss: 0.0057
1114 Epoch [51/70], Iteration [8/21], Loss: 0.0206
1115 Epoch [51/70], Iteration [9/21], Loss: 0.0929
1116 Epoch [51/70], Iteration [10/21], Loss: 0.0257
1117 Epoch [51/70], Iteration [11/21], Loss: 0.0165
1118 Epoch [51/70], Iteration [12/21], Loss: 0.0153
1119 Epoch [51/70], Iteration [13/21], Loss: 0.0030
1120 Epoch [51/70], Iteration [14/21], Loss: 0.0030
1121 Epoch [51/70], Iteration [15/21], Loss: 0.0121
1122 Epoch [51/70], Iteration [16/21], Loss: 0.0145
1123 Epoch [51/70], Iteration [17/21], Loss: 0.0068
1124 Epoch [51/70], Iteration [18/21], Loss: 0.0113
1125 Epoch [51/70], Iteration [19/21], Loss: 0.0029
1126 Epoch [51/70], Iteration [20/21], Loss: 0.0135
1127 Epoch [51/70], Iteration [21/21], Loss: 1.3001
1128 Accuracy: 0.95
1129 Epoch [52/70], Iteration [1/21], Loss: 0.0055
1130 Epoch [52/70], Iteration [2/21], Loss: 0.0270
1131 Epoch [52/70], Iteration [3/21], Loss: 0.0517
1132 Epoch [52/70], Iteration [4/21], Loss: 0.1318
1133 Epoch [52/70], Iteration [5/21], Loss: 0.2141
1134 Epoch [52/70], Iteration [6/21], Loss: 0.1049
1135 Epoch [52/70], Iteration [7/21], Loss: 0.0553
1136 Epoch [52/70], Iteration [8/21], Loss: 0.1409
1137 Epoch [52/70], Iteration [9/21], Loss: 0.0967
1138 Epoch [52/70], Iteration [10/21], Loss: 0.1031
1139 Epoch [52/70], Iteration [11/21], Loss: 0.1006
1140 Epoch [52/70], Iteration [12/21], Loss: 0.0808
1141 Epoch [52/70], Iteration [13/21], Loss: 0.0374
1142 Epoch [52/70], Iteration [14/21], Loss: 0.0547
1143 Epoch [52/70], Iteration [15/21], Loss: 0.0833
1144 Epoch [52/70], Iteration [16/21], Loss: 0.0520
1145 Epoch [52/70], Iteration [17/21], Loss: 0.0698
1146 Epoch [52/70], Iteration [18/21], Loss: 0.0690
1147 Epoch [52/70], Iteration [19/21], Loss: 0.1454
1148 Epoch [52/70], Iteration [20/21], Loss: 0.0375
1149 Epoch [52/70], Iteration [21/21], Loss: 1.0281
1150 Accuracy: 0.95
1151 Epoch [53/70], Iteration [1/21], Loss: 0.0240
1152 Epoch [53/70], Iteration [2/21], Loss: 0.0773
1153 Epoch [53/70], Iteration [3/21], Loss: 0.1142
1154 Epoch [53/70], Iteration [4/21], Loss: 0.1179
1155 Epoch [53/70], Iteration [5/21], Loss: 0.2875
1156 Epoch [53/70], Iteration [6/21], Loss: 0.1567
1157 Epoch [53/70], Iteration [7/21], Loss: 0.1348
1158 Epoch [53/70], Iteration [8/21], Loss: 0.1924
1159 Epoch [53/70], Iteration [9/21], Loss: 0.0808
1160 Epoch [53/70], Iteration [10/21], Loss: 0.0802
1161 Epoch [53/70], Iteration [11/21], Loss: 0.1989
1162 Epoch [53/70], Iteration [12/21], Loss: 0.1982
1163 Epoch [53/70], Iteration [13/21], Loss: 0.0818
1164 Epoch [53/70], Iteration [14/21], Loss: 0.1583
1165 Epoch [53/70], Iteration [15/21], Loss: 0.0854
1166 Epoch [53/70], Iteration [16/21], Loss: 0.0896
1167 Epoch [53/70], Iteration [17/21], Loss: 0.0445
1168 Epoch [53/70], Iteration [18/21], Loss: 0.0854
1169 Epoch [53/70], Iteration [19/21], Loss: 0.1083
1170 Epoch [53/70], Iteration [20/21], Loss: 0.1192
1171 Epoch [53/70], Iteration [21/21], Loss: 0.0295
1172 Accuracy: 0.94
1173 Epoch [54/70], Iteration [1/21], Loss: 0.1463
1174 Epoch [54/70], Iteration [2/21], Loss: 0.0542
1175 Epoch [54/70], Iteration [3/21], Loss: 0.0909
1176 Epoch [54/70], Iteration [4/21], Loss: 0.0220
1177 Epoch [54/70], Iteration [5/21], Loss: 0.0583
1178 Epoch [54/70], Iteration [6/21], Loss: 0.0760
1179 Epoch [54/70], Iteration [7/21], Loss: 0.0101
1180 Epoch [54/70], Iteration [8/21], Loss: 0.0328
1181 Epoch [54/70], Iteration [9/21], Loss: 0.0110
1182 Epoch [54/70], Iteration [10/21], Loss: 0.0124
1183 Epoch [54/70], Iteration [11/21], Loss: 0.0368
1184 Epoch [54/70], Iteration [12/21], Loss: 0.0728
1185 Epoch [54/70], Iteration [13/21], Loss: 0.0651
1186 Epoch [54/70], Iteration [14/21], Loss: 0.0240
1187 Epoch [54/70], Iteration [15/21], Loss: 0.0066
1188 Epoch [54/70], Iteration [16/21], Loss: 0.0144
1189 Epoch [54/70], Iteration [17/21], Loss: 0.0061
1190 Epoch [54/70], Iteration [18/21], Loss: 0.0380
1191 Epoch [54/70], Iteration [19/21], Loss: 0.0348
1192 Epoch [54/70], Iteration [20/21], Loss: 0.0600
1193 Epoch [54/70], Iteration [21/21], Loss: 0.0073
1194 Accuracy: 0.96
1195 Epoch [55/70], Iteration [1/21], Loss: 0.0397
1196 Epoch [55/70], Iteration [2/21], Loss: 0.0255
1197 Epoch [55/70], Iteration [3/21], Loss: 0.0284
1198 Epoch [55/70], Iteration [4/21], Loss: 0.0289
1199 Epoch [55/70], Iteration [5/21], Loss: 0.0359
1200 Epoch [55/70], Iteration [6/21], Loss: 0.0074
1201 Epoch [55/70], Iteration [7/21], Loss: 0.0151
1202 Epoch [55/70], Iteration [8/21], Loss: 0.0152
1203 Epoch [55/70], Iteration [9/21], Loss: 0.0123
1204 Epoch [55/70], Iteration [10/21], Loss: 0.0139
1205 Epoch [55/70], Iteration [11/21], Loss: 0.0050
1206 Epoch [55/70], Iteration [12/21], Loss: 0.0050
1207 Epoch [55/70], Iteration [13/21], Loss: 0.0245
1208 Epoch [55/70], Iteration [14/21], Loss: 0.0208
1209 Epoch [55/70], Iteration [15/21], Loss: 0.0345
1210 Epoch [55/70], Iteration [16/21], Loss: 0.0251
1211 Epoch [55/70], Iteration [17/21], Loss: 0.0182
1212 Epoch [55/70], Iteration [18/21], Loss: 0.0161
1213 Epoch [55/70], Iteration [19/21], Loss: 0.1164
1214 Epoch [55/70], Iteration [20/21], Loss: 0.0164
1215 Epoch [55/70], Iteration [21/21], Loss: 0.2073
1216 Accuracy: 0.93
1217 Epoch [56/70], Iteration [1/21], Loss: 0.0009
1218 Epoch [56/70], Iteration [2/21], Loss: 0.0067
1219 Epoch [56/70], Iteration [3/21], Loss: 0.0344
1220 Epoch [56/70], Iteration [4/21], Loss: 0.0060
1221 Epoch [56/70], Iteration [5/21], Loss: 0.0126
1222 Epoch [56/70], Iteration [6/21], Loss: 0.0244
1223 Epoch [56/70], Iteration [7/21], Loss: 0.0568
1224 Epoch [56/70], Iteration [8/21], Loss: 0.0099
1225 Epoch [56/70], Iteration [9/21], Loss: 0.0663
1226 Epoch [56/70], Iteration [10/21], Loss: 0.0402
1227 Epoch [56/70], Iteration [11/21], Loss: 0.1283
1228 Epoch [56/70], Iteration [12/21], Loss: 0.0622
1229 Epoch [56/70], Iteration [13/21], Loss: 0.0425
1230 Epoch [56/70], Iteration [14/21], Loss: 0.0260
1231 Epoch [56/70], Iteration [15/21], Loss: 0.0165
1232 Epoch [56/70], Iteration [16/21], Loss: 0.1759
1233 Epoch [56/70], Iteration [17/21], Loss: 0.0371
1234 Epoch [56/70], Iteration [18/21], Loss: 0.0538
1235 Epoch [56/70], Iteration [19/21], Loss: 0.1101
1236 Epoch [56/70], Iteration [20/21], Loss: 0.0319
1237 Epoch [56/70], Iteration [21/21], Loss: 0.6684
1238 Accuracy: 0.94
1239 Epoch [57/70], Iteration [1/21], Loss: 0.0539
1240 Epoch [57/70], Iteration [2/21], Loss: 0.0034
1241 Epoch [57/70], Iteration [3/21], Loss: 0.2735
1242 Epoch [57/70], Iteration [4/21], Loss: 0.3339
1243 Epoch [57/70], Iteration [5/21], Loss: 0.2884
1244 Epoch [57/70], Iteration [6/21], Loss: 0.3070
1245 Epoch [57/70], Iteration [7/21], Loss: 0.4373
1246 Epoch [57/70], Iteration [8/21], Loss: 0.1661
1247 Epoch [57/70], Iteration [9/21], Loss: 0.2120
1248 Epoch [57/70], Iteration [10/21], Loss: 0.0537
1249 Epoch [57/70], Iteration [11/21], Loss: 0.0333
1250 Epoch [57/70], Iteration [12/21], Loss: 0.0814
1251 Epoch [57/70], Iteration [13/21], Loss: 0.4178
1252 Epoch [57/70], Iteration [14/21], Loss: 0.4249
1253 Epoch [57/70], Iteration [15/21], Loss: 0.1077
1254 Epoch [57/70], Iteration [16/21], Loss: 0.0929
1255 Epoch [57/70], Iteration [17/21], Loss: 0.1036
1256 Epoch [57/70], Iteration [18/21], Loss: 0.0839
1257 Epoch [57/70], Iteration [19/21], Loss: 0.0727
1258 Epoch [57/70], Iteration [20/21], Loss: 0.0622
1259 Epoch [57/70], Iteration [21/21], Loss: 0.0126
1260 Accuracy: 0.84
1261 Epoch [58/70], Iteration [1/21], Loss: 0.1386
1262 Epoch [58/70], Iteration [2/21], Loss: 0.0769
1263 Epoch [58/70], Iteration [3/21], Loss: 0.0890
1264 Epoch [58/70], Iteration [4/21], Loss: 0.0809
1265 Epoch [58/70], Iteration [5/21], Loss: 0.0510
1266 Epoch [58/70], Iteration [6/21], Loss: 0.0312
1267 Epoch [58/70], Iteration [7/21], Loss: 0.0325
1268 Epoch [58/70], Iteration [8/21], Loss: 0.0333
1269 Epoch [58/70], Iteration [9/21], Loss: 0.1335
1270 Epoch [58/70], Iteration [10/21], Loss: 0.0616
1271 Epoch [58/70], Iteration [11/21], Loss: 0.0389
1272 Epoch [58/70], Iteration [12/21], Loss: 0.0993
1273 Epoch [58/70], Iteration [13/21], Loss: 0.1091
1274 Epoch [58/70], Iteration [14/21], Loss: 0.0737
1275 Epoch [58/70], Iteration [15/21], Loss: 0.0487
1276 Epoch [58/70], Iteration [16/21], Loss: 0.0692
1277 Epoch [58/70], Iteration [17/21], Loss: 0.1156
1278 Epoch [58/70], Iteration [18/21], Loss: 0.0706
1279 Epoch [58/70], Iteration [19/21], Loss: 0.0692
1280 Epoch [58/70], Iteration [20/21], Loss: 0.0650
1281 Epoch [58/70], Iteration [21/21], Loss: 0.2295
1282 Accuracy: 0.94
1283 Epoch [59/70], Iteration [1/21], Loss: 0.0533
1284 Epoch [59/70], Iteration [2/21], Loss: 0.0977
1285 Epoch [59/70], Iteration [3/21], Loss: 0.0697
1286 Epoch [59/70], Iteration [4/21], Loss: 0.0785
1287 Epoch [59/70], Iteration [5/21], Loss: 0.0444
1288 Epoch [59/70], Iteration [6/21], Loss: 0.0980
1289 Epoch [59/70], Iteration [7/21], Loss: 0.0706
1290 Epoch [59/70], Iteration [8/21], Loss: 0.0254
1291 Epoch [59/70], Iteration [9/21], Loss: 0.0567
1292 Epoch [59/70], Iteration [10/21], Loss: 0.0949
1293 Epoch [59/70], Iteration [11/21], Loss: 0.1077
1294 Epoch [59/70], Iteration [12/21], Loss: 0.0674
1295 Epoch [59/70], Iteration [13/21], Loss: 0.0194
1296 Epoch [59/70], Iteration [14/21], Loss: 0.0647
1297 Epoch [59/70], Iteration [15/21], Loss: 0.0500
1298 Epoch [59/70], Iteration [16/21], Loss: 0.0898
1299 Epoch [59/70], Iteration [17/21], Loss: 0.0184
1300 Epoch [59/70], Iteration [18/21], Loss: 0.0373
1301 Epoch [59/70], Iteration [19/21], Loss: 0.0811
1302 Epoch [59/70], Iteration [20/21], Loss: 0.0934
1303 Epoch [59/70], Iteration [21/21], Loss: 0.0043
1304 Accuracy: 0.82
1305 Epoch [60/70], Iteration [1/21], Loss: 0.0106
1306 Epoch [60/70], Iteration [2/21], Loss: 0.0322
1307 Epoch [60/70], Iteration [3/21], Loss: 0.0147
1308 Epoch [60/70], Iteration [4/21], Loss: 0.0166
1309 Epoch [60/70], Iteration [5/21], Loss: 0.0175
1310 Epoch [60/70], Iteration [6/21], Loss: 0.0351
1311 Epoch [60/70], Iteration [7/21], Loss: 0.0170
1312 Epoch [60/70], Iteration [8/21], Loss: 0.0262
1313 Epoch [60/70], Iteration [9/21], Loss: 0.0131
1314 Epoch [60/70], Iteration [10/21], Loss: 0.0115
1315 Epoch [60/70], Iteration [11/21], Loss: 0.1217
1316 Epoch [60/70], Iteration [12/21], Loss: 0.0087
1317 Epoch [60/70], Iteration [13/21], Loss: 0.0180
1318 Epoch [60/70], Iteration [14/21], Loss: 0.0462
1319 Epoch [60/70], Iteration [15/21], Loss: 0.0083
1320 Epoch [60/70], Iteration [16/21], Loss: 0.0061
1321 Epoch [60/70], Iteration [17/21], Loss: 0.1477
1322 Epoch [60/70], Iteration [18/21], Loss: 0.0184
1323 Epoch [60/70], Iteration [19/21], Loss: 0.0040
1324 Epoch [60/70], Iteration [20/21], Loss: 0.0243
1325 Epoch [60/70], Iteration [21/21], Loss: 0.0293
1326 Accuracy: 0.97
1327 Epoch [61/70], Iteration [1/21], Loss: 0.0168
1328 Epoch [61/70], Iteration [2/21], Loss: 0.0054
1329 Epoch [61/70], Iteration [3/21], Loss: 0.0049
1330 Epoch [61/70], Iteration [4/21], Loss: 0.0048
1331 Epoch [61/70], Iteration [5/21], Loss: 0.0039
1332 Epoch [61/70], Iteration [6/21], Loss: 0.0255
1333 Epoch [61/70], Iteration [7/21], Loss: 0.0087
1334 Epoch [61/70], Iteration [8/21], Loss: 0.0115
1335 Epoch [61/70], Iteration [9/21], Loss: 0.0043
1336 Epoch [61/70], Iteration [10/21], Loss: 0.0267
1337 Epoch [61/70], Iteration [11/21], Loss: 0.0150
1338 Epoch [61/70], Iteration [12/21], Loss: 0.0469
1339 Epoch [61/70], Iteration [13/21], Loss: 0.0064
1340 Epoch [61/70], Iteration [14/21], Loss: 0.0148
1341 Epoch [61/70], Iteration [15/21], Loss: 0.0071
1342 Epoch [61/70], Iteration [16/21], Loss: 0.0041
1343 Epoch [61/70], Iteration [17/21], Loss: 0.0158
1344 Epoch [61/70], Iteration [18/21], Loss: 0.0034
1345 Epoch [61/70], Iteration [19/21], Loss: 0.0189
1346 Epoch [61/70], Iteration [20/21], Loss: 0.0295
1347 Epoch [61/70], Iteration [21/21], Loss: 1.3266
1348 Accuracy: 0.96
1349 Epoch [62/70], Iteration [1/21], Loss: 0.0216
1350 Epoch [62/70], Iteration [2/21], Loss: 0.0046
1351 Epoch [62/70], Iteration [3/21], Loss: 0.0443
1352 Epoch [62/70], Iteration [4/21], Loss: 0.1070
1353 Epoch [62/70], Iteration [5/21], Loss: 0.2530
1354 Epoch [62/70], Iteration [6/21], Loss: 0.0936
1355 Epoch [62/70], Iteration [7/21], Loss: 0.0856
1356 Epoch [62/70], Iteration [8/21], Loss: 0.0233
1357 Epoch [62/70], Iteration [9/21], Loss: 0.1202
1358 Epoch [62/70], Iteration [10/21], Loss: 0.0072
1359 Epoch [62/70], Iteration [11/21], Loss: 0.0934
1360 Epoch [62/70], Iteration [12/21], Loss: 0.0179
1361 Epoch [62/70], Iteration [13/21], Loss: 0.2110
1362 Epoch [62/70], Iteration [14/21], Loss: 0.0451
1363 Epoch [62/70], Iteration [15/21], Loss: 0.0154
1364 Epoch [62/70], Iteration [16/21], Loss: 0.0862
1365 Epoch [62/70], Iteration [17/21], Loss: 0.0697
1366 Epoch [62/70], Iteration [18/21], Loss: 0.0169
1367 Epoch [62/70], Iteration [19/21], Loss: 0.0918
1368 Epoch [62/70], Iteration [20/21], Loss: 0.0137
1369 Epoch [62/70], Iteration [21/21], Loss: 0.0030
1370 Accuracy: 0.94
1371 Epoch [63/70], Iteration [1/21], Loss: 0.0047
1372 Epoch [63/70], Iteration [2/21], Loss: 0.0229
1373 Epoch [63/70], Iteration [3/21], Loss: 0.0695
1374 Epoch [63/70], Iteration [4/21], Loss: 0.0807
1375 Epoch [63/70], Iteration [5/21], Loss: 0.0036
1376 Epoch [63/70], Iteration [6/21], Loss: 0.0358
1377 Epoch [63/70], Iteration [7/21], Loss: 0.0115
1378 Epoch [63/70], Iteration [8/21], Loss: 0.1792
1379 Epoch [63/70], Iteration [9/21], Loss: 0.0414
1380 Epoch [63/70], Iteration [10/21], Loss: 0.1057
1381 Epoch [63/70], Iteration [11/21], Loss: 0.1683
1382 Epoch [63/70], Iteration [12/21], Loss: 0.0376
1383 Epoch [63/70], Iteration [13/21], Loss: 0.0316
1384 Epoch [63/70], Iteration [14/21], Loss: 0.0169
1385 Epoch [63/70], Iteration [15/21], Loss: 0.0184
1386 Epoch [63/70], Iteration [16/21], Loss: 0.0182
1387 Epoch [63/70], Iteration [17/21], Loss: 0.0141
1388 Epoch [63/70], Iteration [18/21], Loss: 0.0142
1389 Epoch [63/70], Iteration [19/21], Loss: 0.0251
1390 Epoch [63/70], Iteration [20/21], Loss: 0.0119
1391 Epoch [63/70], Iteration [21/21], Loss: 4.0427
1392 Accuracy: 0.95
1393 Epoch [64/70], Iteration [1/21], Loss: 0.0062
1394 Epoch [64/70], Iteration [2/21], Loss: 0.0070
1395 Epoch [64/70], Iteration [3/21], Loss: 0.0178
1396 Epoch [64/70], Iteration [4/21], Loss: 0.0260
1397 Epoch [64/70], Iteration [5/21], Loss: 0.0300
1398 Epoch [64/70], Iteration [6/21], Loss: 0.0567
1399 Epoch [64/70], Iteration [7/21], Loss: 0.0635
1400 Epoch [64/70], Iteration [8/21], Loss: 0.0496
1401 Epoch [64/70], Iteration [9/21], Loss: 0.1284
1402 Epoch [64/70], Iteration [10/21], Loss: 0.1148
1403 Epoch [64/70], Iteration [11/21], Loss: 0.1486
1404 Epoch [64/70], Iteration [12/21], Loss: 0.1072
1405 Epoch [64/70], Iteration [13/21], Loss: 0.2433
1406 Epoch [64/70], Iteration [14/21], Loss: 0.0786
1407 Epoch [64/70], Iteration [15/21], Loss: 0.0729
1408 Epoch [64/70], Iteration [16/21], Loss: 0.0820
1409 Epoch [64/70], Iteration [17/21], Loss: 0.0838
1410 Epoch [64/70], Iteration [18/21], Loss: 0.1090
1411 Epoch [64/70], Iteration [19/21], Loss: 0.1149
1412 Epoch [64/70], Iteration [20/21], Loss: 0.1435
1413 Epoch [64/70], Iteration [21/21], Loss: 1.9817
1414 Accuracy: 0.95
1415 Epoch [65/70], Iteration [1/21], Loss: 0.1108
1416 Epoch [65/70], Iteration [2/21], Loss: 0.0608
1417 Epoch [65/70], Iteration [3/21], Loss: 0.0968
1418 Epoch [65/70], Iteration [4/21], Loss: 0.1263
1419 Epoch [65/70], Iteration [5/21], Loss: 0.0870
1420 Epoch [65/70], Iteration [6/21], Loss: 0.1511
1421 Epoch [65/70], Iteration [7/21], Loss: 0.1804
1422 Epoch [65/70], Iteration [8/21], Loss: 0.1260
1423 Epoch [65/70], Iteration [9/21], Loss: 0.1427
1424 Epoch [65/70], Iteration [10/21], Loss: 0.1837
1425 Epoch [65/70], Iteration [11/21], Loss: 0.0803
1426 Epoch [65/70], Iteration [12/21], Loss: 0.0428
1427 Epoch [65/70], Iteration [13/21], Loss: 0.0880
1428 Epoch [65/70], Iteration [14/21], Loss: 0.0716
1429 Epoch [65/70], Iteration [15/21], Loss: 0.1264
1430 Epoch [65/70], Iteration [16/21], Loss: 0.0517
1431 Epoch [65/70], Iteration [17/21], Loss: 0.1071
1432 Epoch [65/70], Iteration [18/21], Loss: 0.1285
1433 Epoch [65/70], Iteration [19/21], Loss: 0.0590
1434 Epoch [65/70], Iteration [20/21], Loss: 0.1868
1435 Epoch [65/70], Iteration [21/21], Loss: 0.0617
1436 Accuracy: 0.96
1437 Epoch [66/70], Iteration [1/21], Loss: 0.0465
1438 Epoch [66/70], Iteration [2/21], Loss: 0.0710
1439 Epoch [66/70], Iteration [3/21], Loss: 0.0259
1440 Epoch [66/70], Iteration [4/21], Loss: 0.0177
1441 Epoch [66/70], Iteration [5/21], Loss: 0.0778
1442 Epoch [66/70], Iteration [6/21], Loss: 0.0288
1443 Epoch [66/70], Iteration [7/21], Loss: 0.0154
1444 Epoch [66/70], Iteration [8/21], Loss: 0.0146
1445 Epoch [66/70], Iteration [9/21], Loss: 0.1807
1446 Epoch [66/70], Iteration [10/21], Loss: 0.0268
1447 Epoch [66/70], Iteration [11/21], Loss: 0.0473
1448 Epoch [66/70], Iteration [12/21], Loss: 0.0140
1449 Epoch [66/70], Iteration [13/21], Loss: 0.1888
1450 Epoch [66/70], Iteration [14/21], Loss: 0.0199
1451 Epoch [66/70], Iteration [15/21], Loss: 0.0761
1452 Epoch [66/70], Iteration [16/21], Loss: 0.0215
1453 Epoch [66/70], Iteration [17/21], Loss: 0.0205
1454 Epoch [66/70], Iteration [18/21], Loss: 0.0438
1455 Epoch [66/70], Iteration [19/21], Loss: 0.0234
1456 Epoch [66/70], Iteration [20/21], Loss: 0.0519
1457 Epoch [66/70], Iteration [21/21], Loss: 1.2106
1458 Accuracy: 0.94
1459 Epoch [67/70], Iteration [1/21], Loss: 0.0207
1460 Epoch [67/70], Iteration [2/21], Loss: 0.1587
1461 Epoch [67/70], Iteration [3/21], Loss: 0.3220
1462 Epoch [67/70], Iteration [4/21], Loss: 0.1888
1463 Epoch [67/70], Iteration [5/21], Loss: 0.1378
1464 Epoch [67/70], Iteration [6/21], Loss: 0.0469
1465 Epoch [67/70], Iteration [7/21], Loss: 0.1082
1466 Epoch [67/70], Iteration [8/21], Loss: 0.0630
1467 Epoch [67/70], Iteration [9/21], Loss: 0.1342
1468 Epoch [67/70], Iteration [10/21], Loss: 0.0400
1469 Epoch [67/70], Iteration [11/21], Loss: 0.0542
1470 Epoch [67/70], Iteration [12/21], Loss: 0.0588
1471 Epoch [67/70], Iteration [13/21], Loss: 0.1474
1472 Epoch [67/70], Iteration [14/21], Loss: 0.0608
1473 Epoch [67/70], Iteration [15/21], Loss: 0.0496
1474 Epoch [67/70], Iteration [16/21], Loss: 0.0809
1475 Epoch [67/70], Iteration [17/21], Loss: 0.0542
1476 Epoch [67/70], Iteration [18/21], Loss: 0.1275
1477 Epoch [67/70], Iteration [19/21], Loss: 0.1082
1478 Epoch [67/70], Iteration [20/21], Loss: 0.0699
1479 Epoch [67/70], Iteration [21/21], Loss: 0.5601
1480 Accuracy: 0.94
1481 Epoch [68/70], Iteration [1/21], Loss: 0.0460
1482 Epoch [68/70], Iteration [2/21], Loss: 0.0190
1483 Epoch [68/70], Iteration [3/21], Loss: 0.0090
1484 Epoch [68/70], Iteration [4/21], Loss: 0.0930
1485 Epoch [68/70], Iteration [5/21], Loss: 0.0172
1486 Epoch [68/70], Iteration [6/21], Loss: 0.0050
1487 Epoch [68/70], Iteration [7/21], Loss: 0.0875
1488 Epoch [68/70], Iteration [8/21], Loss: 0.0228
1489 Epoch [68/70], Iteration [9/21], Loss: 0.0454
1490 Epoch [68/70], Iteration [10/21], Loss: 0.0710
1491 Epoch [68/70], Iteration [11/21], Loss: 0.1172
1492 Epoch [68/70], Iteration [12/21], Loss: 0.0249
1493 Epoch [68/70], Iteration [13/21], Loss: 0.1553
1494 Epoch [68/70], Iteration [14/21], Loss: 0.0621
1495 Epoch [68/70], Iteration [15/21], Loss: 0.0390
1496 Epoch [68/70], Iteration [16/21], Loss: 0.0328
1497 Epoch [68/70], Iteration [17/21], Loss: 0.0633
1498 Epoch [68/70], Iteration [18/21], Loss: 0.0472
1499 Epoch [68/70], Iteration [19/21], Loss: 0.0587
1500 Epoch [68/70], Iteration [20/21], Loss: 0.0946
1501 Epoch [68/70], Iteration [21/21], Loss: 0.6258
1502 Accuracy: 0.92
1503 Epoch [69/70], Iteration [1/21], Loss: 0.0326
1504 Epoch [69/70], Iteration [2/21], Loss: 0.0322
1505 Epoch [69/70], Iteration [3/21], Loss: 0.0698
1506 Epoch [69/70], Iteration [4/21], Loss: 0.0314
1507 Epoch [69/70], Iteration [5/21], Loss: 0.1014
1508 Epoch [69/70], Iteration [6/21], Loss: 0.0523
1509 Epoch [69/70], Iteration [7/21], Loss: 0.1946
1510 Epoch [69/70], Iteration [8/21], Loss: 0.0417
1511 Epoch [69/70], Iteration [9/21], Loss: 0.0773
1512 Epoch [69/70], Iteration [10/21], Loss: 0.0608
1513 Epoch [69/70], Iteration [11/21], Loss: 0.0423
1514 Epoch [69/70], Iteration [12/21], Loss: 0.1883
1515 Epoch [69/70], Iteration [13/21], Loss: 0.0326
1516 Epoch [69/70], Iteration [14/21], Loss: 0.0410
1517 Epoch [69/70], Iteration [15/21], Loss: 0.0822
1518 Epoch [69/70], Iteration [16/21], Loss: 0.0151
1519 Epoch [69/70], Iteration [17/21], Loss: 0.0523
1520 Epoch [69/70], Iteration [18/21], Loss: 0.0158
1521 Epoch [69/70], Iteration [19/21], Loss: 0.1059
1522 Epoch [69/70], Iteration [20/21], Loss: 0.0646
1523 Epoch [69/70], Iteration [21/21], Loss: 2.4293
1524 Accuracy: 0.95
1525 Epoch [70/70], Iteration [1/21], Loss: 0.0255
1526 Epoch [70/70], Iteration [2/21], Loss: 0.0383
1527 Epoch [70/70], Iteration [3/21], Loss: 0.0191
1528 Epoch [70/70], Iteration [4/21], Loss: 0.0974
1529 Epoch [70/70], Iteration [5/21], Loss: 0.1423
1530 Epoch [70/70], Iteration [6/21], Loss: 0.0517
1531 Epoch [70/70], Iteration [7/21], Loss: 0.0734
1532 Epoch [70/70], Iteration [8/21], Loss: 0.1938
1533 Epoch [70/70], Iteration [9/21], Loss: 0.1506
1534 Epoch [70/70], Iteration [10/21], Loss: 0.1068
1535 Epoch [70/70], Iteration [11/21], Loss: 0.0991
1536 Epoch [70/70], Iteration [12/21], Loss: 0.0883
1537 Epoch [70/70], Iteration [13/21], Loss: 0.1309
1538 Epoch [70/70], Iteration [14/21], Loss: 0.1091
1539 Epoch [70/70], Iteration [15/21], Loss: 0.0991
1540 Epoch [70/70], Iteration [16/21], Loss: 0.0895
1541 Epoch [70/70], Iteration [17/21], Loss: 0.1119
1542 Epoch [70/70], Iteration [18/21], Loss: 0.0459
1543 Epoch [70/70], Iteration [19/21], Loss: 0.0873
1544 Epoch [70/70], Iteration [20/21], Loss: 0.0176
1545 Epoch [70/70], Iteration [21/21], Loss: 0.7896
1546 Accuracy: 0.88
1547 Training complete
1548 [SwanLab-INFO]:        The current experiment ResNet50_2024-01-18_14-17-44 has been completed, SwanLab will close it automatically
