1 [SwanLab-WARNING]:     An error occurred: 
2 [SwanLab-WARNING]:     Error getting branch name: fatal: not a git repository (or any parent up to mount point /root)
Stopping at filesystem boundary (GIT_DISCOVERY_ACROSS_FILESYSTEM not set).

3 [SwanLab-INFO]:        Experiment ResNet50_2024-01-22_20-58-34 has been registered.
4 [SwanLab-INFO]:        Run data will be saved locally in /root/onethingai-tmp/tongue_classification/swanlog/ResNet50_2024-01-22_20-58-34
5 [SwanLab-INFO]:        Experiment_name: ResNet50_2024-01-22_20-58-34
6 [SwanLab-INFO]:        Run `swanlab watch` to view SwanLab Experiment Dashboard
7 Epoch [1/70], Iteration [1/21], Loss: 0.6765
8 Epoch [1/70], Iteration [2/21], Loss: 0.5639
9 Epoch [1/70], Iteration [3/21], Loss: 0.6479
10 Epoch [1/70], Iteration [4/21], Loss: 0.5032
11 Epoch [1/70], Iteration [5/21], Loss: 0.4973
12 Epoch [1/70], Iteration [6/21], Loss: 0.4931
13 Epoch [1/70], Iteration [7/21], Loss: 0.5379
14 Epoch [1/70], Iteration [8/21], Loss: 0.3480
15 Epoch [1/70], Iteration [9/21], Loss: 0.4274
16 Epoch [1/70], Iteration [10/21], Loss: 0.2611
17 Epoch [1/70], Iteration [11/21], Loss: 0.3850
18 Epoch [1/70], Iteration [12/21], Loss: 0.5303
19 Epoch [1/70], Iteration [13/21], Loss: 0.1881
20 Epoch [1/70], Iteration [14/21], Loss: 0.3787
21 Epoch [1/70], Iteration [15/21], Loss: 0.3272
22 Epoch [1/70], Iteration [16/21], Loss: 0.4613
23 Epoch [1/70], Iteration [17/21], Loss: 0.2650
24 Epoch [1/70], Iteration [18/21], Loss: 0.3081
25 Epoch [1/70], Iteration [19/21], Loss: 0.1902
26 Epoch [1/70], Iteration [20/21], Loss: 0.2778
27 Epoch [1/70], Iteration [21/21], Loss: 0.2527
28 Accuracy: 0.50
29 Epoch [2/70], Iteration [1/21], Loss: 0.1994
30 Epoch [2/70], Iteration [2/21], Loss: 0.3703
31 Epoch [2/70], Iteration [3/21], Loss: 0.3014
32 Epoch [2/70], Iteration [4/21], Loss: 0.3606
33 Epoch [2/70], Iteration [5/21], Loss: 0.3652
34 Epoch [2/70], Iteration [6/21], Loss: 0.2601
35 Epoch [2/70], Iteration [7/21], Loss: 0.2809
36 Epoch [2/70], Iteration [8/21], Loss: 0.3193
37 Epoch [2/70], Iteration [9/21], Loss: 0.1657
38 Epoch [2/70], Iteration [10/21], Loss: 0.1957
39 Epoch [2/70], Iteration [11/21], Loss: 0.1789
40 Epoch [2/70], Iteration [12/21], Loss: 0.1550
41 Epoch [2/70], Iteration [13/21], Loss: 0.2291
42 Epoch [2/70], Iteration [14/21], Loss: 0.3399
43 Epoch [2/70], Iteration [15/21], Loss: 0.2037
44 Epoch [2/70], Iteration [16/21], Loss: 0.1164
45 Epoch [2/70], Iteration [17/21], Loss: 0.0930
46 Epoch [2/70], Iteration [18/21], Loss: 0.2156
47 Epoch [2/70], Iteration [19/21], Loss: 0.0918
48 Epoch [2/70], Iteration [20/21], Loss: 0.1865
49 Epoch [2/70], Iteration [21/21], Loss: 0.3792
50 Accuracy: 0.50
51 Epoch [3/70], Iteration [1/21], Loss: 0.1082
52 Epoch [3/70], Iteration [2/21], Loss: 0.1598
53 Epoch [3/70], Iteration [3/21], Loss: 0.2587
54 Epoch [3/70], Iteration [4/21], Loss: 0.2307
55 Epoch [3/70], Iteration [5/21], Loss: 0.1104
56 Epoch [3/70], Iteration [6/21], Loss: 0.1946
57 Epoch [3/70], Iteration [7/21], Loss: 0.2318
58 Epoch [3/70], Iteration [8/21], Loss: 0.2632
59 Epoch [3/70], Iteration [9/21], Loss: 0.2115
60 Epoch [3/70], Iteration [10/21], Loss: 0.2288
61 Epoch [3/70], Iteration [11/21], Loss: 0.1795
62 Epoch [3/70], Iteration [12/21], Loss: 0.1404
63 Epoch [3/70], Iteration [13/21], Loss: 0.2776
64 Epoch [3/70], Iteration [14/21], Loss: 0.1295
65 Epoch [3/70], Iteration [15/21], Loss: 0.0275
66 Epoch [3/70], Iteration [16/21], Loss: 0.1681
67 Epoch [3/70], Iteration [17/21], Loss: 0.2084
68 Epoch [3/70], Iteration [18/21], Loss: 0.2217
69 Epoch [3/70], Iteration [19/21], Loss: 0.2086
70 Epoch [3/70], Iteration [20/21], Loss: 0.1131
71 Epoch [3/70], Iteration [21/21], Loss: 0.9030
72 Accuracy: 0.50
73 Epoch [4/70], Iteration [1/21], Loss: 0.1009
74 Epoch [4/70], Iteration [2/21], Loss: 0.1399
75 Epoch [4/70], Iteration [3/21], Loss: 0.3102
76 Epoch [4/70], Iteration [4/21], Loss: 0.1820
77 Epoch [4/70], Iteration [5/21], Loss: 0.1304
78 Epoch [4/70], Iteration [6/21], Loss: 0.1777
79 Epoch [4/70], Iteration [7/21], Loss: 0.2121
80 Epoch [4/70], Iteration [8/21], Loss: 0.2065
81 Epoch [4/70], Iteration [9/21], Loss: 0.1154
82 Epoch [4/70], Iteration [10/21], Loss: 0.1654
83 Epoch [4/70], Iteration [11/21], Loss: 0.1597
84 Epoch [4/70], Iteration [12/21], Loss: 0.2978
85 Epoch [4/70], Iteration [13/21], Loss: 0.1156
86 Epoch [4/70], Iteration [14/21], Loss: 0.1198
87 Epoch [4/70], Iteration [15/21], Loss: 0.1322
88 Epoch [4/70], Iteration [16/21], Loss: 0.1764
89 Epoch [4/70], Iteration [17/21], Loss: 0.2929
90 Epoch [4/70], Iteration [18/21], Loss: 0.2723
91 Epoch [4/70], Iteration [19/21], Loss: 0.0964
92 Epoch [4/70], Iteration [20/21], Loss: 0.1971
93 Epoch [4/70], Iteration [21/21], Loss: 1.2705
94 Accuracy: 0.90
95 Epoch [5/70], Iteration [1/21], Loss: 0.1706
96 Epoch [5/70], Iteration [2/21], Loss: 0.1133
97 Epoch [5/70], Iteration [3/21], Loss: 0.1225
98 Epoch [5/70], Iteration [4/21], Loss: 0.0872
99 Epoch [5/70], Iteration [5/21], Loss: 0.1369
100 Epoch [5/70], Iteration [6/21], Loss: 0.3129
101 Epoch [5/70], Iteration [7/21], Loss: 0.2529
102 Epoch [5/70], Iteration [8/21], Loss: 0.1390
103 Epoch [5/70], Iteration [9/21], Loss: 0.2563
104 Epoch [5/70], Iteration [10/21], Loss: 0.1148
105 Epoch [5/70], Iteration [11/21], Loss: 0.0928
106 Epoch [5/70], Iteration [12/21], Loss: 0.2147
107 Epoch [5/70], Iteration [13/21], Loss: 0.1457
108 Epoch [5/70], Iteration [14/21], Loss: 0.2119
109 Epoch [5/70], Iteration [15/21], Loss: 0.2210
110 Epoch [5/70], Iteration [16/21], Loss: 0.1555
111 Epoch [5/70], Iteration [17/21], Loss: 0.0954
112 Epoch [5/70], Iteration [18/21], Loss: 0.1467
113 Epoch [5/70], Iteration [19/21], Loss: 0.1133
114 Epoch [5/70], Iteration [20/21], Loss: 0.1065
115 Epoch [5/70], Iteration [21/21], Loss: 0.0130
116 Accuracy: 0.93
117 Epoch [6/70], Iteration [1/21], Loss: 0.0641
118 Epoch [6/70], Iteration [2/21], Loss: 0.1095
119 Epoch [6/70], Iteration [3/21], Loss: 0.1572
120 Epoch [6/70], Iteration [4/21], Loss: 0.0869
121 Epoch [6/70], Iteration [5/21], Loss: 0.0573
122 Epoch [6/70], Iteration [6/21], Loss: 0.0688
123 Epoch [6/70], Iteration [7/21], Loss: 0.1100
124 Epoch [6/70], Iteration [8/21], Loss: 0.1886
125 Epoch [6/70], Iteration [9/21], Loss: 0.1168
126 Epoch [6/70], Iteration [10/21], Loss: 0.0691
127 Epoch [6/70], Iteration [11/21], Loss: 0.1883
128 Epoch [6/70], Iteration [12/21], Loss: 0.2560
129 Epoch [6/70], Iteration [13/21], Loss: 0.0544
130 Epoch [6/70], Iteration [14/21], Loss: 0.0819
131 Epoch [6/70], Iteration [15/21], Loss: 0.1021
132 Epoch [6/70], Iteration [16/21], Loss: 0.2196
133 Epoch [6/70], Iteration [17/21], Loss: 0.1617
134 Epoch [6/70], Iteration [18/21], Loss: 0.0570
135 Epoch [6/70], Iteration [19/21], Loss: 0.0760
136 Epoch [6/70], Iteration [20/21], Loss: 0.1616
137 Epoch [6/70], Iteration [21/21], Loss: 2.0031
138 Accuracy: 0.85
139 Epoch [7/70], Iteration [1/21], Loss: 0.0783
140 Epoch [7/70], Iteration [2/21], Loss: 0.1744
141 Epoch [7/70], Iteration [3/21], Loss: 0.1280
142 Epoch [7/70], Iteration [4/21], Loss: 0.1540
143 Epoch [7/70], Iteration [5/21], Loss: 0.1613
144 Epoch [7/70], Iteration [6/21], Loss: 0.1420
145 Epoch [7/70], Iteration [7/21], Loss: 0.0934
146 Epoch [7/70], Iteration [8/21], Loss: 0.2152
147 Epoch [7/70], Iteration [9/21], Loss: 0.1325
148 Epoch [7/70], Iteration [10/21], Loss: 0.1784
149 Epoch [7/70], Iteration [11/21], Loss: 0.1771
150 Epoch [7/70], Iteration [12/21], Loss: 0.0776
151 Epoch [7/70], Iteration [13/21], Loss: 0.1374
152 Epoch [7/70], Iteration [14/21], Loss: 0.0917
153 Epoch [7/70], Iteration [15/21], Loss: 0.0898
154 Epoch [7/70], Iteration [16/21], Loss: 0.1254
155 Epoch [7/70], Iteration [17/21], Loss: 0.1974
156 Epoch [7/70], Iteration [18/21], Loss: 0.2176
157 Epoch [7/70], Iteration [19/21], Loss: 0.1092
158 Epoch [7/70], Iteration [20/21], Loss: 0.1611
159 Epoch [7/70], Iteration [21/21], Loss: 1.6430
160 Accuracy: 0.92
161 Epoch [8/70], Iteration [1/21], Loss: 0.0470
162 Epoch [8/70], Iteration [2/21], Loss: 0.1043
163 Epoch [8/70], Iteration [3/21], Loss: 0.1788
164 Epoch [8/70], Iteration [4/21], Loss: 0.1882
165 Epoch [8/70], Iteration [5/21], Loss: 0.1790
166 Epoch [8/70], Iteration [6/21], Loss: 0.1866
167 Epoch [8/70], Iteration [7/21], Loss: 0.1878
168 Epoch [8/70], Iteration [8/21], Loss: 0.1917
169 Epoch [8/70], Iteration [9/21], Loss: 0.1839
170 Epoch [8/70], Iteration [10/21], Loss: 0.0973
171 Epoch [8/70], Iteration [11/21], Loss: 0.2553
172 Epoch [8/70], Iteration [12/21], Loss: 0.1622
173 Epoch [8/70], Iteration [13/21], Loss: 0.1067
174 Epoch [8/70], Iteration [14/21], Loss: 0.2431
175 Epoch [8/70], Iteration [15/21], Loss: 0.1304
176 Epoch [8/70], Iteration [16/21], Loss: 0.0994
177 Epoch [8/70], Iteration [17/21], Loss: 0.1438
178 Epoch [8/70], Iteration [18/21], Loss: 0.1109
179 Epoch [8/70], Iteration [19/21], Loss: 0.1591
180 Epoch [8/70], Iteration [20/21], Loss: 0.2262
181 Epoch [8/70], Iteration [21/21], Loss: 0.8469
182 Accuracy: 0.81
183 Epoch [9/70], Iteration [1/21], Loss: 0.0419
184 Epoch [9/70], Iteration [2/21], Loss: 0.0918
185 Epoch [9/70], Iteration [3/21], Loss: 0.1547
186 Epoch [9/70], Iteration [4/21], Loss: 0.1477
187 Epoch [9/70], Iteration [5/21], Loss: 0.2597
188 Epoch [9/70], Iteration [6/21], Loss: 0.0985
189 Epoch [9/70], Iteration [7/21], Loss: 0.1685
190 Epoch [9/70], Iteration [8/21], Loss: 0.1891
191 Epoch [9/70], Iteration [9/21], Loss: 0.1929
192 Epoch [9/70], Iteration [10/21], Loss: 0.1226
193 Epoch [9/70], Iteration [11/21], Loss: 0.1439
194 Epoch [9/70], Iteration [12/21], Loss: 0.1639
195 Epoch [9/70], Iteration [13/21], Loss: 0.2058
196 Epoch [9/70], Iteration [14/21], Loss: 0.0978
197 Epoch [9/70], Iteration [15/21], Loss: 0.1950
198 Epoch [9/70], Iteration [16/21], Loss: 0.1307
199 Epoch [9/70], Iteration [17/21], Loss: 0.1378
200 Epoch [9/70], Iteration [18/21], Loss: 0.2472
201 Epoch [9/70], Iteration [19/21], Loss: 0.1285
202 Epoch [9/70], Iteration [20/21], Loss: 0.0621
203 Epoch [9/70], Iteration [21/21], Loss: 0.5865
204 Accuracy: 0.76
205 Epoch [10/70], Iteration [1/21], Loss: 0.1146
206 Epoch [10/70], Iteration [2/21], Loss: 0.1331
207 Epoch [10/70], Iteration [3/21], Loss: 0.2018
208 Epoch [10/70], Iteration [4/21], Loss: 0.2258
209 Epoch [10/70], Iteration [5/21], Loss: 0.1093
210 Epoch [10/70], Iteration [6/21], Loss: 0.0628
211 Epoch [10/70], Iteration [7/21], Loss: 0.0937
212 Epoch [10/70], Iteration [8/21], Loss: 0.1535
213 Epoch [10/70], Iteration [9/21], Loss: 0.0881
214 Epoch [10/70], Iteration [10/21], Loss: 0.1939
215 Epoch [10/70], Iteration [11/21], Loss: 0.1178
216 Epoch [10/70], Iteration [12/21], Loss: 0.1281
217 Epoch [10/70], Iteration [13/21], Loss: 0.2343
218 Epoch [10/70], Iteration [14/21], Loss: 0.1053
219 Epoch [10/70], Iteration [15/21], Loss: 0.0476
220 Epoch [10/70], Iteration [16/21], Loss: 0.1248
221 Epoch [10/70], Iteration [17/21], Loss: 0.1214
222 Epoch [10/70], Iteration [18/21], Loss: 0.1086
223 Epoch [10/70], Iteration [19/21], Loss: 0.1593
224 Epoch [10/70], Iteration [20/21], Loss: 0.2298
225 Epoch [10/70], Iteration [21/21], Loss: 0.7543
226 Accuracy: 0.87
227 Epoch [11/70], Iteration [1/21], Loss: 0.1204
228 Epoch [11/70], Iteration [2/21], Loss: 0.1763
229 Epoch [11/70], Iteration [3/21], Loss: 0.1764
230 Epoch [11/70], Iteration [4/21], Loss: 0.2409
231 Epoch [11/70], Iteration [5/21], Loss: 0.1003
232 Epoch [11/70], Iteration [6/21], Loss: 0.2398
233 Epoch [11/70], Iteration [7/21], Loss: 0.2639
234 Epoch [11/70], Iteration [8/21], Loss: 0.0681
235 Epoch [11/70], Iteration [9/21], Loss: 0.1942
236 Epoch [11/70], Iteration [10/21], Loss: 0.2230
237 Epoch [11/70], Iteration [11/21], Loss: 0.1715
238 Epoch [11/70], Iteration [12/21], Loss: 0.3298
239 Epoch [11/70], Iteration [13/21], Loss: 0.2531
240 Epoch [11/70], Iteration [14/21], Loss: 0.2250
241 Epoch [11/70], Iteration [15/21], Loss: 0.0789
242 Epoch [11/70], Iteration [16/21], Loss: 0.2825
243 Epoch [11/70], Iteration [17/21], Loss: 0.1664
244 Epoch [11/70], Iteration [18/21], Loss: 0.0841
245 Epoch [11/70], Iteration [19/21], Loss: 0.1445
246 Epoch [11/70], Iteration [20/21], Loss: 0.0697
247 Epoch [11/70], Iteration [21/21], Loss: 0.4342
248 Accuracy: 0.89
249 Epoch [12/70], Iteration [1/21], Loss: 0.1146
250 Epoch [12/70], Iteration [2/21], Loss: 0.2192
251 Epoch [12/70], Iteration [3/21], Loss: 0.0785
252 Epoch [12/70], Iteration [4/21], Loss: 0.1380
253 Epoch [12/70], Iteration [5/21], Loss: 0.1103
254 Epoch [12/70], Iteration [6/21], Loss: 0.1854
255 Epoch [12/70], Iteration [7/21], Loss: 0.0724
256 Epoch [12/70], Iteration [8/21], Loss: 0.1359
257 Epoch [12/70], Iteration [9/21], Loss: 0.1583
258 Epoch [12/70], Iteration [10/21], Loss: 0.0853
259 Epoch [12/70], Iteration [11/21], Loss: 0.1361
260 Epoch [12/70], Iteration [12/21], Loss: 0.0474
261 Epoch [12/70], Iteration [13/21], Loss: 0.1076
262 Epoch [12/70], Iteration [14/21], Loss: 0.2098
263 Epoch [12/70], Iteration [15/21], Loss: 0.0950
264 Epoch [12/70], Iteration [16/21], Loss: 0.0925
265 Epoch [12/70], Iteration [17/21], Loss: 0.1294
266 Epoch [12/70], Iteration [18/21], Loss: 0.0793
267 Epoch [12/70], Iteration [19/21], Loss: 0.1521
268 Epoch [12/70], Iteration [20/21], Loss: 0.1928
269 Epoch [12/70], Iteration [21/21], Loss: 0.4578
270 Accuracy: 0.56
271 Epoch [13/70], Iteration [1/21], Loss: 0.0691
272 Epoch [13/70], Iteration [2/21], Loss: 0.1343
273 Epoch [13/70], Iteration [3/21], Loss: 0.2790
274 Epoch [13/70], Iteration [4/21], Loss: 0.3487
275 Epoch [13/70], Iteration [5/21], Loss: 0.2277
276 Epoch [13/70], Iteration [6/21], Loss: 0.1417
277 Epoch [13/70], Iteration [7/21], Loss: 0.1491
278 Epoch [13/70], Iteration [8/21], Loss: 0.1750
279 Epoch [13/70], Iteration [9/21], Loss: 0.1030
280 Epoch [13/70], Iteration [10/21], Loss: 0.0858
281 Epoch [13/70], Iteration [11/21], Loss: 0.1554
282 Epoch [13/70], Iteration [12/21], Loss: 0.1436
283 Epoch [13/70], Iteration [13/21], Loss: 0.1429
284 Epoch [13/70], Iteration [14/21], Loss: 0.0941
285 Epoch [13/70], Iteration [15/21], Loss: 0.1347
286 Epoch [13/70], Iteration [16/21], Loss: 0.0341
287 Epoch [13/70], Iteration [17/21], Loss: 0.0997
288 Epoch [13/70], Iteration [18/21], Loss: 0.0391
289 Epoch [13/70], Iteration [19/21], Loss: 0.1890
290 Epoch [13/70], Iteration [20/21], Loss: 0.0325
291 Epoch [13/70], Iteration [21/21], Loss: 0.0375
292 Accuracy: 0.70
293 Epoch [14/70], Iteration [1/21], Loss: 0.1009
294 Epoch [14/70], Iteration [2/21], Loss: 0.0925
295 Epoch [14/70], Iteration [3/21], Loss: 0.0228
296 Epoch [14/70], Iteration [4/21], Loss: 0.2520
297 Epoch [14/70], Iteration [5/21], Loss: 0.0661
298 Epoch [14/70], Iteration [6/21], Loss: 0.3386
299 Epoch [14/70], Iteration [7/21], Loss: 0.1870
300 Epoch [14/70], Iteration [8/21], Loss: 0.0225
301 Epoch [14/70], Iteration [9/21], Loss: 0.0268
302 Epoch [14/70], Iteration [10/21], Loss: 0.1152
303 Epoch [14/70], Iteration [11/21], Loss: 0.0501
304 Epoch [14/70], Iteration [12/21], Loss: 0.1028
305 Epoch [14/70], Iteration [13/21], Loss: 0.0916
306 Epoch [14/70], Iteration [14/21], Loss: 0.1485
307 Epoch [14/70], Iteration [15/21], Loss: 0.1276
308 Epoch [14/70], Iteration [16/21], Loss: 0.1521
309 Epoch [14/70], Iteration [17/21], Loss: 0.0503
310 Epoch [14/70], Iteration [18/21], Loss: 0.3043
311 Epoch [14/70], Iteration [19/21], Loss: 0.0367
312 Epoch [14/70], Iteration [20/21], Loss: 0.0968
313 Epoch [14/70], Iteration [21/21], Loss: 0.0583
314 Accuracy: 0.93
315 Epoch [15/70], Iteration [1/21], Loss: 0.1010
316 Epoch [15/70], Iteration [2/21], Loss: 0.0962
317 Epoch [15/70], Iteration [3/21], Loss: 0.0186
318 Epoch [15/70], Iteration [4/21], Loss: 0.0157
319 Epoch [15/70], Iteration [5/21], Loss: 0.1278
320 Epoch [15/70], Iteration [6/21], Loss: 0.0420
321 Epoch [15/70], Iteration [7/21], Loss: 0.0496
322 Epoch [15/70], Iteration [8/21], Loss: 0.0587
323 Epoch [15/70], Iteration [9/21], Loss: 0.0208
324 Epoch [15/70], Iteration [10/21], Loss: 0.0421
325 Epoch [15/70], Iteration [11/21], Loss: 0.1440
326 Epoch [15/70], Iteration [12/21], Loss: 0.0974
327 Epoch [15/70], Iteration [13/21], Loss: 0.1136
328 Epoch [15/70], Iteration [14/21], Loss: 0.0276
329 Epoch [15/70], Iteration [15/21], Loss: 0.0430
330 Epoch [15/70], Iteration [16/21], Loss: 0.0283
331 Epoch [15/70], Iteration [17/21], Loss: 0.0877
332 Epoch [15/70], Iteration [18/21], Loss: 0.0208
333 Epoch [15/70], Iteration [19/21], Loss: 0.1629
334 Epoch [15/70], Iteration [20/21], Loss: 0.0277
335 Epoch [15/70], Iteration [21/21], Loss: 0.0177
336 Accuracy: 0.95
337 Epoch [16/70], Iteration [1/21], Loss: 0.0836
338 Epoch [16/70], Iteration [2/21], Loss: 0.0308
339 Epoch [16/70], Iteration [3/21], Loss: 0.1055
340 Epoch [16/70], Iteration [4/21], Loss: 0.0359
341 Epoch [16/70], Iteration [5/21], Loss: 0.0648
342 Epoch [16/70], Iteration [6/21], Loss: 0.0246
343 Epoch [16/70], Iteration [7/21], Loss: 0.0302
344 Epoch [16/70], Iteration [8/21], Loss: 0.0284
345 Epoch [16/70], Iteration [9/21], Loss: 0.0266
346 Epoch [16/70], Iteration [10/21], Loss: 0.0362
347 Epoch [16/70], Iteration [11/21], Loss: 0.1194
348 Epoch [16/70], Iteration [12/21], Loss: 0.0343
349 Epoch [16/70], Iteration [13/21], Loss: 0.0347
350 Epoch [16/70], Iteration [14/21], Loss: 0.0761
351 Epoch [16/70], Iteration [15/21], Loss: 0.0587
352 Epoch [16/70], Iteration [16/21], Loss: 0.0832
353 Epoch [16/70], Iteration [17/21], Loss: 0.0438
354 Epoch [16/70], Iteration [18/21], Loss: 0.0709
355 Epoch [16/70], Iteration [19/21], Loss: 0.0418
356 Epoch [16/70], Iteration [20/21], Loss: 0.0154
357 Epoch [16/70], Iteration [21/21], Loss: 0.0432
358 Accuracy: 0.96
359 Epoch [17/70], Iteration [1/21], Loss: 0.0270
360 Epoch [17/70], Iteration [2/21], Loss: 0.0619
361 Epoch [17/70], Iteration [3/21], Loss: 0.0372
362 Epoch [17/70], Iteration [4/21], Loss: 0.1583
363 Epoch [17/70], Iteration [5/21], Loss: 0.0450
364 Epoch [17/70], Iteration [6/21], Loss: 0.0300
365 Epoch [17/70], Iteration [7/21], Loss: 0.0385
366 Epoch [17/70], Iteration [8/21], Loss: 0.0122
367 Epoch [17/70], Iteration [9/21], Loss: 0.0130
368 Epoch [17/70], Iteration [10/21], Loss: 0.0261
369 Epoch [17/70], Iteration [11/21], Loss: 0.0248
370 Epoch [17/70], Iteration [12/21], Loss: 0.0869
371 Epoch [17/70], Iteration [13/21], Loss: 0.0255
372 Epoch [17/70], Iteration [14/21], Loss: 0.0317
373 Epoch [17/70], Iteration [15/21], Loss: 0.0365
374 Epoch [17/70], Iteration [16/21], Loss: 0.0550
375 Epoch [17/70], Iteration [17/21], Loss: 0.0436
376 Epoch [17/70], Iteration [18/21], Loss: 0.0541
377 Epoch [17/70], Iteration [19/21], Loss: 0.0167
378 Epoch [17/70], Iteration [20/21], Loss: 0.0264
379 Epoch [17/70], Iteration [21/21], Loss: 0.7242
380 Accuracy: 0.93
381 Epoch [18/70], Iteration [1/21], Loss: 0.0417
382 Epoch [18/70], Iteration [2/21], Loss: 0.0343
383 Epoch [18/70], Iteration [3/21], Loss: 0.0324
384 Epoch [18/70], Iteration [4/21], Loss: 0.3302
385 Epoch [18/70], Iteration [5/21], Loss: 0.0762
386 Epoch [18/70], Iteration [6/21], Loss: 0.0919
387 Epoch [18/70], Iteration [7/21], Loss: 0.1722
388 Epoch [18/70], Iteration [8/21], Loss: 0.2198
389 Epoch [18/70], Iteration [9/21], Loss: 0.0409
390 Epoch [18/70], Iteration [10/21], Loss: 0.1290
391 Epoch [18/70], Iteration [11/21], Loss: 0.0584
392 Epoch [18/70], Iteration [12/21], Loss: 0.0399
393 Epoch [18/70], Iteration [13/21], Loss: 0.1582
394 Epoch [18/70], Iteration [14/21], Loss: 0.0627
395 Epoch [18/70], Iteration [15/21], Loss: 0.0942
396 Epoch [18/70], Iteration [16/21], Loss: 0.0833
397 Epoch [18/70], Iteration [17/21], Loss: 0.1160
398 Epoch [18/70], Iteration [18/21], Loss: 0.2531
399 Epoch [18/70], Iteration [19/21], Loss: 0.0498
400 Epoch [18/70], Iteration [20/21], Loss: 0.0256
401 Epoch [18/70], Iteration [21/21], Loss: 1.2632
402 Accuracy: 0.86
403 Epoch [19/70], Iteration [1/21], Loss: 0.1013
404 Epoch [19/70], Iteration [2/21], Loss: 0.1608
405 Epoch [19/70], Iteration [3/21], Loss: 0.3499
406 Epoch [19/70], Iteration [4/21], Loss: 0.5150
407 Epoch [19/70], Iteration [5/21], Loss: 0.0453
408 Epoch [19/70], Iteration [6/21], Loss: 0.0937
409 Epoch [19/70], Iteration [7/21], Loss: 0.3650
410 Epoch [19/70], Iteration [8/21], Loss: 0.1933
411 Epoch [19/70], Iteration [9/21], Loss: 0.2522
412 Epoch [19/70], Iteration [10/21], Loss: 0.1380
413 Epoch [19/70], Iteration [11/21], Loss: 0.0894
414 Epoch [19/70], Iteration [12/21], Loss: 0.0251
415 Epoch [19/70], Iteration [13/21], Loss: 0.1206
416 Epoch [19/70], Iteration [14/21], Loss: 0.0603
417 Epoch [19/70], Iteration [15/21], Loss: 0.1661
418 Epoch [19/70], Iteration [16/21], Loss: 0.0757
419 Epoch [19/70], Iteration [17/21], Loss: 0.0974
420 Epoch [19/70], Iteration [18/21], Loss: 0.1577
421 Epoch [19/70], Iteration [19/21], Loss: 0.0785
422 Epoch [19/70], Iteration [20/21], Loss: 0.1460
423 Epoch [19/70], Iteration [21/21], Loss: 0.0026
424 Accuracy: 0.80
425 Epoch [20/70], Iteration [1/21], Loss: 0.0623
426 Epoch [20/70], Iteration [2/21], Loss: 0.1019
427 Epoch [20/70], Iteration [3/21], Loss: 0.0393
428 Epoch [20/70], Iteration [4/21], Loss: 0.1250
429 Epoch [20/70], Iteration [5/21], Loss: 0.0611
430 Epoch [20/70], Iteration [6/21], Loss: 0.0215
431 Epoch [20/70], Iteration [7/21], Loss: 0.0442
432 Epoch [20/70], Iteration [8/21], Loss: 0.0571
433 Epoch [20/70], Iteration [9/21], Loss: 0.0356
434 Epoch [20/70], Iteration [10/21], Loss: 0.0568
435 Epoch [20/70], Iteration [11/21], Loss: 0.0964
436 Epoch [20/70], Iteration [12/21], Loss: 0.0847
437 Epoch [20/70], Iteration [13/21], Loss: 0.0949
438 Epoch [20/70], Iteration [14/21], Loss: 0.1093
439 Epoch [20/70], Iteration [15/21], Loss: 0.0634
440 Epoch [20/70], Iteration [16/21], Loss: 0.0852
441 Epoch [20/70], Iteration [17/21], Loss: 0.1418
442 Epoch [20/70], Iteration [18/21], Loss: 0.0690
443 Epoch [20/70], Iteration [19/21], Loss: 0.0333
444 Epoch [20/70], Iteration [20/21], Loss: 0.0615
445 Epoch [20/70], Iteration [21/21], Loss: 0.3276
446 Accuracy: 0.96
447 Epoch [21/70], Iteration [1/21], Loss: 0.0508
448 Epoch [21/70], Iteration [2/21], Loss: 0.0158
449 Epoch [21/70], Iteration [3/21], Loss: 0.0623
450 Epoch [21/70], Iteration [4/21], Loss: 0.0628
451 Epoch [21/70], Iteration [5/21], Loss: 0.1495
452 Epoch [21/70], Iteration [6/21], Loss: 0.1293
453 Epoch [21/70], Iteration [7/21], Loss: 0.0724
454 Epoch [21/70], Iteration [8/21], Loss: 0.0692
455 Epoch [21/70], Iteration [9/21], Loss: 0.0336
456 Epoch [21/70], Iteration [10/21], Loss: 0.0248
457 Epoch [21/70], Iteration [11/21], Loss: 0.3034
458 Epoch [21/70], Iteration [12/21], Loss: 0.0143
459 Epoch [21/70], Iteration [13/21], Loss: 0.1374
460 Epoch [21/70], Iteration [14/21], Loss: 0.0934
461 Epoch [21/70], Iteration [15/21], Loss: 0.1521
462 Epoch [21/70], Iteration [16/21], Loss: 0.0310
463 Epoch [21/70], Iteration [17/21], Loss: 0.0419
464 Epoch [21/70], Iteration [18/21], Loss: 0.1189
465 Epoch [21/70], Iteration [19/21], Loss: 0.0737
466 Epoch [21/70], Iteration [20/21], Loss: 0.0212
467 Epoch [21/70], Iteration [21/21], Loss: 0.0777
468 Accuracy: 0.94
469 Epoch [22/70], Iteration [1/21], Loss: 0.0907
470 Epoch [22/70], Iteration [2/21], Loss: 0.0406
471 Epoch [22/70], Iteration [3/21], Loss: 0.0073
472 Epoch [22/70], Iteration [4/21], Loss: 0.0416
473 Epoch [22/70], Iteration [5/21], Loss: 0.0234
474 Epoch [22/70], Iteration [6/21], Loss: 0.0186
475 Epoch [22/70], Iteration [7/21], Loss: 0.1053
476 Epoch [22/70], Iteration [8/21], Loss: 0.0260
477 Epoch [22/70], Iteration [9/21], Loss: 0.0580
478 Epoch [22/70], Iteration [10/21], Loss: 0.0609
479 Epoch [22/70], Iteration [11/21], Loss: 0.0228
480 Epoch [22/70], Iteration [12/21], Loss: 0.0774
481 Epoch [22/70], Iteration [13/21], Loss: 0.0278
482 Epoch [22/70], Iteration [14/21], Loss: 0.0107
483 Epoch [22/70], Iteration [15/21], Loss: 0.1363
484 Epoch [22/70], Iteration [16/21], Loss: 0.0743
485 Epoch [22/70], Iteration [17/21], Loss: 0.0479
486 Epoch [22/70], Iteration [18/21], Loss: 0.0988
487 Epoch [22/70], Iteration [19/21], Loss: 0.0538
488 Epoch [22/70], Iteration [20/21], Loss: 0.1196
489 Epoch [22/70], Iteration [21/21], Loss: 1.5476
490 Accuracy: 0.93
491 Epoch [23/70], Iteration [1/21], Loss: 0.0350
492 Epoch [23/70], Iteration [2/21], Loss: 0.0402
493 Epoch [23/70], Iteration [3/21], Loss: 0.0384
494 Epoch [23/70], Iteration [4/21], Loss: 0.0637
495 Epoch [23/70], Iteration [5/21], Loss: 0.0596
496 Epoch [23/70], Iteration [6/21], Loss: 0.1238
497 Epoch [23/70], Iteration [7/21], Loss: 0.1698
498 Epoch [23/70], Iteration [8/21], Loss: 0.1813
499 Epoch [23/70], Iteration [9/21], Loss: 0.0543
500 Epoch [23/70], Iteration [10/21], Loss: 0.0384
501 Epoch [23/70], Iteration [11/21], Loss: 0.1723
502 Epoch [23/70], Iteration [12/21], Loss: 0.1199
503 Epoch [23/70], Iteration [13/21], Loss: 0.0945
504 Epoch [23/70], Iteration [14/21], Loss: 0.1771
505 Epoch [23/70], Iteration [15/21], Loss: 0.0805
506 Epoch [23/70], Iteration [16/21], Loss: 0.0332
507 Epoch [23/70], Iteration [17/21], Loss: 0.0782
508 Epoch [23/70], Iteration [18/21], Loss: 0.0458
509 Epoch [23/70], Iteration [19/21], Loss: 0.0689
510 Epoch [23/70], Iteration [20/21], Loss: 0.1349
511 Epoch [23/70], Iteration [21/21], Loss: 0.4933
512 Accuracy: 0.88
513 Epoch [24/70], Iteration [1/21], Loss: 0.1258
514 Epoch [24/70], Iteration [2/21], Loss: 0.1608
515 Epoch [24/70], Iteration [3/21], Loss: 0.1477
516 Epoch [24/70], Iteration [4/21], Loss: 0.2500
517 Epoch [24/70], Iteration [5/21], Loss: 0.0479
518 Epoch [24/70], Iteration [6/21], Loss: 0.0761
519 Epoch [24/70], Iteration [7/21], Loss: 0.0498
520 Epoch [24/70], Iteration [8/21], Loss: 0.1797
521 Epoch [24/70], Iteration [9/21], Loss: 0.1082
522 Epoch [24/70], Iteration [10/21], Loss: 0.1270
523 Epoch [24/70], Iteration [11/21], Loss: 0.0932
524 Epoch [24/70], Iteration [12/21], Loss: 0.0656
525 Epoch [24/70], Iteration [13/21], Loss: 0.1965
526 Epoch [24/70], Iteration [14/21], Loss: 0.0769
527 Epoch [24/70], Iteration [15/21], Loss: 0.1337
528 Epoch [24/70], Iteration [16/21], Loss: 0.0751
529 Epoch [24/70], Iteration [17/21], Loss: 0.0623
530 Epoch [24/70], Iteration [18/21], Loss: 0.0821
531 Epoch [24/70], Iteration [19/21], Loss: 0.0797
532 Epoch [24/70], Iteration [20/21], Loss: 0.0281
533 Epoch [24/70], Iteration [21/21], Loss: 0.0361
534 Accuracy: 0.92
535 Epoch [25/70], Iteration [1/21], Loss: 0.1128
536 Epoch [25/70], Iteration [2/21], Loss: 0.0325
537 Epoch [25/70], Iteration [3/21], Loss: 0.1646
538 Epoch [25/70], Iteration [4/21], Loss: 0.0218
539 Epoch [25/70], Iteration [5/21], Loss: 0.0906
540 Epoch [25/70], Iteration [6/21], Loss: 0.0589
541 Epoch [25/70], Iteration [7/21], Loss: 0.1129
542 Epoch [25/70], Iteration [8/21], Loss: 0.0204
543 Epoch [25/70], Iteration [9/21], Loss: 0.0912
544 Epoch [25/70], Iteration [10/21], Loss: 0.0596
545 Epoch [25/70], Iteration [11/21], Loss: 0.0455
546 Epoch [25/70], Iteration [12/21], Loss: 0.1197
547 Epoch [25/70], Iteration [13/21], Loss: 0.1735
548 Epoch [25/70], Iteration [14/21], Loss: 0.0434
549 Epoch [25/70], Iteration [15/21], Loss: 0.0402
550 Epoch [25/70], Iteration [16/21], Loss: 0.0210
551 Epoch [25/70], Iteration [17/21], Loss: 0.0658
552 Epoch [25/70], Iteration [18/21], Loss: 0.0663
553 Epoch [25/70], Iteration [19/21], Loss: 0.1308
554 Epoch [25/70], Iteration [20/21], Loss: 0.0656
555 Epoch [25/70], Iteration [21/21], Loss: 0.0137
556 Accuracy: 0.93
557 Epoch [26/70], Iteration [1/21], Loss: 0.0335
558 Epoch [26/70], Iteration [2/21], Loss: 0.0804
559 Epoch [26/70], Iteration [3/21], Loss: 0.0329
560 Epoch [26/70], Iteration [4/21], Loss: 0.1024
561 Epoch [26/70], Iteration [5/21], Loss: 0.0585
562 Epoch [26/70], Iteration [6/21], Loss: 0.0771
563 Epoch [26/70], Iteration [7/21], Loss: 0.0185
564 Epoch [26/70], Iteration [8/21], Loss: 0.0521
565 Epoch [26/70], Iteration [9/21], Loss: 0.1129
566 Epoch [26/70], Iteration [10/21], Loss: 0.1133
567 Epoch [26/70], Iteration [11/21], Loss: 0.0441
568 Epoch [26/70], Iteration [12/21], Loss: 0.0737
569 Epoch [26/70], Iteration [13/21], Loss: 0.0183
570 Epoch [26/70], Iteration [14/21], Loss: 0.0399
571 Epoch [26/70], Iteration [15/21], Loss: 0.0381
572 Epoch [26/70], Iteration [16/21], Loss: 0.0132
573 Epoch [26/70], Iteration [17/21], Loss: 0.0293
574 Epoch [26/70], Iteration [18/21], Loss: 0.0621
575 Epoch [26/70], Iteration [19/21], Loss: 0.0261
576 Epoch [26/70], Iteration [20/21], Loss: 0.0282
577 Epoch [26/70], Iteration [21/21], Loss: 1.0924
578 Accuracy: 0.88
579 Epoch [27/70], Iteration [1/21], Loss: 0.1033
580 Epoch [27/70], Iteration [2/21], Loss: 0.0255
581 Epoch [27/70], Iteration [3/21], Loss: 0.0997
582 Epoch [27/70], Iteration [4/21], Loss: 0.1158
583 Epoch [27/70], Iteration [5/21], Loss: 0.4612
584 Epoch [27/70], Iteration [6/21], Loss: 0.1121
585 Epoch [27/70], Iteration [7/21], Loss: 0.2326
586 Epoch [27/70], Iteration [8/21], Loss: 0.1628
587 Epoch [27/70], Iteration [9/21], Loss: 0.0917
588 Epoch [27/70], Iteration [10/21], Loss: 0.0484
589 Epoch [27/70], Iteration [11/21], Loss: 0.0938
590 Epoch [27/70], Iteration [12/21], Loss: 0.1418
591 Epoch [27/70], Iteration [13/21], Loss: 0.0724
592 Epoch [27/70], Iteration [14/21], Loss: 0.0878
593 Epoch [27/70], Iteration [15/21], Loss: 0.0162
594 Epoch [27/70], Iteration [16/21], Loss: 0.1166
595 Epoch [27/70], Iteration [17/21], Loss: 0.1485
596 Epoch [27/70], Iteration [18/21], Loss: 0.1068
597 Epoch [27/70], Iteration [19/21], Loss: 0.0960
598 Epoch [27/70], Iteration [20/21], Loss: 0.0174
599 Epoch [27/70], Iteration [21/21], Loss: 2.0905
600 Accuracy: 0.94
601 Epoch [28/70], Iteration [1/21], Loss: 0.0493
602 Epoch [28/70], Iteration [2/21], Loss: 0.1483
603 Epoch [28/70], Iteration [3/21], Loss: 0.1292
604 Epoch [28/70], Iteration [4/21], Loss: 0.2132
605 Epoch [28/70], Iteration [5/21], Loss: 0.3270
606 Epoch [28/70], Iteration [6/21], Loss: 0.1355
607 Epoch [28/70], Iteration [7/21], Loss: 0.1886
608 Epoch [28/70], Iteration [8/21], Loss: 0.2252
609 Epoch [28/70], Iteration [9/21], Loss: 0.0962
610 Epoch [28/70], Iteration [10/21], Loss: 0.1414
611 Epoch [28/70], Iteration [11/21], Loss: 0.1384
612 Epoch [28/70], Iteration [12/21], Loss: 0.0425
613 Epoch [28/70], Iteration [13/21], Loss: 0.1355
614 Epoch [28/70], Iteration [14/21], Loss: 0.0725
615 Epoch [28/70], Iteration [15/21], Loss: 0.2759
616 Epoch [28/70], Iteration [16/21], Loss: 0.0466
617 Epoch [28/70], Iteration [17/21], Loss: 0.0552
618 Epoch [28/70], Iteration [18/21], Loss: 0.0216
619 Epoch [28/70], Iteration [19/21], Loss: 0.0891
620 Epoch [28/70], Iteration [20/21], Loss: 0.1143
621 Epoch [28/70], Iteration [21/21], Loss: 0.1204
622 Accuracy: 0.94
623 Epoch [29/70], Iteration [1/21], Loss: 0.1067
624 Epoch [29/70], Iteration [2/21], Loss: 0.1126
625 Epoch [29/70], Iteration [3/21], Loss: 0.0195
626 Epoch [29/70], Iteration [4/21], Loss: 0.0309
627 Epoch [29/70], Iteration [5/21], Loss: 0.1134
628 Epoch [29/70], Iteration [6/21], Loss: 0.0469
629 Epoch [29/70], Iteration [7/21], Loss: 0.0290
630 Epoch [29/70], Iteration [8/21], Loss: 0.0269
631 Epoch [29/70], Iteration [9/21], Loss: 0.0999
632 Epoch [29/70], Iteration [10/21], Loss: 0.0881
633 Epoch [29/70], Iteration [11/21], Loss: 0.0092
634 Epoch [29/70], Iteration [12/21], Loss: 0.0286
635 Epoch [29/70], Iteration [13/21], Loss: 0.0727
636 Epoch [29/70], Iteration [14/21], Loss: 0.1624
637 Epoch [29/70], Iteration [15/21], Loss: 0.0545
638 Epoch [29/70], Iteration [16/21], Loss: 0.0168
639 Epoch [29/70], Iteration [17/21], Loss: 0.0250
640 Epoch [29/70], Iteration [18/21], Loss: 0.0138
641 Epoch [29/70], Iteration [19/21], Loss: 0.0694
642 Epoch [29/70], Iteration [20/21], Loss: 0.0901
643 Epoch [29/70], Iteration [21/21], Loss: 0.0087
644 Accuracy: 0.93
645 Epoch [30/70], Iteration [1/21], Loss: 0.0989
646 Epoch [30/70], Iteration [2/21], Loss: 0.0396
647 Epoch [30/70], Iteration [3/21], Loss: 0.0296
648 Epoch [30/70], Iteration [4/21], Loss: 0.0271
649 Epoch [30/70], Iteration [5/21], Loss: 0.0528
650 Epoch [30/70], Iteration [6/21], Loss: 0.0378
651 Epoch [30/70], Iteration [7/21], Loss: 0.1068
652 Epoch [30/70], Iteration [8/21], Loss: 0.0106
653 Epoch [30/70], Iteration [9/21], Loss: 0.0519
654 Epoch [30/70], Iteration [10/21], Loss: 0.0052
655 Epoch [30/70], Iteration [11/21], Loss: 0.0166
656 Epoch [30/70], Iteration [12/21], Loss: 0.0351
657 Epoch [30/70], Iteration [13/21], Loss: 0.0608
658 Epoch [30/70], Iteration [14/21], Loss: 0.0577
659 Epoch [30/70], Iteration [15/21], Loss: 0.0142
660 Epoch [30/70], Iteration [16/21], Loss: 0.0103
661 Epoch [30/70], Iteration [17/21], Loss: 0.0101
662 Epoch [30/70], Iteration [18/21], Loss: 0.1199
663 Epoch [30/70], Iteration [19/21], Loss: 0.0136
664 Epoch [30/70], Iteration [20/21], Loss: 0.0117
665 Epoch [30/70], Iteration [21/21], Loss: 0.0020
666 Accuracy: 0.94
667 Epoch [31/70], Iteration [1/21], Loss: 0.0374
668 Epoch [31/70], Iteration [2/21], Loss: 0.0143
669 Epoch [31/70], Iteration [3/21], Loss: 0.0118
670 Epoch [31/70], Iteration [4/21], Loss: 0.0062
671 Epoch [31/70], Iteration [5/21], Loss: 0.0168
672 Epoch [31/70], Iteration [6/21], Loss: 0.0094
673 Epoch [31/70], Iteration [7/21], Loss: 0.0157
674 Epoch [31/70], Iteration [8/21], Loss: 0.0076
675 Epoch [31/70], Iteration [9/21], Loss: 0.0438
676 Epoch [31/70], Iteration [10/21], Loss: 0.0191
677 Epoch [31/70], Iteration [11/21], Loss: 0.0562
678 Epoch [31/70], Iteration [12/21], Loss: 0.0086
679 Epoch [31/70], Iteration [13/21], Loss: 0.0060
680 Epoch [31/70], Iteration [14/21], Loss: 0.0206
681 Epoch [31/70], Iteration [15/21], Loss: 0.0108
682 Epoch [31/70], Iteration [16/21], Loss: 0.0118
683 Epoch [31/70], Iteration [17/21], Loss: 0.0132
684 Epoch [31/70], Iteration [18/21], Loss: 0.0166
685 Epoch [31/70], Iteration [19/21], Loss: 0.0640
686 Epoch [31/70], Iteration [20/21], Loss: 0.0044
687 Epoch [31/70], Iteration [21/21], Loss: 1.2755
688 Accuracy: 0.94
689 Epoch [32/70], Iteration [1/21], Loss: 0.0049
690 Epoch [32/70], Iteration [2/21], Loss: 0.0487
691 Epoch [32/70], Iteration [3/21], Loss: 0.0873
692 Epoch [32/70], Iteration [4/21], Loss: 0.1346
693 Epoch [32/70], Iteration [5/21], Loss: 0.1713
694 Epoch [32/70], Iteration [6/21], Loss: 0.1188
695 Epoch [32/70], Iteration [7/21], Loss: 0.2436
696 Epoch [32/70], Iteration [8/21], Loss: 0.1744
697 Epoch [32/70], Iteration [9/21], Loss: 0.0932
698 Epoch [32/70], Iteration [10/21], Loss: 0.0177
699 Epoch [32/70], Iteration [11/21], Loss: 0.0618
700 Epoch [32/70], Iteration [12/21], Loss: 0.1804
701 Epoch [32/70], Iteration [13/21], Loss: 0.0918
702 Epoch [32/70], Iteration [14/21], Loss: 0.1699
703 Epoch [32/70], Iteration [15/21], Loss: 0.0468
704 Epoch [32/70], Iteration [16/21], Loss: 0.0338
705 Epoch [32/70], Iteration [17/21], Loss: 0.0564
706 Epoch [32/70], Iteration [18/21], Loss: 0.0879
707 Epoch [32/70], Iteration [19/21], Loss: 0.1077
708 Epoch [32/70], Iteration [20/21], Loss: 0.0369
709 Epoch [32/70], Iteration [21/21], Loss: 0.1594
710 Accuracy: 0.90
711 Epoch [33/70], Iteration [1/21], Loss: 0.0582
712 Epoch [33/70], Iteration [2/21], Loss: 0.0478
713 Epoch [33/70], Iteration [3/21], Loss: 0.0825
714 Epoch [33/70], Iteration [4/21], Loss: 0.1559
715 Epoch [33/70], Iteration [5/21], Loss: 0.0609
716 Epoch [33/70], Iteration [6/21], Loss: 0.0119
717 Epoch [33/70], Iteration [7/21], Loss: 0.0112
718 Epoch [33/70], Iteration [8/21], Loss: 0.0983
719 Epoch [33/70], Iteration [9/21], Loss: 0.0416
720 Epoch [33/70], Iteration [10/21], Loss: 0.0322
721 Epoch [33/70], Iteration [11/21], Loss: 0.0228
722 Epoch [33/70], Iteration [12/21], Loss: 0.0750
723 Epoch [33/70], Iteration [13/21], Loss: 0.0114
724 Epoch [33/70], Iteration [14/21], Loss: 0.0209
725 Epoch [33/70], Iteration [15/21], Loss: 0.0696
726 Epoch [33/70], Iteration [16/21], Loss: 0.0251
727 Epoch [33/70], Iteration [17/21], Loss: 0.1265
728 Epoch [33/70], Iteration [18/21], Loss: 0.0312
729 Epoch [33/70], Iteration [19/21], Loss: 0.0626
730 Epoch [33/70], Iteration [20/21], Loss: 0.1830
731 Epoch [33/70], Iteration [21/21], Loss: 0.7999
732 Accuracy: 0.92
733 Epoch [34/70], Iteration [1/21], Loss: 0.0775
734 Epoch [34/70], Iteration [2/21], Loss: 0.0390
735 Epoch [34/70], Iteration [3/21], Loss: 0.1291
736 Epoch [34/70], Iteration [4/21], Loss: 0.0361
737 Epoch [34/70], Iteration [5/21], Loss: 0.0726
738 Epoch [34/70], Iteration [6/21], Loss: 0.1514
739 Epoch [34/70], Iteration [7/21], Loss: 0.1805
740 Epoch [34/70], Iteration [8/21], Loss: 0.1653
741 Epoch [34/70], Iteration [9/21], Loss: 0.1505
742 Epoch [34/70], Iteration [10/21], Loss: 0.0805
743 Epoch [34/70], Iteration [11/21], Loss: 0.1091
744 Epoch [34/70], Iteration [12/21], Loss: 0.1167
745 Epoch [34/70], Iteration [13/21], Loss: 0.0528
746 Epoch [34/70], Iteration [14/21], Loss: 0.0342
747 Epoch [34/70], Iteration [15/21], Loss: 0.0815
748 Epoch [34/70], Iteration [16/21], Loss: 0.1966
749 Epoch [34/70], Iteration [17/21], Loss: 0.0182
750 Epoch [34/70], Iteration [18/21], Loss: 0.0465
751 Epoch [34/70], Iteration [19/21], Loss: 0.0633
752 Epoch [34/70], Iteration [20/21], Loss: 0.1436
753 Epoch [34/70], Iteration [21/21], Loss: 0.1723
754 Accuracy: 0.92
755 Epoch [35/70], Iteration [1/21], Loss: 0.0429
756 Epoch [35/70], Iteration [2/21], Loss: 0.0587
757 Epoch [35/70], Iteration [3/21], Loss: 0.0763
758 Epoch [35/70], Iteration [4/21], Loss: 0.0160
759 Epoch [35/70], Iteration [5/21], Loss: 0.0368
760 Epoch [35/70], Iteration [6/21], Loss: 0.0299
761 Epoch [35/70], Iteration [7/21], Loss: 0.0699
762 Epoch [35/70], Iteration [8/21], Loss: 0.1098
763 Epoch [35/70], Iteration [9/21], Loss: 0.0523
764 Epoch [35/70], Iteration [10/21], Loss: 0.0709
765 Epoch [35/70], Iteration [11/21], Loss: 0.0137
766 Epoch [35/70], Iteration [12/21], Loss: 0.0525
767 Epoch [35/70], Iteration [13/21], Loss: 0.0737
768 Epoch [35/70], Iteration [14/21], Loss: 0.0109
769 Epoch [35/70], Iteration [15/21], Loss: 0.0384
770 Epoch [35/70], Iteration [16/21], Loss: 0.1701
771 Epoch [35/70], Iteration [17/21], Loss: 0.0332
772 Epoch [35/70], Iteration [18/21], Loss: 0.0506
773 Epoch [35/70], Iteration [19/21], Loss: 0.0475
774 Epoch [35/70], Iteration [20/21], Loss: 0.0133
775 Epoch [35/70], Iteration [21/21], Loss: 0.0102
776 Accuracy: 0.96
777 Epoch [36/70], Iteration [1/21], Loss: 0.0181
778 Epoch [36/70], Iteration [2/21], Loss: 0.0049
779 Epoch [36/70], Iteration [3/21], Loss: 0.0300
780 Epoch [36/70], Iteration [4/21], Loss: 0.0225
781 Epoch [36/70], Iteration [5/21], Loss: 0.0131
782 Epoch [36/70], Iteration [6/21], Loss: 0.0298
783 Epoch [36/70], Iteration [7/21], Loss: 0.0510
784 Epoch [36/70], Iteration [8/21], Loss: 0.0183
785 Epoch [36/70], Iteration [9/21], Loss: 0.0304
786 Epoch [36/70], Iteration [10/21], Loss: 0.0170
787 Epoch [36/70], Iteration [11/21], Loss: 0.0389
788 Epoch [36/70], Iteration [12/21], Loss: 0.0181
789 Epoch [36/70], Iteration [13/21], Loss: 0.0080
790 Epoch [36/70], Iteration [14/21], Loss: 0.0273
791 Epoch [36/70], Iteration [15/21], Loss: 0.0254
792 Epoch [36/70], Iteration [16/21], Loss: 0.0268
793 Epoch [36/70], Iteration [17/21], Loss: 0.0061
794 Epoch [36/70], Iteration [18/21], Loss: 0.0740
795 Epoch [36/70], Iteration [19/21], Loss: 0.0584
796 Epoch [36/70], Iteration [20/21], Loss: 0.0049
797 Epoch [36/70], Iteration [21/21], Loss: 0.1398
798 Accuracy: 0.96
799 Epoch [37/70], Iteration [1/21], Loss: 0.0051
800 Epoch [37/70], Iteration [2/21], Loss: 0.0219
801 Epoch [37/70], Iteration [3/21], Loss: 0.0032
802 Epoch [37/70], Iteration [4/21], Loss: 0.0146
803 Epoch [37/70], Iteration [5/21], Loss: 0.0123
804 Epoch [37/70], Iteration [6/21], Loss: 0.0188
805 Epoch [37/70], Iteration [7/21], Loss: 0.0106
806 Epoch [37/70], Iteration [8/21], Loss: 0.0156
807 Epoch [37/70], Iteration [9/21], Loss: 0.0133
808 Epoch [37/70], Iteration [10/21], Loss: 0.0151
809 Epoch [37/70], Iteration [11/21], Loss: 0.0128
810 Epoch [37/70], Iteration [12/21], Loss: 0.0427
811 Epoch [37/70], Iteration [13/21], Loss: 0.0132
812 Epoch [37/70], Iteration [14/21], Loss: 0.0127
813 Epoch [37/70], Iteration [15/21], Loss: 0.0043
814 Epoch [37/70], Iteration [16/21], Loss: 0.0062
815 Epoch [37/70], Iteration [17/21], Loss: 0.0340
816 Epoch [37/70], Iteration [18/21], Loss: 0.0127
817 Epoch [37/70], Iteration [19/21], Loss: 0.0068
818 Epoch [37/70], Iteration [20/21], Loss: 0.0129
819 Epoch [37/70], Iteration [21/21], Loss: 0.0294
820 Accuracy: 0.95
821 Epoch [38/70], Iteration [1/21], Loss: 0.0070
822 Epoch [38/70], Iteration [2/21], Loss: 0.0046
823 Epoch [38/70], Iteration [3/21], Loss: 0.0012
824 Epoch [38/70], Iteration [4/21], Loss: 0.0051
825 Epoch [38/70], Iteration [5/21], Loss: 0.0019
826 Epoch [38/70], Iteration [6/21], Loss: 0.0075
827 Epoch [38/70], Iteration [7/21], Loss: 0.0029
828 Epoch [38/70], Iteration [8/21], Loss: 0.0087
829 Epoch [38/70], Iteration [9/21], Loss: 0.0020
830 Epoch [38/70], Iteration [10/21], Loss: 0.0037
831 Epoch [38/70], Iteration [11/21], Loss: 0.0119
832 Epoch [38/70], Iteration [12/21], Loss: 0.0108
833 Epoch [38/70], Iteration [13/21], Loss: 0.0051
834 Epoch [38/70], Iteration [14/21], Loss: 0.0117
835 Epoch [38/70], Iteration [15/21], Loss: 0.0165
836 Epoch [38/70], Iteration [16/21], Loss: 0.0094
837 Epoch [38/70], Iteration [17/21], Loss: 0.0065
838 Epoch [38/70], Iteration [18/21], Loss: 0.0022
839 Epoch [38/70], Iteration [19/21], Loss: 0.0022
840 Epoch [38/70], Iteration [20/21], Loss: 0.0033
841 Epoch [38/70], Iteration [21/21], Loss: 0.1366
842 Accuracy: 0.96
843 Epoch [39/70], Iteration [1/21], Loss: 0.0095
844 Epoch [39/70], Iteration [2/21], Loss: 0.0231
845 Epoch [39/70], Iteration [3/21], Loss: 0.0093
846 Epoch [39/70], Iteration [4/21], Loss: 0.0115
847 Epoch [39/70], Iteration [5/21], Loss: 0.0560
848 Epoch [39/70], Iteration [6/21], Loss: 0.0563
849 Epoch [39/70], Iteration [7/21], Loss: 0.0164
850 Epoch [39/70], Iteration [8/21], Loss: 0.0273
851 Epoch [39/70], Iteration [9/21], Loss: 0.0122
852 Epoch [39/70], Iteration [10/21], Loss: 0.0096
853 Epoch [39/70], Iteration [11/21], Loss: 0.0037
854 Epoch [39/70], Iteration [12/21], Loss: 0.0027
855 Epoch [39/70], Iteration [13/21], Loss: 0.0073
856 Epoch [39/70], Iteration [14/21], Loss: 0.0744
857 Epoch [39/70], Iteration [15/21], Loss: 0.0155
858 Epoch [39/70], Iteration [16/21], Loss: 0.0079
859 Epoch [39/70], Iteration [17/21], Loss: 0.0044
860 Epoch [39/70], Iteration [18/21], Loss: 0.0078
861 Epoch [39/70], Iteration [19/21], Loss: 0.0268
862 Epoch [39/70], Iteration [20/21], Loss: 0.0277
863 Epoch [39/70], Iteration [21/21], Loss: 0.0013
864 Accuracy: 0.95
865 Epoch [40/70], Iteration [1/21], Loss: 0.0023
866 Epoch [40/70], Iteration [2/21], Loss: 0.0069
867 Epoch [40/70], Iteration [3/21], Loss: 0.0019
868 Epoch [40/70], Iteration [4/21], Loss: 0.0024
869 Epoch [40/70], Iteration [5/21], Loss: 0.0016
870 Epoch [40/70], Iteration [6/21], Loss: 0.0770
871 Epoch [40/70], Iteration [7/21], Loss: 0.0049
872 Epoch [40/70], Iteration [8/21], Loss: 0.0066
873 Epoch [40/70], Iteration [9/21], Loss: 0.0035
874 Epoch [40/70], Iteration [10/21], Loss: 0.0172
875 Epoch [40/70], Iteration [11/21], Loss: 0.0300
876 Epoch [40/70], Iteration [12/21], Loss: 0.0183
877 Epoch [40/70], Iteration [13/21], Loss: 0.0031
878 Epoch [40/70], Iteration [14/21], Loss: 0.0067
879 Epoch [40/70], Iteration [15/21], Loss: 0.0099
880 Epoch [40/70], Iteration [16/21], Loss: 0.0045
881 Epoch [40/70], Iteration [17/21], Loss: 0.0331
882 Epoch [40/70], Iteration [18/21], Loss: 0.0065
883 Epoch [40/70], Iteration [19/21], Loss: 0.0043
884 Epoch [40/70], Iteration [20/21], Loss: 0.0213
885 Epoch [40/70], Iteration [21/21], Loss: 0.0075
886 Accuracy: 0.96
887 Epoch [41/70], Iteration [1/21], Loss: 0.0471
888 Epoch [41/70], Iteration [2/21], Loss: 0.0030
889 Epoch [41/70], Iteration [3/21], Loss: 0.0022
890 Epoch [41/70], Iteration [4/21], Loss: 0.0438
891 Epoch [41/70], Iteration [5/21], Loss: 0.0025
892 Epoch [41/70], Iteration [6/21], Loss: 0.0008
893 Epoch [41/70], Iteration [7/21], Loss: 0.0017
894 Epoch [41/70], Iteration [8/21], Loss: 0.0022
895 Epoch [41/70], Iteration [9/21], Loss: 0.0009
896 Epoch [41/70], Iteration [10/21], Loss: 0.0122
897 Epoch [41/70], Iteration [11/21], Loss: 0.0039
898 Epoch [41/70], Iteration [12/21], Loss: 0.0099
899 Epoch [41/70], Iteration [13/21], Loss: 0.0019
900 Epoch [41/70], Iteration [14/21], Loss: 0.0006
901 Epoch [41/70], Iteration [15/21], Loss: 0.0045
902 Epoch [41/70], Iteration [16/21], Loss: 0.0047
903 Epoch [41/70], Iteration [17/21], Loss: 0.0009
904 Epoch [41/70], Iteration [18/21], Loss: 0.0026
905 Epoch [41/70], Iteration [19/21], Loss: 0.0017
906 Epoch [41/70], Iteration [20/21], Loss: 0.0172
907 Epoch [41/70], Iteration [21/21], Loss: 0.0185
908 Accuracy: 0.97
909 Epoch [42/70], Iteration [1/21], Loss: 0.0014
910 Epoch [42/70], Iteration [2/21], Loss: 0.0036
911 Epoch [42/70], Iteration [3/21], Loss: 0.0021
912 Epoch [42/70], Iteration [4/21], Loss: 0.0120
913 Epoch [42/70], Iteration [5/21], Loss: 0.0014
914 Epoch [42/70], Iteration [6/21], Loss: 0.0017
915 Epoch [42/70], Iteration [7/21], Loss: 0.0024
916 Epoch [42/70], Iteration [8/21], Loss: 0.0017
917 Epoch [42/70], Iteration [9/21], Loss: 0.0046
918 Epoch [42/70], Iteration [10/21], Loss: 0.0004
919 Epoch [42/70], Iteration [11/21], Loss: 0.0037
920 Epoch [42/70], Iteration [12/21], Loss: 0.0018
921 Epoch [42/70], Iteration [13/21], Loss: 0.1048
922 Epoch [42/70], Iteration [14/21], Loss: 0.0015
923 Epoch [42/70], Iteration [15/21], Loss: 0.0128
924 Epoch [42/70], Iteration [16/21], Loss: 0.0162
925 Epoch [42/70], Iteration [17/21], Loss: 0.0045
926 Epoch [42/70], Iteration [18/21], Loss: 0.0032
927 Epoch [42/70], Iteration [19/21], Loss: 0.0035
928 Epoch [42/70], Iteration [20/21], Loss: 0.0043
929 Epoch [42/70], Iteration [21/21], Loss: 0.0075
930 Accuracy: 0.95
931 Epoch [43/70], Iteration [1/21], Loss: 0.0010
932 Epoch [43/70], Iteration [2/21], Loss: 0.0052
933 Epoch [43/70], Iteration [3/21], Loss: 0.0009
934 Epoch [43/70], Iteration [4/21], Loss: 0.0052
935 Epoch [43/70], Iteration [5/21], Loss: 0.0047
936 Epoch [43/70], Iteration [6/21], Loss: 0.0007
937 Epoch [43/70], Iteration [7/21], Loss: 0.0023
938 Epoch [43/70], Iteration [8/21], Loss: 0.0027
939 Epoch [43/70], Iteration [9/21], Loss: 0.0025
940 Epoch [43/70], Iteration [10/21], Loss: 0.0012
941 Epoch [43/70], Iteration [11/21], Loss: 0.0166
942 Epoch [43/70], Iteration [12/21], Loss: 0.0136
943 Epoch [43/70], Iteration [13/21], Loss: 0.0004
944 Epoch [43/70], Iteration [14/21], Loss: 0.0005
945 Epoch [43/70], Iteration [15/21], Loss: 0.0005
946 Epoch [43/70], Iteration [16/21], Loss: 0.0008
947 Epoch [43/70], Iteration [17/21], Loss: 0.0040
948 Epoch [43/70], Iteration [18/21], Loss: 0.0005
949 Epoch [43/70], Iteration [19/21], Loss: 0.0007
950 Epoch [43/70], Iteration [20/21], Loss: 0.0005
951 Epoch [43/70], Iteration [21/21], Loss: 1.5752
952 Accuracy: 0.95
953 Epoch [44/70], Iteration [1/21], Loss: 0.0064
954 Epoch [44/70], Iteration [2/21], Loss: 0.0943
955 Epoch [44/70], Iteration [3/21], Loss: 0.3223
956 Epoch [44/70], Iteration [4/21], Loss: 0.4275
957 Epoch [44/70], Iteration [5/21], Loss: 0.0792
958 Epoch [44/70], Iteration [6/21], Loss: 0.1755
959 Epoch [44/70], Iteration [7/21], Loss: 0.0948
960 Epoch [44/70], Iteration [8/21], Loss: 0.1450
961 Epoch [44/70], Iteration [9/21], Loss: 0.0408
962 Epoch [44/70], Iteration [10/21], Loss: 0.1697
963 Epoch [44/70], Iteration [11/21], Loss: 0.1089
964 Epoch [44/70], Iteration [12/21], Loss: 0.1827
965 Epoch [44/70], Iteration [13/21], Loss: 0.3148
966 Epoch [44/70], Iteration [14/21], Loss: 0.0880
967 Epoch [44/70], Iteration [15/21], Loss: 0.0875
968 Epoch [44/70], Iteration [16/21], Loss: 0.0409
969 Epoch [44/70], Iteration [17/21], Loss: 0.0681
970 Epoch [44/70], Iteration [18/21], Loss: 0.2237
971 Epoch [44/70], Iteration [19/21], Loss: 0.1573
972 Epoch [44/70], Iteration [20/21], Loss: 0.1431
973 Epoch [44/70], Iteration [21/21], Loss: 0.0446
974 Accuracy: 0.86
975 Epoch [45/70], Iteration [1/21], Loss: 0.2876
976 Epoch [45/70], Iteration [2/21], Loss: 0.0760
977 Epoch [45/70], Iteration [3/21], Loss: 0.0692
978 Epoch [45/70], Iteration [4/21], Loss: 0.1678
979 Epoch [45/70], Iteration [5/21], Loss: 0.0684
980 Epoch [45/70], Iteration [6/21], Loss: 0.0878
981 Epoch [45/70], Iteration [7/21], Loss: 0.0295
982 Epoch [45/70], Iteration [8/21], Loss: 0.0788
983 Epoch [45/70], Iteration [9/21], Loss: 0.0316
984 Epoch [45/70], Iteration [10/21], Loss: 0.0497
985 Epoch [45/70], Iteration [11/21], Loss: 0.0922
986 Epoch [45/70], Iteration [12/21], Loss: 0.0457
987 Epoch [45/70], Iteration [13/21], Loss: 0.2393
988 Epoch [45/70], Iteration [14/21], Loss: 0.1108
989 Epoch [45/70], Iteration [15/21], Loss: 0.0149
990 Epoch [45/70], Iteration [16/21], Loss: 0.0496
991 Epoch [45/70], Iteration [17/21], Loss: 0.0593
992 Epoch [45/70], Iteration [18/21], Loss: 0.0399
993 Epoch [45/70], Iteration [19/21], Loss: 0.0153
994 Epoch [45/70], Iteration [20/21], Loss: 0.0538
995 Epoch [45/70], Iteration [21/21], Loss: 1.5878
996 Accuracy: 0.80
997 Epoch [46/70], Iteration [1/21], Loss: 0.0628
998 Epoch [46/70], Iteration [2/21], Loss: 0.0956
999 Epoch [46/70], Iteration [3/21], Loss: 0.1015
1000 Epoch [46/70], Iteration [4/21], Loss: 0.1142
1001 Epoch [46/70], Iteration [5/21], Loss: 0.0679
1002 Epoch [46/70], Iteration [6/21], Loss: 0.1129
1003 Epoch [46/70], Iteration [7/21], Loss: 0.1854
1004 Epoch [46/70], Iteration [8/21], Loss: 0.1448
1005 Epoch [46/70], Iteration [9/21], Loss: 0.0496
1006 Epoch [46/70], Iteration [10/21], Loss: 0.0986
1007 Epoch [46/70], Iteration [11/21], Loss: 0.0737
1008 Epoch [46/70], Iteration [12/21], Loss: 0.1483
1009 Epoch [46/70], Iteration [13/21], Loss: 0.0706
1010 Epoch [46/70], Iteration [14/21], Loss: 0.2223
1011 Epoch [46/70], Iteration [15/21], Loss: 0.1472
1012 Epoch [46/70], Iteration [16/21], Loss: 0.1694
1013 Epoch [46/70], Iteration [17/21], Loss: 0.2471
1014 Epoch [46/70], Iteration [18/21], Loss: 0.1844
1015 Epoch [46/70], Iteration [19/21], Loss: 0.1250
1016 Epoch [46/70], Iteration [20/21], Loss: 0.0697
1017 Epoch [46/70], Iteration [21/21], Loss: 0.0119
1018 Accuracy: 0.95
1019 Epoch [47/70], Iteration [1/21], Loss: 0.1066
1020 Epoch [47/70], Iteration [2/21], Loss: 0.0240
1021 Epoch [47/70], Iteration [3/21], Loss: 0.0373
1022 Epoch [47/70], Iteration [4/21], Loss: 0.0915
1023 Epoch [47/70], Iteration [5/21], Loss: 0.0502
1024 Epoch [47/70], Iteration [6/21], Loss: 0.0749
1025 Epoch [47/70], Iteration [7/21], Loss: 0.0399
1026 Epoch [47/70], Iteration [8/21], Loss: 0.0601
1027 Epoch [47/70], Iteration [9/21], Loss: 0.0354
1028 Epoch [47/70], Iteration [10/21], Loss: 0.0676
1029 Epoch [47/70], Iteration [11/21], Loss: 0.0200
1030 Epoch [47/70], Iteration [12/21], Loss: 0.0970
1031 Epoch [47/70], Iteration [13/21], Loss: 0.0530
1032 Epoch [47/70], Iteration [14/21], Loss: 0.0491
1033 Epoch [47/70], Iteration [15/21], Loss: 0.0173
1034 Epoch [47/70], Iteration [16/21], Loss: 0.0491
1035 Epoch [47/70], Iteration [17/21], Loss: 0.0272
1036 Epoch [47/70], Iteration [18/21], Loss: 0.0190
1037 Epoch [47/70], Iteration [19/21], Loss: 0.0146
1038 Epoch [47/70], Iteration [20/21], Loss: 0.0069
1039 Epoch [47/70], Iteration [21/21], Loss: 0.0455
1040 Accuracy: 0.97
1041 Epoch [48/70], Iteration [1/21], Loss: 0.0210
1042 Epoch [48/70], Iteration [2/21], Loss: 0.0147
1043 Epoch [48/70], Iteration [3/21], Loss: 0.0180
1044 Epoch [48/70], Iteration [4/21], Loss: 0.0248
1045 Epoch [48/70], Iteration [5/21], Loss: 0.0350
1046 Epoch [48/70], Iteration [6/21], Loss: 0.0487
1047 Epoch [48/70], Iteration [7/21], Loss: 0.0508
1048 Epoch [48/70], Iteration [8/21], Loss: 0.0229
1049 Epoch [48/70], Iteration [9/21], Loss: 0.0126
1050 Epoch [48/70], Iteration [10/21], Loss: 0.0098
1051 Epoch [48/70], Iteration [11/21], Loss: 0.0642
1052 Epoch [48/70], Iteration [12/21], Loss: 0.0352
1053 Epoch [48/70], Iteration [13/21], Loss: 0.0048
1054 Epoch [48/70], Iteration [14/21], Loss: 0.0025
1055 Epoch [48/70], Iteration [15/21], Loss: 0.0267
1056 Epoch [48/70], Iteration [16/21], Loss: 0.0372
1057 Epoch [48/70], Iteration [17/21], Loss: 0.0236
1058 Epoch [48/70], Iteration [18/21], Loss: 0.0045
1059 Epoch [48/70], Iteration [19/21], Loss: 0.0287
1060 Epoch [48/70], Iteration [20/21], Loss: 0.0165
1061 Epoch [48/70], Iteration [21/21], Loss: 0.0221
1062 Accuracy: 0.97
1063 Epoch [49/70], Iteration [1/21], Loss: 0.0290
1064 Epoch [49/70], Iteration [2/21], Loss: 0.0069
1065 Epoch [49/70], Iteration [3/21], Loss: 0.0072
1066 Epoch [49/70], Iteration [4/21], Loss: 0.0201
1067 Epoch [49/70], Iteration [5/21], Loss: 0.0285
1068 Epoch [49/70], Iteration [6/21], Loss: 0.0165
1069 Epoch [49/70], Iteration [7/21], Loss: 0.0064
1070 Epoch [49/70], Iteration [8/21], Loss: 0.0037
1071 Epoch [49/70], Iteration [9/21], Loss: 0.0436
1072 Epoch [49/70], Iteration [10/21], Loss: 0.0064
1073 Epoch [49/70], Iteration [11/21], Loss: 0.0110
1074 Epoch [49/70], Iteration [12/21], Loss: 0.0070
1075 Epoch [49/70], Iteration [13/21], Loss: 0.0065
1076 Epoch [49/70], Iteration [14/21], Loss: 0.0034
1077 Epoch [49/70], Iteration [15/21], Loss: 0.0298
1078 Epoch [49/70], Iteration [16/21], Loss: 0.0025
1079 Epoch [49/70], Iteration [17/21], Loss: 0.0079
1080 Epoch [49/70], Iteration [18/21], Loss: 0.0141
1081 Epoch [49/70], Iteration [19/21], Loss: 0.0069
1082 Epoch [49/70], Iteration [20/21], Loss: 0.0076
1083 Epoch [49/70], Iteration [21/21], Loss: 0.0007
1084 Accuracy: 0.97
1085 Epoch [50/70], Iteration [1/21], Loss: 0.0030
1086 Epoch [50/70], Iteration [2/21], Loss: 0.0050
1087 Epoch [50/70], Iteration [3/21], Loss: 0.0074
1088 Epoch [50/70], Iteration [4/21], Loss: 0.0065
1089 Epoch [50/70], Iteration [5/21], Loss: 0.0046
1090 Epoch [50/70], Iteration [6/21], Loss: 0.0198
1091 Epoch [50/70], Iteration [7/21], Loss: 0.0021
1092 Epoch [50/70], Iteration [8/21], Loss: 0.0029
1093 Epoch [50/70], Iteration [9/21], Loss: 0.0087
1094 Epoch [50/70], Iteration [10/21], Loss: 0.0020
1095 Epoch [50/70], Iteration [11/21], Loss: 0.0033
1096 Epoch [50/70], Iteration [12/21], Loss: 0.0049
1097 Epoch [50/70], Iteration [13/21], Loss: 0.0056
1098 Epoch [50/70], Iteration [14/21], Loss: 0.0140
1099 Epoch [50/70], Iteration [15/21], Loss: 0.0084
1100 Epoch [50/70], Iteration [16/21], Loss: 0.0032
1101 Epoch [50/70], Iteration [17/21], Loss: 0.0071
1102 Epoch [50/70], Iteration [18/21], Loss: 0.0221
1103 Epoch [50/70], Iteration [19/21], Loss: 0.0036
1104 Epoch [50/70], Iteration [20/21], Loss: 0.0170
1105 Epoch [50/70], Iteration [21/21], Loss: 0.0180
1106 Accuracy: 0.97
1107 Epoch [51/70], Iteration [1/21], Loss: 0.0043
1108 Epoch [51/70], Iteration [2/21], Loss: 0.0034
1109 Epoch [51/70], Iteration [3/21], Loss: 0.0329
1110 Epoch [51/70], Iteration [4/21], Loss: 0.0054
1111 Epoch [51/70], Iteration [5/21], Loss: 0.0035
1112 Epoch [51/70], Iteration [6/21], Loss: 0.0095
1113 Epoch [51/70], Iteration [7/21], Loss: 0.0019
1114 Epoch [51/70], Iteration [8/21], Loss: 0.0036
1115 Epoch [51/70], Iteration [9/21], Loss: 0.0045
1116 Epoch [51/70], Iteration [10/21], Loss: 0.0318
1117 Epoch [51/70], Iteration [11/21], Loss: 0.0008
1118 Epoch [51/70], Iteration [12/21], Loss: 0.0015
1119 Epoch [51/70], Iteration [13/21], Loss: 0.0022
1120 Epoch [51/70], Iteration [14/21], Loss: 0.0042
1121 Epoch [51/70], Iteration [15/21], Loss: 0.0069
1122 Epoch [51/70], Iteration [16/21], Loss: 0.0061
1123 Epoch [51/70], Iteration [17/21], Loss: 0.0029
1124 Epoch [51/70], Iteration [18/21], Loss: 0.0022
1125 Epoch [51/70], Iteration [19/21], Loss: 0.0012
1126 Epoch [51/70], Iteration [20/21], Loss: 0.0017
1127 Epoch [51/70], Iteration [21/21], Loss: 0.0007
1128 Accuracy: 0.96
1129 Epoch [52/70], Iteration [1/21], Loss: 0.0075
1130 Epoch [52/70], Iteration [2/21], Loss: 0.0025
1131 Epoch [52/70], Iteration [3/21], Loss: 0.0029
1132 Epoch [52/70], Iteration [4/21], Loss: 0.0020
1133 Epoch [52/70], Iteration [5/21], Loss: 0.0022
1134 Epoch [52/70], Iteration [6/21], Loss: 0.0049
1135 Epoch [52/70], Iteration [7/21], Loss: 0.0045
1136 Epoch [52/70], Iteration [8/21], Loss: 0.0016
1137 Epoch [52/70], Iteration [9/21], Loss: 0.0022
1138 Epoch [52/70], Iteration [10/21], Loss: 0.0090
1139 Epoch [52/70], Iteration [11/21], Loss: 0.0073
1140 Epoch [52/70], Iteration [12/21], Loss: 0.0070
1141 Epoch [52/70], Iteration [13/21], Loss: 0.0028
1142 Epoch [52/70], Iteration [14/21], Loss: 0.0029
1143 Epoch [52/70], Iteration [15/21], Loss: 0.0069
1144 Epoch [52/70], Iteration [16/21], Loss: 0.0009
1145 Epoch [52/70], Iteration [17/21], Loss: 0.0016
1146 Epoch [52/70], Iteration [18/21], Loss: 0.0015
1147 Epoch [52/70], Iteration [19/21], Loss: 0.0010
1148 Epoch [52/70], Iteration [20/21], Loss: 0.0045
1149 Epoch [52/70], Iteration [21/21], Loss: 0.0011
1150 Accuracy: 0.97
1151 Epoch [53/70], Iteration [1/21], Loss: 0.0021
1152 Epoch [53/70], Iteration [2/21], Loss: 0.0075
1153 Epoch [53/70], Iteration [3/21], Loss: 0.0023
1154 Epoch [53/70], Iteration [4/21], Loss: 0.0050
1155 Epoch [53/70], Iteration [5/21], Loss: 0.0029
1156 Epoch [53/70], Iteration [6/21], Loss: 0.0017
1157 Epoch [53/70], Iteration [7/21], Loss: 0.0009
1158 Epoch [53/70], Iteration [8/21], Loss: 0.0018
1159 Epoch [53/70], Iteration [9/21], Loss: 0.0012
1160 Epoch [53/70], Iteration [10/21], Loss: 0.0042
1161 Epoch [53/70], Iteration [11/21], Loss: 0.0015
1162 Epoch [53/70], Iteration [12/21], Loss: 0.0028
1163 Epoch [53/70], Iteration [13/21], Loss: 0.0004
1164 Epoch [53/70], Iteration [14/21], Loss: 0.0006
1165 Epoch [53/70], Iteration [15/21], Loss: 0.0007
1166 Epoch [53/70], Iteration [16/21], Loss: 0.0038
1167 Epoch [53/70], Iteration [17/21], Loss: 0.0006
1168 Epoch [53/70], Iteration [18/21], Loss: 0.0034
1169 Epoch [53/70], Iteration [19/21], Loss: 0.0011
1170 Epoch [53/70], Iteration [20/21], Loss: 0.0007
1171 Epoch [53/70], Iteration [21/21], Loss: 0.0109
1172 Accuracy: 0.97
1173 Epoch [54/70], Iteration [1/21], Loss: 0.0009
1174 Epoch [54/70], Iteration [2/21], Loss: 0.0007
1175 Epoch [54/70], Iteration [3/21], Loss: 0.0010
1176 Epoch [54/70], Iteration [4/21], Loss: 0.0007
1177 Epoch [54/70], Iteration [5/21], Loss: 0.0015
1178 Epoch [54/70], Iteration [6/21], Loss: 0.0009
1179 Epoch [54/70], Iteration [7/21], Loss: 0.0008
1180 Epoch [54/70], Iteration [8/21], Loss: 0.0007
1181 Epoch [54/70], Iteration [9/21], Loss: 0.0010
1182 Epoch [54/70], Iteration [10/21], Loss: 0.0402
1183 Epoch [54/70], Iteration [11/21], Loss: 0.0010
1184 Epoch [54/70], Iteration [12/21], Loss: 0.0012
1185 Epoch [54/70], Iteration [13/21], Loss: 0.0008
1186 Epoch [54/70], Iteration [14/21], Loss: 0.0027
1187 Epoch [54/70], Iteration [15/21], Loss: 0.0017
1188 Epoch [54/70], Iteration [16/21], Loss: 0.0077
1189 Epoch [54/70], Iteration [17/21], Loss: 0.0091
1190 Epoch [54/70], Iteration [18/21], Loss: 0.0036
1191 Epoch [54/70], Iteration [19/21], Loss: 0.0045
1192 Epoch [54/70], Iteration [20/21], Loss: 0.0009
1193 Epoch [54/70], Iteration [21/21], Loss: 0.0132
1194 Accuracy: 0.96
1195 Epoch [55/70], Iteration [1/21], Loss: 0.0006
1196 Epoch [55/70], Iteration [2/21], Loss: 0.0049
1197 Epoch [55/70], Iteration [3/21], Loss: 0.0005
1198 Epoch [55/70], Iteration [4/21], Loss: 0.0009
1199 Epoch [55/70], Iteration [5/21], Loss: 0.0008
1200 Epoch [55/70], Iteration [6/21], Loss: 0.0016
1201 Epoch [55/70], Iteration [7/21], Loss: 0.0007
1202 Epoch [55/70], Iteration [8/21], Loss: 0.0008
1203 Epoch [55/70], Iteration [9/21], Loss: 0.0010
1204 Epoch [55/70], Iteration [10/21], Loss: 0.0012
1205 Epoch [55/70], Iteration [11/21], Loss: 0.0010
1206 Epoch [55/70], Iteration [12/21], Loss: 0.0026
1207 Epoch [55/70], Iteration [13/21], Loss: 0.0007
1208 Epoch [55/70], Iteration [14/21], Loss: 0.0014
1209 Epoch [55/70], Iteration [15/21], Loss: 0.0006
1210 Epoch [55/70], Iteration [16/21], Loss: 0.0038
1211 Epoch [55/70], Iteration [17/21], Loss: 0.0033
1212 Epoch [55/70], Iteration [18/21], Loss: 0.0018
1213 Epoch [55/70], Iteration [19/21], Loss: 0.0005
1214 Epoch [55/70], Iteration [20/21], Loss: 0.0035
1215 Epoch [55/70], Iteration [21/21], Loss: 2.4861
1216 Accuracy: 0.74
1217 Epoch [56/70], Iteration [1/21], Loss: 0.0045
1218 Epoch [56/70], Iteration [2/21], Loss: 0.1361
1219 Epoch [56/70], Iteration [3/21], Loss: 0.1490
1220 Epoch [56/70], Iteration [4/21], Loss: 0.1632
1221 Epoch [56/70], Iteration [5/21], Loss: 0.4160
1222 Epoch [56/70], Iteration [6/21], Loss: 0.2169
1223 Epoch [56/70], Iteration [7/21], Loss: 0.1308
1224 Epoch [56/70], Iteration [8/21], Loss: 0.1154
1225 Epoch [56/70], Iteration [9/21], Loss: 0.2564
1226 Epoch [56/70], Iteration [10/21], Loss: 0.1215
1227 Epoch [56/70], Iteration [11/21], Loss: 0.1747
1228 Epoch [56/70], Iteration [12/21], Loss: 0.1378
1229 Epoch [56/70], Iteration [13/21], Loss: 0.2058
1230 Epoch [56/70], Iteration [14/21], Loss: 0.1152
1231 Epoch [56/70], Iteration [15/21], Loss: 0.3678
1232 Epoch [56/70], Iteration [16/21], Loss: 0.1210
1233 Epoch [56/70], Iteration [17/21], Loss: 0.1969
1234 Epoch [56/70], Iteration [18/21], Loss: 0.0804
1235 Epoch [56/70], Iteration [19/21], Loss: 0.2282
1236 Epoch [56/70], Iteration [20/21], Loss: 0.1472
1237 Epoch [56/70], Iteration [21/21], Loss: 1.1442
1238 Accuracy: 0.93
1239 Epoch [57/70], Iteration [1/21], Loss: 0.1239
1240 Epoch [57/70], Iteration [2/21], Loss: 0.0526
1241 Epoch [57/70], Iteration [3/21], Loss: 0.0894
1242 Epoch [57/70], Iteration [4/21], Loss: 0.1478
1243 Epoch [57/70], Iteration [5/21], Loss: 0.1938
1244 Epoch [57/70], Iteration [6/21], Loss: 0.0358
1245 Epoch [57/70], Iteration [7/21], Loss: 0.1792
1246 Epoch [57/70], Iteration [8/21], Loss: 0.0611
1247 Epoch [57/70], Iteration [9/21], Loss: 0.2114
1248 Epoch [57/70], Iteration [10/21], Loss: 0.1255
1249 Epoch [57/70], Iteration [11/21], Loss: 0.0470
1250 Epoch [57/70], Iteration [12/21], Loss: 0.0787
1251 Epoch [57/70], Iteration [13/21], Loss: 0.0713
1252 Epoch [57/70], Iteration [14/21], Loss: 0.1010
1253 Epoch [57/70], Iteration [15/21], Loss: 0.0544
1254 Epoch [57/70], Iteration [16/21], Loss: 0.0873
1255 Epoch [57/70], Iteration [17/21], Loss: 0.0287
1256 Epoch [57/70], Iteration [18/21], Loss: 0.0888
1257 Epoch [57/70], Iteration [19/21], Loss: 0.0874
1258 Epoch [57/70], Iteration [20/21], Loss: 0.1121
1259 Epoch [57/70], Iteration [21/21], Loss: 0.0141
1260 Accuracy: 0.92
1261 Epoch [58/70], Iteration [1/21], Loss: 0.0351
1262 Epoch [58/70], Iteration [2/21], Loss: 0.0327
1263 Epoch [58/70], Iteration [3/21], Loss: 0.0282
1264 Epoch [58/70], Iteration [4/21], Loss: 0.1345
1265 Epoch [58/70], Iteration [5/21], Loss: 0.0448
1266 Epoch [58/70], Iteration [6/21], Loss: 0.0324
1267 Epoch [58/70], Iteration [7/21], Loss: 0.0098
1268 Epoch [58/70], Iteration [8/21], Loss: 0.0471
1269 Epoch [58/70], Iteration [9/21], Loss: 0.0977
1270 Epoch [58/70], Iteration [10/21], Loss: 0.0395
1271 Epoch [58/70], Iteration [11/21], Loss: 0.0810
1272 Epoch [58/70], Iteration [12/21], Loss: 0.0534
1273 Epoch [58/70], Iteration [13/21], Loss: 0.0224
1274 Epoch [58/70], Iteration [14/21], Loss: 0.0533
1275 Epoch [58/70], Iteration [15/21], Loss: 0.0243
1276 Epoch [58/70], Iteration [16/21], Loss: 0.0209
1277 Epoch [58/70], Iteration [17/21], Loss: 0.0262
1278 Epoch [58/70], Iteration [18/21], Loss: 0.0341
1279 Epoch [58/70], Iteration [19/21], Loss: 0.0492
1280 Epoch [58/70], Iteration [20/21], Loss: 0.0445
1281 Epoch [58/70], Iteration [21/21], Loss: 0.0127
1282 Accuracy: 0.93
1283 Epoch [59/70], Iteration [1/21], Loss: 0.0154
1284 Epoch [59/70], Iteration [2/21], Loss: 0.0034
1285 Epoch [59/70], Iteration [3/21], Loss: 0.0221
1286 Epoch [59/70], Iteration [4/21], Loss: 0.0322
1287 Epoch [59/70], Iteration [5/21], Loss: 0.0305
1288 Epoch [59/70], Iteration [6/21], Loss: 0.0171
1289 Epoch [59/70], Iteration [7/21], Loss: 0.0152
1290 Epoch [59/70], Iteration [8/21], Loss: 0.0105
1291 Epoch [59/70], Iteration [9/21], Loss: 0.0106
1292 Epoch [59/70], Iteration [10/21], Loss: 0.0070
1293 Epoch [59/70], Iteration [11/21], Loss: 0.0131
1294 Epoch [59/70], Iteration [12/21], Loss: 0.0055
1295 Epoch [59/70], Iteration [13/21], Loss: 0.0250
1296 Epoch [59/70], Iteration [14/21], Loss: 0.0033
1297 Epoch [59/70], Iteration [15/21], Loss: 0.0159
1298 Epoch [59/70], Iteration [16/21], Loss: 0.0064
1299 Epoch [59/70], Iteration [17/21], Loss: 0.0133
1300 Epoch [59/70], Iteration [18/21], Loss: 0.0420
1301 Epoch [59/70], Iteration [19/21], Loss: 0.0206
1302 Epoch [59/70], Iteration [20/21], Loss: 0.0122
1303 Epoch [59/70], Iteration [21/21], Loss: 0.0106
1304 Accuracy: 0.97
1305 Epoch [60/70], Iteration [1/21], Loss: 0.0187
1306 Epoch [60/70], Iteration [2/21], Loss: 0.0043
1307 Epoch [60/70], Iteration [3/21], Loss: 0.0335
1308 Epoch [60/70], Iteration [4/21], Loss: 0.0091
1309 Epoch [60/70], Iteration [5/21], Loss: 0.0142
1310 Epoch [60/70], Iteration [6/21], Loss: 0.0520
1311 Epoch [60/70], Iteration [7/21], Loss: 0.0040
1312 Epoch [60/70], Iteration [8/21], Loss: 0.0025
1313 Epoch [60/70], Iteration [9/21], Loss: 0.0124
1314 Epoch [60/70], Iteration [10/21], Loss: 0.0302
1315 Epoch [60/70], Iteration [11/21], Loss: 0.0033
1316 Epoch [60/70], Iteration [12/21], Loss: 0.0103
1317 Epoch [60/70], Iteration [13/21], Loss: 0.0094
1318 Epoch [60/70], Iteration [14/21], Loss: 0.0030
1319 Epoch [60/70], Iteration [15/21], Loss: 0.0045
1320 Epoch [60/70], Iteration [16/21], Loss: 0.0189
1321 Epoch [60/70], Iteration [17/21], Loss: 0.0138
1322 Epoch [60/70], Iteration [18/21], Loss: 0.0192
1323 Epoch [60/70], Iteration [19/21], Loss: 0.0053
1324 Epoch [60/70], Iteration [20/21], Loss: 0.0046
1325 Epoch [60/70], Iteration [21/21], Loss: 0.0005
1326 Accuracy: 0.95
1327 Epoch [61/70], Iteration [1/21], Loss: 0.0062
1328 Epoch [61/70], Iteration [2/21], Loss: 0.0038
1329 Epoch [61/70], Iteration [3/21], Loss: 0.0042
1330 Epoch [61/70], Iteration [4/21], Loss: 0.0063
1331 Epoch [61/70], Iteration [5/21], Loss: 0.0047
1332 Epoch [61/70], Iteration [6/21], Loss: 0.0061
1333 Epoch [61/70], Iteration [7/21], Loss: 0.0202
1334 Epoch [61/70], Iteration [8/21], Loss: 0.0023
1335 Epoch [61/70], Iteration [9/21], Loss: 0.0020
1336 Epoch [61/70], Iteration [10/21], Loss: 0.0063
1337 Epoch [61/70], Iteration [11/21], Loss: 0.0152
1338 Epoch [61/70], Iteration [12/21], Loss: 0.0032
1339 Epoch [61/70], Iteration [13/21], Loss: 0.0017
1340 Epoch [61/70], Iteration [14/21], Loss: 0.0173
1341 Epoch [61/70], Iteration [15/21], Loss: 0.0018
1342 Epoch [61/70], Iteration [16/21], Loss: 0.0049
1343 Epoch [61/70], Iteration [17/21], Loss: 0.0013
1344 Epoch [61/70], Iteration [18/21], Loss: 0.0014
1345 Epoch [61/70], Iteration [19/21], Loss: 0.0246
1346 Epoch [61/70], Iteration [20/21], Loss: 0.0073
1347 Epoch [61/70], Iteration [21/21], Loss: 0.0046
1348 Accuracy: 0.95
1349 Epoch [62/70], Iteration [1/21], Loss: 0.0019
1350 Epoch [62/70], Iteration [2/21], Loss: 0.0036
1351 Epoch [62/70], Iteration [3/21], Loss: 0.0090
1352 Epoch [62/70], Iteration [4/21], Loss: 0.0033
1353 Epoch [62/70], Iteration [5/21], Loss: 0.0041
1354 Epoch [62/70], Iteration [6/21], Loss: 0.0084
1355 Epoch [62/70], Iteration [7/21], Loss: 0.0018
1356 Epoch [62/70], Iteration [8/21], Loss: 0.0021
1357 Epoch [62/70], Iteration [9/21], Loss: 0.0064
1358 Epoch [62/70], Iteration [10/21], Loss: 0.0023
1359 Epoch [62/70], Iteration [11/21], Loss: 0.0036
1360 Epoch [62/70], Iteration [12/21], Loss: 0.0016
1361 Epoch [62/70], Iteration [13/21], Loss: 0.0014
1362 Epoch [62/70], Iteration [14/21], Loss: 0.0052
1363 Epoch [62/70], Iteration [15/21], Loss: 0.0010
1364 Epoch [62/70], Iteration [16/21], Loss: 0.0093
1365 Epoch [62/70], Iteration [17/21], Loss: 0.0006
1366 Epoch [62/70], Iteration [18/21], Loss: 0.0019
1367 Epoch [62/70], Iteration [19/21], Loss: 0.0010
1368 Epoch [62/70], Iteration [20/21], Loss: 0.0019
1369 Epoch [62/70], Iteration [21/21], Loss: 0.0135
1370 Accuracy: 0.96
1371 Epoch [63/70], Iteration [1/21], Loss: 0.0037
1372 Epoch [63/70], Iteration [2/21], Loss: 0.0022
1373 Epoch [63/70], Iteration [3/21], Loss: 0.0030
1374 Epoch [63/70], Iteration [4/21], Loss: 0.0063
1375 Epoch [63/70], Iteration [5/21], Loss: 0.0014
1376 Epoch [63/70], Iteration [6/21], Loss: 0.0019
1377 Epoch [63/70], Iteration [7/21], Loss: 0.0073
1378 Epoch [63/70], Iteration [8/21], Loss: 0.0027
1379 Epoch [63/70], Iteration [9/21], Loss: 0.0034
1380 Epoch [63/70], Iteration [10/21], Loss: 0.0024
1381 Epoch [63/70], Iteration [11/21], Loss: 0.0032
1382 Epoch [63/70], Iteration [12/21], Loss: 0.0023
1383 Epoch [63/70], Iteration [13/21], Loss: 0.0006
1384 Epoch [63/70], Iteration [14/21], Loss: 0.0008
1385 Epoch [63/70], Iteration [15/21], Loss: 0.0037
1386 Epoch [63/70], Iteration [16/21], Loss: 0.0075
1387 Epoch [63/70], Iteration [17/21], Loss: 0.0007
1388 Epoch [63/70], Iteration [18/21], Loss: 0.0003
1389 Epoch [63/70], Iteration [19/21], Loss: 0.0026
1390 Epoch [63/70], Iteration [20/21], Loss: 0.0009
1391 Epoch [63/70], Iteration [21/21], Loss: 0.0906
1392 Accuracy: 0.94
1393 Epoch [64/70], Iteration [1/21], Loss: 0.0004
1394 Epoch [64/70], Iteration [2/21], Loss: 0.0006
1395 Epoch [64/70], Iteration [3/21], Loss: 0.0036
1396 Epoch [64/70], Iteration [4/21], Loss: 0.0107
1397 Epoch [64/70], Iteration [5/21], Loss: 0.0350
1398 Epoch [64/70], Iteration [6/21], Loss: 0.0017
1399 Epoch [64/70], Iteration [7/21], Loss: 0.0209
1400 Epoch [64/70], Iteration [8/21], Loss: 0.0061
1401 Epoch [64/70], Iteration [9/21], Loss: 0.0025
1402 Epoch [64/70], Iteration [10/21], Loss: 0.0102
1403 Epoch [64/70], Iteration [11/21], Loss: 0.0107
1404 Epoch [64/70], Iteration [12/21], Loss: 0.0167
1405 Epoch [64/70], Iteration [13/21], Loss: 0.0207
1406 Epoch [64/70], Iteration [14/21], Loss: 0.0022
1407 Epoch [64/70], Iteration [15/21], Loss: 0.0075
1408 Epoch [64/70], Iteration [16/21], Loss: 0.0223
1409 Epoch [64/70], Iteration [17/21], Loss: 0.0136
1410 Epoch [64/70], Iteration [18/21], Loss: 0.0134
1411 Epoch [64/70], Iteration [19/21], Loss: 0.0039
1412 Epoch [64/70], Iteration [20/21], Loss: 0.0033
1413 Epoch [64/70], Iteration [21/21], Loss: 0.0409
1414 Accuracy: 0.96
1415 Epoch [65/70], Iteration [1/21], Loss: 0.0035
1416 Epoch [65/70], Iteration [2/21], Loss: 0.0043
1417 Epoch [65/70], Iteration [3/21], Loss: 0.0074
1418 Epoch [65/70], Iteration [4/21], Loss: 0.0196
1419 Epoch [65/70], Iteration [5/21], Loss: 0.0315
1420 Epoch [65/70], Iteration [6/21], Loss: 0.0016
1421 Epoch [65/70], Iteration [7/21], Loss: 0.0326
1422 Epoch [65/70], Iteration [8/21], Loss: 0.0052
1423 Epoch [65/70], Iteration [9/21], Loss: 0.0172
1424 Epoch [65/70], Iteration [10/21], Loss: 0.0058
1425 Epoch [65/70], Iteration [11/21], Loss: 0.0106
1426 Epoch [65/70], Iteration [12/21], Loss: 0.0004
1427 Epoch [65/70], Iteration [13/21], Loss: 0.0124
1428 Epoch [65/70], Iteration [14/21], Loss: 0.0427
1429 Epoch [65/70], Iteration [15/21], Loss: 0.0119
1430 Epoch [65/70], Iteration [16/21], Loss: 0.0268
1431 Epoch [65/70], Iteration [17/21], Loss: 0.0015
1432 Epoch [65/70], Iteration [18/21], Loss: 0.0003
1433 Epoch [65/70], Iteration [19/21], Loss: 0.0067
1434 Epoch [65/70], Iteration [20/21], Loss: 0.0021
1435 Epoch [65/70], Iteration [21/21], Loss: 0.0000
1436 Accuracy: 0.94
1437 Epoch [66/70], Iteration [1/21], Loss: 0.0022
1438 Epoch [66/70], Iteration [2/21], Loss: 0.0104
1439 Epoch [66/70], Iteration [3/21], Loss: 0.0171
1440 Epoch [66/70], Iteration [4/21], Loss: 0.0014
1441 Epoch [66/70], Iteration [5/21], Loss: 0.0013
1442 Epoch [66/70], Iteration [6/21], Loss: 0.0084
1443 Epoch [66/70], Iteration [7/21], Loss: 0.0007
1444 Epoch [66/70], Iteration [8/21], Loss: 0.0006
1445 Epoch [66/70], Iteration [9/21], Loss: 0.0019
1446 Epoch [66/70], Iteration [10/21], Loss: 0.0087
1447 Epoch [66/70], Iteration [11/21], Loss: 0.0024
1448 Epoch [66/70], Iteration [12/21], Loss: 0.0066
1449 Epoch [66/70], Iteration [13/21], Loss: 0.0044
1450 Epoch [66/70], Iteration [14/21], Loss: 0.0012
1451 Epoch [66/70], Iteration [15/21], Loss: 0.0299
1452 Epoch [66/70], Iteration [16/21], Loss: 0.0008
1453 Epoch [66/70], Iteration [17/21], Loss: 0.0021
1454 Epoch [66/70], Iteration [18/21], Loss: 0.0057
1455 Epoch [66/70], Iteration [19/21], Loss: 0.0004
1456 Epoch [66/70], Iteration [20/21], Loss: 0.0029
1457 Epoch [66/70], Iteration [21/21], Loss: 0.0006
1458 Accuracy: 0.96
1459 Epoch [67/70], Iteration [1/21], Loss: 0.0063
1460 Epoch [67/70], Iteration [2/21], Loss: 0.0070
1461 Epoch [67/70], Iteration [3/21], Loss: 0.0482
1462 Epoch [67/70], Iteration [4/21], Loss: 0.0003
1463 Epoch [67/70], Iteration [5/21], Loss: 0.0012
1464 Epoch [67/70], Iteration [6/21], Loss: 0.0014
1465 Epoch [67/70], Iteration [7/21], Loss: 0.0014
1466 Epoch [67/70], Iteration [8/21], Loss: 0.0009
1467 Epoch [67/70], Iteration [9/21], Loss: 0.0004
1468 Epoch [67/70], Iteration [10/21], Loss: 0.0097
1469 Epoch [67/70], Iteration [11/21], Loss: 0.0010
1470 Epoch [67/70], Iteration [12/21], Loss: 0.0005
1471 Epoch [67/70], Iteration [13/21], Loss: 0.0011
1472 Epoch [67/70], Iteration [14/21], Loss: 0.0042
1473 Epoch [67/70], Iteration [15/21], Loss: 0.0037
1474 Epoch [67/70], Iteration [16/21], Loss: 0.0032
1475 Epoch [67/70], Iteration [17/21], Loss: 0.0097
1476 Epoch [67/70], Iteration [18/21], Loss: 0.0010
1477 Epoch [67/70], Iteration [19/21], Loss: 0.0007
1478 Epoch [67/70], Iteration [20/21], Loss: 0.0032
1479 Epoch [67/70], Iteration [21/21], Loss: 0.0006
1480 Accuracy: 0.97
1481 Epoch [68/70], Iteration [1/21], Loss: 0.0025
1482 Epoch [68/70], Iteration [2/21], Loss: 0.0006
1483 Epoch [68/70], Iteration [3/21], Loss: 0.0020
1484 Epoch [68/70], Iteration [4/21], Loss: 0.0081
1485 Epoch [68/70], Iteration [5/21], Loss: 0.0002
1486 Epoch [68/70], Iteration [6/21], Loss: 0.0002
1487 Epoch [68/70], Iteration [7/21], Loss: 0.0014
1488 Epoch [68/70], Iteration [8/21], Loss: 0.0040
1489 Epoch [68/70], Iteration [9/21], Loss: 0.0003
1490 Epoch [68/70], Iteration [10/21], Loss: 0.0005
1491 Epoch [68/70], Iteration [11/21], Loss: 0.0038
1492 Epoch [68/70], Iteration [12/21], Loss: 0.0003
1493 Epoch [68/70], Iteration [13/21], Loss: 0.0005
1494 Epoch [68/70], Iteration [14/21], Loss: 0.0003
1495 Epoch [68/70], Iteration [15/21], Loss: 0.0003
1496 Epoch [68/70], Iteration [16/21], Loss: 0.0029
1497 Epoch [68/70], Iteration [17/21], Loss: 0.0005
1498 Epoch [68/70], Iteration [18/21], Loss: 0.0005
1499 Epoch [68/70], Iteration [19/21], Loss: 0.0006
1500 Epoch [68/70], Iteration [20/21], Loss: 0.0009
1501 Epoch [68/70], Iteration [21/21], Loss: 0.0075
1502 Accuracy: 0.97
1503 Epoch [69/70], Iteration [1/21], Loss: 0.0008
1504 Epoch [69/70], Iteration [2/21], Loss: 0.0007
1505 Epoch [69/70], Iteration [3/21], Loss: 0.0002
1506 Epoch [69/70], Iteration [4/21], Loss: 0.0002
1507 Epoch [69/70], Iteration [5/21], Loss: 0.0005
1508 Epoch [69/70], Iteration [6/21], Loss: 0.0007
1509 Epoch [69/70], Iteration [7/21], Loss: 0.0014
1510 Epoch [69/70], Iteration [8/21], Loss: 0.0007
1511 Epoch [69/70], Iteration [9/21], Loss: 0.0006
1512 Epoch [69/70], Iteration [10/21], Loss: 0.0006
1513 Epoch [69/70], Iteration [11/21], Loss: 0.0009
1514 Epoch [69/70], Iteration [12/21], Loss: 0.0008
1515 Epoch [69/70], Iteration [13/21], Loss: 0.0009
1516 Epoch [69/70], Iteration [14/21], Loss: 0.0006
1517 Epoch [69/70], Iteration [15/21], Loss: 0.0042
1518 Epoch [69/70], Iteration [16/21], Loss: 0.0002
1519 Epoch [69/70], Iteration [17/21], Loss: 0.0008
1520 Epoch [69/70], Iteration [18/21], Loss: 0.0004
1521 Epoch [69/70], Iteration [19/21], Loss: 0.0004
1522 Epoch [69/70], Iteration [20/21], Loss: 0.0002
1523 Epoch [69/70], Iteration [21/21], Loss: 0.0005
1524 Accuracy: 0.97
1525 Epoch [70/70], Iteration [1/21], Loss: 0.0007
1526 Epoch [70/70], Iteration [2/21], Loss: 0.0025
1527 Epoch [70/70], Iteration [3/21], Loss: 0.0003
1528 Epoch [70/70], Iteration [4/21], Loss: 0.0003
1529 Epoch [70/70], Iteration [5/21], Loss: 0.0003
1530 Epoch [70/70], Iteration [6/21], Loss: 0.0008
1531 Epoch [70/70], Iteration [7/21], Loss: 0.0005
1532 Epoch [70/70], Iteration [8/21], Loss: 0.0008
1533 Epoch [70/70], Iteration [9/21], Loss: 0.0002
1534 Epoch [70/70], Iteration [10/21], Loss: 0.0013
1535 Epoch [70/70], Iteration [11/21], Loss: 0.0019
1536 Epoch [70/70], Iteration [12/21], Loss: 0.0004
1537 Epoch [70/70], Iteration [13/21], Loss: 0.0001
1538 Epoch [70/70], Iteration [14/21], Loss: 0.0002
1539 Epoch [70/70], Iteration [15/21], Loss: 0.0003
1540 Epoch [70/70], Iteration [16/21], Loss: 0.0002
1541 Epoch [70/70], Iteration [17/21], Loss: 0.0014
1542 Epoch [70/70], Iteration [18/21], Loss: 0.0002
1543 Epoch [70/70], Iteration [19/21], Loss: 0.0002
1544 Epoch [70/70], Iteration [20/21], Loss: 0.0006
1545 Epoch [70/70], Iteration [21/21], Loss: 0.0830
1546 Accuracy: 0.97
1547 Training complete
1548 [SwanLab-INFO]:        The current experiment ResNet50_2024-01-22_20-58-34 has been completed, SwanLab will close it automatically
