1 [SwanLab-WARNING]:     An error occurred: 
2 [SwanLab-WARNING]:     Error getting branch name: fatal: not a git repository (or any parent up to mount point /root)
Stopping at filesystem boundary (GIT_DISCOVERY_ACROSS_FILESYSTEM not set).

3 [SwanLab-INFO]:        Experiment ResNet50_2024-01-18_15-44-10 has been registered.
4 [SwanLab-INFO]:        Run data will be saved locally in /root/onethingai-tmp/tongue_classification/swanlog/ResNet50_2024-01-18_15-44-10
5 [SwanLab-INFO]:        Experiment_name: ResNet50_2024-01-18_15-44-10
6 [SwanLab-INFO]:        Run `swanlab watch` to view SwanLab Experiment Dashboard
7 Epoch [1/70], Iteration [1/21], Loss: 0.6697
8 Epoch [1/70], Iteration [2/21], Loss: 0.9177
9 Epoch [1/70], Iteration [3/21], Loss: 0.7089
10 Epoch [1/70], Iteration [4/21], Loss: 0.5533
11 Epoch [1/70], Iteration [5/21], Loss: 0.4927
12 Epoch [1/70], Iteration [6/21], Loss: 0.5258
13 Epoch [1/70], Iteration [7/21], Loss: 0.5064
14 Epoch [1/70], Iteration [8/21], Loss: 0.4818
15 Epoch [1/70], Iteration [9/21], Loss: 0.3983
16 Epoch [1/70], Iteration [10/21], Loss: 0.3600
17 Epoch [1/70], Iteration [11/21], Loss: 0.4343
18 Epoch [1/70], Iteration [12/21], Loss: 0.2953
19 Epoch [1/70], Iteration [13/21], Loss: 0.3120
20 Epoch [1/70], Iteration [14/21], Loss: 0.2666
21 Epoch [1/70], Iteration [15/21], Loss: 0.2915
22 Epoch [1/70], Iteration [16/21], Loss: 0.2443
23 Epoch [1/70], Iteration [17/21], Loss: 0.1417
24 Epoch [1/70], Iteration [18/21], Loss: 0.1838
25 Epoch [1/70], Iteration [19/21], Loss: 0.3246
26 Epoch [1/70], Iteration [20/21], Loss: 0.1032
27 Epoch [1/70], Iteration [21/21], Loss: 0.0877
28 Accuracy: 0.52
29 Epoch [2/70], Iteration [1/21], Loss: 0.1069
30 Epoch [2/70], Iteration [2/21], Loss: 0.1964
31 Epoch [2/70], Iteration [3/21], Loss: 0.2486
32 Epoch [2/70], Iteration [4/21], Loss: 0.2494
33 Epoch [2/70], Iteration [5/21], Loss: 0.0995
34 Epoch [2/70], Iteration [6/21], Loss: 0.1525
35 Epoch [2/70], Iteration [7/21], Loss: 0.2983
36 Epoch [2/70], Iteration [8/21], Loss: 0.2293
37 Epoch [2/70], Iteration [9/21], Loss: 0.1113
38 Epoch [2/70], Iteration [10/21], Loss: 0.0908
39 Epoch [2/70], Iteration [11/21], Loss: 0.1769
40 Epoch [2/70], Iteration [12/21], Loss: 0.2152
41 Epoch [2/70], Iteration [13/21], Loss: 0.1707
42 Epoch [2/70], Iteration [14/21], Loss: 0.0906
43 Epoch [2/70], Iteration [15/21], Loss: 0.3022
44 Epoch [2/70], Iteration [16/21], Loss: 0.0954
45 Epoch [2/70], Iteration [17/21], Loss: 0.1470
46 Epoch [2/70], Iteration [18/21], Loss: 0.1363
47 Epoch [2/70], Iteration [19/21], Loss: 0.1620
48 Epoch [2/70], Iteration [20/21], Loss: 0.1542
49 Epoch [2/70], Iteration [21/21], Loss: 0.0538
50 Accuracy: 0.85
51 Epoch [3/70], Iteration [1/21], Loss: 0.1560
52 Epoch [3/70], Iteration [2/21], Loss: 0.1153
53 Epoch [3/70], Iteration [3/21], Loss: 0.1528
54 Epoch [3/70], Iteration [4/21], Loss: 0.1540
55 Epoch [3/70], Iteration [5/21], Loss: 0.1988
56 Epoch [3/70], Iteration [6/21], Loss: 0.1397
57 Epoch [3/70], Iteration [7/21], Loss: 0.1784
58 Epoch [3/70], Iteration [8/21], Loss: 0.1924
59 Epoch [3/70], Iteration [9/21], Loss: 0.1399
60 Epoch [3/70], Iteration [10/21], Loss: 0.2266
61 Epoch [3/70], Iteration [11/21], Loss: 0.0647
62 Epoch [3/70], Iteration [12/21], Loss: 0.1191
63 Epoch [3/70], Iteration [13/21], Loss: 0.0765
64 Epoch [3/70], Iteration [14/21], Loss: 0.0498
65 Epoch [3/70], Iteration [15/21], Loss: 0.1691
66 Epoch [3/70], Iteration [16/21], Loss: 0.1331
67 Epoch [3/70], Iteration [17/21], Loss: 0.1056
68 Epoch [3/70], Iteration [18/21], Loss: 0.2326
69 Epoch [3/70], Iteration [19/21], Loss: 0.2172
70 Epoch [3/70], Iteration [20/21], Loss: 0.0809
71 Epoch [3/70], Iteration [21/21], Loss: 0.0670
72 Accuracy: 0.92
73 Epoch [4/70], Iteration [1/21], Loss: 0.0992
74 Epoch [4/70], Iteration [2/21], Loss: 0.2114
75 Epoch [4/70], Iteration [3/21], Loss: 0.1025
76 Epoch [4/70], Iteration [4/21], Loss: 0.1130
77 Epoch [4/70], Iteration [5/21], Loss: 0.0838
78 Epoch [4/70], Iteration [6/21], Loss: 0.1484
79 Epoch [4/70], Iteration [7/21], Loss: 0.0769
80 Epoch [4/70], Iteration [8/21], Loss: 0.1059
81 Epoch [4/70], Iteration [9/21], Loss: 0.1561
82 Epoch [4/70], Iteration [10/21], Loss: 0.1205
83 Epoch [4/70], Iteration [11/21], Loss: 0.2108
84 Epoch [4/70], Iteration [12/21], Loss: 0.0789
85 Epoch [4/70], Iteration [13/21], Loss: 0.2136
86 Epoch [4/70], Iteration [14/21], Loss: 0.1920
87 Epoch [4/70], Iteration [15/21], Loss: 0.1499
88 Epoch [4/70], Iteration [16/21], Loss: 0.0780
89 Epoch [4/70], Iteration [17/21], Loss: 0.1515
90 Epoch [4/70], Iteration [18/21], Loss: 0.2737
91 Epoch [4/70], Iteration [19/21], Loss: 0.0936
92 Epoch [4/70], Iteration [20/21], Loss: 0.3184
93 Epoch [4/70], Iteration [21/21], Loss: 0.3265
94 Accuracy: 0.58
95 Epoch [5/70], Iteration [1/21], Loss: 0.1322
96 Epoch [5/70], Iteration [2/21], Loss: 0.1527
97 Epoch [5/70], Iteration [3/21], Loss: 0.0605
98 Epoch [5/70], Iteration [4/21], Loss: 0.3085
99 Epoch [5/70], Iteration [5/21], Loss: 0.2410
100 Epoch [5/70], Iteration [6/21], Loss: 0.4463
101 Epoch [5/70], Iteration [7/21], Loss: 0.4359
102 Epoch [5/70], Iteration [8/21], Loss: 0.1128
103 Epoch [5/70], Iteration [9/21], Loss: 0.0783
104 Epoch [5/70], Iteration [10/21], Loss: 0.1186
105 Epoch [5/70], Iteration [11/21], Loss: 0.3761
106 Epoch [5/70], Iteration [12/21], Loss: 0.2080
107 Epoch [5/70], Iteration [13/21], Loss: 0.2395
108 Epoch [5/70], Iteration [14/21], Loss: 0.1738
109 Epoch [5/70], Iteration [15/21], Loss: 0.0586
110 Epoch [5/70], Iteration [16/21], Loss: 0.1124
111 Epoch [5/70], Iteration [17/21], Loss: 0.0478
112 Epoch [5/70], Iteration [18/21], Loss: 0.0744
113 Epoch [5/70], Iteration [19/21], Loss: 0.1598
114 Epoch [5/70], Iteration [20/21], Loss: 0.1428
115 Epoch [5/70], Iteration [21/21], Loss: 0.2951
116 Accuracy: 0.83
117 Epoch [6/70], Iteration [1/21], Loss: 0.1722
118 Epoch [6/70], Iteration [2/21], Loss: 0.0928
119 Epoch [6/70], Iteration [3/21], Loss: 0.3338
120 Epoch [6/70], Iteration [4/21], Loss: 0.2033
121 Epoch [6/70], Iteration [5/21], Loss: 0.2507
122 Epoch [6/70], Iteration [6/21], Loss: 0.1202
123 Epoch [6/70], Iteration [7/21], Loss: 0.1265
124 Epoch [6/70], Iteration [8/21], Loss: 0.2548
125 Epoch [6/70], Iteration [9/21], Loss: 0.1769
126 Epoch [6/70], Iteration [10/21], Loss: 0.1073
127 Epoch [6/70], Iteration [11/21], Loss: 0.2305
128 Epoch [6/70], Iteration [12/21], Loss: 0.1291
129 Epoch [6/70], Iteration [13/21], Loss: 0.1697
130 Epoch [6/70], Iteration [14/21], Loss: 0.1194
131 Epoch [6/70], Iteration [15/21], Loss: 0.1812
132 Epoch [6/70], Iteration [16/21], Loss: 0.1853
133 Epoch [6/70], Iteration [17/21], Loss: 0.2252
134 Epoch [6/70], Iteration [18/21], Loss: 0.0624
135 Epoch [6/70], Iteration [19/21], Loss: 0.1164
136 Epoch [6/70], Iteration [20/21], Loss: 0.0639
137 Epoch [6/70], Iteration [21/21], Loss: 0.0311
138 Accuracy: 0.94
139 Epoch [7/70], Iteration [1/21], Loss: 0.0991
140 Epoch [7/70], Iteration [2/21], Loss: 0.0799
141 Epoch [7/70], Iteration [3/21], Loss: 0.1262
142 Epoch [7/70], Iteration [4/21], Loss: 0.1348
143 Epoch [7/70], Iteration [5/21], Loss: 0.1069
144 Epoch [7/70], Iteration [6/21], Loss: 0.0994
145 Epoch [7/70], Iteration [7/21], Loss: 0.0823
146 Epoch [7/70], Iteration [8/21], Loss: 0.1134
147 Epoch [7/70], Iteration [9/21], Loss: 0.1273
148 Epoch [7/70], Iteration [10/21], Loss: 0.0952
149 Epoch [7/70], Iteration [11/21], Loss: 0.0456
150 Epoch [7/70], Iteration [12/21], Loss: 0.0404
151 Epoch [7/70], Iteration [13/21], Loss: 0.1249
152 Epoch [7/70], Iteration [14/21], Loss: 0.2674
153 Epoch [7/70], Iteration [15/21], Loss: 0.0390
154 Epoch [7/70], Iteration [16/21], Loss: 0.1609
155 Epoch [7/70], Iteration [17/21], Loss: 0.0948
156 Epoch [7/70], Iteration [18/21], Loss: 0.2975
157 Epoch [7/70], Iteration [19/21], Loss: 0.0172
158 Epoch [7/70], Iteration [20/21], Loss: 0.2391
159 Epoch [7/70], Iteration [21/21], Loss: 0.0560
160 Accuracy: 0.92
161 Epoch [8/70], Iteration [1/21], Loss: 0.0219
162 Epoch [8/70], Iteration [2/21], Loss: 0.0886
163 Epoch [8/70], Iteration [3/21], Loss: 0.0186
164 Epoch [8/70], Iteration [4/21], Loss: 0.0465
165 Epoch [8/70], Iteration [5/21], Loss: 0.2293
166 Epoch [8/70], Iteration [6/21], Loss: 0.1078
167 Epoch [8/70], Iteration [7/21], Loss: 0.0562
168 Epoch [8/70], Iteration [8/21], Loss: 0.0695
169 Epoch [8/70], Iteration [9/21], Loss: 0.4385
170 Epoch [8/70], Iteration [10/21], Loss: 0.1174
171 Epoch [8/70], Iteration [11/21], Loss: 0.0934
172 Epoch [8/70], Iteration [12/21], Loss: 0.1659
173 Epoch [8/70], Iteration [13/21], Loss: 0.2821
174 Epoch [8/70], Iteration [14/21], Loss: 0.2042
175 Epoch [8/70], Iteration [15/21], Loss: 0.0721
176 Epoch [8/70], Iteration [16/21], Loss: 0.1863
177 Epoch [8/70], Iteration [17/21], Loss: 0.1352
178 Epoch [8/70], Iteration [18/21], Loss: 0.2438
179 Epoch [8/70], Iteration [19/21], Loss: 0.1884
180 Epoch [8/70], Iteration [20/21], Loss: 0.2086
181 Epoch [8/70], Iteration [21/21], Loss: 0.0249
182 Accuracy: 0.80
183 Epoch [9/70], Iteration [1/21], Loss: 0.0990
184 Epoch [9/70], Iteration [2/21], Loss: 0.0216
185 Epoch [9/70], Iteration [3/21], Loss: 0.1190
186 Epoch [9/70], Iteration [4/21], Loss: 0.0548
187 Epoch [9/70], Iteration [5/21], Loss: 0.2987
188 Epoch [9/70], Iteration [6/21], Loss: 0.2228
189 Epoch [9/70], Iteration [7/21], Loss: 0.0862
190 Epoch [9/70], Iteration [8/21], Loss: 0.2331
191 Epoch [9/70], Iteration [9/21], Loss: 0.1851
192 Epoch [9/70], Iteration [10/21], Loss: 0.0669
193 Epoch [9/70], Iteration [11/21], Loss: 0.0237
194 Epoch [9/70], Iteration [12/21], Loss: 0.0156
195 Epoch [9/70], Iteration [13/21], Loss: 0.1821
196 Epoch [9/70], Iteration [14/21], Loss: 0.1219
197 Epoch [9/70], Iteration [15/21], Loss: 0.0259
198 Epoch [9/70], Iteration [16/21], Loss: 0.0189
199 Epoch [9/70], Iteration [17/21], Loss: 0.0403
200 Epoch [9/70], Iteration [18/21], Loss: 0.0946
201 Epoch [9/70], Iteration [19/21], Loss: 0.0527
202 Epoch [9/70], Iteration [20/21], Loss: 0.1315
203 Epoch [9/70], Iteration [21/21], Loss: 0.0303
204 Accuracy: 0.95
205 Epoch [10/70], Iteration [1/21], Loss: 0.1075
206 Epoch [10/70], Iteration [2/21], Loss: 0.0317
207 Epoch [10/70], Iteration [3/21], Loss: 0.0838
208 Epoch [10/70], Iteration [4/21], Loss: 0.0519
209 Epoch [10/70], Iteration [5/21], Loss: 0.0200
210 Epoch [10/70], Iteration [6/21], Loss: 0.0136
211 Epoch [10/70], Iteration [7/21], Loss: 0.0151
212 Epoch [10/70], Iteration [8/21], Loss: 0.0905
213 Epoch [10/70], Iteration [9/21], Loss: 0.1624
214 Epoch [10/70], Iteration [10/21], Loss: 0.0447
215 Epoch [10/70], Iteration [11/21], Loss: 0.0308
216 Epoch [10/70], Iteration [12/21], Loss: 0.0132
217 Epoch [10/70], Iteration [13/21], Loss: 0.0801
218 Epoch [10/70], Iteration [14/21], Loss: 0.0174
219 Epoch [10/70], Iteration [15/21], Loss: 0.0700
220 Epoch [10/70], Iteration [16/21], Loss: 0.0438
221 Epoch [10/70], Iteration [17/21], Loss: 0.0357
222 Epoch [10/70], Iteration [18/21], Loss: 0.0283
223 Epoch [10/70], Iteration [19/21], Loss: 0.0759
224 Epoch [10/70], Iteration [20/21], Loss: 0.0945
225 Epoch [10/70], Iteration [21/21], Loss: 0.2009
226 Accuracy: 0.89
227 Epoch [11/70], Iteration [1/21], Loss: 0.0966
228 Epoch [11/70], Iteration [2/21], Loss: 0.0636
229 Epoch [11/70], Iteration [3/21], Loss: 0.1940
230 Epoch [11/70], Iteration [4/21], Loss: 0.0469
231 Epoch [11/70], Iteration [5/21], Loss: 0.2207
232 Epoch [11/70], Iteration [6/21], Loss: 0.0978
233 Epoch [11/70], Iteration [7/21], Loss: 0.0398
234 Epoch [11/70], Iteration [8/21], Loss: 0.0717
235 Epoch [11/70], Iteration [9/21], Loss: 0.0479
236 Epoch [11/70], Iteration [10/21], Loss: 0.3953
237 Epoch [11/70], Iteration [11/21], Loss: 0.0689
238 Epoch [11/70], Iteration [12/21], Loss: 0.4044
239 Epoch [11/70], Iteration [13/21], Loss: 0.1990
240 Epoch [11/70], Iteration [14/21], Loss: 0.1198
241 Epoch [11/70], Iteration [15/21], Loss: 0.0652
242 Epoch [11/70], Iteration [16/21], Loss: 0.1486
243 Epoch [11/70], Iteration [17/21], Loss: 0.0879
244 Epoch [11/70], Iteration [18/21], Loss: 0.0712
245 Epoch [11/70], Iteration [19/21], Loss: 0.0544
246 Epoch [11/70], Iteration [20/21], Loss: 0.1686
247 Epoch [11/70], Iteration [21/21], Loss: 0.2713
248 Accuracy: 0.88
249 Epoch [12/70], Iteration [1/21], Loss: 0.0844
250 Epoch [12/70], Iteration [2/21], Loss: 0.0801
251 Epoch [12/70], Iteration [3/21], Loss: 0.0387
252 Epoch [12/70], Iteration [4/21], Loss: 0.2504
253 Epoch [12/70], Iteration [5/21], Loss: 0.1700
254 Epoch [12/70], Iteration [6/21], Loss: 0.0891
255 Epoch [12/70], Iteration [7/21], Loss: 0.2739
256 Epoch [12/70], Iteration [8/21], Loss: 0.0767
257 Epoch [12/70], Iteration [9/21], Loss: 0.1257
258 Epoch [12/70], Iteration [10/21], Loss: 0.0513
259 Epoch [12/70], Iteration [11/21], Loss: 0.1584
260 Epoch [12/70], Iteration [12/21], Loss: 0.0908
261 Epoch [12/70], Iteration [13/21], Loss: 0.1515
262 Epoch [12/70], Iteration [14/21], Loss: 0.1276
263 Epoch [12/70], Iteration [15/21], Loss: 0.0882
264 Epoch [12/70], Iteration [16/21], Loss: 0.0229
265 Epoch [12/70], Iteration [17/21], Loss: 0.0661
266 Epoch [12/70], Iteration [18/21], Loss: 0.0149
267 Epoch [12/70], Iteration [19/21], Loss: 0.0547
268 Epoch [12/70], Iteration [20/21], Loss: 0.0999
269 Epoch [12/70], Iteration [21/21], Loss: 0.0098
270 Accuracy: 0.92
271 Epoch [13/70], Iteration [1/21], Loss: 0.1042
272 Epoch [13/70], Iteration [2/21], Loss: 0.0505
273 Epoch [13/70], Iteration [3/21], Loss: 0.0686
274 Epoch [13/70], Iteration [4/21], Loss: 0.1054
275 Epoch [13/70], Iteration [5/21], Loss: 0.0596
276 Epoch [13/70], Iteration [6/21], Loss: 0.0396
277 Epoch [13/70], Iteration [7/21], Loss: 0.0265
278 Epoch [13/70], Iteration [8/21], Loss: 0.0607
279 Epoch [13/70], Iteration [9/21], Loss: 0.1075
280 Epoch [13/70], Iteration [10/21], Loss: 0.0442
281 Epoch [13/70], Iteration [11/21], Loss: 0.0660
282 Epoch [13/70], Iteration [12/21], Loss: 0.0339
283 Epoch [13/70], Iteration [13/21], Loss: 0.1007
284 Epoch [13/70], Iteration [14/21], Loss: 0.1021
285 Epoch [13/70], Iteration [15/21], Loss: 0.1055
286 Epoch [13/70], Iteration [16/21], Loss: 0.1351
287 Epoch [13/70], Iteration [17/21], Loss: 0.0404
288 Epoch [13/70], Iteration [18/21], Loss: 0.0390
289 Epoch [13/70], Iteration [19/21], Loss: 0.0244
290 Epoch [13/70], Iteration [20/21], Loss: 0.1842
291 Epoch [13/70], Iteration [21/21], Loss: 2.9639
292 Accuracy: 0.92
293 Epoch [14/70], Iteration [1/21], Loss: 0.0193
294 Epoch [14/70], Iteration [2/21], Loss: 0.0434
295 Epoch [14/70], Iteration [3/21], Loss: 0.2613
296 Epoch [14/70], Iteration [4/21], Loss: 0.1300
297 Epoch [14/70], Iteration [5/21], Loss: 0.1327
298 Epoch [14/70], Iteration [6/21], Loss: 0.2615
299 Epoch [14/70], Iteration [7/21], Loss: 0.1525
300 Epoch [14/70], Iteration [8/21], Loss: 0.3152
301 Epoch [14/70], Iteration [9/21], Loss: 0.1529
302 Epoch [14/70], Iteration [10/21], Loss: 0.1979
303 Epoch [14/70], Iteration [11/21], Loss: 0.1123
304 Epoch [14/70], Iteration [12/21], Loss: 0.1297
305 Epoch [14/70], Iteration [13/21], Loss: 0.0939
306 Epoch [14/70], Iteration [14/21], Loss: 0.6093
307 Epoch [14/70], Iteration [15/21], Loss: 0.4670
308 Epoch [14/70], Iteration [16/21], Loss: 0.1630
309 Epoch [14/70], Iteration [17/21], Loss: 0.0857
310 Epoch [14/70], Iteration [18/21], Loss: 0.1494
311 Epoch [14/70], Iteration [19/21], Loss: 0.1075
312 Epoch [14/70], Iteration [20/21], Loss: 0.1454
313 Epoch [14/70], Iteration [21/21], Loss: 0.0896
314 Accuracy: 0.85
315 Epoch [15/70], Iteration [1/21], Loss: 0.1204
316 Epoch [15/70], Iteration [2/21], Loss: 0.0525
317 Epoch [15/70], Iteration [3/21], Loss: 0.0904
318 Epoch [15/70], Iteration [4/21], Loss: 0.0956
319 Epoch [15/70], Iteration [5/21], Loss: 0.1102
320 Epoch [15/70], Iteration [6/21], Loss: 0.1618
321 Epoch [15/70], Iteration [7/21], Loss: 0.0715
322 Epoch [15/70], Iteration [8/21], Loss: 0.0682
323 Epoch [15/70], Iteration [9/21], Loss: 0.1363
324 Epoch [15/70], Iteration [10/21], Loss: 0.2266
325 Epoch [15/70], Iteration [11/21], Loss: 0.1172
326 Epoch [15/70], Iteration [12/21], Loss: 0.0730
327 Epoch [15/70], Iteration [13/21], Loss: 0.1025
328 Epoch [15/70], Iteration [14/21], Loss: 0.1339
329 Epoch [15/70], Iteration [15/21], Loss: 0.0901
330 Epoch [15/70], Iteration [16/21], Loss: 0.0573
331 Epoch [15/70], Iteration [17/21], Loss: 0.2085
332 Epoch [15/70], Iteration [18/21], Loss: 0.1183
333 Epoch [15/70], Iteration [19/21], Loss: 0.1381
334 Epoch [15/70], Iteration [20/21], Loss: 0.0567
335 Epoch [15/70], Iteration [21/21], Loss: 0.0934
336 Accuracy: 0.91
337 Epoch [16/70], Iteration [1/21], Loss: 0.0332
338 Epoch [16/70], Iteration [2/21], Loss: 0.1426
339 Epoch [16/70], Iteration [3/21], Loss: 0.0509
340 Epoch [16/70], Iteration [4/21], Loss: 0.0163
341 Epoch [16/70], Iteration [5/21], Loss: 0.1265
342 Epoch [16/70], Iteration [6/21], Loss: 0.0303
343 Epoch [16/70], Iteration [7/21], Loss: 0.0401
344 Epoch [16/70], Iteration [8/21], Loss: 0.1514
345 Epoch [16/70], Iteration [9/21], Loss: 0.0920
346 Epoch [16/70], Iteration [10/21], Loss: 0.1817
347 Epoch [16/70], Iteration [11/21], Loss: 0.0682
348 Epoch [16/70], Iteration [12/21], Loss: 0.0506
349 Epoch [16/70], Iteration [13/21], Loss: 0.0268
350 Epoch [16/70], Iteration [14/21], Loss: 0.0531
351 Epoch [16/70], Iteration [15/21], Loss: 0.0840
352 Epoch [16/70], Iteration [16/21], Loss: 0.0781
353 Epoch [16/70], Iteration [17/21], Loss: 0.2196
354 Epoch [16/70], Iteration [18/21], Loss: 0.0779
355 Epoch [16/70], Iteration [19/21], Loss: 0.1562
356 Epoch [16/70], Iteration [20/21], Loss: 0.0602
357 Epoch [16/70], Iteration [21/21], Loss: 0.0232
358 Accuracy: 0.95
359 Epoch [17/70], Iteration [1/21], Loss: 0.0335
360 Epoch [17/70], Iteration [2/21], Loss: 0.0113
361 Epoch [17/70], Iteration [3/21], Loss: 0.0278
362 Epoch [17/70], Iteration [4/21], Loss: 0.0100
363 Epoch [17/70], Iteration [5/21], Loss: 0.0355
364 Epoch [17/70], Iteration [6/21], Loss: 0.0368
365 Epoch [17/70], Iteration [7/21], Loss: 0.0529
366 Epoch [17/70], Iteration [8/21], Loss: 0.0184
367 Epoch [17/70], Iteration [9/21], Loss: 0.1556
368 Epoch [17/70], Iteration [10/21], Loss: 0.0252
369 Epoch [17/70], Iteration [11/21], Loss: 0.0323
370 Epoch [17/70], Iteration [12/21], Loss: 0.1608
371 Epoch [17/70], Iteration [13/21], Loss: 0.0578
372 Epoch [17/70], Iteration [14/21], Loss: 0.0688
373 Epoch [17/70], Iteration [15/21], Loss: 0.0632
374 Epoch [17/70], Iteration [16/21], Loss: 0.0401
375 Epoch [17/70], Iteration [17/21], Loss: 0.0372
376 Epoch [17/70], Iteration [18/21], Loss: 0.0392
377 Epoch [17/70], Iteration [19/21], Loss: 0.0498
378 Epoch [17/70], Iteration [20/21], Loss: 0.0096
379 Epoch [17/70], Iteration [21/21], Loss: 0.4039
380 Accuracy: 0.95
381 Epoch [18/70], Iteration [1/21], Loss: 0.0174
382 Epoch [18/70], Iteration [2/21], Loss: 0.0593
383 Epoch [18/70], Iteration [3/21], Loss: 0.1554
384 Epoch [18/70], Iteration [4/21], Loss: 0.1580
385 Epoch [18/70], Iteration [5/21], Loss: 0.0731
386 Epoch [18/70], Iteration [6/21], Loss: 0.0508
387 Epoch [18/70], Iteration [7/21], Loss: 0.1206
388 Epoch [18/70], Iteration [8/21], Loss: 0.0497
389 Epoch [18/70], Iteration [9/21], Loss: 0.0736
390 Epoch [18/70], Iteration [10/21], Loss: 0.1029
391 Epoch [18/70], Iteration [11/21], Loss: 0.1642
392 Epoch [18/70], Iteration [12/21], Loss: 0.0729
393 Epoch [18/70], Iteration [13/21], Loss: 0.2760
394 Epoch [18/70], Iteration [14/21], Loss: 0.2039
395 Epoch [18/70], Iteration [15/21], Loss: 0.0326
396 Epoch [18/70], Iteration [16/21], Loss: 0.0335
397 Epoch [18/70], Iteration [17/21], Loss: 0.0497
398 Epoch [18/70], Iteration [18/21], Loss: 0.2715
399 Epoch [18/70], Iteration [19/21], Loss: 0.1700
400 Epoch [18/70], Iteration [20/21], Loss: 0.0750
401 Epoch [18/70], Iteration [21/21], Loss: 1.3398
402 Accuracy: 0.60
403 Epoch [19/70], Iteration [1/21], Loss: 0.0511
404 Epoch [19/70], Iteration [2/21], Loss: 0.0989
405 Epoch [19/70], Iteration [3/21], Loss: 0.1054
406 Epoch [19/70], Iteration [4/21], Loss: 0.0918
407 Epoch [19/70], Iteration [5/21], Loss: 0.1330
408 Epoch [19/70], Iteration [6/21], Loss: 0.1611
409 Epoch [19/70], Iteration [7/21], Loss: 0.2431
410 Epoch [19/70], Iteration [8/21], Loss: 0.0630
411 Epoch [19/70], Iteration [9/21], Loss: 0.0246
412 Epoch [19/70], Iteration [10/21], Loss: 0.1399
413 Epoch [19/70], Iteration [11/21], Loss: 0.0654
414 Epoch [19/70], Iteration [12/21], Loss: 0.0998
415 Epoch [19/70], Iteration [13/21], Loss: 0.1881
416 Epoch [19/70], Iteration [14/21], Loss: 0.0922
417 Epoch [19/70], Iteration [15/21], Loss: 0.1250
418 Epoch [19/70], Iteration [16/21], Loss: 0.0792
419 Epoch [19/70], Iteration [17/21], Loss: 0.1092
420 Epoch [19/70], Iteration [18/21], Loss: 0.1236
421 Epoch [19/70], Iteration [19/21], Loss: 0.1344
422 Epoch [19/70], Iteration [20/21], Loss: 0.1149
423 Epoch [19/70], Iteration [21/21], Loss: 0.0513
424 Accuracy: 0.81
425 Epoch [20/70], Iteration [1/21], Loss: 0.1036
426 Epoch [20/70], Iteration [2/21], Loss: 0.1370
427 Epoch [20/70], Iteration [3/21], Loss: 0.0281
428 Epoch [20/70], Iteration [4/21], Loss: 0.0237
429 Epoch [20/70], Iteration [5/21], Loss: 0.0292
430 Epoch [20/70], Iteration [6/21], Loss: 0.0514
431 Epoch [20/70], Iteration [7/21], Loss: 0.0566
432 Epoch [20/70], Iteration [8/21], Loss: 0.1080
433 Epoch [20/70], Iteration [9/21], Loss: 0.0483
434 Epoch [20/70], Iteration [10/21], Loss: 0.0307
435 Epoch [20/70], Iteration [11/21], Loss: 0.0743
436 Epoch [20/70], Iteration [12/21], Loss: 0.0367
437 Epoch [20/70], Iteration [13/21], Loss: 0.0964
438 Epoch [20/70], Iteration [14/21], Loss: 0.0913
439 Epoch [20/70], Iteration [15/21], Loss: 0.0469
440 Epoch [20/70], Iteration [16/21], Loss: 0.0764
441 Epoch [20/70], Iteration [17/21], Loss: 0.0209
442 Epoch [20/70], Iteration [18/21], Loss: 0.0238
443 Epoch [20/70], Iteration [19/21], Loss: 0.0417
444 Epoch [20/70], Iteration [20/21], Loss: 0.0800
445 Epoch [20/70], Iteration [21/21], Loss: 0.6415
446 Accuracy: 0.91
447 Epoch [21/70], Iteration [1/21], Loss: 0.1092
448 Epoch [21/70], Iteration [2/21], Loss: 0.2539
449 Epoch [21/70], Iteration [3/21], Loss: 0.2743
450 Epoch [21/70], Iteration [4/21], Loss: 0.1920
451 Epoch [21/70], Iteration [5/21], Loss: 0.1730
452 Epoch [21/70], Iteration [6/21], Loss: 0.0343
453 Epoch [21/70], Iteration [7/21], Loss: 0.0379
454 Epoch [21/70], Iteration [8/21], Loss: 0.0665
455 Epoch [21/70], Iteration [9/21], Loss: 0.0397
456 Epoch [21/70], Iteration [10/21], Loss: 0.1329
457 Epoch [21/70], Iteration [11/21], Loss: 0.1357
458 Epoch [21/70], Iteration [12/21], Loss: 0.2995
459 Epoch [21/70], Iteration [13/21], Loss: 0.1388
460 Epoch [21/70], Iteration [14/21], Loss: 0.2133
461 Epoch [21/70], Iteration [15/21], Loss: 0.0400
462 Epoch [21/70], Iteration [16/21], Loss: 0.1801
463 Epoch [21/70], Iteration [17/21], Loss: 0.1245
464 Epoch [21/70], Iteration [18/21], Loss: 0.1917
465 Epoch [21/70], Iteration [19/21], Loss: 0.0524
466 Epoch [21/70], Iteration [20/21], Loss: 0.1244
467 Epoch [21/70], Iteration [21/21], Loss: 0.5794
468 Accuracy: 0.89
469 Epoch [22/70], Iteration [1/21], Loss: 0.1233
470 Epoch [22/70], Iteration [2/21], Loss: 0.1031
471 Epoch [22/70], Iteration [3/21], Loss: 0.1794
472 Epoch [22/70], Iteration [4/21], Loss: 0.1635
473 Epoch [22/70], Iteration [5/21], Loss: 0.0774
474 Epoch [22/70], Iteration [6/21], Loss: 0.1249
475 Epoch [22/70], Iteration [7/21], Loss: 0.1293
476 Epoch [22/70], Iteration [8/21], Loss: 0.1048
477 Epoch [22/70], Iteration [9/21], Loss: 0.2186
478 Epoch [22/70], Iteration [10/21], Loss: 0.0654
479 Epoch [22/70], Iteration [11/21], Loss: 0.2393
480 Epoch [22/70], Iteration [12/21], Loss: 0.2436
481 Epoch [22/70], Iteration [13/21], Loss: 0.1152
482 Epoch [22/70], Iteration [14/21], Loss: 0.0630
483 Epoch [22/70], Iteration [15/21], Loss: 0.0730
484 Epoch [22/70], Iteration [16/21], Loss: 0.0776
485 Epoch [22/70], Iteration [17/21], Loss: 0.0625
486 Epoch [22/70], Iteration [18/21], Loss: 0.0926
487 Epoch [22/70], Iteration [19/21], Loss: 0.1445
488 Epoch [22/70], Iteration [20/21], Loss: 0.1349
489 Epoch [22/70], Iteration [21/21], Loss: 1.5999
490 Accuracy: 0.94
491 Epoch [23/70], Iteration [1/21], Loss: 0.1339
492 Epoch [23/70], Iteration [2/21], Loss: 0.1179
493 Epoch [23/70], Iteration [3/21], Loss: 0.0617
494 Epoch [23/70], Iteration [4/21], Loss: 0.1437
495 Epoch [23/70], Iteration [5/21], Loss: 0.1788
496 Epoch [23/70], Iteration [6/21], Loss: 0.2240
497 Epoch [23/70], Iteration [7/21], Loss: 0.1530
498 Epoch [23/70], Iteration [8/21], Loss: 0.1336
499 Epoch [23/70], Iteration [9/21], Loss: 0.1641
500 Epoch [23/70], Iteration [10/21], Loss: 0.0944
501 Epoch [23/70], Iteration [11/21], Loss: 0.0870
502 Epoch [23/70], Iteration [12/21], Loss: 0.0809
503 Epoch [23/70], Iteration [13/21], Loss: 0.0331
504 Epoch [23/70], Iteration [14/21], Loss: 0.0532
505 Epoch [23/70], Iteration [15/21], Loss: 0.0956
506 Epoch [23/70], Iteration [16/21], Loss: 0.0784
507 Epoch [23/70], Iteration [17/21], Loss: 0.0529
508 Epoch [23/70], Iteration [18/21], Loss: 0.3099
509 Epoch [23/70], Iteration [19/21], Loss: 0.0687
510 Epoch [23/70], Iteration [20/21], Loss: 0.1937
511 Epoch [23/70], Iteration [21/21], Loss: 0.3608
512 Accuracy: 0.96
513 Epoch [24/70], Iteration [1/21], Loss: 0.1139
514 Epoch [24/70], Iteration [2/21], Loss: 0.0451
515 Epoch [24/70], Iteration [3/21], Loss: 0.1256
516 Epoch [24/70], Iteration [4/21], Loss: 0.0773
517 Epoch [24/70], Iteration [5/21], Loss: 0.0320
518 Epoch [24/70], Iteration [6/21], Loss: 0.0577
519 Epoch [24/70], Iteration [7/21], Loss: 0.0522
520 Epoch [24/70], Iteration [8/21], Loss: 0.0624
521 Epoch [24/70], Iteration [9/21], Loss: 0.1468
522 Epoch [24/70], Iteration [10/21], Loss: 0.1211
523 Epoch [24/70], Iteration [11/21], Loss: 0.1159
524 Epoch [24/70], Iteration [12/21], Loss: 0.0870
525 Epoch [24/70], Iteration [13/21], Loss: 0.0500
526 Epoch [24/70], Iteration [14/21], Loss: 0.0694
527 Epoch [24/70], Iteration [15/21], Loss: 0.0374
528 Epoch [24/70], Iteration [16/21], Loss: 0.1450
529 Epoch [24/70], Iteration [17/21], Loss: 0.0083
530 Epoch [24/70], Iteration [18/21], Loss: 0.0706
531 Epoch [24/70], Iteration [19/21], Loss: 0.0181
532 Epoch [24/70], Iteration [20/21], Loss: 0.1000
533 Epoch [24/70], Iteration [21/21], Loss: 0.0714
534 Accuracy: 0.93
535 Epoch [25/70], Iteration [1/21], Loss: 0.0153
536 Epoch [25/70], Iteration [2/21], Loss: 0.0312
537 Epoch [25/70], Iteration [3/21], Loss: 0.0954
538 Epoch [25/70], Iteration [4/21], Loss: 0.1114
539 Epoch [25/70], Iteration [5/21], Loss: 0.2323
540 Epoch [25/70], Iteration [6/21], Loss: 0.0873
541 Epoch [25/70], Iteration [7/21], Loss: 0.1046
542 Epoch [25/70], Iteration [8/21], Loss: 0.0767
543 Epoch [25/70], Iteration [9/21], Loss: 0.0677
544 Epoch [25/70], Iteration [10/21], Loss: 0.1585
545 Epoch [25/70], Iteration [11/21], Loss: 0.0271
546 Epoch [25/70], Iteration [12/21], Loss: 0.1126
547 Epoch [25/70], Iteration [13/21], Loss: 0.0347
548 Epoch [25/70], Iteration [14/21], Loss: 0.0704
549 Epoch [25/70], Iteration [15/21], Loss: 0.0823
550 Epoch [25/70], Iteration [16/21], Loss: 0.1039
551 Epoch [25/70], Iteration [17/21], Loss: 0.0251
552 Epoch [25/70], Iteration [18/21], Loss: 0.0405
553 Epoch [25/70], Iteration [19/21], Loss: 0.1281
554 Epoch [25/70], Iteration [20/21], Loss: 0.0336
555 Epoch [25/70], Iteration [21/21], Loss: 0.0819
556 Accuracy: 0.97
557 Epoch [26/70], Iteration [1/21], Loss: 0.0146
558 Epoch [26/70], Iteration [2/21], Loss: 0.0117
559 Epoch [26/70], Iteration [3/21], Loss: 0.0105
560 Epoch [26/70], Iteration [4/21], Loss: 0.1185
561 Epoch [26/70], Iteration [5/21], Loss: 0.0685
562 Epoch [26/70], Iteration [6/21], Loss: 0.0661
563 Epoch [26/70], Iteration [7/21], Loss: 0.0106
564 Epoch [26/70], Iteration [8/21], Loss: 0.0201
565 Epoch [26/70], Iteration [9/21], Loss: 0.0895
566 Epoch [26/70], Iteration [10/21], Loss: 0.0567
567 Epoch [26/70], Iteration [11/21], Loss: 0.0113
568 Epoch [26/70], Iteration [12/21], Loss: 0.0212
569 Epoch [26/70], Iteration [13/21], Loss: 0.0066
570 Epoch [26/70], Iteration [14/21], Loss: 0.0595
571 Epoch [26/70], Iteration [15/21], Loss: 0.0306
572 Epoch [26/70], Iteration [16/21], Loss: 0.0095
573 Epoch [26/70], Iteration [17/21], Loss: 0.1000
574 Epoch [26/70], Iteration [18/21], Loss: 0.0282
575 Epoch [26/70], Iteration [19/21], Loss: 0.0768
576 Epoch [26/70], Iteration [20/21], Loss: 0.0181
577 Epoch [26/70], Iteration [21/21], Loss: 0.0004
578 Accuracy: 0.95
579 Epoch [27/70], Iteration [1/21], Loss: 0.0077
580 Epoch [27/70], Iteration [2/21], Loss: 0.0418
581 Epoch [27/70], Iteration [3/21], Loss: 0.0103
582 Epoch [27/70], Iteration [4/21], Loss: 0.0072
583 Epoch [27/70], Iteration [5/21], Loss: 0.0172
584 Epoch [27/70], Iteration [6/21], Loss: 0.0113
585 Epoch [27/70], Iteration [7/21], Loss: 0.0479
586 Epoch [27/70], Iteration [8/21], Loss: 0.0102
587 Epoch [27/70], Iteration [9/21], Loss: 0.0178
588 Epoch [27/70], Iteration [10/21], Loss: 0.0363
589 Epoch [27/70], Iteration [11/21], Loss: 0.0201
590 Epoch [27/70], Iteration [12/21], Loss: 0.0435
591 Epoch [27/70], Iteration [13/21], Loss: 0.0067
592 Epoch [27/70], Iteration [14/21], Loss: 0.0206
593 Epoch [27/70], Iteration [15/21], Loss: 0.0116
594 Epoch [27/70], Iteration [16/21], Loss: 0.0146
595 Epoch [27/70], Iteration [17/21], Loss: 0.1084
596 Epoch [27/70], Iteration [18/21], Loss: 0.0043
597 Epoch [27/70], Iteration [19/21], Loss: 0.0392
598 Epoch [27/70], Iteration [20/21], Loss: 0.0122
599 Epoch [27/70], Iteration [21/21], Loss: 1.5663
600 Accuracy: 0.95
601 Epoch [28/70], Iteration [1/21], Loss: 0.0044
602 Epoch [28/70], Iteration [2/21], Loss: 0.0254
603 Epoch [28/70], Iteration [3/21], Loss: 0.2413
604 Epoch [28/70], Iteration [4/21], Loss: 0.2445
605 Epoch [28/70], Iteration [5/21], Loss: 0.3591
606 Epoch [28/70], Iteration [6/21], Loss: 0.2154
607 Epoch [28/70], Iteration [7/21], Loss: 0.0922
608 Epoch [28/70], Iteration [8/21], Loss: 0.0455
609 Epoch [28/70], Iteration [9/21], Loss: 0.1079
610 Epoch [28/70], Iteration [10/21], Loss: 0.0992
611 Epoch [28/70], Iteration [11/21], Loss: 0.0581
612 Epoch [28/70], Iteration [12/21], Loss: 0.1016
613 Epoch [28/70], Iteration [13/21], Loss: 0.0822
614 Epoch [28/70], Iteration [14/21], Loss: 0.0505
615 Epoch [28/70], Iteration [15/21], Loss: 0.0896
616 Epoch [28/70], Iteration [16/21], Loss: 0.1205
617 Epoch [28/70], Iteration [17/21], Loss: 0.0437
618 Epoch [28/70], Iteration [18/21], Loss: 0.1013
619 Epoch [28/70], Iteration [19/21], Loss: 0.1163
620 Epoch [28/70], Iteration [20/21], Loss: 0.0770
621 Epoch [28/70], Iteration [21/21], Loss: 0.0065
622 Accuracy: 0.93
623 Epoch [29/70], Iteration [1/21], Loss: 0.0779
624 Epoch [29/70], Iteration [2/21], Loss: 0.0350
625 Epoch [29/70], Iteration [3/21], Loss: 0.0280
626 Epoch [29/70], Iteration [4/21], Loss: 0.1732
627 Epoch [29/70], Iteration [5/21], Loss: 0.0992
628 Epoch [29/70], Iteration [6/21], Loss: 0.0378
629 Epoch [29/70], Iteration [7/21], Loss: 0.0533
630 Epoch [29/70], Iteration [8/21], Loss: 0.0117
631 Epoch [29/70], Iteration [9/21], Loss: 0.0326
632 Epoch [29/70], Iteration [10/21], Loss: 0.0402
633 Epoch [29/70], Iteration [11/21], Loss: 0.0064
634 Epoch [29/70], Iteration [12/21], Loss: 0.0365
635 Epoch [29/70], Iteration [13/21], Loss: 0.0488
636 Epoch [29/70], Iteration [14/21], Loss: 0.0559
637 Epoch [29/70], Iteration [15/21], Loss: 0.0728
638 Epoch [29/70], Iteration [16/21], Loss: 0.0651
639 Epoch [29/70], Iteration [17/21], Loss: 0.0233
640 Epoch [29/70], Iteration [18/21], Loss: 0.0126
641 Epoch [29/70], Iteration [19/21], Loss: 0.0709
642 Epoch [29/70], Iteration [20/21], Loss: 0.0280
643 Epoch [29/70], Iteration [21/21], Loss: 0.0427
644 Accuracy: 0.96
645 Epoch [30/70], Iteration [1/21], Loss: 0.0259
646 Epoch [30/70], Iteration [2/21], Loss: 0.0128
647 Epoch [30/70], Iteration [3/21], Loss: 0.0390
648 Epoch [30/70], Iteration [4/21], Loss: 0.0635
649 Epoch [30/70], Iteration [5/21], Loss: 0.0832
650 Epoch [30/70], Iteration [6/21], Loss: 0.0144
651 Epoch [30/70], Iteration [7/21], Loss: 0.0092
652 Epoch [30/70], Iteration [8/21], Loss: 0.0134
653 Epoch [30/70], Iteration [9/21], Loss: 0.0202
654 Epoch [30/70], Iteration [10/21], Loss: 0.0524
655 Epoch [30/70], Iteration [11/21], Loss: 0.0258
656 Epoch [30/70], Iteration [12/21], Loss: 0.0343
657 Epoch [30/70], Iteration [13/21], Loss: 0.0081
658 Epoch [30/70], Iteration [14/21], Loss: 0.0047
659 Epoch [30/70], Iteration [15/21], Loss: 0.0329
660 Epoch [30/70], Iteration [16/21], Loss: 0.1318
661 Epoch [30/70], Iteration [17/21], Loss: 0.0700
662 Epoch [30/70], Iteration [18/21], Loss: 0.0040
663 Epoch [30/70], Iteration [19/21], Loss: 0.0136
664 Epoch [30/70], Iteration [20/21], Loss: 0.0118
665 Epoch [30/70], Iteration [21/21], Loss: 1.9801
666 Accuracy: 0.97
667 Epoch [31/70], Iteration [1/21], Loss: 0.1146
668 Epoch [31/70], Iteration [2/21], Loss: 0.0256
669 Epoch [31/70], Iteration [3/21], Loss: 0.0703
670 Epoch [31/70], Iteration [4/21], Loss: 0.2043
671 Epoch [31/70], Iteration [5/21], Loss: 0.0926
672 Epoch [31/70], Iteration [6/21], Loss: 0.2435
673 Epoch [31/70], Iteration [7/21], Loss: 0.0892
674 Epoch [31/70], Iteration [8/21], Loss: 0.1826
675 Epoch [31/70], Iteration [9/21], Loss: 0.0877
676 Epoch [31/70], Iteration [10/21], Loss: 0.0330
677 Epoch [31/70], Iteration [11/21], Loss: 0.0858
678 Epoch [31/70], Iteration [12/21], Loss: 0.0360
679 Epoch [31/70], Iteration [13/21], Loss: 0.0872
680 Epoch [31/70], Iteration [14/21], Loss: 0.1624
681 Epoch [31/70], Iteration [15/21], Loss: 0.1028
682 Epoch [31/70], Iteration [16/21], Loss: 0.1197
683 Epoch [31/70], Iteration [17/21], Loss: 0.1104
684 Epoch [31/70], Iteration [18/21], Loss: 0.0630
685 Epoch [31/70], Iteration [19/21], Loss: 0.1033
686 Epoch [31/70], Iteration [20/21], Loss: 0.0298
687 Epoch [31/70], Iteration [21/21], Loss: 0.0187
688 Accuracy: 0.94
689 Epoch [32/70], Iteration [1/21], Loss: 0.0516
690 Epoch [32/70], Iteration [2/21], Loss: 0.0349
691 Epoch [32/70], Iteration [3/21], Loss: 0.0581
692 Epoch [32/70], Iteration [4/21], Loss: 0.0053
693 Epoch [32/70], Iteration [5/21], Loss: 0.0430
694 Epoch [32/70], Iteration [6/21], Loss: 0.0520
695 Epoch [32/70], Iteration [7/21], Loss: 0.0119
696 Epoch [32/70], Iteration [8/21], Loss: 0.0999
697 Epoch [32/70], Iteration [9/21], Loss: 0.0278
698 Epoch [32/70], Iteration [10/21], Loss: 0.0173
699 Epoch [32/70], Iteration [11/21], Loss: 0.0445
700 Epoch [32/70], Iteration [12/21], Loss: 0.0286
701 Epoch [32/70], Iteration [13/21], Loss: 0.1807
702 Epoch [32/70], Iteration [14/21], Loss: 0.0550
703 Epoch [32/70], Iteration [15/21], Loss: 0.0636
704 Epoch [32/70], Iteration [16/21], Loss: 0.0293
705 Epoch [32/70], Iteration [17/21], Loss: 0.1250
706 Epoch [32/70], Iteration [18/21], Loss: 0.0225
707 Epoch [32/70], Iteration [19/21], Loss: 0.0394
708 Epoch [32/70], Iteration [20/21], Loss: 0.0155
709 Epoch [32/70], Iteration [21/21], Loss: 0.6987
710 Accuracy: 0.96
711 Epoch [33/70], Iteration [1/21], Loss: 0.0953
712 Epoch [33/70], Iteration [2/21], Loss: 0.0435
713 Epoch [33/70], Iteration [3/21], Loss: 0.1166
714 Epoch [33/70], Iteration [4/21], Loss: 0.3679
715 Epoch [33/70], Iteration [5/21], Loss: 0.2902
716 Epoch [33/70], Iteration [6/21], Loss: 0.1318
717 Epoch [33/70], Iteration [7/21], Loss: 0.0130
718 Epoch [33/70], Iteration [8/21], Loss: 0.0344
719 Epoch [33/70], Iteration [9/21], Loss: 0.0186
720 Epoch [33/70], Iteration [10/21], Loss: 0.1124
721 Epoch [33/70], Iteration [11/21], Loss: 0.1512
722 Epoch [33/70], Iteration [12/21], Loss: 0.1801
723 Epoch [33/70], Iteration [13/21], Loss: 0.0359
724 Epoch [33/70], Iteration [14/21], Loss: 0.1873
725 Epoch [33/70], Iteration [15/21], Loss: 0.0769
726 Epoch [33/70], Iteration [16/21], Loss: 0.0066
727 Epoch [33/70], Iteration [17/21], Loss: 0.1015
728 Epoch [33/70], Iteration [18/21], Loss: 0.2005
729 Epoch [33/70], Iteration [19/21], Loss: 0.1087
730 Epoch [33/70], Iteration [20/21], Loss: 0.0524
731 Epoch [33/70], Iteration [21/21], Loss: 0.0096
732 Accuracy: 0.96
733 Epoch [34/70], Iteration [1/21], Loss: 0.0240
734 Epoch [34/70], Iteration [2/21], Loss: 0.0104
735 Epoch [34/70], Iteration [3/21], Loss: 0.0784
736 Epoch [34/70], Iteration [4/21], Loss: 0.0706
737 Epoch [34/70], Iteration [5/21], Loss: 0.0461
738 Epoch [34/70], Iteration [6/21], Loss: 0.0731
739 Epoch [34/70], Iteration [7/21], Loss: 0.0866
740 Epoch [34/70], Iteration [8/21], Loss: 0.1040
741 Epoch [34/70], Iteration [9/21], Loss: 0.0774
742 Epoch [34/70], Iteration [10/21], Loss: 0.1135
743 Epoch [34/70], Iteration [11/21], Loss: 0.0800
744 Epoch [34/70], Iteration [12/21], Loss: 0.0523
745 Epoch [34/70], Iteration [13/21], Loss: 0.0156
746 Epoch [34/70], Iteration [14/21], Loss: 0.0103
747 Epoch [34/70], Iteration [15/21], Loss: 0.1123
748 Epoch [34/70], Iteration [16/21], Loss: 0.0485
749 Epoch [34/70], Iteration [17/21], Loss: 0.0284
750 Epoch [34/70], Iteration [18/21], Loss: 0.0493
751 Epoch [34/70], Iteration [19/21], Loss: 0.1791
752 Epoch [34/70], Iteration [20/21], Loss: 0.0518
753 Epoch [34/70], Iteration [21/21], Loss: 0.8916
754 Accuracy: 0.96
755 Epoch [35/70], Iteration [1/21], Loss: 0.0086
756 Epoch [35/70], Iteration [2/21], Loss: 0.1180
757 Epoch [35/70], Iteration [3/21], Loss: 0.0255
758 Epoch [35/70], Iteration [4/21], Loss: 0.0656
759 Epoch [35/70], Iteration [5/21], Loss: 0.0440
760 Epoch [35/70], Iteration [6/21], Loss: 0.1028
761 Epoch [35/70], Iteration [7/21], Loss: 0.0288
762 Epoch [35/70], Iteration [8/21], Loss: 0.1064
763 Epoch [35/70], Iteration [9/21], Loss: 0.0944
764 Epoch [35/70], Iteration [10/21], Loss: 0.0579
765 Epoch [35/70], Iteration [11/21], Loss: 0.1225
766 Epoch [35/70], Iteration [12/21], Loss: 0.1790
767 Epoch [35/70], Iteration [13/21], Loss: 0.0800
768 Epoch [35/70], Iteration [14/21], Loss: 0.1177
769 Epoch [35/70], Iteration [15/21], Loss: 0.1784
770 Epoch [35/70], Iteration [16/21], Loss: 0.0705
771 Epoch [35/70], Iteration [17/21], Loss: 0.0401
772 Epoch [35/70], Iteration [18/21], Loss: 0.0175
773 Epoch [35/70], Iteration [19/21], Loss: 0.0375
774 Epoch [35/70], Iteration [20/21], Loss: 0.1182
775 Epoch [35/70], Iteration [21/21], Loss: 1.1333
776 Accuracy: 0.96
777 Epoch [36/70], Iteration [1/21], Loss: 0.0308
778 Epoch [36/70], Iteration [2/21], Loss: 0.0725
779 Epoch [36/70], Iteration [3/21], Loss: 0.0506
780 Epoch [36/70], Iteration [4/21], Loss: 0.1899
781 Epoch [36/70], Iteration [5/21], Loss: 0.2501
782 Epoch [36/70], Iteration [6/21], Loss: 0.3315
783 Epoch [36/70], Iteration [7/21], Loss: 0.0566
784 Epoch [36/70], Iteration [8/21], Loss: 0.2301
785 Epoch [36/70], Iteration [9/21], Loss: 0.1437
786 Epoch [36/70], Iteration [10/21], Loss: 0.1625
787 Epoch [36/70], Iteration [11/21], Loss: 0.0710
788 Epoch [36/70], Iteration [12/21], Loss: 0.0655
789 Epoch [36/70], Iteration [13/21], Loss: 0.0525
790 Epoch [36/70], Iteration [14/21], Loss: 0.2207
791 Epoch [36/70], Iteration [15/21], Loss: 0.0903
792 Epoch [36/70], Iteration [16/21], Loss: 0.1538
793 Epoch [36/70], Iteration [17/21], Loss: 0.1770
794 Epoch [36/70], Iteration [18/21], Loss: 0.2310
795 Epoch [36/70], Iteration [19/21], Loss: 0.0361
796 Epoch [36/70], Iteration [20/21], Loss: 0.0455
797 Epoch [36/70], Iteration [21/21], Loss: 0.7099
798 Accuracy: 0.87
799 Epoch [37/70], Iteration [1/21], Loss: 0.0227
800 Epoch [37/70], Iteration [2/21], Loss: 0.1036
801 Epoch [37/70], Iteration [3/21], Loss: 0.0360
802 Epoch [37/70], Iteration [4/21], Loss: 0.0969
803 Epoch [37/70], Iteration [5/21], Loss: 0.1144
804 Epoch [37/70], Iteration [6/21], Loss: 0.0178
805 Epoch [37/70], Iteration [7/21], Loss: 0.2134
806 Epoch [37/70], Iteration [8/21], Loss: 0.1039
807 Epoch [37/70], Iteration [9/21], Loss: 0.2306
808 Epoch [37/70], Iteration [10/21], Loss: 0.1618
809 Epoch [37/70], Iteration [11/21], Loss: 0.0755
810 Epoch [37/70], Iteration [12/21], Loss: 0.2349
811 Epoch [37/70], Iteration [13/21], Loss: 0.1113
812 Epoch [37/70], Iteration [14/21], Loss: 0.0204
813 Epoch [37/70], Iteration [15/21], Loss: 0.0286
814 Epoch [37/70], Iteration [16/21], Loss: 0.0839
815 Epoch [37/70], Iteration [17/21], Loss: 0.0528
816 Epoch [37/70], Iteration [18/21], Loss: 0.1689
817 Epoch [37/70], Iteration [19/21], Loss: 0.1261
818 Epoch [37/70], Iteration [20/21], Loss: 0.2020
819 Epoch [37/70], Iteration [21/21], Loss: 0.0531
820 Accuracy: 0.94
821 Epoch [38/70], Iteration [1/21], Loss: 0.0448
822 Epoch [38/70], Iteration [2/21], Loss: 0.0306
823 Epoch [38/70], Iteration [3/21], Loss: 0.0846
824 Epoch [38/70], Iteration [4/21], Loss: 0.0751
825 Epoch [38/70], Iteration [5/21], Loss: 0.0900
826 Epoch [38/70], Iteration [6/21], Loss: 0.0111
827 Epoch [38/70], Iteration [7/21], Loss: 0.0416
828 Epoch [38/70], Iteration [8/21], Loss: 0.0509
829 Epoch [38/70], Iteration [9/21], Loss: 0.0586
830 Epoch [38/70], Iteration [10/21], Loss: 0.0562
831 Epoch [38/70], Iteration [11/21], Loss: 0.0630
832 Epoch [38/70], Iteration [12/21], Loss: 0.0137
833 Epoch [38/70], Iteration [13/21], Loss: 0.1183
834 Epoch [38/70], Iteration [14/21], Loss: 0.0158
835 Epoch [38/70], Iteration [15/21], Loss: 0.0462
836 Epoch [38/70], Iteration [16/21], Loss: 0.0326
837 Epoch [38/70], Iteration [17/21], Loss: 0.0900
838 Epoch [38/70], Iteration [18/21], Loss: 0.0715
839 Epoch [38/70], Iteration [19/21], Loss: 0.0333
840 Epoch [38/70], Iteration [20/21], Loss: 0.0152
841 Epoch [38/70], Iteration [21/21], Loss: 0.0153
842 Accuracy: 0.96
843 Epoch [39/70], Iteration [1/21], Loss: 0.0144
844 Epoch [39/70], Iteration [2/21], Loss: 0.0110
845 Epoch [39/70], Iteration [3/21], Loss: 0.0111
846 Epoch [39/70], Iteration [4/21], Loss: 0.1028
847 Epoch [39/70], Iteration [5/21], Loss: 0.0300
848 Epoch [39/70], Iteration [6/21], Loss: 0.0210
849 Epoch [39/70], Iteration [7/21], Loss: 0.0064
850 Epoch [39/70], Iteration [8/21], Loss: 0.0205
851 Epoch [39/70], Iteration [9/21], Loss: 0.0297
852 Epoch [39/70], Iteration [10/21], Loss: 0.0198
853 Epoch [39/70], Iteration [11/21], Loss: 0.0399
854 Epoch [39/70], Iteration [12/21], Loss: 0.0112
855 Epoch [39/70], Iteration [13/21], Loss: 0.0131
856 Epoch [39/70], Iteration [14/21], Loss: 0.0094
857 Epoch [39/70], Iteration [15/21], Loss: 0.0265
858 Epoch [39/70], Iteration [16/21], Loss: 0.0148
859 Epoch [39/70], Iteration [17/21], Loss: 0.0117
860 Epoch [39/70], Iteration [18/21], Loss: 0.0153
861 Epoch [39/70], Iteration [19/21], Loss: 0.0447
862 Epoch [39/70], Iteration [20/21], Loss: 0.0049
863 Epoch [39/70], Iteration [21/21], Loss: 1.2219
864 Accuracy: 0.96
865 Epoch [40/70], Iteration [1/21], Loss: 0.0062
866 Epoch [40/70], Iteration [2/21], Loss: 0.0050
867 Epoch [40/70], Iteration [3/21], Loss: 0.0294
868 Epoch [40/70], Iteration [4/21], Loss: 0.0142
869 Epoch [40/70], Iteration [5/21], Loss: 0.0184
870 Epoch [40/70], Iteration [6/21], Loss: 0.0587
871 Epoch [40/70], Iteration [7/21], Loss: 0.0094
872 Epoch [40/70], Iteration [8/21], Loss: 0.0356
873 Epoch [40/70], Iteration [9/21], Loss: 0.0737
874 Epoch [40/70], Iteration [10/21], Loss: 0.0488
875 Epoch [40/70], Iteration [11/21], Loss: 0.0069
876 Epoch [40/70], Iteration [12/21], Loss: 0.0391
877 Epoch [40/70], Iteration [13/21], Loss: 0.1586
878 Epoch [40/70], Iteration [14/21], Loss: 0.0350
879 Epoch [40/70], Iteration [15/21], Loss: 0.0249
880 Epoch [40/70], Iteration [16/21], Loss: 0.1770
881 Epoch [40/70], Iteration [17/21], Loss: 0.0199
882 Epoch [40/70], Iteration [18/21], Loss: 0.2339
883 Epoch [40/70], Iteration [19/21], Loss: 0.0362
884 Epoch [40/70], Iteration [20/21], Loss: 0.0157
885 Epoch [40/70], Iteration [21/21], Loss: 0.1238
886 Accuracy: 0.96
887 Epoch [41/70], Iteration [1/21], Loss: 0.0398
888 Epoch [41/70], Iteration [2/21], Loss: 0.0586
889 Epoch [41/70], Iteration [3/21], Loss: 0.0783
890 Epoch [41/70], Iteration [4/21], Loss: 0.0279
891 Epoch [41/70], Iteration [5/21], Loss: 0.0057
892 Epoch [41/70], Iteration [6/21], Loss: 0.0083
893 Epoch [41/70], Iteration [7/21], Loss: 0.0267
894 Epoch [41/70], Iteration [8/21], Loss: 0.0215
895 Epoch [41/70], Iteration [9/21], Loss: 0.0116
896 Epoch [41/70], Iteration [10/21], Loss: 0.0822
897 Epoch [41/70], Iteration [11/21], Loss: 0.1130
898 Epoch [41/70], Iteration [12/21], Loss: 0.0619
899 Epoch [41/70], Iteration [13/21], Loss: 0.0390
900 Epoch [41/70], Iteration [14/21], Loss: 0.0999
901 Epoch [41/70], Iteration [15/21], Loss: 0.0068
902 Epoch [41/70], Iteration [16/21], Loss: 0.0156
903 Epoch [41/70], Iteration [17/21], Loss: 0.0122
904 Epoch [41/70], Iteration [18/21], Loss: 0.0073
905 Epoch [41/70], Iteration [19/21], Loss: 0.0247
906 Epoch [41/70], Iteration [20/21], Loss: 0.0718
907 Epoch [41/70], Iteration [21/21], Loss: 0.1910
908 Accuracy: 0.95
909 Epoch [42/70], Iteration [1/21], Loss: 0.0567
910 Epoch [42/70], Iteration [2/21], Loss: 0.0171
911 Epoch [42/70], Iteration [3/21], Loss: 0.0039
912 Epoch [42/70], Iteration [4/21], Loss: 0.0054
913 Epoch [42/70], Iteration [5/21], Loss: 0.0267
914 Epoch [42/70], Iteration [6/21], Loss: 0.0307
915 Epoch [42/70], Iteration [7/21], Loss: 0.0383
916 Epoch [42/70], Iteration [8/21], Loss: 0.0257
917 Epoch [42/70], Iteration [9/21], Loss: 0.0210
918 Epoch [42/70], Iteration [10/21], Loss: 0.0274
919 Epoch [42/70], Iteration [11/21], Loss: 0.0042
920 Epoch [42/70], Iteration [12/21], Loss: 0.0043
921 Epoch [42/70], Iteration [13/21], Loss: 0.0242
922 Epoch [42/70], Iteration [14/21], Loss: 0.0142
923 Epoch [42/70], Iteration [15/21], Loss: 0.0082
924 Epoch [42/70], Iteration [16/21], Loss: 0.0063
925 Epoch [42/70], Iteration [17/21], Loss: 0.0069
926 Epoch [42/70], Iteration [18/21], Loss: 0.0323
927 Epoch [42/70], Iteration [19/21], Loss: 0.0183
928 Epoch [42/70], Iteration [20/21], Loss: 0.0326
929 Epoch [42/70], Iteration [21/21], Loss: 0.8870
930 Accuracy: 0.95
931 Epoch [43/70], Iteration [1/21], Loss: 0.0111
932 Epoch [43/70], Iteration [2/21], Loss: 0.0675
933 Epoch [43/70], Iteration [3/21], Loss: 0.1251
934 Epoch [43/70], Iteration [4/21], Loss: 0.2424
935 Epoch [43/70], Iteration [5/21], Loss: 0.1979
936 Epoch [43/70], Iteration [6/21], Loss: 0.2129
937 Epoch [43/70], Iteration [7/21], Loss: 0.1059
938 Epoch [43/70], Iteration [8/21], Loss: 0.0753
939 Epoch [43/70], Iteration [9/21], Loss: 0.2276
940 Epoch [43/70], Iteration [10/21], Loss: 0.0410
941 Epoch [43/70], Iteration [11/21], Loss: 0.0823
942 Epoch [43/70], Iteration [12/21], Loss: 0.0613
943 Epoch [43/70], Iteration [13/21], Loss: 0.1141
944 Epoch [43/70], Iteration [14/21], Loss: 0.0393
945 Epoch [43/70], Iteration [15/21], Loss: 0.0858
946 Epoch [43/70], Iteration [16/21], Loss: 0.1438
947 Epoch [43/70], Iteration [17/21], Loss: 0.0286
948 Epoch [43/70], Iteration [18/21], Loss: 0.0238
949 Epoch [43/70], Iteration [19/21], Loss: 0.1422
950 Epoch [43/70], Iteration [20/21], Loss: 0.0039
951 Epoch [43/70], Iteration [21/21], Loss: 0.4469
952 Accuracy: 0.95
953 Epoch [44/70], Iteration [1/21], Loss: 0.0129
954 Epoch [44/70], Iteration [2/21], Loss: 0.4003
955 Epoch [44/70], Iteration [3/21], Loss: 0.1593
956 Epoch [44/70], Iteration [4/21], Loss: 0.4201
957 Epoch [44/70], Iteration [5/21], Loss: 0.1786
958 Epoch [44/70], Iteration [6/21], Loss: 0.1861
959 Epoch [44/70], Iteration [7/21], Loss: 0.1350
960 Epoch [44/70], Iteration [8/21], Loss: 0.0882
961 Epoch [44/70], Iteration [9/21], Loss: 0.1884
962 Epoch [44/70], Iteration [10/21], Loss: 0.0532
963 Epoch [44/70], Iteration [11/21], Loss: 0.1026
964 Epoch [44/70], Iteration [12/21], Loss: 0.1230
965 Epoch [44/70], Iteration [13/21], Loss: 0.1686
966 Epoch [44/70], Iteration [14/21], Loss: 0.1547
967 Epoch [44/70], Iteration [15/21], Loss: 0.1246
968 Epoch [44/70], Iteration [16/21], Loss: 0.0949
969 Epoch [44/70], Iteration [17/21], Loss: 0.0926
970 Epoch [44/70], Iteration [18/21], Loss: 0.2531
971 Epoch [44/70], Iteration [19/21], Loss: 0.0949
972 Epoch [44/70], Iteration [20/21], Loss: 0.1872
973 Epoch [44/70], Iteration [21/21], Loss: 2.5275
974 Accuracy: 0.95
975 Epoch [45/70], Iteration [1/21], Loss: 0.0792
976 Epoch [45/70], Iteration [2/21], Loss: 0.0696
977 Epoch [45/70], Iteration [3/21], Loss: 0.1353
978 Epoch [45/70], Iteration [4/21], Loss: 0.1088
979 Epoch [45/70], Iteration [5/21], Loss: 0.1183
980 Epoch [45/70], Iteration [6/21], Loss: 0.1198
981 Epoch [45/70], Iteration [7/21], Loss: 0.1267
982 Epoch [45/70], Iteration [8/21], Loss: 0.1557
983 Epoch [45/70], Iteration [9/21], Loss: 0.1599
984 Epoch [45/70], Iteration [10/21], Loss: 0.1056
985 Epoch [45/70], Iteration [11/21], Loss: 0.1021
986 Epoch [45/70], Iteration [12/21], Loss: 0.1298
987 Epoch [45/70], Iteration [13/21], Loss: 0.1467
988 Epoch [45/70], Iteration [14/21], Loss: 0.0500
989 Epoch [45/70], Iteration [15/21], Loss: 0.0453
990 Epoch [45/70], Iteration [16/21], Loss: 0.0408
991 Epoch [45/70], Iteration [17/21], Loss: 0.0486
992 Epoch [45/70], Iteration [18/21], Loss: 0.0633
993 Epoch [45/70], Iteration [19/21], Loss: 0.1685
994 Epoch [45/70], Iteration [20/21], Loss: 0.0139
995 Epoch [45/70], Iteration [21/21], Loss: 0.7005
996 Accuracy: 0.96
997 Epoch [46/70], Iteration [1/21], Loss: 0.1449
998 Epoch [46/70], Iteration [2/21], Loss: 0.0251
999 Epoch [46/70], Iteration [3/21], Loss: 0.0260
1000 Epoch [46/70], Iteration [4/21], Loss: 0.1241
1001 Epoch [46/70], Iteration [5/21], Loss: 0.0518
1002 Epoch [46/70], Iteration [6/21], Loss: 0.1036
1003 Epoch [46/70], Iteration [7/21], Loss: 0.0518
1004 Epoch [46/70], Iteration [8/21], Loss: 0.0579
1005 Epoch [46/70], Iteration [9/21], Loss: 0.0870
1006 Epoch [46/70], Iteration [10/21], Loss: 0.0975
1007 Epoch [46/70], Iteration [11/21], Loss: 0.0400
1008 Epoch [46/70], Iteration [12/21], Loss: 0.0807
1009 Epoch [46/70], Iteration [13/21], Loss: 0.0427
1010 Epoch [46/70], Iteration [14/21], Loss: 0.0228
1011 Epoch [46/70], Iteration [15/21], Loss: 0.0190
1012 Epoch [46/70], Iteration [16/21], Loss: 0.0350
1013 Epoch [46/70], Iteration [17/21], Loss: 0.0423
1014 Epoch [46/70], Iteration [18/21], Loss: 0.0460
1015 Epoch [46/70], Iteration [19/21], Loss: 0.0376
1016 Epoch [46/70], Iteration [20/21], Loss: 0.0525
1017 Epoch [46/70], Iteration [21/21], Loss: 0.8707
1018 Accuracy: 0.96
1019 Epoch [47/70], Iteration [1/21], Loss: 0.0161
1020 Epoch [47/70], Iteration [2/21], Loss: 0.0326
1021 Epoch [47/70], Iteration [3/21], Loss: 0.0287
1022 Epoch [47/70], Iteration [4/21], Loss: 0.0967
1023 Epoch [47/70], Iteration [5/21], Loss: 0.0870
1024 Epoch [47/70], Iteration [6/21], Loss: 0.1403
1025 Epoch [47/70], Iteration [7/21], Loss: 0.1910
1026 Epoch [47/70], Iteration [8/21], Loss: 0.0706
1027 Epoch [47/70], Iteration [9/21], Loss: 0.0431
1028 Epoch [47/70], Iteration [10/21], Loss: 0.0788
1029 Epoch [47/70], Iteration [11/21], Loss: 0.0256
1030 Epoch [47/70], Iteration [12/21], Loss: 0.0473
1031 Epoch [47/70], Iteration [13/21], Loss: 0.0169
1032 Epoch [47/70], Iteration [14/21], Loss: 0.0290
1033 Epoch [47/70], Iteration [15/21], Loss: 0.0503
1034 Epoch [47/70], Iteration [16/21], Loss: 0.0355
1035 Epoch [47/70], Iteration [17/21], Loss: 0.0582
1036 Epoch [47/70], Iteration [18/21], Loss: 0.0724
1037 Epoch [47/70], Iteration [19/21], Loss: 0.0268
1038 Epoch [47/70], Iteration [20/21], Loss: 0.0244
1039 Epoch [47/70], Iteration [21/21], Loss: 0.5913
1040 Accuracy: 0.96
1041 Epoch [48/70], Iteration [1/21], Loss: 0.0285
1042 Epoch [48/70], Iteration [2/21], Loss: 0.0184
1043 Epoch [48/70], Iteration [3/21], Loss: 0.0845
1044 Epoch [48/70], Iteration [4/21], Loss: 0.0575
1045 Epoch [48/70], Iteration [5/21], Loss: 0.0354
1046 Epoch [48/70], Iteration [6/21], Loss: 0.0432
1047 Epoch [48/70], Iteration [7/21], Loss: 0.0580
1048 Epoch [48/70], Iteration [8/21], Loss: 0.0548
1049 Epoch [48/70], Iteration [9/21], Loss: 0.0727
1050 Epoch [48/70], Iteration [10/21], Loss: 0.1924
1051 Epoch [48/70], Iteration [11/21], Loss: 0.0934
1052 Epoch [48/70], Iteration [12/21], Loss: 0.1588
1053 Epoch [48/70], Iteration [13/21], Loss: 0.1260
1054 Epoch [48/70], Iteration [14/21], Loss: 0.0313
1055 Epoch [48/70], Iteration [15/21], Loss: 0.0685
1056 Epoch [48/70], Iteration [16/21], Loss: 0.0630
1057 Epoch [48/70], Iteration [17/21], Loss: 0.1143
1058 Epoch [48/70], Iteration [18/21], Loss: 0.2591
1059 Epoch [48/70], Iteration [19/21], Loss: 0.0301
1060 Epoch [48/70], Iteration [20/21], Loss: 0.1000
1061 Epoch [48/70], Iteration [21/21], Loss: 0.0017
1062 Accuracy: 0.96
1063 Epoch [49/70], Iteration [1/21], Loss: 0.0167
1064 Epoch [49/70], Iteration [2/21], Loss: 0.1088
1065 Epoch [49/70], Iteration [3/21], Loss: 0.0544
1066 Epoch [49/70], Iteration [4/21], Loss: 0.0645
1067 Epoch [49/70], Iteration [5/21], Loss: 0.0106
1068 Epoch [49/70], Iteration [6/21], Loss: 0.0885
1069 Epoch [49/70], Iteration [7/21], Loss: 0.0219
1070 Epoch [49/70], Iteration [8/21], Loss: 0.0427
1071 Epoch [49/70], Iteration [9/21], Loss: 0.0887
1072 Epoch [49/70], Iteration [10/21], Loss: 0.0334
1073 Epoch [49/70], Iteration [11/21], Loss: 0.0377
1074 Epoch [49/70], Iteration [12/21], Loss: 0.0746
1075 Epoch [49/70], Iteration [13/21], Loss: 0.0898
1076 Epoch [49/70], Iteration [14/21], Loss: 0.0173
1077 Epoch [49/70], Iteration [15/21], Loss: 0.0749
1078 Epoch [49/70], Iteration [16/21], Loss: 0.0158
1079 Epoch [49/70], Iteration [17/21], Loss: 0.0324
1080 Epoch [49/70], Iteration [18/21], Loss: 0.0196
1081 Epoch [49/70], Iteration [19/21], Loss: 0.1837
1082 Epoch [49/70], Iteration [20/21], Loss: 0.1326
1083 Epoch [49/70], Iteration [21/21], Loss: 0.1420
1084 Accuracy: 0.96
1085 Epoch [50/70], Iteration [1/21], Loss: 0.0103
1086 Epoch [50/70], Iteration [2/21], Loss: 0.0323
1087 Epoch [50/70], Iteration [3/21], Loss: 0.0322
1088 Epoch [50/70], Iteration [4/21], Loss: 0.0211
1089 Epoch [50/70], Iteration [5/21], Loss: 0.0273
1090 Epoch [50/70], Iteration [6/21], Loss: 0.0826
1091 Epoch [50/70], Iteration [7/21], Loss: 0.0263
1092 Epoch [50/70], Iteration [8/21], Loss: 0.0600
1093 Epoch [50/70], Iteration [9/21], Loss: 0.0592
1094 Epoch [50/70], Iteration [10/21], Loss: 0.0222
1095 Epoch [50/70], Iteration [11/21], Loss: 0.0366
1096 Epoch [50/70], Iteration [12/21], Loss: 0.0694
1097 Epoch [50/70], Iteration [13/21], Loss: 0.0104
1098 Epoch [50/70], Iteration [14/21], Loss: 0.1174
1099 Epoch [50/70], Iteration [15/21], Loss: 0.0372
1100 Epoch [50/70], Iteration [16/21], Loss: 0.0484
1101 Epoch [50/70], Iteration [17/21], Loss: 0.0727
1102 Epoch [50/70], Iteration [18/21], Loss: 0.0139
1103 Epoch [50/70], Iteration [19/21], Loss: 0.0423
1104 Epoch [50/70], Iteration [20/21], Loss: 0.0049
1105 Epoch [50/70], Iteration [21/21], Loss: 0.0760
1106 Accuracy: 0.97
1107 Epoch [51/70], Iteration [1/21], Loss: 0.0219
1108 Epoch [51/70], Iteration [2/21], Loss: 0.0089
1109 Epoch [51/70], Iteration [3/21], Loss: 0.0094
1110 Epoch [51/70], Iteration [4/21], Loss: 0.0032
1111 Epoch [51/70], Iteration [5/21], Loss: 0.0328
1112 Epoch [51/70], Iteration [6/21], Loss: 0.0056
1113 Epoch [51/70], Iteration [7/21], Loss: 0.0057
1114 Epoch [51/70], Iteration [8/21], Loss: 0.1524
1115 Epoch [51/70], Iteration [9/21], Loss: 0.0238
1116 Epoch [51/70], Iteration [10/21], Loss: 0.0080
1117 Epoch [51/70], Iteration [11/21], Loss: 0.0408
1118 Epoch [51/70], Iteration [12/21], Loss: 0.0075
1119 Epoch [51/70], Iteration [13/21], Loss: 0.0049
1120 Epoch [51/70], Iteration [14/21], Loss: 0.0140
1121 Epoch [51/70], Iteration [15/21], Loss: 0.0102
1122 Epoch [51/70], Iteration [16/21], Loss: 0.0525
1123 Epoch [51/70], Iteration [17/21], Loss: 0.0125
1124 Epoch [51/70], Iteration [18/21], Loss: 0.0565
1125 Epoch [51/70], Iteration [19/21], Loss: 0.0257
1126 Epoch [51/70], Iteration [20/21], Loss: 0.0613
1127 Epoch [51/70], Iteration [21/21], Loss: 0.0009
1128 Accuracy: 0.96
1129 Epoch [52/70], Iteration [1/21], Loss: 0.0028
1130 Epoch [52/70], Iteration [2/21], Loss: 0.0083
1131 Epoch [52/70], Iteration [3/21], Loss: 0.0091
1132 Epoch [52/70], Iteration [4/21], Loss: 0.0159
1133 Epoch [52/70], Iteration [5/21], Loss: 0.1175
1134 Epoch [52/70], Iteration [6/21], Loss: 0.0122
1135 Epoch [52/70], Iteration [7/21], Loss: 0.0055
1136 Epoch [52/70], Iteration [8/21], Loss: 0.0084
1137 Epoch [52/70], Iteration [9/21], Loss: 0.0036
1138 Epoch [52/70], Iteration [10/21], Loss: 0.0283
1139 Epoch [52/70], Iteration [11/21], Loss: 0.0059
1140 Epoch [52/70], Iteration [12/21], Loss: 0.0309
1141 Epoch [52/70], Iteration [13/21], Loss: 0.0320
1142 Epoch [52/70], Iteration [14/21], Loss: 0.0191
1143 Epoch [52/70], Iteration [15/21], Loss: 0.0115
1144 Epoch [52/70], Iteration [16/21], Loss: 0.0050
1145 Epoch [52/70], Iteration [17/21], Loss: 0.0041
1146 Epoch [52/70], Iteration [18/21], Loss: 0.0189
1147 Epoch [52/70], Iteration [19/21], Loss: 0.0065
1148 Epoch [52/70], Iteration [20/21], Loss: 0.0020
1149 Epoch [52/70], Iteration [21/21], Loss: 0.0308
1150 Accuracy: 0.97
1151 Epoch [53/70], Iteration [1/21], Loss: 0.0030
1152 Epoch [53/70], Iteration [2/21], Loss: 0.0028
1153 Epoch [53/70], Iteration [3/21], Loss: 0.0169
1154 Epoch [53/70], Iteration [4/21], Loss: 0.0022
1155 Epoch [53/70], Iteration [5/21], Loss: 0.0031
1156 Epoch [53/70], Iteration [6/21], Loss: 0.0129
1157 Epoch [53/70], Iteration [7/21], Loss: 0.0055
1158 Epoch [53/70], Iteration [8/21], Loss: 0.0095
1159 Epoch [53/70], Iteration [9/21], Loss: 0.0027
1160 Epoch [53/70], Iteration [10/21], Loss: 0.0044
1161 Epoch [53/70], Iteration [11/21], Loss: 0.0051
1162 Epoch [53/70], Iteration [12/21], Loss: 0.0098
1163 Epoch [53/70], Iteration [13/21], Loss: 0.0012
1164 Epoch [53/70], Iteration [14/21], Loss: 0.0100
1165 Epoch [53/70], Iteration [15/21], Loss: 0.0019
1166 Epoch [53/70], Iteration [16/21], Loss: 0.1035
1167 Epoch [53/70], Iteration [17/21], Loss: 0.0016
1168 Epoch [53/70], Iteration [18/21], Loss: 0.0022
1169 Epoch [53/70], Iteration [19/21], Loss: 0.0016
1170 Epoch [53/70], Iteration [20/21], Loss: 0.0038
1171 Epoch [53/70], Iteration [21/21], Loss: 0.5569
1172 Accuracy: 0.96
1173 Epoch [54/70], Iteration [1/21], Loss: 0.0010
1174 Epoch [54/70], Iteration [2/21], Loss: 0.0144
1175 Epoch [54/70], Iteration [3/21], Loss: 0.0129
1176 Epoch [54/70], Iteration [4/21], Loss: 0.0724
1177 Epoch [54/70], Iteration [5/21], Loss: 0.0868
1178 Epoch [54/70], Iteration [6/21], Loss: 0.0870
1179 Epoch [54/70], Iteration [7/21], Loss: 0.1025
1180 Epoch [54/70], Iteration [8/21], Loss: 0.1268
1181 Epoch [54/70], Iteration [9/21], Loss: 0.1053
1182 Epoch [54/70], Iteration [10/21], Loss: 0.0751
1183 Epoch [54/70], Iteration [11/21], Loss: 0.0722
1184 Epoch [54/70], Iteration [12/21], Loss: 0.1067
1185 Epoch [54/70], Iteration [13/21], Loss: 0.0230
1186 Epoch [54/70], Iteration [14/21], Loss: 0.0181
1187 Epoch [54/70], Iteration [15/21], Loss: 0.0445
1188 Epoch [54/70], Iteration [16/21], Loss: 0.0115
1189 Epoch [54/70], Iteration [17/21], Loss: 0.0945
1190 Epoch [54/70], Iteration [18/21], Loss: 0.0711
1191 Epoch [54/70], Iteration [19/21], Loss: 0.1792
1192 Epoch [54/70], Iteration [20/21], Loss: 0.0157
1193 Epoch [54/70], Iteration [21/21], Loss: 0.0180
1194 Accuracy: 0.93
1195 Epoch [55/70], Iteration [1/21], Loss: 0.0260
1196 Epoch [55/70], Iteration [2/21], Loss: 0.0120
1197 Epoch [55/70], Iteration [3/21], Loss: 0.0363
1198 Epoch [55/70], Iteration [4/21], Loss: 0.0614
1199 Epoch [55/70], Iteration [5/21], Loss: 0.0182
1200 Epoch [55/70], Iteration [6/21], Loss: 0.0077
1201 Epoch [55/70], Iteration [7/21], Loss: 0.0220
1202 Epoch [55/70], Iteration [8/21], Loss: 0.0340
1203 Epoch [55/70], Iteration [9/21], Loss: 0.0636
1204 Epoch [55/70], Iteration [10/21], Loss: 0.0339
1205 Epoch [55/70], Iteration [11/21], Loss: 0.0363
1206 Epoch [55/70], Iteration [12/21], Loss: 0.0991
1207 Epoch [55/70], Iteration [13/21], Loss: 0.0263
1208 Epoch [55/70], Iteration [14/21], Loss: 0.0905
1209 Epoch [55/70], Iteration [15/21], Loss: 0.0249
1210 Epoch [55/70], Iteration [16/21], Loss: 0.0147
1211 Epoch [55/70], Iteration [17/21], Loss: 0.0397
1212 Epoch [55/70], Iteration [18/21], Loss: 0.0127
1213 Epoch [55/70], Iteration [19/21], Loss: 0.0186
1214 Epoch [55/70], Iteration [20/21], Loss: 0.0172
1215 Epoch [55/70], Iteration [21/21], Loss: 2.0417
1216 Accuracy: 0.95
1217 Epoch [56/70], Iteration [1/21], Loss: 0.0081
1218 Epoch [56/70], Iteration [2/21], Loss: 0.0353
1219 Epoch [56/70], Iteration [3/21], Loss: 0.1781
1220 Epoch [56/70], Iteration [4/21], Loss: 0.0407
1221 Epoch [56/70], Iteration [5/21], Loss: 0.3021
1222 Epoch [56/70], Iteration [6/21], Loss: 0.0685
1223 Epoch [56/70], Iteration [7/21], Loss: 0.0634
1224 Epoch [56/70], Iteration [8/21], Loss: 0.2452
1225 Epoch [56/70], Iteration [9/21], Loss: 0.1657
1226 Epoch [56/70], Iteration [10/21], Loss: 0.0377
1227 Epoch [56/70], Iteration [11/21], Loss: 0.0497
1228 Epoch [56/70], Iteration [12/21], Loss: 0.0669
1229 Epoch [56/70], Iteration [13/21], Loss: 0.0307
1230 Epoch [56/70], Iteration [14/21], Loss: 0.0429
1231 Epoch [56/70], Iteration [15/21], Loss: 0.0581
1232 Epoch [56/70], Iteration [16/21], Loss: 0.0692
1233 Epoch [56/70], Iteration [17/21], Loss: 0.0260
1234 Epoch [56/70], Iteration [18/21], Loss: 0.0809
1235 Epoch [56/70], Iteration [19/21], Loss: 0.0415
1236 Epoch [56/70], Iteration [20/21], Loss: 0.0780
1237 Epoch [56/70], Iteration [21/21], Loss: 0.0027
1238 Accuracy: 0.96
1239 Epoch [57/70], Iteration [1/21], Loss: 0.1092
1240 Epoch [57/70], Iteration [2/21], Loss: 0.0243
1241 Epoch [57/70], Iteration [3/21], Loss: 0.0876
1242 Epoch [57/70], Iteration [4/21], Loss: 0.0867
1243 Epoch [57/70], Iteration [5/21], Loss: 0.0242
1244 Epoch [57/70], Iteration [6/21], Loss: 0.0153
1245 Epoch [57/70], Iteration [7/21], Loss: 0.0102
1246 Epoch [57/70], Iteration [8/21], Loss: 0.0119
1247 Epoch [57/70], Iteration [9/21], Loss: 0.0666
1248 Epoch [57/70], Iteration [10/21], Loss: 0.0297
1249 Epoch [57/70], Iteration [11/21], Loss: 0.0138
1250 Epoch [57/70], Iteration [12/21], Loss: 0.0210
1251 Epoch [57/70], Iteration [13/21], Loss: 0.0535
1252 Epoch [57/70], Iteration [14/21], Loss: 0.0474
1253 Epoch [57/70], Iteration [15/21], Loss: 0.0299
1254 Epoch [57/70], Iteration [16/21], Loss: 0.0290
1255 Epoch [57/70], Iteration [17/21], Loss: 0.0150
1256 Epoch [57/70], Iteration [18/21], Loss: 0.0395
1257 Epoch [57/70], Iteration [19/21], Loss: 0.0068
1258 Epoch [57/70], Iteration [20/21], Loss: 0.0128
1259 Epoch [57/70], Iteration [21/21], Loss: 0.0082
1260 Accuracy: 0.96
1261 Epoch [58/70], Iteration [1/21], Loss: 0.0212
1262 Epoch [58/70], Iteration [2/21], Loss: 0.0262
1263 Epoch [58/70], Iteration [3/21], Loss: 0.0224
1264 Epoch [58/70], Iteration [4/21], Loss: 0.0273
1265 Epoch [58/70], Iteration [5/21], Loss: 0.0869
1266 Epoch [58/70], Iteration [6/21], Loss: 0.0121
1267 Epoch [58/70], Iteration [7/21], Loss: 0.0228
1268 Epoch [58/70], Iteration [8/21], Loss: 0.0034
1269 Epoch [58/70], Iteration [9/21], Loss: 0.0086
1270 Epoch [58/70], Iteration [10/21], Loss: 0.0646
1271 Epoch [58/70], Iteration [11/21], Loss: 0.0084
1272 Epoch [58/70], Iteration [12/21], Loss: 0.0215
1273 Epoch [58/70], Iteration [13/21], Loss: 0.0087
1274 Epoch [58/70], Iteration [14/21], Loss: 0.0173
1275 Epoch [58/70], Iteration [15/21], Loss: 0.0037
1276 Epoch [58/70], Iteration [16/21], Loss: 0.0047
1277 Epoch [58/70], Iteration [17/21], Loss: 0.0049
1278 Epoch [58/70], Iteration [18/21], Loss: 0.0058
1279 Epoch [58/70], Iteration [19/21], Loss: 0.0050
1280 Epoch [58/70], Iteration [20/21], Loss: 0.0097
1281 Epoch [58/70], Iteration [21/21], Loss: 0.0088
1282 Accuracy: 0.96
1283 Epoch [59/70], Iteration [1/21], Loss: 0.0040
1284 Epoch [59/70], Iteration [2/21], Loss: 0.0126
1285 Epoch [59/70], Iteration [3/21], Loss: 0.0030
1286 Epoch [59/70], Iteration [4/21], Loss: 0.0035
1287 Epoch [59/70], Iteration [5/21], Loss: 0.0054
1288 Epoch [59/70], Iteration [6/21], Loss: 0.0096
1289 Epoch [59/70], Iteration [7/21], Loss: 0.0038
1290 Epoch [59/70], Iteration [8/21], Loss: 0.0016
1291 Epoch [59/70], Iteration [9/21], Loss: 0.0230
1292 Epoch [59/70], Iteration [10/21], Loss: 0.0112
1293 Epoch [59/70], Iteration [11/21], Loss: 0.0038
1294 Epoch [59/70], Iteration [12/21], Loss: 0.0057
1295 Epoch [59/70], Iteration [13/21], Loss: 0.0039
1296 Epoch [59/70], Iteration [14/21], Loss: 0.0103
1297 Epoch [59/70], Iteration [15/21], Loss: 0.0054
1298 Epoch [59/70], Iteration [16/21], Loss: 0.0014
1299 Epoch [59/70], Iteration [17/21], Loss: 0.0031
1300 Epoch [59/70], Iteration [18/21], Loss: 0.0019
1301 Epoch [59/70], Iteration [19/21], Loss: 0.0119
1302 Epoch [59/70], Iteration [20/21], Loss: 0.0048
1303 Epoch [59/70], Iteration [21/21], Loss: 0.0120
1304 Accuracy: 0.97
1305 Epoch [60/70], Iteration [1/21], Loss: 0.0185
1306 Epoch [60/70], Iteration [2/21], Loss: 0.0017
1307 Epoch [60/70], Iteration [3/21], Loss: 0.0041
1308 Epoch [60/70], Iteration [4/21], Loss: 0.0007
1309 Epoch [60/70], Iteration [5/21], Loss: 0.0026
1310 Epoch [60/70], Iteration [6/21], Loss: 0.0025
1311 Epoch [60/70], Iteration [7/21], Loss: 0.0008
1312 Epoch [60/70], Iteration [8/21], Loss: 0.0018
1313 Epoch [60/70], Iteration [9/21], Loss: 0.0081
1314 Epoch [60/70], Iteration [10/21], Loss: 0.0010
1315 Epoch [60/70], Iteration [11/21], Loss: 0.0013
1316 Epoch [60/70], Iteration [12/21], Loss: 0.0026
1317 Epoch [60/70], Iteration [13/21], Loss: 0.0043
1318 Epoch [60/70], Iteration [14/21], Loss: 0.0010
1319 Epoch [60/70], Iteration [15/21], Loss: 0.0032
1320 Epoch [60/70], Iteration [16/21], Loss: 0.0139
1321 Epoch [60/70], Iteration [17/21], Loss: 0.0023
1322 Epoch [60/70], Iteration [18/21], Loss: 0.0035
1323 Epoch [60/70], Iteration [19/21], Loss: 0.0019
1324 Epoch [60/70], Iteration [20/21], Loss: 0.0040
1325 Epoch [60/70], Iteration [21/21], Loss: 2.5869
1326 Accuracy: 0.95
1327 Epoch [61/70], Iteration [1/21], Loss: 0.0053
1328 Epoch [61/70], Iteration [2/21], Loss: 0.0136
1329 Epoch [61/70], Iteration [3/21], Loss: 0.3880
1330 Epoch [61/70], Iteration [4/21], Loss: 0.2024
1331 Epoch [61/70], Iteration [5/21], Loss: 0.3230
1332 Epoch [61/70], Iteration [6/21], Loss: 0.1738
1333 Epoch [61/70], Iteration [7/21], Loss: 0.2759
1334 Epoch [61/70], Iteration [8/21], Loss: 0.1728
1335 Epoch [61/70], Iteration [9/21], Loss: 0.1939
1336 Epoch [61/70], Iteration [10/21], Loss: 0.0147
1337 Epoch [61/70], Iteration [11/21], Loss: 0.0658
1338 Epoch [61/70], Iteration [12/21], Loss: 0.1411
1339 Epoch [61/70], Iteration [13/21], Loss: 0.0550
1340 Epoch [61/70], Iteration [14/21], Loss: 0.1253
1341 Epoch [61/70], Iteration [15/21], Loss: 0.0991
1342 Epoch [61/70], Iteration [16/21], Loss: 0.1666
1343 Epoch [61/70], Iteration [17/21], Loss: 0.0650
1344 Epoch [61/70], Iteration [18/21], Loss: 0.0910
1345 Epoch [61/70], Iteration [19/21], Loss: 0.0333
1346 Epoch [61/70], Iteration [20/21], Loss: 0.0526
1347 Epoch [61/70], Iteration [21/21], Loss: 0.9629
1348 Accuracy: 0.94
1349 Epoch [62/70], Iteration [1/21], Loss: 0.0307
1350 Epoch [62/70], Iteration [2/21], Loss: 0.1423
1351 Epoch [62/70], Iteration [3/21], Loss: 0.1135
1352 Epoch [62/70], Iteration [4/21], Loss: 0.1196
1353 Epoch [62/70], Iteration [5/21], Loss: 0.1588
1354 Epoch [62/70], Iteration [6/21], Loss: 0.1383
1355 Epoch [62/70], Iteration [7/21], Loss: 0.0674
1356 Epoch [62/70], Iteration [8/21], Loss: 0.0848
1357 Epoch [62/70], Iteration [9/21], Loss: 0.0935
1358 Epoch [62/70], Iteration [10/21], Loss: 0.0475
1359 Epoch [62/70], Iteration [11/21], Loss: 0.0928
1360 Epoch [62/70], Iteration [12/21], Loss: 0.0352
1361 Epoch [62/70], Iteration [13/21], Loss: 0.0442
1362 Epoch [62/70], Iteration [14/21], Loss: 0.0244
1363 Epoch [62/70], Iteration [15/21], Loss: 0.0275
1364 Epoch [62/70], Iteration [16/21], Loss: 0.0251
1365 Epoch [62/70], Iteration [17/21], Loss: 0.0533
1366 Epoch [62/70], Iteration [18/21], Loss: 0.0412
1367 Epoch [62/70], Iteration [19/21], Loss: 0.0225
1368 Epoch [62/70], Iteration [20/21], Loss: 0.0120
1369 Epoch [62/70], Iteration [21/21], Loss: 0.0147
1370 Accuracy: 0.95
1371 Epoch [63/70], Iteration [1/21], Loss: 0.0855
1372 Epoch [63/70], Iteration [2/21], Loss: 0.0353
1373 Epoch [63/70], Iteration [3/21], Loss: 0.0157
1374 Epoch [63/70], Iteration [4/21], Loss: 0.0174
1375 Epoch [63/70], Iteration [5/21], Loss: 0.0123
1376 Epoch [63/70], Iteration [6/21], Loss: 0.0450
1377 Epoch [63/70], Iteration [7/21], Loss: 0.0064
1378 Epoch [63/70], Iteration [8/21], Loss: 0.0108
1379 Epoch [63/70], Iteration [9/21], Loss: 0.0226
1380 Epoch [63/70], Iteration [10/21], Loss: 0.0303
1381 Epoch [63/70], Iteration [11/21], Loss: 0.0407
1382 Epoch [63/70], Iteration [12/21], Loss: 0.0170
1383 Epoch [63/70], Iteration [13/21], Loss: 0.0083
1384 Epoch [63/70], Iteration [14/21], Loss: 0.1480
1385 Epoch [63/70], Iteration [15/21], Loss: 0.0087
1386 Epoch [63/70], Iteration [16/21], Loss: 0.0055
1387 Epoch [63/70], Iteration [17/21], Loss: 0.0189
1388 Epoch [63/70], Iteration [18/21], Loss: 0.0146
1389 Epoch [63/70], Iteration [19/21], Loss: 0.0094
1390 Epoch [63/70], Iteration [20/21], Loss: 0.0334
1391 Epoch [63/70], Iteration [21/21], Loss: 0.0850
1392 Accuracy: 0.95
1393 Epoch [64/70], Iteration [1/21], Loss: 0.0106
1394 Epoch [64/70], Iteration [2/21], Loss: 0.0154
1395 Epoch [64/70], Iteration [3/21], Loss: 0.0351
1396 Epoch [64/70], Iteration [4/21], Loss: 0.0053
1397 Epoch [64/70], Iteration [5/21], Loss: 0.0247
1398 Epoch [64/70], Iteration [6/21], Loss: 0.0071
1399 Epoch [64/70], Iteration [7/21], Loss: 0.0112
1400 Epoch [64/70], Iteration [8/21], Loss: 0.0211
1401 Epoch [64/70], Iteration [9/21], Loss: 0.0100
1402 Epoch [64/70], Iteration [10/21], Loss: 0.0955
1403 Epoch [64/70], Iteration [11/21], Loss: 0.0042
1404 Epoch [64/70], Iteration [12/21], Loss: 0.0431
1405 Epoch [64/70], Iteration [13/21], Loss: 0.0102
1406 Epoch [64/70], Iteration [14/21], Loss: 0.0485
1407 Epoch [64/70], Iteration [15/21], Loss: 0.0313
1408 Epoch [64/70], Iteration [16/21], Loss: 0.0053
1409 Epoch [64/70], Iteration [17/21], Loss: 0.0093
1410 Epoch [64/70], Iteration [18/21], Loss: 0.0071
1411 Epoch [64/70], Iteration [19/21], Loss: 0.0192
1412 Epoch [64/70], Iteration [20/21], Loss: 0.0069
1413 Epoch [64/70], Iteration [21/21], Loss: 1.2117
1414 Accuracy: 0.95
1415 Epoch [65/70], Iteration [1/21], Loss: 0.0586
1416 Epoch [65/70], Iteration [2/21], Loss: 0.0163
1417 Epoch [65/70], Iteration [3/21], Loss: 0.0175
1418 Epoch [65/70], Iteration [4/21], Loss: 0.0363
1419 Epoch [65/70], Iteration [5/21], Loss: 0.1533
1420 Epoch [65/70], Iteration [6/21], Loss: 0.1472
1421 Epoch [65/70], Iteration [7/21], Loss: 0.0707
1422 Epoch [65/70], Iteration [8/21], Loss: 0.2299
1423 Epoch [65/70], Iteration [9/21], Loss: 0.2243
1424 Epoch [65/70], Iteration [10/21], Loss: 0.0737
1425 Epoch [65/70], Iteration [11/21], Loss: 0.1118
1426 Epoch [65/70], Iteration [12/21], Loss: 0.0231
1427 Epoch [65/70], Iteration [13/21], Loss: 0.1116
1428 Epoch [65/70], Iteration [14/21], Loss: 0.0769
1429 Epoch [65/70], Iteration [15/21], Loss: 0.0103
1430 Epoch [65/70], Iteration [16/21], Loss: 0.1966
1431 Epoch [65/70], Iteration [17/21], Loss: 0.0328
1432 Epoch [65/70], Iteration [18/21], Loss: 0.0127
1433 Epoch [65/70], Iteration [19/21], Loss: 0.0984
1434 Epoch [65/70], Iteration [20/21], Loss: 0.0422
1435 Epoch [65/70], Iteration [21/21], Loss: 0.0003
1436 Accuracy: 0.95
1437 Epoch [66/70], Iteration [1/21], Loss: 0.0332
1438 Epoch [66/70], Iteration [2/21], Loss: 0.1314
1439 Epoch [66/70], Iteration [3/21], Loss: 0.0418
1440 Epoch [66/70], Iteration [4/21], Loss: 0.0709
1441 Epoch [66/70], Iteration [5/21], Loss: 0.1509
1442 Epoch [66/70], Iteration [6/21], Loss: 0.0091
1443 Epoch [66/70], Iteration [7/21], Loss: 0.0355
1444 Epoch [66/70], Iteration [8/21], Loss: 0.0253
1445 Epoch [66/70], Iteration [9/21], Loss: 0.0197
1446 Epoch [66/70], Iteration [10/21], Loss: 0.0149
1447 Epoch [66/70], Iteration [11/21], Loss: 0.0403
1448 Epoch [66/70], Iteration [12/21], Loss: 0.0203
1449 Epoch [66/70], Iteration [13/21], Loss: 0.0910
1450 Epoch [66/70], Iteration [14/21], Loss: 0.1189
1451 Epoch [66/70], Iteration [15/21], Loss: 0.0499
1452 Epoch [66/70], Iteration [16/21], Loss: 0.0050
1453 Epoch [66/70], Iteration [17/21], Loss: 0.0809
1454 Epoch [66/70], Iteration [18/21], Loss: 0.0120
1455 Epoch [66/70], Iteration [19/21], Loss: 0.0098
1456 Epoch [66/70], Iteration [20/21], Loss: 0.0074
1457 Epoch [66/70], Iteration [21/21], Loss: 0.0455
1458 Accuracy: 0.96
1459 Epoch [67/70], Iteration [1/21], Loss: 0.0165
1460 Epoch [67/70], Iteration [2/21], Loss: 0.0040
1461 Epoch [67/70], Iteration [3/21], Loss: 0.0106
1462 Epoch [67/70], Iteration [4/21], Loss: 0.0264
1463 Epoch [67/70], Iteration [5/21], Loss: 0.0445
1464 Epoch [67/70], Iteration [6/21], Loss: 0.0137
1465 Epoch [67/70], Iteration [7/21], Loss: 0.0080
1466 Epoch [67/70], Iteration [8/21], Loss: 0.1061
1467 Epoch [67/70], Iteration [9/21], Loss: 0.0095
1468 Epoch [67/70], Iteration [10/21], Loss: 0.0097
1469 Epoch [67/70], Iteration [11/21], Loss: 0.0399
1470 Epoch [67/70], Iteration [12/21], Loss: 0.0604
1471 Epoch [67/70], Iteration [13/21], Loss: 0.0177
1472 Epoch [67/70], Iteration [14/21], Loss: 0.0110
1473 Epoch [67/70], Iteration [15/21], Loss: 0.0183
1474 Epoch [67/70], Iteration [16/21], Loss: 0.0192
1475 Epoch [67/70], Iteration [17/21], Loss: 0.0196
1476 Epoch [67/70], Iteration [18/21], Loss: 0.0057
1477 Epoch [67/70], Iteration [19/21], Loss: 0.0097
1478 Epoch [67/70], Iteration [20/21], Loss: 0.0094
1479 Epoch [67/70], Iteration [21/21], Loss: 0.0139
1480 Accuracy: 0.96
1481 Epoch [68/70], Iteration [1/21], Loss: 0.0040
1482 Epoch [68/70], Iteration [2/21], Loss: 0.0142
1483 Epoch [68/70], Iteration [3/21], Loss: 0.0053
1484 Epoch [68/70], Iteration [4/21], Loss: 0.0051
1485 Epoch [68/70], Iteration [5/21], Loss: 0.0084
1486 Epoch [68/70], Iteration [6/21], Loss: 0.0029
1487 Epoch [68/70], Iteration [7/21], Loss: 0.0137
1488 Epoch [68/70], Iteration [8/21], Loss: 0.0049
1489 Epoch [68/70], Iteration [9/21], Loss: 0.0054
1490 Epoch [68/70], Iteration [10/21], Loss: 0.0037
1491 Epoch [68/70], Iteration [11/21], Loss: 0.0134
1492 Epoch [68/70], Iteration [12/21], Loss: 0.0031
1493 Epoch [68/70], Iteration [13/21], Loss: 0.0032
1494 Epoch [68/70], Iteration [14/21], Loss: 0.0027
1495 Epoch [68/70], Iteration [15/21], Loss: 0.0118
1496 Epoch [68/70], Iteration [16/21], Loss: 0.0135
1497 Epoch [68/70], Iteration [17/21], Loss: 0.0022
1498 Epoch [68/70], Iteration [18/21], Loss: 0.0085
1499 Epoch [68/70], Iteration [19/21], Loss: 0.0033
1500 Epoch [68/70], Iteration [20/21], Loss: 0.0073
1501 Epoch [68/70], Iteration [21/21], Loss: 0.0043
1502 Accuracy: 0.97
1503 Epoch [69/70], Iteration [1/21], Loss: 0.0049
1504 Epoch [69/70], Iteration [2/21], Loss: 0.0041
1505 Epoch [69/70], Iteration [3/21], Loss: 0.0063
1506 Epoch [69/70], Iteration [4/21], Loss: 0.0056
1507 Epoch [69/70], Iteration [5/21], Loss: 0.0021
1508 Epoch [69/70], Iteration [6/21], Loss: 0.0074
1509 Epoch [69/70], Iteration [7/21], Loss: 0.0016
1510 Epoch [69/70], Iteration [8/21], Loss: 0.0059
1511 Epoch [69/70], Iteration [9/21], Loss: 0.0031
1512 Epoch [69/70], Iteration [10/21], Loss: 0.0067
1513 Epoch [69/70], Iteration [11/21], Loss: 0.0152
1514 Epoch [69/70], Iteration [12/21], Loss: 0.0048
1515 Epoch [69/70], Iteration [13/21], Loss: 0.0006
1516 Epoch [69/70], Iteration [14/21], Loss: 0.0252
1517 Epoch [69/70], Iteration [15/21], Loss: 0.0052
1518 Epoch [69/70], Iteration [16/21], Loss: 0.0046
1519 Epoch [69/70], Iteration [17/21], Loss: 0.0235
1520 Epoch [69/70], Iteration [18/21], Loss: 0.0140
1521 Epoch [69/70], Iteration [19/21], Loss: 0.0015
1522 Epoch [69/70], Iteration [20/21], Loss: 0.0203
1523 Epoch [69/70], Iteration [21/21], Loss: 1.1037
1524 Accuracy: 0.97
1525 Epoch [70/70], Iteration [1/21], Loss: 0.0070
1526 Epoch [70/70], Iteration [2/21], Loss: 0.0663
1527 Epoch [70/70], Iteration [3/21], Loss: 0.0567
1528 Epoch [70/70], Iteration [4/21], Loss: 0.0187
1529 Epoch [70/70], Iteration [5/21], Loss: 0.1769
1530 Epoch [70/70], Iteration [6/21], Loss: 0.0743
1531 Epoch [70/70], Iteration [7/21], Loss: 0.0877
1532 Epoch [70/70], Iteration [8/21], Loss: 0.0786
1533 Epoch [70/70], Iteration [9/21], Loss: 0.0883
1534 Epoch [70/70], Iteration [10/21], Loss: 0.0213
1535 Epoch [70/70], Iteration [11/21], Loss: 0.0330
1536 Epoch [70/70], Iteration [12/21], Loss: 0.0535
1537 Epoch [70/70], Iteration [13/21], Loss: 0.0185
1538 Epoch [70/70], Iteration [14/21], Loss: 0.0450
1539 Epoch [70/70], Iteration [15/21], Loss: 0.0227
1540 Epoch [70/70], Iteration [16/21], Loss: 0.0086
1541 Epoch [70/70], Iteration [17/21], Loss: 0.0295
1542 Epoch [70/70], Iteration [18/21], Loss: 0.0070
1543 Epoch [70/70], Iteration [19/21], Loss: 0.0391
1544 Epoch [70/70], Iteration [20/21], Loss: 0.0460
1545 Epoch [70/70], Iteration [21/21], Loss: 0.0009
1546 Accuracy: 0.93
1547 Training complete
1548 [23;0t[SwanLab-INFO]:        The current experiment ResNet50_2024-01-18_15-44-10 has been completed, SwanLab will close it automatically
